-- Found ament_cmake: 1.3.13 (/opt/ros/humble/share/ament_cmake/cmake)
-- Override CMake install command with custom implementation using symlinks instead of copying resources
-- Found rclcpp: 16.0.18 (/opt/ros/humble/share/rclcpp/cmake)
-- Found rosidl_generator_c: 3.1.8 (/opt/ros/humble/share/rosidl_generator_c/cmake)
-- Found rosidl_adapter: 3.1.8 (/opt/ros/humble/share/rosidl_adapter/cmake)
-- Found rosidl_generator_cpp: 3.1.8 (/opt/ros/humble/share/rosidl_generator_cpp/cmake)
-- Using all available rosidl_typesupport_c: rosidl_typesupport_fastrtps_c;rosidl_typesupport_introspection_c
-- Using all available rosidl_typesupport_cpp: rosidl_typesupport_fastrtps_cpp;rosidl_typesupport_introspection_cpp
-- Found rmw_implementation_cmake: 6.1.2 (/opt/ros/humble/share/rmw_implementation_cmake/cmake)
-- Found rmw_fastrtps_cpp: 6.2.10 (/opt/ros/humble/share/rmw_fastrtps_cpp/cmake)
-- Using RMW implementation 'rmw_fastrtps_cpp' as default
-- Found geometry_msgs: 4.9.1 (/opt/ros/humble/share/geometry_msgs/cmake)
-- Found rosidl_default_generators: 1.2.0 (/opt/ros/humble/share/rosidl_default_generators/cmake)
-- Found ament_cmake_ros: 0.10.0 (/opt/ros/humble/share/ament_cmake_ros/cmake)
-- Using all available rosidl_typesupport_c: rosidl_typesupport_fastrtps_c;rosidl_typesupport_introspection_c
-- Using all available rosidl_typesupport_cpp: rosidl_typesupport_fastrtps_cpp;rosidl_typesupport_introspection_cpp
-- Found python_cmake_module: 0.10.0 (/opt/ros/humble/share/python_cmake_module/cmake)
-- Using PYTHON_EXECUTABLE: /usr/bin/python3
-- Using PYTHON_INCLUDE_DIRS: /usr/include/python3.10
-- Using PYTHON_LIBRARIES: /usr/lib/x86_64-linux-gnu/libpython3.10.so
-- Configuring done
-- Generating done
-- Build files have been written to: /home/peony/navigation_ws/build/vel_forwarder
[35m[1mConsolidate compiler generated dependencies of target vel_forwarder__rosidl_generator_c[0m
[  1%] Built target vel_forwarder__cpp
[ 12%] Built target vel_forwarder__rosidl_generator_c
[ 12%] Built target ament_cmake_python_symlink_vel_forwarder
[35m[1mConsolidate compiler generated dependencies of target vel_forwarder__rosidl_typesupport_cpp[0m
[35m[1mConsolidate compiler generated dependencies of target vel_forwarder__rosidl_typesupport_introspection_cpp[0m
[35m[1mConsolidate compiler generated dependencies of target vel_forwarder__rosidl_typesupport_fastrtps_cpp[0m
[35m[1mConsolidate compiler generated dependencies of target vel_forwarder__rosidl_typesupport_fastrtps_c[0m
[35m[1mConsolidate compiler generated dependencies of target vel_forwarder__rosidl_typesupport_c[0m
[35m[1mConsolidate compiler generated dependencies of target vel_forwarder__rosidl_typesupport_introspection_c[0m
[ 23%] Built target vel_forwarder__rosidl_typesupport_cpp
[ 56%] Built target vel_forwarder__rosidl_typesupport_c
[ 56%] Built target vel_forwarder__rosidl_typesupport_introspection_cpp
[ 56%] Built target vel_forwarder__rosidl_typesupport_fastrtps_cpp
[ 67%] Built target vel_forwarder__rosidl_typesupport_introspection_c
[ 79%] Built target vel_forwarder__rosidl_typesupport_fastrtps_c
[35m[1mConsolidate compiler generated dependencies of target forwarder_node[0m
[ 79%] Built target vel_forwarder
[ 80%] [32mBuilding CXX object CMakeFiles/forwarder_node.dir/src/forwarder.cpp.o[0m
[ 81%] Built target vel_forwarder__py
[35m[1mConsolidate compiler generated dependencies of target vel_forwarder__rosidl_generator_py[0m
[ 91%] Built target vel_forwarder__rosidl_generator_py
[35m[1mConsolidate compiler generated dependencies of target vel_forwarder__rosidl_typesupport_introspection_c__pyext[0m
[35m[1mConsolidate compiler generated dependencies of target vel_forwarder__rosidl_typesupport_fastrtps_c__pyext[0m
[35m[1mConsolidate compiler generated dependencies of target vel_forwarder__rosidl_typesupport_c__pyext[0m
[ 96%] Built target vel_forwarder__rosidl_typesupport_c__pyext
[ 96%] Built target vel_forwarder__rosidl_typesupport_introspection_c__pyext
[ 98%] Built target vel_forwarder__rosidl_typesupport_fastrtps_c__pyext
running egg_info
writing vel_forwarder.egg-info/PKG-INFO
writing dependency_links to vel_forwarder.egg-info/dependency_links.txt
writing top-level names to vel_forwarder.egg-info/top_level.txt
reading manifest file 'vel_forwarder.egg-info/SOURCES.txt'
writing manifest file 'vel_forwarder.egg-info/SOURCES.txt'
[ 98%] Built target ament_cmake_python_build_vel_forwarder_egg
[01m[K/home/peony/navigation_ws/src/vel_forwarder/src/forwarder.cpp:[m[K In member function ‘[01m[Kvoid vel_forwarder::Forwarder::cmdvelCallback(geometry_msgs::msg::Twist_<std::allocator<void> >::SharedPtr)[m[K’:
[01m[K/home/peony/navigation_ws/src/vel_forwarder/src/forwarder.cpp:54:13:[m[K [01;31m[Kerror: [m[K‘[01m[Kfinal_vx[m[K’ was not declared in this scope
   54 |             [01;31m[Kfinal_vx[m[K += rep_vx_;
      |             [01;31m[K^~~~~~~~[m[K
[01m[K/home/peony/navigation_ws/src/vel_forwarder/src/forwarder.cpp:55:13:[m[K [01;31m[Kerror: [m[K‘[01m[Kfinal_vy[m[K’ was not declared in this scope
   55 |             [01;31m[Kfinal_vy[m[K += rep_vy_;
      |             [01;31m[K^~~~~~~~[m[K
[01m[K/home/peony/navigation_ws/src/vel_forwarder/src/forwarder.cpp:61:43:[m[K [01;31m[Kerror: [m[K‘[01m[Kfinal_vx[m[K’ was not declared in this scope
   61 |         float speed_magnitude = std::sqrt([01;31m[Kfinal_vx[m[K * final_vx + final_vy * final_vy);
      |                                           [01;31m[K^~~~~~~~[m[K
[01m[K/home/peony/navigation_ws/src/vel_forwarder/src/forwarder.cpp:61:65:[m[K [01;31m[Kerror: [m[K‘[01m[Kfinal_vy[m[K’ was not declared in this scope
   61 |         float speed_magnitude = std::sqrt(final_vx * final_vx + [01;31m[Kfinal_vy[m[K * final_vy);
      |                                                                 [01;31m[K^~~~~~~~[m[K
gmake[2]: *** [CMakeFiles/forwarder_node.dir/build.make:76：CMakeFiles/forwarder_node.dir/src/forwarder.cpp.o] 错误 1
gmake[1]: *** [CMakeFiles/Makefile2:593：CMakeFiles/forwarder_node.dir/all] 错误 2
gmake: *** [Makefile:146：all] 错误 2
