[0.025s] Invoking command in '/home/peony/navigation_ws/build/vel_forwarder': CMAKE_PREFIX_PATH=/opt/ros/humble /usr/bin/cmake /home/peony/navigation_ws/src/vel_forwarder -DAMENT_CMAKE_SYMLINK_INSTALL=1 -DCMAKE_INSTALL_PREFIX=/home/peony/navigation_ws/install/vel_forwarder
[0.035s] -- Found ament_cmake: 1.3.13 (/opt/ros/humble/share/ament_cmake/cmake)
[0.117s] -- Override CMake install command with custom implementation using symlinks instead of copying resources
[0.125s] -- Found rclcpp: 16.0.18 (/opt/ros/humble/share/rclcpp/cmake)
[0.154s] -- Found rosidl_generator_c: 3.1.8 (/opt/ros/humble/share/rosidl_generator_c/cmake)
[0.156s] -- Found rosidl_adapter: 3.1.8 (/opt/ros/humble/share/rosidl_adapter/cmake)
[0.162s] -- Found rosidl_generator_cpp: 3.1.8 (/opt/ros/humble/share/rosidl_generator_cpp/cmake)
[0.171s] -- Using all available rosidl_typesupport_c: rosidl_typesupport_fastrtps_c;rosidl_typesupport_introspection_c
[0.181s] -- Using all available rosidl_typesupport_cpp: rosidl_typesupport_fastrtps_cpp;rosidl_typesupport_introspection_cpp
[0.210s] -- Found rmw_implementation_cmake: 6.1.2 (/opt/ros/humble/share/rmw_implementation_cmake/cmake)
[0.211s] -- Found rmw_fastrtps_cpp: 6.2.10 (/opt/ros/humble/share/rmw_fastrtps_cpp/cmake)
[0.301s] -- Using RMW implementation 'rmw_fastrtps_cpp' as default
[0.340s] -- Found geometry_msgs: 4.9.1 (/opt/ros/humble/share/geometry_msgs/cmake)
[0.350s] -- Found rosidl_default_generators: 1.2.0 (/opt/ros/humble/share/rosidl_default_generators/cmake)
[0.554s] -- Found ament_cmake_ros: 0.10.0 (/opt/ros/humble/share/ament_cmake_ros/cmake)
[0.798s] -- Using all available rosidl_typesupport_c: rosidl_typesupport_fastrtps_c;rosidl_typesupport_introspection_c
[0.890s] -- Using all available rosidl_typesupport_cpp: rosidl_typesupport_fastrtps_cpp;rosidl_typesupport_introspection_cpp
[0.906s] -- Found python_cmake_module: 0.10.0 (/opt/ros/humble/share/python_cmake_module/cmake)
[0.922s] -- Using PYTHON_EXECUTABLE: /usr/bin/python3
[0.922s] -- Using PYTHON_INCLUDE_DIRS: /usr/include/python3.10
[0.922s] -- Using PYTHON_LIBRARIES: /usr/lib/x86_64-linux-gnu/libpython3.10.so
[0.951s] -- Configuring done
[0.997s] -- Generating done
[1.007s] -- Build files have been written to: /home/peony/navigation_ws/build/vel_forwarder
[1.016s] Invoked command in '/home/peony/navigation_ws/build/vel_forwarder' returned '0': CMAKE_PREFIX_PATH=/opt/ros/humble /usr/bin/cmake /home/peony/navigation_ws/src/vel_forwarder -DAMENT_CMAKE_SYMLINK_INSTALL=1 -DCMAKE_INSTALL_PREFIX=/home/peony/navigation_ws/install/vel_forwarder
[1.017s] Invoking command in '/home/peony/navigation_ws/build/vel_forwarder': CMAKE_PREFIX_PATH=/opt/ros/humble /usr/bin/cmake --build /home/peony/navigation_ws/build/vel_forwarder -- -j32 -l32
[1.056s] [35m[1mConsolidate compiler generated dependencies of target vel_forwarder__rosidl_generator_c[0m
[1.064s] [  1%] Built target vel_forwarder__cpp
[1.067s] [ 12%] Built target vel_forwarder__rosidl_generator_c
[1.070s] [ 12%] Built target ament_cmake_python_symlink_vel_forwarder
[1.073s] [35m[1mConsolidate compiler generated dependencies of target vel_forwarder__rosidl_typesupport_cpp[0m
[1.073s] [35m[1mConsolidate compiler generated dependencies of target vel_forwarder__rosidl_typesupport_introspection_cpp[0m
[1.073s] [35m[1mConsolidate compiler generated dependencies of target vel_forwarder__rosidl_typesupport_fastrtps_cpp[0m
[1.077s] [35m[1mConsolidate compiler generated dependencies of target vel_forwarder__rosidl_typesupport_fastrtps_c[0m
[1.078s] [35m[1mConsolidate compiler generated dependencies of target vel_forwarder__rosidl_typesupport_c[0m
[1.078s] [35m[1mConsolidate compiler generated dependencies of target vel_forwarder__rosidl_typesupport_introspection_c[0m
[1.087s] [ 23%] Built target vel_forwarder__rosidl_typesupport_cpp
[1.088s] [ 56%] Built target vel_forwarder__rosidl_typesupport_c
[1.088s] [ 56%] Built target vel_forwarder__rosidl_typesupport_introspection_cpp
[1.089s] [ 56%] Built target vel_forwarder__rosidl_typesupport_fastrtps_cpp
[1.089s] [ 67%] Built target vel_forwarder__rosidl_typesupport_introspection_c
[1.091s] [ 79%] Built target vel_forwarder__rosidl_typesupport_fastrtps_c
[1.095s] [35m[1mConsolidate compiler generated dependencies of target forwarder_node[0m
[1.108s] [ 79%] Built target vel_forwarder
[1.110s] [ 80%] [32mBuilding CXX object CMakeFiles/forwarder_node.dir/src/forwarder.cpp.o[0m
[1.127s] [ 81%] Built target vel_forwarder__py
[1.138s] [35m[1mConsolidate compiler generated dependencies of target vel_forwarder__rosidl_generator_py[0m
[1.153s] [ 91%] Built target vel_forwarder__rosidl_generator_py
[1.163s] [35m[1mConsolidate compiler generated dependencies of target vel_forwarder__rosidl_typesupport_introspection_c__pyext[0m
[1.163s] [35m[1mConsolidate compiler generated dependencies of target vel_forwarder__rosidl_typesupport_fastrtps_c__pyext[0m
[1.163s] [35m[1mConsolidate compiler generated dependencies of target vel_forwarder__rosidl_typesupport_c__pyext[0m
[1.174s] [ 96%] Built target vel_forwarder__rosidl_typesupport_c__pyext
[1.174s] [ 96%] Built target vel_forwarder__rosidl_typesupport_introspection_c__pyext
[1.174s] [ 98%] Built target vel_forwarder__rosidl_typesupport_fastrtps_c__pyext
[1.222s] running egg_info
[1.222s] writing vel_forwarder.egg-info/PKG-INFO
[1.222s] writing dependency_links to vel_forwarder.egg-info/dependency_links.txt
[1.222s] writing top-level names to vel_forwarder.egg-info/top_level.txt
[1.225s] reading manifest file 'vel_forwarder.egg-info/SOURCES.txt'
[1.225s] writing manifest file 'vel_forwarder.egg-info/SOURCES.txt'
[1.248s] [ 98%] Built target ament_cmake_python_build_vel_forwarder_egg
[2.816s] [01m[K/home/peony/navigation_ws/src/vel_forwarder/src/forwarder.cpp:[m[K In member function ‘[01m[Kvoid vel_forwarder::Forwarder::cmdvelCallback(geometry_msgs::msg::Twist_<std::allocator<void> >::SharedPtr)[m[K’:
[2.816s] [01m[K/home/peony/navigation_ws/src/vel_forwarder/src/forwarder.cpp:54:13:[m[K [01;31m[Kerror: [m[K‘[01m[Kfinal_vx[m[K’ was not declared in this scope
[2.817s]    54 |             [01;31m[Kfinal_vx[m[K += rep_vx_;
[2.817s]       |             [01;31m[K^~~~~~~~[m[K
[2.820s] [01m[K/home/peony/navigation_ws/src/vel_forwarder/src/forwarder.cpp:55:13:[m[K [01;31m[Kerror: [m[K‘[01m[Kfinal_vy[m[K’ was not declared in this scope
[2.820s]    55 |             [01;31m[Kfinal_vy[m[K += rep_vy_;
[2.820s]       |             [01;31m[K^~~~~~~~[m[K
[2.825s] [01m[K/home/peony/navigation_ws/src/vel_forwarder/src/forwarder.cpp:61:43:[m[K [01;31m[Kerror: [m[K‘[01m[Kfinal_vx[m[K’ was not declared in this scope
[2.825s]    61 |         float speed_magnitude = std::sqrt([01;31m[Kfinal_vx[m[K * final_vx + final_vy * final_vy);
[2.825s]       |                                           [01;31m[K^~~~~~~~[m[K
[2.829s] [01m[K/home/peony/navigation_ws/src/vel_forwarder/src/forwarder.cpp:61:65:[m[K [01;31m[Kerror: [m[K‘[01m[Kfinal_vy[m[K’ was not declared in this scope
[2.829s]    61 |         float speed_magnitude = std::sqrt(final_vx * final_vx + [01;31m[Kfinal_vy[m[K * final_vy);
[2.829s]       |                                                                 [01;31m[K^~~~~~~~[m[K
[5.127s] gmake[2]: *** [CMakeFiles/forwarder_node.dir/build.make:76：CMakeFiles/forwarder_node.dir/src/forwarder.cpp.o] 错误 1
[5.127s] gmake[1]: *** [CMakeFiles/Makefile2:593：CMakeFiles/forwarder_node.dir/all] 错误 2
[5.127s] gmake: *** [Makefile:146：all] 错误 2
