-- The C compiler identification is GNU 11.4.0
-- The CXX compiler identification is GNU 11.4.0
-- Detecting C compiler ABI info
-- Detecting C compiler ABI info - done
-- Check for working C compiler: /usr/bin/cc - skipped
-- Detecting C compile features
-- Detecting C compile features - done
-- Detecting CXX compiler ABI info
-- Detecting CXX compiler ABI info - done
-- Check for working CXX compiler: /usr/bin/c++ - skipped
-- Detecting CXX compile features
-- Detecting CXX compile features - done
-- Found ament_cmake: 1.3.13 (/opt/ros/humble/share/ament_cmake/cmake)
-- Found Python3: /usr/bin/python3 (found version "3.10.12") found components: Interpreter 
-- Override CMake install command with custom implementation using symlinks instead of copying resources
-- Found rclcpp: 16.0.18 (/opt/ros/humble/share/rclcpp/cmake)
-- Found rosidl_generator_c: 3.1.8 (/opt/ros/humble/share/rosidl_generator_c/cmake)
-- Found rosidl_adapter: 3.1.8 (/opt/ros/humble/share/rosidl_adapter/cmake)
-- Found rosidl_generator_cpp: 3.1.8 (/opt/ros/humble/share/rosidl_generator_cpp/cmake)
-- Using all available rosidl_typesupport_c: rosidl_typesupport_fastrtps_c;rosidl_typesupport_introspection_c
-- Using all available rosidl_typesupport_cpp: rosidl_typesupport_fastrtps_cpp;rosidl_typesupport_introspection_cpp
-- Found rmw_implementation_cmake: 6.1.2 (/opt/ros/humble/share/rmw_implementation_cmake/cmake)
-- Found rmw_fastrtps_cpp: 6.2.10 (/opt/ros/humble/share/rmw_fastrtps_cpp/cmake)
-- Found OpenSSL: /usr/lib/x86_64-linux-gnu/libcrypto.so (found version "3.0.2")  
-- Found FastRTPS: /opt/ros/humble/include  
-- Using RMW implementation 'rmw_fastrtps_cpp' as default
-- Looking for pthread.h
-- Looking for pthread.h - found
-- Performing Test CMAKE_HAVE_LIBC_PTHREAD
-- Performing Test CMAKE_HAVE_LIBC_PTHREAD - Success
-- Found Threads: TRUE  
-- Found geometry_msgs: 4.9.1 (/opt/ros/humble/share/geometry_msgs/cmake)
-- Found rosidl_default_generators: 1.2.0 (/opt/ros/humble/share/rosidl_default_generators/cmake)
-- Found ament_cmake_ros: 0.10.0 (/opt/ros/humble/share/ament_cmake_ros/cmake)
-- Using all available rosidl_typesupport_c: rosidl_typesupport_fastrtps_c;rosidl_typesupport_introspection_c
-- Using all available rosidl_typesupport_cpp: rosidl_typesupport_fastrtps_cpp;rosidl_typesupport_introspection_cpp
-- Found PythonInterp: /usr/bin/python3 (found suitable version "3.10.12", minimum required is "3.6") 
-- Found python_cmake_module: 0.10.0 (/opt/ros/humble/share/python_cmake_module/cmake)
-- Found PythonLibs: /usr/lib/x86_64-linux-gnu/libpython3.10.so (found suitable version "3.10.12", minimum required is "3.5") 
-- Using PYTHON_EXECUTABLE: /usr/bin/python3
-- Using PYTHON_INCLUDE_DIRS: /usr/include/python3.10
-- Using PYTHON_LIBRARIES: /usr/lib/x86_64-linux-gnu/libpython3.10.so
-- Found PythonExtra: .so  
-- Configuring done
-- Generating done
-- Build files have been written to: /home/peony/navigation_ws/build/vel_forwarder
[  1%] [34m[1mGenerating C code for ROS interfaces[0m
[  2%] [34m[1mGenerating C++ code for ROS interfaces[0m
[  2%] Built target ament_cmake_python_symlink_vel_forwarder
running egg_info
creating vel_forwarder.egg-info
writing vel_forwarder.egg-info/PKG-INFO
writing dependency_links to vel_forwarder.egg-info/dependency_links.txt
writing top-level names to vel_forwarder.egg-info/top_level.txt
writing manifest file 'vel_forwarder.egg-info/SOURCES.txt'
reading manifest file 'vel_forwarder.egg-info/SOURCES.txt'
writing manifest file 'vel_forwarder.egg-info/SOURCES.txt'
[  2%] Built target ament_cmake_python_build_vel_forwarder_egg
[  2%] Built target vel_forwarder__cpp
[  3%] [34m[1mGenerating C++ type support dispatch for ROS interfaces[0m
[  6%] [34m[1mGenerating C++ type support for eProsima Fast-RTPS[0m
[  6%] [32mBuilding C object CMakeFiles/vel_forwarder__rosidl_generator_c.dir/rosidl_generator_c/vel_forwarder/msg/detail/vel__functions.c.o[0m
[  7%] [32mBuilding C object CMakeFiles/vel_forwarder__rosidl_generator_c.dir/rosidl_generator_c/vel_forwarder/msg/detail/game_data__functions.c.o[0m
[  8%] [32mBuilding C object CMakeFiles/vel_forwarder__rosidl_generator_c.dir/rosidl_generator_c/vel_forwarder/msg/detail/buff_data__functions.c.o[0m
[  9%] [34m[1mGenerating C++ introspection for ROS interfaces[0m
[ 11%] [32mBuilding C object CMakeFiles/vel_forwarder__rosidl_generator_c.dir/rosidl_generator_c/vel_forwarder/msg/detail/gimbal_angles__functions.c.o[0m
[ 13%] [32mBuilding C object CMakeFiles/vel_forwarder__rosidl_generator_c.dir/rosidl_generator_c/vel_forwarder/msg/detail/position_data__functions.c.o[0m
[ 13%] [32mBuilding C object CMakeFiles/vel_forwarder__rosidl_generator_c.dir/rosidl_generator_c/vel_forwarder/msg/detail/uwb_pos__functions.c.o[0m
[ 14%] [32mBuilding C object CMakeFiles/vel_forwarder__rosidl_generator_c.dir/rosidl_generator_c/vel_forwarder/msg/detail/health__functions.c.o[0m
[ 16%] [32m[1mLinking C shared library libvel_forwarder__rosidl_generator_c.so[0m
[ 16%] Built target vel_forwarder__rosidl_generator_c
[ 19%] [34m[1mGenerating C type support for eProsima Fast-RTPS[0m
[ 19%] [34m[1mGenerating C type support dispatch for ROS interfaces[0m
[ 19%] [34m[1mGenerating C introspection for ROS interfaces[0m
[ 20%] [32mBuilding CXX object CMakeFiles/vel_forwarder__rosidl_typesupport_cpp.dir/rosidl_typesupport_cpp/vel_forwarder/msg/vel__type_support.cpp.o[0m
[ 22%] [32mBuilding CXX object CMakeFiles/vel_forwarder__rosidl_typesupport_cpp.dir/rosidl_typesupport_cpp/vel_forwarder/msg/buff_data__type_support.cpp.o[0m
[ 23%] [32mBuilding CXX object CMakeFiles/vel_forwarder__rosidl_typesupport_cpp.dir/rosidl_typesupport_cpp/vel_forwarder/msg/game_data__type_support.cpp.o[0m
[ 24%] [32mBuilding CXX object CMakeFiles/vel_forwarder__rosidl_typesupport_cpp.dir/rosidl_typesupport_cpp/vel_forwarder/msg/gimbal_angles__type_support.cpp.o[0m
[ 25%] [32mBuilding CXX object CMakeFiles/vel_forwarder__rosidl_typesupport_cpp.dir/rosidl_typesupport_cpp/vel_forwarder/msg/uwb_pos__type_support.cpp.o[0m
[ 27%] [32mBuilding CXX object CMakeFiles/vel_forwarder__rosidl_typesupport_cpp.dir/rosidl_typesupport_cpp/vel_forwarder/msg/position_data__type_support.cpp.o[0m
[ 28%] [32mBuilding CXX object CMakeFiles/vel_forwarder__rosidl_typesupport_cpp.dir/rosidl_typesupport_cpp/vel_forwarder/msg/health__type_support.cpp.o[0m
[ 29%] [32mBuilding CXX object CMakeFiles/vel_forwarder__rosidl_typesupport_introspection_cpp.dir/rosidl_typesupport_introspection_cpp/vel_forwarder/msg/detail/vel__type_support.cpp.o[0m
[ 30%] [32mBuilding CXX object CMakeFiles/vel_forwarder__rosidl_typesupport_introspection_cpp.dir/rosidl_typesupport_introspection_cpp/vel_forwarder/msg/detail/health__type_support.cpp.o[0m
[ 32%] [32mBuilding CXX object CMakeFiles/vel_forwarder__rosidl_typesupport_introspection_cpp.dir/rosidl_typesupport_introspection_cpp/vel_forwarder/msg/detail/buff_data__type_support.cpp.o[0m
[ 33%] [32mBuilding CXX object CMakeFiles/vel_forwarder__rosidl_typesupport_introspection_cpp.dir/rosidl_typesupport_introspection_cpp/vel_forwarder/msg/detail/game_data__type_support.cpp.o[0m
[ 34%] [32mBuilding CXX object CMakeFiles/vel_forwarder__rosidl_typesupport_introspection_cpp.dir/rosidl_typesupport_introspection_cpp/vel_forwarder/msg/detail/uwb_pos__type_support.cpp.o[0m
[ 37%] [32mBuilding CXX object CMakeFiles/vel_forwarder__rosidl_typesupport_introspection_cpp.dir/rosidl_typesupport_introspection_cpp/vel_forwarder/msg/detail/position_data__type_support.cpp.o[0m
[ 37%] [32mBuilding CXX object CMakeFiles/vel_forwarder__rosidl_typesupport_introspection_cpp.dir/rosidl_typesupport_introspection_cpp/vel_forwarder/msg/detail/gimbal_angles__type_support.cpp.o[0m
[ 39%] [32mBuilding CXX object CMakeFiles/vel_forwarder__rosidl_typesupport_fastrtps_cpp.dir/rosidl_typesupport_fastrtps_cpp/vel_forwarder/msg/detail/dds_fastrtps/vel__type_support.cpp.o[0m
[ 39%] [32mBuilding CXX object CMakeFiles/vel_forwarder__rosidl_typesupport_fastrtps_cpp.dir/rosidl_typesupport_fastrtps_cpp/vel_forwarder/msg/detail/dds_fastrtps/game_data__type_support.cpp.o[0m
[ 45%] [32mBuilding CXX object CMakeFiles/vel_forwarder__rosidl_typesupport_fastrtps_cpp.dir/rosidl_typesupport_fastrtps_cpp/vel_forwarder/msg/detail/dds_fastrtps/buff_data__type_support.cpp.o[0m
[ 45%] [32mBuilding CXX object CMakeFiles/vel_forwarder__rosidl_typesupport_fastrtps_cpp.dir/rosidl_typesupport_fastrtps_cpp/vel_forwarder/msg/detail/dds_fastrtps/health__type_support.cpp.o[0m
[ 45%] [32mBuilding CXX object CMakeFiles/vel_forwarder__rosidl_typesupport_fastrtps_cpp.dir/rosidl_typesupport_fastrtps_cpp/vel_forwarder/msg/detail/dds_fastrtps/gimbal_angles__type_support.cpp.o[0m
[ 45%] [32mBuilding CXX object CMakeFiles/vel_forwarder__rosidl_typesupport_fastrtps_cpp.dir/rosidl_typesupport_fastrtps_cpp/vel_forwarder/msg/detail/dds_fastrtps/position_data__type_support.cpp.o[0m
[ 45%] [32mBuilding CXX object CMakeFiles/vel_forwarder__rosidl_typesupport_fastrtps_cpp.dir/rosidl_typesupport_fastrtps_cpp/vel_forwarder/msg/detail/dds_fastrtps/uwb_pos__type_support.cpp.o[0m
[ 48%] [32mBuilding CXX object CMakeFiles/vel_forwarder__rosidl_typesupport_c.dir/rosidl_typesupport_c/vel_forwarder/msg/game_data__type_support.cpp.o[0m
[ 48%] [32mBuilding CXX object CMakeFiles/vel_forwarder__rosidl_typesupport_c.dir/rosidl_typesupport_c/vel_forwarder/msg/gimbal_angles__type_support.cpp.o[0m
[ 49%] [32mBuilding CXX object CMakeFiles/vel_forwarder__rosidl_typesupport_c.dir/rosidl_typesupport_c/vel_forwarder/msg/vel__type_support.cpp.o[0m
[ 50%] [32mBuilding CXX object CMakeFiles/vel_forwarder__rosidl_typesupport_c.dir/rosidl_typesupport_c/vel_forwarder/msg/health__type_support.cpp.o[0m
[ 51%] [32mBuilding CXX object CMakeFiles/vel_forwarder__rosidl_typesupport_c.dir/rosidl_typesupport_c/vel_forwarder/msg/buff_data__type_support.cpp.o[0m
[ 53%] [32mBuilding CXX object CMakeFiles/vel_forwarder__rosidl_typesupport_c.dir/rosidl_typesupport_c/vel_forwarder/msg/position_data__type_support.cpp.o[0m
[ 54%] [32mBuilding CXX object CMakeFiles/vel_forwarder__rosidl_typesupport_c.dir/rosidl_typesupport_c/vel_forwarder/msg/uwb_pos__type_support.cpp.o[0m
[ 55%] [32m[1mLinking CXX shared library libvel_forwarder__rosidl_typesupport_c.so[0m
[ 56%] [32mBuilding C object CMakeFiles/vel_forwarder__rosidl_typesupport_introspection_c.dir/rosidl_typesupport_introspection_c/vel_forwarder/msg/detail/vel__type_support.c.o[0m
[ 58%] [32mBuilding C object CMakeFiles/vel_forwarder__rosidl_typesupport_introspection_c.dir/rosidl_typesupport_introspection_c/vel_forwarder/msg/detail/buff_data__type_support.c.o[0m
[ 59%] [32mBuilding C object CMakeFiles/vel_forwarder__rosidl_typesupport_introspection_c.dir/rosidl_typesupport_introspection_c/vel_forwarder/msg/detail/gimbal_angles__type_support.c.o[0m
[ 60%] [32mBuilding C object CMakeFiles/vel_forwarder__rosidl_typesupport_introspection_c.dir/rosidl_typesupport_introspection_c/vel_forwarder/msg/detail/position_data__type_support.c.o[0m
[ 61%] [32mBuilding C object CMakeFiles/vel_forwarder__rosidl_typesupport_introspection_c.dir/rosidl_typesupport_introspection_c/vel_forwarder/msg/detail/game_data__type_support.c.o[0m
[ 62%] [32mBuilding C object CMakeFiles/vel_forwarder__rosidl_typesupport_introspection_c.dir/rosidl_typesupport_introspection_c/vel_forwarder/msg/detail/health__type_support.c.o[0m
[ 64%] [32mBuilding C object CMakeFiles/vel_forwarder__rosidl_typesupport_introspection_c.dir/rosidl_typesupport_introspection_c/vel_forwarder/msg/detail/uwb_pos__type_support.c.o[0m
[ 64%] Built target vel_forwarder__rosidl_typesupport_c
[ 65%] [32mBuilding CXX object CMakeFiles/vel_forwarder__rosidl_typesupport_fastrtps_c.dir/rosidl_typesupport_fastrtps_c/vel_forwarder/msg/detail/vel__type_support_c.cpp.o[0m
[ 66%] [32mBuilding CXX object CMakeFiles/vel_forwarder__rosidl_typesupport_fastrtps_c.dir/rosidl_typesupport_fastrtps_c/vel_forwarder/msg/detail/gimbal_angles__type_support_c.cpp.o[0m
[ 67%] [32mBuilding CXX object CMakeFiles/vel_forwarder__rosidl_typesupport_fastrtps_c.dir/rosidl_typesupport_fastrtps_c/vel_forwarder/msg/detail/game_data__type_support_c.cpp.o[0m
[ 69%] [32mBuilding CXX object CMakeFiles/vel_forwarder__rosidl_typesupport_fastrtps_c.dir/rosidl_typesupport_fastrtps_c/vel_forwarder/msg/detail/health__type_support_c.cpp.o[0m
[ 70%] [32mBuilding CXX object CMakeFiles/vel_forwarder__rosidl_typesupport_fastrtps_c.dir/rosidl_typesupport_fastrtps_c/vel_forwarder/msg/detail/position_data__type_support_c.cpp.o[0m
[ 71%] [32mBuilding CXX object CMakeFiles/vel_forwarder__rosidl_typesupport_fastrtps_c.dir/rosidl_typesupport_fastrtps_c/vel_forwarder/msg/detail/buff_data__type_support_c.cpp.o[0m
[ 74%] [32mBuilding CXX object CMakeFiles/vel_forwarder__rosidl_typesupport_fastrtps_c.dir/rosidl_typesupport_fastrtps_c/vel_forwarder/msg/detail/uwb_pos__type_support_c.cpp.o[0m
[ 74%] [32m[1mLinking CXX shared library libvel_forwarder__rosidl_typesupport_cpp.so[0m
[ 75%] [32m[1mLinking C shared library libvel_forwarder__rosidl_typesupport_introspection_c.so[0m
[ 75%] Built target vel_forwarder__rosidl_typesupport_cpp
[ 75%] Built target vel_forwarder__rosidl_typesupport_introspection_c
[ 76%] [32mBuilding CXX object CMakeFiles/forwarder_node.dir/src/forwarder.cpp.o[0m
[ 77%] [32m[1mLinking CXX shared library libvel_forwarder__rosidl_typesupport_introspection_cpp.so[0m
[ 79%] [32m[1mLinking CXX shared library libvel_forwarder__rosidl_typesupport_fastrtps_cpp.so[0m
[ 79%] Built target vel_forwarder__rosidl_typesupport_introspection_cpp
[ 80%] [32m[1mLinking CXX shared library libvel_forwarder__rosidl_typesupport_fastrtps_c.so[0m
[ 80%] Built target vel_forwarder__rosidl_typesupport_fastrtps_cpp
[ 80%] Built target vel_forwarder__rosidl_typesupport_fastrtps_c
[ 80%] Built target vel_forwarder
[ 81%] [34m[1mGenerating Python code for ROS interfaces[0m
[ 81%] Built target vel_forwarder__py
[ 87%] [32mBuilding C object CMakeFiles/vel_forwarder__rosidl_generator_py.dir/rosidl_generator_py/vel_forwarder/msg/_game_data_s.c.o[0m
[ 87%] [32mBuilding C object CMakeFiles/vel_forwarder__rosidl_generator_py.dir/rosidl_generator_py/vel_forwarder/msg/_health_s.c.o[0m
[ 87%] [32mBuilding C object CMakeFiles/vel_forwarder__rosidl_generator_py.dir/rosidl_generator_py/vel_forwarder/msg/_uwb_pos_s.c.o[0m
[ 87%] [32mBuilding C object CMakeFiles/vel_forwarder__rosidl_generator_py.dir/rosidl_generator_py/vel_forwarder/msg/_position_data_s.c.o[0m
[ 87%] [32mBuilding C object CMakeFiles/vel_forwarder__rosidl_generator_py.dir/rosidl_generator_py/vel_forwarder/msg/_gimbal_angles_s.c.o[0m
[ 90%] [32mBuilding C object CMakeFiles/vel_forwarder__rosidl_generator_py.dir/rosidl_generator_py/vel_forwarder/msg/_buff_data_s.c.o[0m
[ 90%] [32mBuilding C object CMakeFiles/vel_forwarder__rosidl_generator_py.dir/rosidl_generator_py/vel_forwarder/msg/_vel_s.c.o[0m
[ 91%] [32m[1mLinking C shared library rosidl_generator_py/vel_forwarder/libvel_forwarder__rosidl_generator_py.so[0m
[ 91%] Built target vel_forwarder__rosidl_generator_py
[ 95%] [32mBuilding C object CMakeFiles/vel_forwarder__rosidl_typesupport_fastrtps_c__pyext.dir/rosidl_generator_py/vel_forwarder/_vel_forwarder_s.ep.rosidl_typesupport_fastrtps_c.c.o[0m
[ 95%] [32mBuilding C object CMakeFiles/vel_forwarder__rosidl_typesupport_c__pyext.dir/rosidl_generator_py/vel_forwarder/_vel_forwarder_s.ep.rosidl_typesupport_c.c.o[0m
[ 95%] [32mBuilding C object CMakeFiles/vel_forwarder__rosidl_typesupport_introspection_c__pyext.dir/rosidl_generator_py/vel_forwarder/_vel_forwarder_s.ep.rosidl_typesupport_introspection_c.c.o[0m
[ 96%] [32m[1mLinking C shared library rosidl_generator_py/vel_forwarder/vel_forwarder_s__rosidl_typesupport_introspection_c.cpython-310-x86_64-linux-gnu.so[0m
[ 97%] [32m[1mLinking C shared library rosidl_generator_py/vel_forwarder/vel_forwarder_s__rosidl_typesupport_c.cpython-310-x86_64-linux-gnu.so[0m
[ 98%] [32m[1mLinking C shared library rosidl_generator_py/vel_forwarder/vel_forwarder_s__rosidl_typesupport_fastrtps_c.cpython-310-x86_64-linux-gnu.so[0m
[ 98%] Built target vel_forwarder__rosidl_typesupport_introspection_c__pyext
[ 98%] Built target vel_forwarder__rosidl_typesupport_fastrtps_c__pyext
[ 98%] Built target vel_forwarder__rosidl_typesupport_c__pyext
[100%] [32m[1mLinking CXX executable forwarder_node[0m
[100%] Built target forwarder_node
-- Install configuration: ""
-- Execute custom install script
-- Symlinking: /home/peony/navigation_ws/install/vel_forwarder/share/ament_index/resource_index/rosidl_interfaces/vel_forwarder
-- Symlinking: /home/peony/navigation_ws/install/vel_forwarder/include/vel_forwarder/vel_forwarder/msg/buff_data.h
-- Symlinking: /home/peony/navigation_ws/install/vel_forwarder/include/vel_forwarder/vel_forwarder/msg/detail/buff_data__functions.h
-- Symlinking: /home/peony/navigation_ws/install/vel_forwarder/include/vel_forwarder/vel_forwarder/msg/detail/buff_data__struct.h
-- Symlinking: /home/peony/navigation_ws/install/vel_forwarder/include/vel_forwarder/vel_forwarder/msg/detail/buff_data__type_support.h
-- Symlinking: /home/peony/navigation_ws/install/vel_forwarder/include/vel_forwarder/vel_forwarder/msg/detail/game_data__functions.h
-- Symlinking: /home/peony/navigation_ws/install/vel_forwarder/include/vel_forwarder/vel_forwarder/msg/detail/game_data__struct.h
-- Symlinking: /home/peony/navigation_ws/install/vel_forwarder/include/vel_forwarder/vel_forwarder/msg/detail/game_data__type_support.h
-- Symlinking: /home/peony/navigation_ws/install/vel_forwarder/include/vel_forwarder/vel_forwarder/msg/detail/gimbal_angles__functions.h
-- Symlinking: /home/peony/navigation_ws/install/vel_forwarder/include/vel_forwarder/vel_forwarder/msg/detail/gimbal_angles__struct.h
-- Symlinking: /home/peony/navigation_ws/install/vel_forwarder/include/vel_forwarder/vel_forwarder/msg/detail/gimbal_angles__type_support.h
-- Symlinking: /home/peony/navigation_ws/install/vel_forwarder/include/vel_forwarder/vel_forwarder/msg/detail/health__functions.h
-- Symlinking: /home/peony/navigation_ws/install/vel_forwarder/include/vel_forwarder/vel_forwarder/msg/detail/health__struct.h
-- Symlinking: /home/peony/navigation_ws/install/vel_forwarder/include/vel_forwarder/vel_forwarder/msg/detail/health__type_support.h
-- Symlinking: /home/peony/navigation_ws/install/vel_forwarder/include/vel_forwarder/vel_forwarder/msg/detail/position_data__functions.h
-- Symlinking: /home/peony/navigation_ws/install/vel_forwarder/include/vel_forwarder/vel_forwarder/msg/detail/position_data__struct.h
-- Symlinking: /home/peony/navigation_ws/install/vel_forwarder/include/vel_forwarder/vel_forwarder/msg/detail/position_data__type_support.h
-- Symlinking: /home/peony/navigation_ws/install/vel_forwarder/include/vel_forwarder/vel_forwarder/msg/detail/uwb_pos__functions.h
-- Symlinking: /home/peony/navigation_ws/install/vel_forwarder/include/vel_forwarder/vel_forwarder/msg/detail/uwb_pos__struct.h
-- Symlinking: /home/peony/navigation_ws/install/vel_forwarder/include/vel_forwarder/vel_forwarder/msg/detail/uwb_pos__type_support.h
-- Symlinking: /home/peony/navigation_ws/install/vel_forwarder/include/vel_forwarder/vel_forwarder/msg/detail/vel__functions.h
-- Symlinking: /home/peony/navigation_ws/install/vel_forwarder/include/vel_forwarder/vel_forwarder/msg/detail/vel__struct.h
-- Symlinking: /home/peony/navigation_ws/install/vel_forwarder/include/vel_forwarder/vel_forwarder/msg/detail/vel__type_support.h
-- Symlinking: /home/peony/navigation_ws/install/vel_forwarder/include/vel_forwarder/vel_forwarder/msg/game_data.h
-- Symlinking: /home/peony/navigation_ws/install/vel_forwarder/include/vel_forwarder/vel_forwarder/msg/gimbal_angles.h
-- Symlinking: /home/peony/navigation_ws/install/vel_forwarder/include/vel_forwarder/vel_forwarder/msg/health.h
-- Symlinking: /home/peony/navigation_ws/install/vel_forwarder/include/vel_forwarder/vel_forwarder/msg/position_data.h
-- Symlinking: /home/peony/navigation_ws/install/vel_forwarder/include/vel_forwarder/vel_forwarder/msg/rosidl_generator_c__visibility_control.h
-- Symlinking: /home/peony/navigation_ws/install/vel_forwarder/include/vel_forwarder/vel_forwarder/msg/uwb_pos.h
-- Symlinking: /home/peony/navigation_ws/install/vel_forwarder/include/vel_forwarder/vel_forwarder/msg/vel.h
-- Symlinking: /home/peony/navigation_ws/install/vel_forwarder/share/vel_forwarder/environment/library_path.sh
-- Symlinking: /home/peony/navigation_ws/install/vel_forwarder/share/vel_forwarder/environment/library_path.dsv
-- Symlinking: /home/peony/navigation_ws/install/vel_forwarder/include/vel_forwarder/vel_forwarder/msg/detail/buff_data__rosidl_typesupport_fastrtps_c.h
-- Symlinking: /home/peony/navigation_ws/install/vel_forwarder/include/vel_forwarder/vel_forwarder/msg/detail/game_data__rosidl_typesupport_fastrtps_c.h
-- Symlinking: /home/peony/navigation_ws/install/vel_forwarder/include/vel_forwarder/vel_forwarder/msg/detail/gimbal_angles__rosidl_typesupport_fastrtps_c.h
-- Symlinking: /home/peony/navigation_ws/install/vel_forwarder/include/vel_forwarder/vel_forwarder/msg/detail/health__rosidl_typesupport_fastrtps_c.h
-- Symlinking: /home/peony/navigation_ws/install/vel_forwarder/include/vel_forwarder/vel_forwarder/msg/detail/position_data__rosidl_typesupport_fastrtps_c.h
-- Symlinking: /home/peony/navigation_ws/install/vel_forwarder/include/vel_forwarder/vel_forwarder/msg/detail/uwb_pos__rosidl_typesupport_fastrtps_c.h
-- Symlinking: /home/peony/navigation_ws/install/vel_forwarder/include/vel_forwarder/vel_forwarder/msg/detail/vel__rosidl_typesupport_fastrtps_c.h
-- Symlinking: /home/peony/navigation_ws/install/vel_forwarder/include/vel_forwarder/vel_forwarder/msg/rosidl_typesupport_fastrtps_c__visibility_control.h
-- Symlinking: /home/peony/navigation_ws/install/vel_forwarder/include/vel_forwarder/vel_forwarder/msg/buff_data.hpp
-- Symlinking: /home/peony/navigation_ws/install/vel_forwarder/include/vel_forwarder/vel_forwarder/msg/detail/buff_data__builder.hpp
-- Symlinking: /home/peony/navigation_ws/install/vel_forwarder/include/vel_forwarder/vel_forwarder/msg/detail/buff_data__struct.hpp
-- Symlinking: /home/peony/navigation_ws/install/vel_forwarder/include/vel_forwarder/vel_forwarder/msg/detail/buff_data__traits.hpp
-- Symlinking: /home/peony/navigation_ws/install/vel_forwarder/include/vel_forwarder/vel_forwarder/msg/detail/buff_data__type_support.hpp
-- Symlinking: /home/peony/navigation_ws/install/vel_forwarder/include/vel_forwarder/vel_forwarder/msg/detail/game_data__builder.hpp
-- Symlinking: /home/peony/navigation_ws/install/vel_forwarder/include/vel_forwarder/vel_forwarder/msg/detail/game_data__struct.hpp
-- Symlinking: /home/peony/navigation_ws/install/vel_forwarder/include/vel_forwarder/vel_forwarder/msg/detail/game_data__traits.hpp
-- Symlinking: /home/peony/navigation_ws/install/vel_forwarder/include/vel_forwarder/vel_forwarder/msg/detail/game_data__type_support.hpp
-- Symlinking: /home/peony/navigation_ws/install/vel_forwarder/include/vel_forwarder/vel_forwarder/msg/detail/gimbal_angles__builder.hpp
-- Symlinking: /home/peony/navigation_ws/install/vel_forwarder/include/vel_forwarder/vel_forwarder/msg/detail/gimbal_angles__struct.hpp
-- Symlinking: /home/peony/navigation_ws/install/vel_forwarder/include/vel_forwarder/vel_forwarder/msg/detail/gimbal_angles__traits.hpp
-- Symlinking: /home/peony/navigation_ws/install/vel_forwarder/include/vel_forwarder/vel_forwarder/msg/detail/gimbal_angles__type_support.hpp
-- Symlinking: /home/peony/navigation_ws/install/vel_forwarder/include/vel_forwarder/vel_forwarder/msg/detail/health__builder.hpp
-- Symlinking: /home/peony/navigation_ws/install/vel_forwarder/include/vel_forwarder/vel_forwarder/msg/detail/health__struct.hpp
-- Symlinking: /home/peony/navigation_ws/install/vel_forwarder/include/vel_forwarder/vel_forwarder/msg/detail/health__traits.hpp
-- Symlinking: /home/peony/navigation_ws/install/vel_forwarder/include/vel_forwarder/vel_forwarder/msg/detail/health__type_support.hpp
-- Symlinking: /home/peony/navigation_ws/install/vel_forwarder/include/vel_forwarder/vel_forwarder/msg/detail/position_data__builder.hpp
-- Symlinking: /home/peony/navigation_ws/install/vel_forwarder/include/vel_forwarder/vel_forwarder/msg/detail/position_data__struct.hpp
-- Symlinking: /home/peony/navigation_ws/install/vel_forwarder/include/vel_forwarder/vel_forwarder/msg/detail/position_data__traits.hpp
-- Symlinking: /home/peony/navigation_ws/install/vel_forwarder/include/vel_forwarder/vel_forwarder/msg/detail/position_data__type_support.hpp
-- Symlinking: /home/peony/navigation_ws/install/vel_forwarder/include/vel_forwarder/vel_forwarder/msg/detail/uwb_pos__builder.hpp
-- Symlinking: /home/peony/navigation_ws/install/vel_forwarder/include/vel_forwarder/vel_forwarder/msg/detail/uwb_pos__struct.hpp
-- Symlinking: /home/peony/navigation_ws/install/vel_forwarder/include/vel_forwarder/vel_forwarder/msg/detail/uwb_pos__traits.hpp
-- Symlinking: /home/peony/navigation_ws/install/vel_forwarder/include/vel_forwarder/vel_forwarder/msg/detail/uwb_pos__type_support.hpp
-- Symlinking: /home/peony/navigation_ws/install/vel_forwarder/include/vel_forwarder/vel_forwarder/msg/detail/vel__builder.hpp
-- Symlinking: /home/peony/navigation_ws/install/vel_forwarder/include/vel_forwarder/vel_forwarder/msg/detail/vel__struct.hpp
-- Symlinking: /home/peony/navigation_ws/install/vel_forwarder/include/vel_forwarder/vel_forwarder/msg/detail/vel__traits.hpp
-- Symlinking: /home/peony/navigation_ws/install/vel_forwarder/include/vel_forwarder/vel_forwarder/msg/detail/vel__type_support.hpp
-- Symlinking: /home/peony/navigation_ws/install/vel_forwarder/include/vel_forwarder/vel_forwarder/msg/game_data.hpp
-- Symlinking: /home/peony/navigation_ws/install/vel_forwarder/include/vel_forwarder/vel_forwarder/msg/gimbal_angles.hpp
-- Symlinking: /home/peony/navigation_ws/install/vel_forwarder/include/vel_forwarder/vel_forwarder/msg/health.hpp
-- Symlinking: /home/peony/navigation_ws/install/vel_forwarder/include/vel_forwarder/vel_forwarder/msg/position_data.hpp
-- Symlinking: /home/peony/navigation_ws/install/vel_forwarder/include/vel_forwarder/vel_forwarder/msg/rosidl_generator_cpp__visibility_control.hpp
-- Symlinking: /home/peony/navigation_ws/install/vel_forwarder/include/vel_forwarder/vel_forwarder/msg/uwb_pos.hpp
-- Symlinking: /home/peony/navigation_ws/install/vel_forwarder/include/vel_forwarder/vel_forwarder/msg/vel.hpp
-- Symlinking: /home/peony/navigation_ws/install/vel_forwarder/include/vel_forwarder/vel_forwarder/msg/detail/buff_data__rosidl_typesupport_fastrtps_cpp.hpp
-- Symlinking: /home/peony/navigation_ws/install/vel_forwarder/include/vel_forwarder/vel_forwarder/msg/detail/game_data__rosidl_typesupport_fastrtps_cpp.hpp
-- Symlinking: /home/peony/navigation_ws/install/vel_forwarder/include/vel_forwarder/vel_forwarder/msg/detail/gimbal_angles__rosidl_typesupport_fastrtps_cpp.hpp
-- Symlinking: /home/peony/navigation_ws/install/vel_forwarder/include/vel_forwarder/vel_forwarder/msg/detail/health__rosidl_typesupport_fastrtps_cpp.hpp
-- Symlinking: /home/peony/navigation_ws/install/vel_forwarder/include/vel_forwarder/vel_forwarder/msg/detail/position_data__rosidl_typesupport_fastrtps_cpp.hpp
-- Symlinking: /home/peony/navigation_ws/install/vel_forwarder/include/vel_forwarder/vel_forwarder/msg/detail/uwb_pos__rosidl_typesupport_fastrtps_cpp.hpp
-- Symlinking: /home/peony/navigation_ws/install/vel_forwarder/include/vel_forwarder/vel_forwarder/msg/detail/vel__rosidl_typesupport_fastrtps_cpp.hpp
-- Symlinking: /home/peony/navigation_ws/install/vel_forwarder/include/vel_forwarder/vel_forwarder/msg/rosidl_typesupport_fastrtps_cpp__visibility_control.h
-- Symlinking: /home/peony/navigation_ws/install/vel_forwarder/include/vel_forwarder/vel_forwarder/msg/detail/buff_data__rosidl_typesupport_introspection_c.h
-- Symlinking: /home/peony/navigation_ws/install/vel_forwarder/include/vel_forwarder/vel_forwarder/msg/detail/game_data__rosidl_typesupport_introspection_c.h
-- Symlinking: /home/peony/navigation_ws/install/vel_forwarder/include/vel_forwarder/vel_forwarder/msg/detail/gimbal_angles__rosidl_typesupport_introspection_c.h
-- Symlinking: /home/peony/navigation_ws/install/vel_forwarder/include/vel_forwarder/vel_forwarder/msg/detail/health__rosidl_typesupport_introspection_c.h
-- Symlinking: /home/peony/navigation_ws/install/vel_forwarder/include/vel_forwarder/vel_forwarder/msg/detail/position_data__rosidl_typesupport_introspection_c.h
-- Symlinking: /home/peony/navigation_ws/install/vel_forwarder/include/vel_forwarder/vel_forwarder/msg/detail/uwb_pos__rosidl_typesupport_introspection_c.h
-- Symlinking: /home/peony/navigation_ws/install/vel_forwarder/include/vel_forwarder/vel_forwarder/msg/detail/vel__rosidl_typesupport_introspection_c.h
-- Symlinking: /home/peony/navigation_ws/install/vel_forwarder/include/vel_forwarder/vel_forwarder/msg/rosidl_typesupport_introspection_c__visibility_control.h
-- Symlinking: /home/peony/navigation_ws/install/vel_forwarder/include/vel_forwarder/vel_forwarder/msg/detail/buff_data__rosidl_typesupport_introspection_cpp.hpp
-- Symlinking: /home/peony/navigation_ws/install/vel_forwarder/include/vel_forwarder/vel_forwarder/msg/detail/game_data__rosidl_typesupport_introspection_cpp.hpp
-- Symlinking: /home/peony/navigation_ws/install/vel_forwarder/include/vel_forwarder/vel_forwarder/msg/detail/gimbal_angles__rosidl_typesupport_introspection_cpp.hpp
-- Symlinking: /home/peony/navigation_ws/install/vel_forwarder/include/vel_forwarder/vel_forwarder/msg/detail/health__rosidl_typesupport_introspection_cpp.hpp
-- Symlinking: /home/peony/navigation_ws/install/vel_forwarder/include/vel_forwarder/vel_forwarder/msg/detail/position_data__rosidl_typesupport_introspection_cpp.hpp
-- Symlinking: /home/peony/navigation_ws/install/vel_forwarder/include/vel_forwarder/vel_forwarder/msg/detail/uwb_pos__rosidl_typesupport_introspection_cpp.hpp
-- Symlinking: /home/peony/navigation_ws/install/vel_forwarder/include/vel_forwarder/vel_forwarder/msg/detail/vel__rosidl_typesupport_introspection_cpp.hpp
-- Symlinking: /home/peony/navigation_ws/install/vel_forwarder/share/vel_forwarder/environment/pythonpath.sh
-- Symlinking: /home/peony/navigation_ws/install/vel_forwarder/share/vel_forwarder/environment/pythonpath.dsv
-- Symlinking: /home/peony/navigation_ws/install/vel_forwarder/local/lib/python3.10/dist-packages/vel_forwarder-0.0.0-py3.10.egg-info/PKG-INFO
-- Symlinking: /home/peony/navigation_ws/install/vel_forwarder/local/lib/python3.10/dist-packages/vel_forwarder-0.0.0-py3.10.egg-info/SOURCES.txt
-- Symlinking: /home/peony/navigation_ws/install/vel_forwarder/local/lib/python3.10/dist-packages/vel_forwarder-0.0.0-py3.10.egg-info/dependency_links.txt
-- Symlinking: /home/peony/navigation_ws/install/vel_forwarder/local/lib/python3.10/dist-packages/vel_forwarder-0.0.0-py3.10.egg-info/top_level.txt
-- Symlinking: /home/peony/navigation_ws/install/vel_forwarder/local/lib/python3.10/dist-packages/vel_forwarder/__init__.py
-- Symlinking: /home/peony/navigation_ws/install/vel_forwarder/local/lib/python3.10/dist-packages/vel_forwarder/_vel_forwarder_s.ep.rosidl_typesupport_c.c
-- Symlinking: /home/peony/navigation_ws/install/vel_forwarder/local/lib/python3.10/dist-packages/vel_forwarder/_vel_forwarder_s.ep.rosidl_typesupport_fastrtps_c.c
-- Symlinking: /home/peony/navigation_ws/install/vel_forwarder/local/lib/python3.10/dist-packages/vel_forwarder/_vel_forwarder_s.ep.rosidl_typesupport_introspection_c.c
-- Symlinking: /home/peony/navigation_ws/install/vel_forwarder/local/lib/python3.10/dist-packages/vel_forwarder/libvel_forwarder__rosidl_generator_py.so
-- Symlinking: /home/peony/navigation_ws/install/vel_forwarder/local/lib/python3.10/dist-packages/vel_forwarder/msg/__init__.py
-- Symlinking: /home/peony/navigation_ws/install/vel_forwarder/local/lib/python3.10/dist-packages/vel_forwarder/msg/_buff_data.py
-- Symlinking: /home/peony/navigation_ws/install/vel_forwarder/local/lib/python3.10/dist-packages/vel_forwarder/msg/_buff_data_s.c
-- Symlinking: /home/peony/navigation_ws/install/vel_forwarder/local/lib/python3.10/dist-packages/vel_forwarder/msg/_game_data.py
-- Symlinking: /home/peony/navigation_ws/install/vel_forwarder/local/lib/python3.10/dist-packages/vel_forwarder/msg/_game_data_s.c
-- Symlinking: /home/peony/navigation_ws/install/vel_forwarder/local/lib/python3.10/dist-packages/vel_forwarder/msg/_gimbal_angles.py
-- Symlinking: /home/peony/navigation_ws/install/vel_forwarder/local/lib/python3.10/dist-packages/vel_forwarder/msg/_gimbal_angles_s.c
-- Symlinking: /home/peony/navigation_ws/install/vel_forwarder/local/lib/python3.10/dist-packages/vel_forwarder/msg/_health.py
-- Symlinking: /home/peony/navigation_ws/install/vel_forwarder/local/lib/python3.10/dist-packages/vel_forwarder/msg/_health_s.c
-- Symlinking: /home/peony/navigation_ws/install/vel_forwarder/local/lib/python3.10/dist-packages/vel_forwarder/msg/_position_data.py
-- Symlinking: /home/peony/navigation_ws/install/vel_forwarder/local/lib/python3.10/dist-packages/vel_forwarder/msg/_position_data_s.c
-- Symlinking: /home/peony/navigation_ws/install/vel_forwarder/local/lib/python3.10/dist-packages/vel_forwarder/msg/_uwb_pos.py
-- Symlinking: /home/peony/navigation_ws/install/vel_forwarder/local/lib/python3.10/dist-packages/vel_forwarder/msg/_uwb_pos_s.c
-- Symlinking: /home/peony/navigation_ws/install/vel_forwarder/local/lib/python3.10/dist-packages/vel_forwarder/msg/_vel.py
-- Symlinking: /home/peony/navigation_ws/install/vel_forwarder/local/lib/python3.10/dist-packages/vel_forwarder/msg/_vel_s.c
-- Symlinking: /home/peony/navigation_ws/install/vel_forwarder/local/lib/python3.10/dist-packages/vel_forwarder/vel_forwarder_s__rosidl_typesupport_c.cpython-310-x86_64-linux-gnu.so
-- Symlinking: /home/peony/navigation_ws/install/vel_forwarder/local/lib/python3.10/dist-packages/vel_forwarder/vel_forwarder_s__rosidl_typesupport_fastrtps_c.cpython-310-x86_64-linux-gnu.so
-- Symlinking: /home/peony/navigation_ws/install/vel_forwarder/local/lib/python3.10/dist-packages/vel_forwarder/vel_forwarder_s__rosidl_typesupport_introspection_c.cpython-310-x86_64-linux-gnu.so
-- Up-to-date symlink: /home/peony/navigation_ws/install/vel_forwarder/local/lib/python3.10/dist-packages/vel_forwarder/vel_forwarder_s__rosidl_typesupport_fastrtps_c.cpython-310-x86_64-linux-gnu.so
-- Up-to-date symlink: /home/peony/navigation_ws/install/vel_forwarder/local/lib/python3.10/dist-packages/vel_forwarder/vel_forwarder_s__rosidl_typesupport_introspection_c.cpython-310-x86_64-linux-gnu.so
-- Up-to-date symlink: /home/peony/navigation_ws/install/vel_forwarder/local/lib/python3.10/dist-packages/vel_forwarder/vel_forwarder_s__rosidl_typesupport_c.cpython-310-x86_64-linux-gnu.so
-- Symlinking: /home/peony/navigation_ws/install/vel_forwarder/share/vel_forwarder/msg/Vel.idl
-- Symlinking: /home/peony/navigation_ws/install/vel_forwarder/share/vel_forwarder/msg/BuffData.idl
-- Symlinking: /home/peony/navigation_ws/install/vel_forwarder/share/vel_forwarder/msg/GameData.idl
-- Symlinking: /home/peony/navigation_ws/install/vel_forwarder/share/vel_forwarder/msg/GimbalAngles.idl
-- Symlinking: /home/peony/navigation_ws/install/vel_forwarder/share/vel_forwarder/msg/Health.idl
-- Symlinking: /home/peony/navigation_ws/install/vel_forwarder/share/vel_forwarder/msg/PositionData.idl
-- Symlinking: /home/peony/navigation_ws/install/vel_forwarder/share/vel_forwarder/msg/UWBPos.idl
-- Symlinking: /home/peony/navigation_ws/install/vel_forwarder/share/vel_forwarder/msg/Vel.msg
-- Symlinking: /home/peony/navigation_ws/install/vel_forwarder/share/vel_forwarder/msg/BuffData.msg
-- Symlinking: /home/peony/navigation_ws/install/vel_forwarder/share/vel_forwarder/msg/GameData.msg
-- Symlinking: /home/peony/navigation_ws/install/vel_forwarder/share/vel_forwarder/msg/GimbalAngles.msg
-- Symlinking: /home/peony/navigation_ws/install/vel_forwarder/share/vel_forwarder/msg/Health.msg
-- Symlinking: /home/peony/navigation_ws/install/vel_forwarder/share/vel_forwarder/msg/PositionData.msg
-- Symlinking: /home/peony/navigation_ws/install/vel_forwarder/share/vel_forwarder/msg/UWBPos.msg
-- Symlinking: /home/peony/navigation_ws/install/vel_forwarder/lib/vel_forwarder/forwarder_node
-- Symlinking: /home/peony/navigation_ws/install/vel_forwarder/share/ament_index/resource_index/package_run_dependencies/vel_forwarder
-- Symlinking: /home/peony/navigation_ws/install/vel_forwarder/share/ament_index/resource_index/parent_prefix_path/vel_forwarder
-- Symlinking: /home/peony/navigation_ws/install/vel_forwarder/share/vel_forwarder/environment/ament_prefix_path.sh
-- Symlinking: /home/peony/navigation_ws/install/vel_forwarder/share/vel_forwarder/environment/ament_prefix_path.dsv
-- Symlinking: /home/peony/navigation_ws/install/vel_forwarder/share/vel_forwarder/environment/path.sh
-- Symlinking: /home/peony/navigation_ws/install/vel_forwarder/share/vel_forwarder/environment/path.dsv
-- Symlinking: /home/peony/navigation_ws/install/vel_forwarder/share/vel_forwarder/local_setup.bash
-- Symlinking: /home/peony/navigation_ws/install/vel_forwarder/share/vel_forwarder/local_setup.sh
-- Symlinking: /home/peony/navigation_ws/install/vel_forwarder/share/vel_forwarder/local_setup.zsh
-- Symlinking: /home/peony/navigation_ws/install/vel_forwarder/share/vel_forwarder/local_setup.dsv
-- Symlinking: /home/peony/navigation_ws/install/vel_forwarder/share/vel_forwarder/package.dsv
-- Symlinking: /home/peony/navigation_ws/install/vel_forwarder/share/ament_index/resource_index/packages/vel_forwarder
-- Symlinking: /home/peony/navigation_ws/install/vel_forwarder/share/vel_forwarder/cmake/rosidl_cmake-extras.cmake
-- Symlinking: /home/peony/navigation_ws/install/vel_forwarder/share/vel_forwarder/cmake/ament_cmake_export_dependencies-extras.cmake
-- Symlinking: /home/peony/navigation_ws/install/vel_forwarder/share/vel_forwarder/cmake/ament_cmake_export_include_directories-extras.cmake
-- Symlinking: /home/peony/navigation_ws/install/vel_forwarder/share/vel_forwarder/cmake/ament_cmake_export_libraries-extras.cmake
-- Symlinking: /home/peony/navigation_ws/install/vel_forwarder/share/vel_forwarder/cmake/ament_cmake_export_targets-extras.cmake
-- Symlinking: /home/peony/navigation_ws/install/vel_forwarder/share/vel_forwarder/cmake/rosidl_cmake_export_typesupport_targets-extras.cmake
-- Symlinking: /home/peony/navigation_ws/install/vel_forwarder/share/vel_forwarder/cmake/rosidl_cmake_export_typesupport_libraries-extras.cmake
-- Symlinking: /home/peony/navigation_ws/install/vel_forwarder/share/vel_forwarder/cmake/vel_forwarderConfig.cmake
-- Symlinking: /home/peony/navigation_ws/install/vel_forwarder/share/vel_forwarder/cmake/vel_forwarderConfig-version.cmake
-- Symlinking: /home/peony/navigation_ws/install/vel_forwarder/share/vel_forwarder/package.xml
-- Installing: /home/peony/navigation_ws/install/vel_forwarder/lib/libvel_forwarder__rosidl_generator_c.so
-- Set runtime path of "/home/peony/navigation_ws/install/vel_forwarder/lib/libvel_forwarder__rosidl_generator_c.so" to ""
-- Installing: /home/peony/navigation_ws/install/vel_forwarder/lib/libvel_forwarder__rosidl_typesupport_fastrtps_c.so
-- Set runtime path of "/home/peony/navigation_ws/install/vel_forwarder/lib/libvel_forwarder__rosidl_typesupport_fastrtps_c.so" to ""
-- Installing: /home/peony/navigation_ws/install/vel_forwarder/lib/libvel_forwarder__rosidl_typesupport_fastrtps_cpp.so
-- Set runtime path of "/home/peony/navigation_ws/install/vel_forwarder/lib/libvel_forwarder__rosidl_typesupport_fastrtps_cpp.so" to ""
-- Installing: /home/peony/navigation_ws/install/vel_forwarder/lib/libvel_forwarder__rosidl_typesupport_introspection_c.so
-- Set runtime path of "/home/peony/navigation_ws/install/vel_forwarder/lib/libvel_forwarder__rosidl_typesupport_introspection_c.so" to ""
-- Installing: /home/peony/navigation_ws/install/vel_forwarder/lib/libvel_forwarder__rosidl_typesupport_c.so
-- Set runtime path of "/home/peony/navigation_ws/install/vel_forwarder/lib/libvel_forwarder__rosidl_typesupport_c.so" to ""
-- Installing: /home/peony/navigation_ws/install/vel_forwarder/lib/libvel_forwarder__rosidl_typesupport_introspection_cpp.so
-- Set runtime path of "/home/peony/navigation_ws/install/vel_forwarder/lib/libvel_forwarder__rosidl_typesupport_introspection_cpp.so" to ""
-- Installing: /home/peony/navigation_ws/install/vel_forwarder/lib/libvel_forwarder__rosidl_typesupport_cpp.so
-- Set runtime path of "/home/peony/navigation_ws/install/vel_forwarder/lib/libvel_forwarder__rosidl_typesupport_cpp.so" to ""
Listing '/home/peony/navigation_ws/install/vel_forwarder/local/lib/python3.10/dist-packages/vel_forwarder'...
Compiling '/home/peony/navigation_ws/install/vel_forwarder/local/lib/python3.10/dist-packages/vel_forwarder/__init__.py'...
Listing '/home/peony/navigation_ws/install/vel_forwarder/local/lib/python3.10/dist-packages/vel_forwarder/msg'...
Compiling '/home/peony/navigation_ws/install/vel_forwarder/local/lib/python3.10/dist-packages/vel_forwarder/msg/__init__.py'...
Compiling '/home/peony/navigation_ws/install/vel_forwarder/local/lib/python3.10/dist-packages/vel_forwarder/msg/_buff_data.py'...
Compiling '/home/peony/navigation_ws/install/vel_forwarder/local/lib/python3.10/dist-packages/vel_forwarder/msg/_game_data.py'...
Compiling '/home/peony/navigation_ws/install/vel_forwarder/local/lib/python3.10/dist-packages/vel_forwarder/msg/_gimbal_angles.py'...
Compiling '/home/peony/navigation_ws/install/vel_forwarder/local/lib/python3.10/dist-packages/vel_forwarder/msg/_health.py'...
Compiling '/home/peony/navigation_ws/install/vel_forwarder/local/lib/python3.10/dist-packages/vel_forwarder/msg/_position_data.py'...
Compiling '/home/peony/navigation_ws/install/vel_forwarder/local/lib/python3.10/dist-packages/vel_forwarder/msg/_uwb_pos.py'...
Compiling '/home/peony/navigation_ws/install/vel_forwarder/local/lib/python3.10/dist-packages/vel_forwarder/msg/_vel.py'...
-- Installing: /home/peony/navigation_ws/install/vel_forwarder/lib/libvel_forwarder__rosidl_generator_py.so
-- Set runtime path of "/home/peony/navigation_ws/install/vel_forwarder/lib/libvel_forwarder__rosidl_generator_py.so" to ""
-- Installing: /home/peony/navigation_ws/install/vel_forwarder/share/vel_forwarder/cmake/export_vel_forwarder__rosidl_generator_cExport.cmake
-- Installing: /home/peony/navigation_ws/install/vel_forwarder/share/vel_forwarder/cmake/export_vel_forwarder__rosidl_generator_cExport-noconfig.cmake
-- Installing: /home/peony/navigation_ws/install/vel_forwarder/share/vel_forwarder/cmake/export_vel_forwarder__rosidl_typesupport_fastrtps_cExport.cmake
-- Installing: /home/peony/navigation_ws/install/vel_forwarder/share/vel_forwarder/cmake/export_vel_forwarder__rosidl_typesupport_fastrtps_cExport-noconfig.cmake
-- Installing: /home/peony/navigation_ws/install/vel_forwarder/share/vel_forwarder/cmake/export_vel_forwarder__rosidl_generator_cppExport.cmake
-- Installing: /home/peony/navigation_ws/install/vel_forwarder/share/vel_forwarder/cmake/export_vel_forwarder__rosidl_typesupport_fastrtps_cppExport.cmake
-- Installing: /home/peony/navigation_ws/install/vel_forwarder/share/vel_forwarder/cmake/export_vel_forwarder__rosidl_typesupport_fastrtps_cppExport-noconfig.cmake
-- Installing: /home/peony/navigation_ws/install/vel_forwarder/share/vel_forwarder/cmake/vel_forwarder__rosidl_typesupport_introspection_cExport.cmake
-- Installing: /home/peony/navigation_ws/install/vel_forwarder/share/vel_forwarder/cmake/vel_forwarder__rosidl_typesupport_introspection_cExport-noconfig.cmake
-- Installing: /home/peony/navigation_ws/install/vel_forwarder/share/vel_forwarder/cmake/vel_forwarder__rosidl_typesupport_cExport.cmake
-- Installing: /home/peony/navigation_ws/install/vel_forwarder/share/vel_forwarder/cmake/vel_forwarder__rosidl_typesupport_cExport-noconfig.cmake
-- Installing: /home/peony/navigation_ws/install/vel_forwarder/share/vel_forwarder/cmake/vel_forwarder__rosidl_typesupport_introspection_cppExport.cmake
-- Installing: /home/peony/navigation_ws/install/vel_forwarder/share/vel_forwarder/cmake/vel_forwarder__rosidl_typesupport_introspection_cppExport-noconfig.cmake
-- Installing: /home/peony/navigation_ws/install/vel_forwarder/share/vel_forwarder/cmake/vel_forwarder__rosidl_typesupport_cppExport.cmake
-- Installing: /home/peony/navigation_ws/install/vel_forwarder/share/vel_forwarder/cmake/vel_forwarder__rosidl_typesupport_cppExport-noconfig.cmake
-- Installing: /home/peony/navigation_ws/install/vel_forwarder/share/vel_forwarder/cmake/export_vel_forwarder__rosidl_generator_pyExport.cmake
-- Installing: /home/peony/navigation_ws/install/vel_forwarder/share/vel_forwarder/cmake/export_vel_forwarder__rosidl_generator_pyExport-noconfig.cmake
