[0.015s] Invoking command in '/home/peony/navigation_ws/build/vel_forwarder': CMAKE_PREFIX_PATH=${CMAKE_PREFIX_PATH}:/opt/ros/humble /usr/bin/cmake /home/peony/navigation_ws/src/vel_forwarder -DAMENT_CMAKE_SYMLINK_INSTALL=1 -DCMAKE_INSTALL_PREFIX=/home/peony/navigation_ws/install/vel_forwarder
[0.060s] -- The C compiler identification is GNU 11.4.0
[0.106s] -- The CXX compiler identification is GNU 11.4.0
[0.112s] -- Detecting C compiler ABI info
[0.159s] -- Detecting C compiler ABI info - done
[0.163s] -- Check for working C compiler: /usr/bin/cc - skipped
[0.163s] -- Detecting C compile features
[0.163s] -- Detecting C compile features - done
[0.165s] -- Detecting CXX compiler ABI info
[0.219s] -- Detecting CXX compiler ABI info - done
[0.223s] -- Check for working CXX compiler: /usr/bin/c++ - skipped
[0.223s] -- Detecting CXX compile features
[0.224s] -- Detecting CXX compile features - done
[0.225s] -- Found ament_cmake: 1.3.13 (/opt/ros/humble/share/ament_cmake/cmake)
[0.315s] -- Found Python3: /usr/bin/python3 (found version "3.10.12") found components: Interpreter 
[0.351s] -- Override CMake install command with custom implementation using symlinks instead of copying resources
[0.368s] -- Found rclcpp: 16.0.18 (/opt/ros/humble/share/rclcpp/cmake)
[0.395s] -- Found rosidl_generator_c: 3.1.8 (/opt/ros/humble/share/rosidl_generator_c/cmake)
[0.398s] -- Found rosidl_adapter: 3.1.8 (/opt/ros/humble/share/rosidl_adapter/cmake)
[0.403s] -- Found rosidl_generator_cpp: 3.1.8 (/opt/ros/humble/share/rosidl_generator_cpp/cmake)
[0.410s] -- Using all available rosidl_typesupport_c: rosidl_typesupport_fastrtps_c;rosidl_typesupport_introspection_c
[0.419s] -- Using all available rosidl_typesupport_cpp: rosidl_typesupport_fastrtps_cpp;rosidl_typesupport_introspection_cpp
[0.444s] -- Found rmw_implementation_cmake: 6.1.2 (/opt/ros/humble/share/rmw_implementation_cmake/cmake)
[0.445s] -- Found rmw_fastrtps_cpp: 6.2.10 (/opt/ros/humble/share/rmw_fastrtps_cpp/cmake)
[0.508s] -- Found OpenSSL: /usr/lib/x86_64-linux-gnu/libcrypto.so (found version "3.0.2")  
[0.528s] -- Found FastRTPS: /opt/ros/humble/include  
[0.557s] -- Using RMW implementation 'rmw_fastrtps_cpp' as default
[0.562s] -- Looking for pthread.h
[0.615s] -- Looking for pthread.h - found
[0.615s] -- Performing Test CMAKE_HAVE_LIBC_PTHREAD
[0.665s] -- Performing Test CMAKE_HAVE_LIBC_PTHREAD - Success
[0.666s] -- Found Threads: TRUE  
[0.697s] -- Found geometry_msgs: 4.9.1 (/opt/ros/humble/share/geometry_msgs/cmake)
[0.705s] -- Found rosidl_default_generators: 1.2.0 (/opt/ros/humble/share/rosidl_default_generators/cmake)
[0.884s] -- Found ament_cmake_ros: 0.10.0 (/opt/ros/humble/share/ament_cmake_ros/cmake)
[1.109s] -- Using all available rosidl_typesupport_c: rosidl_typesupport_fastrtps_c;rosidl_typesupport_introspection_c
[1.195s] -- Using all available rosidl_typesupport_cpp: rosidl_typesupport_fastrtps_cpp;rosidl_typesupport_introspection_cpp
[1.210s] -- Found PythonInterp: /usr/bin/python3 (found suitable version "3.10.12", minimum required is "3.6") 
[1.211s] -- Found python_cmake_module: 0.10.0 (/opt/ros/humble/share/python_cmake_module/cmake)
[1.229s] -- Found PythonLibs: /usr/lib/x86_64-linux-gnu/libpython3.10.so (found suitable version "3.10.12", minimum required is "3.5") 
[1.229s] -- Using PYTHON_EXECUTABLE: /usr/bin/python3
[1.229s] -- Using PYTHON_INCLUDE_DIRS: /usr/include/python3.10
[1.229s] -- Using PYTHON_LIBRARIES: /usr/lib/x86_64-linux-gnu/libpython3.10.so
[1.243s] -- Found PythonExtra: .so  
[1.280s] -- Configuring done
[1.310s] -- Generating done
[1.318s] -- Build files have been written to: /home/peony/navigation_ws/build/vel_forwarder
[1.329s] Invoked command in '/home/peony/navigation_ws/build/vel_forwarder' returned '0': CMAKE_PREFIX_PATH=${CMAKE_PREFIX_PATH}:/opt/ros/humble /usr/bin/cmake /home/peony/navigation_ws/src/vel_forwarder -DAMENT_CMAKE_SYMLINK_INSTALL=1 -DCMAKE_INSTALL_PREFIX=/home/peony/navigation_ws/install/vel_forwarder
[1.330s] Invoking command in '/home/peony/navigation_ws/build/vel_forwarder': CMAKE_PREFIX_PATH=${CMAKE_PREFIX_PATH}:/opt/ros/humble /usr/bin/cmake --build /home/peony/navigation_ws/build/vel_forwarder -- -j32 -l32
[1.361s] [  1%] [34m[1mGenerating C code for ROS interfaces[0m
[1.369s] [  2%] [34m[1mGenerating C++ code for ROS interfaces[0m
[1.374s] [  2%] Built target ament_cmake_python_symlink_vel_forwarder
[1.507s] running egg_info
[1.507s] creating vel_forwarder.egg-info
[1.507s] writing vel_forwarder.egg-info/PKG-INFO
[1.508s] writing dependency_links to vel_forwarder.egg-info/dependency_links.txt
[1.508s] writing top-level names to vel_forwarder.egg-info/top_level.txt
[1.508s] writing manifest file 'vel_forwarder.egg-info/SOURCES.txt'
[1.509s] reading manifest file 'vel_forwarder.egg-info/SOURCES.txt'
[1.509s] writing manifest file 'vel_forwarder.egg-info/SOURCES.txt'
[1.527s] [  2%] Built target ament_cmake_python_build_vel_forwarder_egg
[1.671s] [  2%] Built target vel_forwarder__cpp
[1.679s] [  3%] [34m[1mGenerating C++ type support dispatch for ROS interfaces[0m
[1.679s] [  6%] [34m[1mGenerating C++ type support for eProsima Fast-RTPS[0m
[1.680s] [  6%] [32mBuilding C object CMakeFiles/vel_forwarder__rosidl_generator_c.dir/rosidl_generator_c/vel_forwarder/msg/detail/vel__functions.c.o[0m
[1.680s] [  7%] [32mBuilding C object CMakeFiles/vel_forwarder__rosidl_generator_c.dir/rosidl_generator_c/vel_forwarder/msg/detail/game_data__functions.c.o[0m
[1.680s] [  8%] [32mBuilding C object CMakeFiles/vel_forwarder__rosidl_generator_c.dir/rosidl_generator_c/vel_forwarder/msg/detail/buff_data__functions.c.o[0m
[1.680s] [  9%] [34m[1mGenerating C++ introspection for ROS interfaces[0m
[1.680s] [ 11%] [32mBuilding C object CMakeFiles/vel_forwarder__rosidl_generator_c.dir/rosidl_generator_c/vel_forwarder/msg/detail/gimbal_angles__functions.c.o[0m
[1.680s] [ 13%] [32mBuilding C object CMakeFiles/vel_forwarder__rosidl_generator_c.dir/rosidl_generator_c/vel_forwarder/msg/detail/position_data__functions.c.o[0m
[1.680s] [ 13%] [32mBuilding C object CMakeFiles/vel_forwarder__rosidl_generator_c.dir/rosidl_generator_c/vel_forwarder/msg/detail/uwb_pos__functions.c.o[0m
[1.681s] [ 14%] [32mBuilding C object CMakeFiles/vel_forwarder__rosidl_generator_c.dir/rosidl_generator_c/vel_forwarder/msg/detail/health__functions.c.o[0m
[1.718s] [ 16%] [32m[1mLinking C shared library libvel_forwarder__rosidl_generator_c.so[0m
[1.746s] [ 16%] Built target vel_forwarder__rosidl_generator_c
[1.754s] [ 19%] [34m[1mGenerating C type support for eProsima Fast-RTPS[0m
[1.754s] [ 19%] [34m[1mGenerating C type support dispatch for ROS interfaces[0m
[1.754s] [ 19%] [34m[1mGenerating C introspection for ROS interfaces[0m
[1.890s] [ 20%] [32mBuilding CXX object CMakeFiles/vel_forwarder__rosidl_typesupport_cpp.dir/rosidl_typesupport_cpp/vel_forwarder/msg/vel__type_support.cpp.o[0m
[1.890s] [ 22%] [32mBuilding CXX object CMakeFiles/vel_forwarder__rosidl_typesupport_cpp.dir/rosidl_typesupport_cpp/vel_forwarder/msg/buff_data__type_support.cpp.o[0m
[1.891s] [ 23%] [32mBuilding CXX object CMakeFiles/vel_forwarder__rosidl_typesupport_cpp.dir/rosidl_typesupport_cpp/vel_forwarder/msg/game_data__type_support.cpp.o[0m
[1.891s] [ 24%] [32mBuilding CXX object CMakeFiles/vel_forwarder__rosidl_typesupport_cpp.dir/rosidl_typesupport_cpp/vel_forwarder/msg/gimbal_angles__type_support.cpp.o[0m
[1.891s] [ 25%] [32mBuilding CXX object CMakeFiles/vel_forwarder__rosidl_typesupport_cpp.dir/rosidl_typesupport_cpp/vel_forwarder/msg/uwb_pos__type_support.cpp.o[0m
[1.891s] [ 27%] [32mBuilding CXX object CMakeFiles/vel_forwarder__rosidl_typesupport_cpp.dir/rosidl_typesupport_cpp/vel_forwarder/msg/position_data__type_support.cpp.o[0m
[1.893s] [ 28%] [32mBuilding CXX object CMakeFiles/vel_forwarder__rosidl_typesupport_cpp.dir/rosidl_typesupport_cpp/vel_forwarder/msg/health__type_support.cpp.o[0m
[1.938s] [ 29%] [32mBuilding CXX object CMakeFiles/vel_forwarder__rosidl_typesupport_introspection_cpp.dir/rosidl_typesupport_introspection_cpp/vel_forwarder/msg/detail/vel__type_support.cpp.o[0m
[1.938s] [ 30%] [32mBuilding CXX object CMakeFiles/vel_forwarder__rosidl_typesupport_introspection_cpp.dir/rosidl_typesupport_introspection_cpp/vel_forwarder/msg/detail/health__type_support.cpp.o[0m
[1.939s] [ 32%] [32mBuilding CXX object CMakeFiles/vel_forwarder__rosidl_typesupport_introspection_cpp.dir/rosidl_typesupport_introspection_cpp/vel_forwarder/msg/detail/buff_data__type_support.cpp.o[0m
[1.939s] [ 33%] [32mBuilding CXX object CMakeFiles/vel_forwarder__rosidl_typesupport_introspection_cpp.dir/rosidl_typesupport_introspection_cpp/vel_forwarder/msg/detail/game_data__type_support.cpp.o[0m
[1.940s] [ 34%] [32mBuilding CXX object CMakeFiles/vel_forwarder__rosidl_typesupport_introspection_cpp.dir/rosidl_typesupport_introspection_cpp/vel_forwarder/msg/detail/uwb_pos__type_support.cpp.o[0m
[1.941s] [ 37%] [32mBuilding CXX object CMakeFiles/vel_forwarder__rosidl_typesupport_introspection_cpp.dir/rosidl_typesupport_introspection_cpp/vel_forwarder/msg/detail/position_data__type_support.cpp.o[0m
[1.941s] [ 37%] [32mBuilding CXX object CMakeFiles/vel_forwarder__rosidl_typesupport_introspection_cpp.dir/rosidl_typesupport_introspection_cpp/vel_forwarder/msg/detail/gimbal_angles__type_support.cpp.o[0m
[1.994s] [ 39%] [32mBuilding CXX object CMakeFiles/vel_forwarder__rosidl_typesupport_fastrtps_cpp.dir/rosidl_typesupport_fastrtps_cpp/vel_forwarder/msg/detail/dds_fastrtps/vel__type_support.cpp.o[0m
[1.994s] [ 39%] [32mBuilding CXX object CMakeFiles/vel_forwarder__rosidl_typesupport_fastrtps_cpp.dir/rosidl_typesupport_fastrtps_cpp/vel_forwarder/msg/detail/dds_fastrtps/game_data__type_support.cpp.o[0m
[1.996s] [ 45%] [32mBuilding CXX object CMakeFiles/vel_forwarder__rosidl_typesupport_fastrtps_cpp.dir/rosidl_typesupport_fastrtps_cpp/vel_forwarder/msg/detail/dds_fastrtps/buff_data__type_support.cpp.o[0m
[1.996s] [ 45%] [32mBuilding CXX object CMakeFiles/vel_forwarder__rosidl_typesupport_fastrtps_cpp.dir/rosidl_typesupport_fastrtps_cpp/vel_forwarder/msg/detail/dds_fastrtps/health__type_support.cpp.o[0m
[1.996s] [ 45%] [32mBuilding CXX object CMakeFiles/vel_forwarder__rosidl_typesupport_fastrtps_cpp.dir/rosidl_typesupport_fastrtps_cpp/vel_forwarder/msg/detail/dds_fastrtps/gimbal_angles__type_support.cpp.o[0m
[1.996s] [ 45%] [32mBuilding CXX object CMakeFiles/vel_forwarder__rosidl_typesupport_fastrtps_cpp.dir/rosidl_typesupport_fastrtps_cpp/vel_forwarder/msg/detail/dds_fastrtps/position_data__type_support.cpp.o[0m
[1.996s] [ 45%] [32mBuilding CXX object CMakeFiles/vel_forwarder__rosidl_typesupport_fastrtps_cpp.dir/rosidl_typesupport_fastrtps_cpp/vel_forwarder/msg/detail/dds_fastrtps/uwb_pos__type_support.cpp.o[0m
[2.013s] [ 48%] [32mBuilding CXX object CMakeFiles/vel_forwarder__rosidl_typesupport_c.dir/rosidl_typesupport_c/vel_forwarder/msg/game_data__type_support.cpp.o[0m
[2.013s] [ 48%] [32mBuilding CXX object CMakeFiles/vel_forwarder__rosidl_typesupport_c.dir/rosidl_typesupport_c/vel_forwarder/msg/gimbal_angles__type_support.cpp.o[0m
[2.013s] [ 49%] [32mBuilding CXX object CMakeFiles/vel_forwarder__rosidl_typesupport_c.dir/rosidl_typesupport_c/vel_forwarder/msg/vel__type_support.cpp.o[0m
[2.013s] [ 50%] [32mBuilding CXX object CMakeFiles/vel_forwarder__rosidl_typesupport_c.dir/rosidl_typesupport_c/vel_forwarder/msg/health__type_support.cpp.o[0m
[2.013s] [ 51%] [32mBuilding CXX object CMakeFiles/vel_forwarder__rosidl_typesupport_c.dir/rosidl_typesupport_c/vel_forwarder/msg/buff_data__type_support.cpp.o[0m
[2.014s] [ 53%] [32mBuilding CXX object CMakeFiles/vel_forwarder__rosidl_typesupport_c.dir/rosidl_typesupport_c/vel_forwarder/msg/position_data__type_support.cpp.o[0m
[2.021s] [ 54%] [32mBuilding CXX object CMakeFiles/vel_forwarder__rosidl_typesupport_c.dir/rosidl_typesupport_c/vel_forwarder/msg/uwb_pos__type_support.cpp.o[0m
[2.071s] [ 55%] [32m[1mLinking CXX shared library libvel_forwarder__rosidl_typesupport_c.so[0m
[2.098s] [ 56%] [32mBuilding C object CMakeFiles/vel_forwarder__rosidl_typesupport_introspection_c.dir/rosidl_typesupport_introspection_c/vel_forwarder/msg/detail/vel__type_support.c.o[0m
[2.107s] [ 58%] [32mBuilding C object CMakeFiles/vel_forwarder__rosidl_typesupport_introspection_c.dir/rosidl_typesupport_introspection_c/vel_forwarder/msg/detail/buff_data__type_support.c.o[0m
[2.111s] [ 59%] [32mBuilding C object CMakeFiles/vel_forwarder__rosidl_typesupport_introspection_c.dir/rosidl_typesupport_introspection_c/vel_forwarder/msg/detail/gimbal_angles__type_support.c.o[0m
[2.111s] [ 60%] [32mBuilding C object CMakeFiles/vel_forwarder__rosidl_typesupport_introspection_c.dir/rosidl_typesupport_introspection_c/vel_forwarder/msg/detail/position_data__type_support.c.o[0m
[2.112s] [ 61%] [32mBuilding C object CMakeFiles/vel_forwarder__rosidl_typesupport_introspection_c.dir/rosidl_typesupport_introspection_c/vel_forwarder/msg/detail/game_data__type_support.c.o[0m
[2.113s] [ 62%] [32mBuilding C object CMakeFiles/vel_forwarder__rosidl_typesupport_introspection_c.dir/rosidl_typesupport_introspection_c/vel_forwarder/msg/detail/health__type_support.c.o[0m
[2.115s] [ 64%] [32mBuilding C object CMakeFiles/vel_forwarder__rosidl_typesupport_introspection_c.dir/rosidl_typesupport_introspection_c/vel_forwarder/msg/detail/uwb_pos__type_support.c.o[0m
[2.129s] [ 64%] Built target vel_forwarder__rosidl_typesupport_c
[2.132s] [ 65%] [32mBuilding CXX object CMakeFiles/vel_forwarder__rosidl_typesupport_fastrtps_c.dir/rosidl_typesupport_fastrtps_c/vel_forwarder/msg/detail/vel__type_support_c.cpp.o[0m
[2.133s] [ 66%] [32mBuilding CXX object CMakeFiles/vel_forwarder__rosidl_typesupport_fastrtps_c.dir/rosidl_typesupport_fastrtps_c/vel_forwarder/msg/detail/gimbal_angles__type_support_c.cpp.o[0m
[2.134s] [ 67%] [32mBuilding CXX object CMakeFiles/vel_forwarder__rosidl_typesupport_fastrtps_c.dir/rosidl_typesupport_fastrtps_c/vel_forwarder/msg/detail/game_data__type_support_c.cpp.o[0m
[2.134s] [ 69%] [32mBuilding CXX object CMakeFiles/vel_forwarder__rosidl_typesupport_fastrtps_c.dir/rosidl_typesupport_fastrtps_c/vel_forwarder/msg/detail/health__type_support_c.cpp.o[0m
[2.134s] [ 70%] [32mBuilding CXX object CMakeFiles/vel_forwarder__rosidl_typesupport_fastrtps_c.dir/rosidl_typesupport_fastrtps_c/vel_forwarder/msg/detail/position_data__type_support_c.cpp.o[0m
[2.137s] [ 71%] [32mBuilding CXX object CMakeFiles/vel_forwarder__rosidl_typesupport_fastrtps_c.dir/rosidl_typesupport_fastrtps_c/vel_forwarder/msg/detail/buff_data__type_support_c.cpp.o[0m
[2.139s] [ 74%] [32mBuilding CXX object CMakeFiles/vel_forwarder__rosidl_typesupport_fastrtps_c.dir/rosidl_typesupport_fastrtps_c/vel_forwarder/msg/detail/uwb_pos__type_support_c.cpp.o[0m
[2.139s] [ 74%] [32m[1mLinking CXX shared library libvel_forwarder__rosidl_typesupport_cpp.so[0m
[2.161s] [ 75%] [32m[1mLinking C shared library libvel_forwarder__rosidl_typesupport_introspection_c.so[0m
[2.197s] [ 75%] Built target vel_forwarder__rosidl_typesupport_cpp
[2.206s] [ 75%] Built target vel_forwarder__rosidl_typesupport_introspection_c
[2.225s] [ 76%] [32mBuilding CXX object CMakeFiles/forwarder_node.dir/src/forwarder.cpp.o[0m
[2.320s] [ 77%] [32m[1mLinking CXX shared library libvel_forwarder__rosidl_typesupport_introspection_cpp.so[0m
[2.376s] [ 79%] [32m[1mLinking CXX shared library libvel_forwarder__rosidl_typesupport_fastrtps_cpp.so[0m
[2.386s] [ 79%] Built target vel_forwarder__rosidl_typesupport_introspection_cpp
[2.426s] [ 80%] [32m[1mLinking CXX shared library libvel_forwarder__rosidl_typesupport_fastrtps_c.so[0m
[2.433s] [ 80%] Built target vel_forwarder__rosidl_typesupport_fastrtps_cpp
[2.477s] [ 80%] Built target vel_forwarder__rosidl_typesupport_fastrtps_c
[2.492s] [ 80%] Built target vel_forwarder
[2.506s] [ 81%] [34m[1mGenerating Python code for ROS interfaces[0m
[2.973s] [ 81%] Built target vel_forwarder__py
[2.990s] [ 87%] [32mBuilding C object CMakeFiles/vel_forwarder__rosidl_generator_py.dir/rosidl_generator_py/vel_forwarder/msg/_game_data_s.c.o[0m
[2.990s] [ 87%] [32mBuilding C object CMakeFiles/vel_forwarder__rosidl_generator_py.dir/rosidl_generator_py/vel_forwarder/msg/_health_s.c.o[0m
[2.991s] [ 87%] [32mBuilding C object CMakeFiles/vel_forwarder__rosidl_generator_py.dir/rosidl_generator_py/vel_forwarder/msg/_uwb_pos_s.c.o[0m
[2.991s] [ 87%] [32mBuilding C object CMakeFiles/vel_forwarder__rosidl_generator_py.dir/rosidl_generator_py/vel_forwarder/msg/_position_data_s.c.o[0m
[2.991s] [ 87%] [32mBuilding C object CMakeFiles/vel_forwarder__rosidl_generator_py.dir/rosidl_generator_py/vel_forwarder/msg/_gimbal_angles_s.c.o[0m
[2.991s] [ 90%] [32mBuilding C object CMakeFiles/vel_forwarder__rosidl_generator_py.dir/rosidl_generator_py/vel_forwarder/msg/_buff_data_s.c.o[0m
[2.991s] [ 90%] [32mBuilding C object CMakeFiles/vel_forwarder__rosidl_generator_py.dir/rosidl_generator_py/vel_forwarder/msg/_vel_s.c.o[0m
[3.076s] [ 91%] [32m[1mLinking C shared library rosidl_generator_py/vel_forwarder/libvel_forwarder__rosidl_generator_py.so[0m
[3.108s] [ 91%] Built target vel_forwarder__rosidl_generator_py
[3.125s] [ 95%] [32mBuilding C object CMakeFiles/vel_forwarder__rosidl_typesupport_fastrtps_c__pyext.dir/rosidl_generator_py/vel_forwarder/_vel_forwarder_s.ep.rosidl_typesupport_fastrtps_c.c.o[0m
[3.125s] [ 95%] [32mBuilding C object CMakeFiles/vel_forwarder__rosidl_typesupport_c__pyext.dir/rosidl_generator_py/vel_forwarder/_vel_forwarder_s.ep.rosidl_typesupport_c.c.o[0m
[3.125s] [ 95%] [32mBuilding C object CMakeFiles/vel_forwarder__rosidl_typesupport_introspection_c__pyext.dir/rosidl_generator_py/vel_forwarder/_vel_forwarder_s.ep.rosidl_typesupport_introspection_c.c.o[0m
[3.201s] [ 96%] [32m[1mLinking C shared library rosidl_generator_py/vel_forwarder/vel_forwarder_s__rosidl_typesupport_introspection_c.cpython-310-x86_64-linux-gnu.so[0m
[3.203s] [ 97%] [32m[1mLinking C shared library rosidl_generator_py/vel_forwarder/vel_forwarder_s__rosidl_typesupport_c.cpython-310-x86_64-linux-gnu.so[0m
[3.203s] [ 98%] [32m[1mLinking C shared library rosidl_generator_py/vel_forwarder/vel_forwarder_s__rosidl_typesupport_fastrtps_c.cpython-310-x86_64-linux-gnu.so[0m
[3.230s] [ 98%] Built target vel_forwarder__rosidl_typesupport_introspection_c__pyext
[3.231s] [ 98%] Built target vel_forwarder__rosidl_typesupport_fastrtps_c__pyext
[3.231s] [ 98%] Built target vel_forwarder__rosidl_typesupport_c__pyext
[7.555s] [100%] [32m[1mLinking CXX executable forwarder_node[0m
[7.770s] [100%] Built target forwarder_node
[7.782s] Invoked command in '/home/peony/navigation_ws/build/vel_forwarder' returned '0': CMAKE_PREFIX_PATH=${CMAKE_PREFIX_PATH}:/opt/ros/humble /usr/bin/cmake --build /home/peony/navigation_ws/build/vel_forwarder -- -j32 -l32
[7.783s] Invoking command in '/home/peony/navigation_ws/build/vel_forwarder': CMAKE_PREFIX_PATH=${CMAKE_PREFIX_PATH}:/opt/ros/humble /usr/bin/cmake --install /home/peony/navigation_ws/build/vel_forwarder
[7.789s] -- Install configuration: ""
[7.789s] -- Execute custom install script
[7.790s] -- Symlinking: /home/peony/navigation_ws/install/vel_forwarder/share/ament_index/resource_index/rosidl_interfaces/vel_forwarder
[7.797s] -- Symlinking: /home/peony/navigation_ws/install/vel_forwarder/include/vel_forwarder/vel_forwarder/msg/buff_data.h
[7.804s] -- Symlinking: /home/peony/navigation_ws/install/vel_forwarder/include/vel_forwarder/vel_forwarder/msg/detail/buff_data__functions.h
[7.809s] -- Symlinking: /home/peony/navigation_ws/install/vel_forwarder/include/vel_forwarder/vel_forwarder/msg/detail/buff_data__struct.h
[7.815s] -- Symlinking: /home/peony/navigation_ws/install/vel_forwarder/include/vel_forwarder/vel_forwarder/msg/detail/buff_data__type_support.h
[7.820s] -- Symlinking: /home/peony/navigation_ws/install/vel_forwarder/include/vel_forwarder/vel_forwarder/msg/detail/game_data__functions.h
[7.827s] -- Symlinking: /home/peony/navigation_ws/install/vel_forwarder/include/vel_forwarder/vel_forwarder/msg/detail/game_data__struct.h
[7.832s] -- Symlinking: /home/peony/navigation_ws/install/vel_forwarder/include/vel_forwarder/vel_forwarder/msg/detail/game_data__type_support.h
[7.838s] -- Symlinking: /home/peony/navigation_ws/install/vel_forwarder/include/vel_forwarder/vel_forwarder/msg/detail/gimbal_angles__functions.h
[7.843s] -- Symlinking: /home/peony/navigation_ws/install/vel_forwarder/include/vel_forwarder/vel_forwarder/msg/detail/gimbal_angles__struct.h
[7.848s] -- Symlinking: /home/peony/navigation_ws/install/vel_forwarder/include/vel_forwarder/vel_forwarder/msg/detail/gimbal_angles__type_support.h
[7.854s] -- Symlinking: /home/peony/navigation_ws/install/vel_forwarder/include/vel_forwarder/vel_forwarder/msg/detail/health__functions.h
[7.859s] -- Symlinking: /home/peony/navigation_ws/install/vel_forwarder/include/vel_forwarder/vel_forwarder/msg/detail/health__struct.h
[7.864s] -- Symlinking: /home/peony/navigation_ws/install/vel_forwarder/include/vel_forwarder/vel_forwarder/msg/detail/health__type_support.h
[7.871s] -- Symlinking: /home/peony/navigation_ws/install/vel_forwarder/include/vel_forwarder/vel_forwarder/msg/detail/position_data__functions.h
[7.877s] -- Symlinking: /home/peony/navigation_ws/install/vel_forwarder/include/vel_forwarder/vel_forwarder/msg/detail/position_data__struct.h
[7.883s] -- Symlinking: /home/peony/navigation_ws/install/vel_forwarder/include/vel_forwarder/vel_forwarder/msg/detail/position_data__type_support.h
[7.888s] -- Symlinking: /home/peony/navigation_ws/install/vel_forwarder/include/vel_forwarder/vel_forwarder/msg/detail/uwb_pos__functions.h
[7.894s] -- Symlinking: /home/peony/navigation_ws/install/vel_forwarder/include/vel_forwarder/vel_forwarder/msg/detail/uwb_pos__struct.h
[7.899s] -- Symlinking: /home/peony/navigation_ws/install/vel_forwarder/include/vel_forwarder/vel_forwarder/msg/detail/uwb_pos__type_support.h
[7.905s] -- Symlinking: /home/peony/navigation_ws/install/vel_forwarder/include/vel_forwarder/vel_forwarder/msg/detail/vel__functions.h
[7.910s] -- Symlinking: /home/peony/navigation_ws/install/vel_forwarder/include/vel_forwarder/vel_forwarder/msg/detail/vel__struct.h
[7.916s] -- Symlinking: /home/peony/navigation_ws/install/vel_forwarder/include/vel_forwarder/vel_forwarder/msg/detail/vel__type_support.h
[7.922s] -- Symlinking: /home/peony/navigation_ws/install/vel_forwarder/include/vel_forwarder/vel_forwarder/msg/game_data.h
[7.927s] -- Symlinking: /home/peony/navigation_ws/install/vel_forwarder/include/vel_forwarder/vel_forwarder/msg/gimbal_angles.h
[7.932s] -- Symlinking: /home/peony/navigation_ws/install/vel_forwarder/include/vel_forwarder/vel_forwarder/msg/health.h
[7.938s] -- Symlinking: /home/peony/navigation_ws/install/vel_forwarder/include/vel_forwarder/vel_forwarder/msg/position_data.h
[7.943s] -- Symlinking: /home/peony/navigation_ws/install/vel_forwarder/include/vel_forwarder/vel_forwarder/msg/rosidl_generator_c__visibility_control.h
[7.949s] -- Symlinking: /home/peony/navigation_ws/install/vel_forwarder/include/vel_forwarder/vel_forwarder/msg/uwb_pos.h
[7.955s] -- Symlinking: /home/peony/navigation_ws/install/vel_forwarder/include/vel_forwarder/vel_forwarder/msg/vel.h
[7.961s] -- Symlinking: /home/peony/navigation_ws/install/vel_forwarder/share/vel_forwarder/environment/library_path.sh
[7.966s] -- Symlinking: /home/peony/navigation_ws/install/vel_forwarder/share/vel_forwarder/environment/library_path.dsv
[7.973s] -- Symlinking: /home/peony/navigation_ws/install/vel_forwarder/include/vel_forwarder/vel_forwarder/msg/detail/buff_data__rosidl_typesupport_fastrtps_c.h
[7.979s] -- Symlinking: /home/peony/navigation_ws/install/vel_forwarder/include/vel_forwarder/vel_forwarder/msg/detail/game_data__rosidl_typesupport_fastrtps_c.h
[7.986s] -- Symlinking: /home/peony/navigation_ws/install/vel_forwarder/include/vel_forwarder/vel_forwarder/msg/detail/gimbal_angles__rosidl_typesupport_fastrtps_c.h
[7.993s] -- Symlinking: /home/peony/navigation_ws/install/vel_forwarder/include/vel_forwarder/vel_forwarder/msg/detail/health__rosidl_typesupport_fastrtps_c.h
[7.999s] -- Symlinking: /home/peony/navigation_ws/install/vel_forwarder/include/vel_forwarder/vel_forwarder/msg/detail/position_data__rosidl_typesupport_fastrtps_c.h
[8.004s] -- Symlinking: /home/peony/navigation_ws/install/vel_forwarder/include/vel_forwarder/vel_forwarder/msg/detail/uwb_pos__rosidl_typesupport_fastrtps_c.h
[8.011s] -- Symlinking: /home/peony/navigation_ws/install/vel_forwarder/include/vel_forwarder/vel_forwarder/msg/detail/vel__rosidl_typesupport_fastrtps_c.h
[8.018s] -- Symlinking: /home/peony/navigation_ws/install/vel_forwarder/include/vel_forwarder/vel_forwarder/msg/rosidl_typesupport_fastrtps_c__visibility_control.h
[8.024s] -- Symlinking: /home/peony/navigation_ws/install/vel_forwarder/include/vel_forwarder/vel_forwarder/msg/buff_data.hpp
[8.029s] -- Symlinking: /home/peony/navigation_ws/install/vel_forwarder/include/vel_forwarder/vel_forwarder/msg/detail/buff_data__builder.hpp
[8.035s] -- Symlinking: /home/peony/navigation_ws/install/vel_forwarder/include/vel_forwarder/vel_forwarder/msg/detail/buff_data__struct.hpp
[8.040s] -- Symlinking: /home/peony/navigation_ws/install/vel_forwarder/include/vel_forwarder/vel_forwarder/msg/detail/buff_data__traits.hpp
[8.047s] -- Symlinking: /home/peony/navigation_ws/install/vel_forwarder/include/vel_forwarder/vel_forwarder/msg/detail/buff_data__type_support.hpp
[8.053s] -- Symlinking: /home/peony/navigation_ws/install/vel_forwarder/include/vel_forwarder/vel_forwarder/msg/detail/game_data__builder.hpp
[8.058s] -- Symlinking: /home/peony/navigation_ws/install/vel_forwarder/include/vel_forwarder/vel_forwarder/msg/detail/game_data__struct.hpp
[8.063s] -- Symlinking: /home/peony/navigation_ws/install/vel_forwarder/include/vel_forwarder/vel_forwarder/msg/detail/game_data__traits.hpp
[8.069s] -- Symlinking: /home/peony/navigation_ws/install/vel_forwarder/include/vel_forwarder/vel_forwarder/msg/detail/game_data__type_support.hpp
[8.076s] -- Symlinking: /home/peony/navigation_ws/install/vel_forwarder/include/vel_forwarder/vel_forwarder/msg/detail/gimbal_angles__builder.hpp
[8.082s] -- Symlinking: /home/peony/navigation_ws/install/vel_forwarder/include/vel_forwarder/vel_forwarder/msg/detail/gimbal_angles__struct.hpp
[8.089s] -- Symlinking: /home/peony/navigation_ws/install/vel_forwarder/include/vel_forwarder/vel_forwarder/msg/detail/gimbal_angles__traits.hpp
[8.095s] -- Symlinking: /home/peony/navigation_ws/install/vel_forwarder/include/vel_forwarder/vel_forwarder/msg/detail/gimbal_angles__type_support.hpp
[8.101s] -- Symlinking: /home/peony/navigation_ws/install/vel_forwarder/include/vel_forwarder/vel_forwarder/msg/detail/health__builder.hpp
[8.106s] -- Symlinking: /home/peony/navigation_ws/install/vel_forwarder/include/vel_forwarder/vel_forwarder/msg/detail/health__struct.hpp
[8.111s] -- Symlinking: /home/peony/navigation_ws/install/vel_forwarder/include/vel_forwarder/vel_forwarder/msg/detail/health__traits.hpp
[8.118s] -- Symlinking: /home/peony/navigation_ws/install/vel_forwarder/include/vel_forwarder/vel_forwarder/msg/detail/health__type_support.hpp
[8.124s] -- Symlinking: /home/peony/navigation_ws/install/vel_forwarder/include/vel_forwarder/vel_forwarder/msg/detail/position_data__builder.hpp
[8.129s] -- Symlinking: /home/peony/navigation_ws/install/vel_forwarder/include/vel_forwarder/vel_forwarder/msg/detail/position_data__struct.hpp
[8.135s] -- Symlinking: /home/peony/navigation_ws/install/vel_forwarder/include/vel_forwarder/vel_forwarder/msg/detail/position_data__traits.hpp
[8.142s] -- Symlinking: /home/peony/navigation_ws/install/vel_forwarder/include/vel_forwarder/vel_forwarder/msg/detail/position_data__type_support.hpp
[8.148s] -- Symlinking: /home/peony/navigation_ws/install/vel_forwarder/include/vel_forwarder/vel_forwarder/msg/detail/uwb_pos__builder.hpp
[8.154s] -- Symlinking: /home/peony/navigation_ws/install/vel_forwarder/include/vel_forwarder/vel_forwarder/msg/detail/uwb_pos__struct.hpp
[8.159s] -- Symlinking: /home/peony/navigation_ws/install/vel_forwarder/include/vel_forwarder/vel_forwarder/msg/detail/uwb_pos__traits.hpp
[8.164s] -- Symlinking: /home/peony/navigation_ws/install/vel_forwarder/include/vel_forwarder/vel_forwarder/msg/detail/uwb_pos__type_support.hpp
[8.170s] -- Symlinking: /home/peony/navigation_ws/install/vel_forwarder/include/vel_forwarder/vel_forwarder/msg/detail/vel__builder.hpp
[8.177s] -- Symlinking: /home/peony/navigation_ws/install/vel_forwarder/include/vel_forwarder/vel_forwarder/msg/detail/vel__struct.hpp
[8.183s] -- Symlinking: /home/peony/navigation_ws/install/vel_forwarder/include/vel_forwarder/vel_forwarder/msg/detail/vel__traits.hpp
[8.188s] -- Symlinking: /home/peony/navigation_ws/install/vel_forwarder/include/vel_forwarder/vel_forwarder/msg/detail/vel__type_support.hpp
[8.195s] -- Symlinking: /home/peony/navigation_ws/install/vel_forwarder/include/vel_forwarder/vel_forwarder/msg/game_data.hpp
[8.202s] -- Symlinking: /home/peony/navigation_ws/install/vel_forwarder/include/vel_forwarder/vel_forwarder/msg/gimbal_angles.hpp
[8.208s] -- Symlinking: /home/peony/navigation_ws/install/vel_forwarder/include/vel_forwarder/vel_forwarder/msg/health.hpp
[8.215s] -- Symlinking: /home/peony/navigation_ws/install/vel_forwarder/include/vel_forwarder/vel_forwarder/msg/position_data.hpp
[8.222s] -- Symlinking: /home/peony/navigation_ws/install/vel_forwarder/include/vel_forwarder/vel_forwarder/msg/rosidl_generator_cpp__visibility_control.hpp
[8.228s] -- Symlinking: /home/peony/navigation_ws/install/vel_forwarder/include/vel_forwarder/vel_forwarder/msg/uwb_pos.hpp
[8.235s] -- Symlinking: /home/peony/navigation_ws/install/vel_forwarder/include/vel_forwarder/vel_forwarder/msg/vel.hpp
[8.242s] -- Symlinking: /home/peony/navigation_ws/install/vel_forwarder/include/vel_forwarder/vel_forwarder/msg/detail/buff_data__rosidl_typesupport_fastrtps_cpp.hpp
[8.247s] -- Symlinking: /home/peony/navigation_ws/install/vel_forwarder/include/vel_forwarder/vel_forwarder/msg/detail/game_data__rosidl_typesupport_fastrtps_cpp.hpp
[8.253s] -- Symlinking: /home/peony/navigation_ws/install/vel_forwarder/include/vel_forwarder/vel_forwarder/msg/detail/gimbal_angles__rosidl_typesupport_fastrtps_cpp.hpp
[8.260s] -- Symlinking: /home/peony/navigation_ws/install/vel_forwarder/include/vel_forwarder/vel_forwarder/msg/detail/health__rosidl_typesupport_fastrtps_cpp.hpp
[8.266s] -- Symlinking: /home/peony/navigation_ws/install/vel_forwarder/include/vel_forwarder/vel_forwarder/msg/detail/position_data__rosidl_typesupport_fastrtps_cpp.hpp
[8.271s] -- Symlinking: /home/peony/navigation_ws/install/vel_forwarder/include/vel_forwarder/vel_forwarder/msg/detail/uwb_pos__rosidl_typesupport_fastrtps_cpp.hpp
[8.276s] -- Symlinking: /home/peony/navigation_ws/install/vel_forwarder/include/vel_forwarder/vel_forwarder/msg/detail/vel__rosidl_typesupport_fastrtps_cpp.hpp
[8.282s] -- Symlinking: /home/peony/navigation_ws/install/vel_forwarder/include/vel_forwarder/vel_forwarder/msg/rosidl_typesupport_fastrtps_cpp__visibility_control.h
[8.289s] -- Symlinking: /home/peony/navigation_ws/install/vel_forwarder/include/vel_forwarder/vel_forwarder/msg/detail/buff_data__rosidl_typesupport_introspection_c.h
[8.294s] -- Symlinking: /home/peony/navigation_ws/install/vel_forwarder/include/vel_forwarder/vel_forwarder/msg/detail/game_data__rosidl_typesupport_introspection_c.h
[8.302s] -- Symlinking: /home/peony/navigation_ws/install/vel_forwarder/include/vel_forwarder/vel_forwarder/msg/detail/gimbal_angles__rosidl_typesupport_introspection_c.h
[8.309s] -- Symlinking: /home/peony/navigation_ws/install/vel_forwarder/include/vel_forwarder/vel_forwarder/msg/detail/health__rosidl_typesupport_introspection_c.h
[8.314s] -- Symlinking: /home/peony/navigation_ws/install/vel_forwarder/include/vel_forwarder/vel_forwarder/msg/detail/position_data__rosidl_typesupport_introspection_c.h
[8.321s] -- Symlinking: /home/peony/navigation_ws/install/vel_forwarder/include/vel_forwarder/vel_forwarder/msg/detail/uwb_pos__rosidl_typesupport_introspection_c.h
[8.327s] -- Symlinking: /home/peony/navigation_ws/install/vel_forwarder/include/vel_forwarder/vel_forwarder/msg/detail/vel__rosidl_typesupport_introspection_c.h
[8.333s] -- Symlinking: /home/peony/navigation_ws/install/vel_forwarder/include/vel_forwarder/vel_forwarder/msg/rosidl_typesupport_introspection_c__visibility_control.h
[8.339s] -- Symlinking: /home/peony/navigation_ws/install/vel_forwarder/include/vel_forwarder/vel_forwarder/msg/detail/buff_data__rosidl_typesupport_introspection_cpp.hpp
[8.346s] -- Symlinking: /home/peony/navigation_ws/install/vel_forwarder/include/vel_forwarder/vel_forwarder/msg/detail/game_data__rosidl_typesupport_introspection_cpp.hpp
[8.352s] -- Symlinking: /home/peony/navigation_ws/install/vel_forwarder/include/vel_forwarder/vel_forwarder/msg/detail/gimbal_angles__rosidl_typesupport_introspection_cpp.hpp
[8.357s] -- Symlinking: /home/peony/navigation_ws/install/vel_forwarder/include/vel_forwarder/vel_forwarder/msg/detail/health__rosidl_typesupport_introspection_cpp.hpp
[8.363s] -- Symlinking: /home/peony/navigation_ws/install/vel_forwarder/include/vel_forwarder/vel_forwarder/msg/detail/position_data__rosidl_typesupport_introspection_cpp.hpp
[8.368s] -- Symlinking: /home/peony/navigation_ws/install/vel_forwarder/include/vel_forwarder/vel_forwarder/msg/detail/uwb_pos__rosidl_typesupport_introspection_cpp.hpp
[8.373s] -- Symlinking: /home/peony/navigation_ws/install/vel_forwarder/include/vel_forwarder/vel_forwarder/msg/detail/vel__rosidl_typesupport_introspection_cpp.hpp
[8.378s] -- Symlinking: /home/peony/navigation_ws/install/vel_forwarder/share/vel_forwarder/environment/pythonpath.sh
[8.384s] -- Symlinking: /home/peony/navigation_ws/install/vel_forwarder/share/vel_forwarder/environment/pythonpath.dsv
[8.389s] -- Symlinking: /home/peony/navigation_ws/install/vel_forwarder/local/lib/python3.10/dist-packages/vel_forwarder-0.0.0-py3.10.egg-info/PKG-INFO
[8.396s] -- Symlinking: /home/peony/navigation_ws/install/vel_forwarder/local/lib/python3.10/dist-packages/vel_forwarder-0.0.0-py3.10.egg-info/SOURCES.txt
[8.402s] -- Symlinking: /home/peony/navigation_ws/install/vel_forwarder/local/lib/python3.10/dist-packages/vel_forwarder-0.0.0-py3.10.egg-info/dependency_links.txt
[8.407s] -- Symlinking: /home/peony/navigation_ws/install/vel_forwarder/local/lib/python3.10/dist-packages/vel_forwarder-0.0.0-py3.10.egg-info/top_level.txt
[8.415s] -- Symlinking: /home/peony/navigation_ws/install/vel_forwarder/local/lib/python3.10/dist-packages/vel_forwarder/__init__.py
[8.420s] -- Symlinking: /home/peony/navigation_ws/install/vel_forwarder/local/lib/python3.10/dist-packages/vel_forwarder/_vel_forwarder_s.ep.rosidl_typesupport_c.c
[8.426s] -- Symlinking: /home/peony/navigation_ws/install/vel_forwarder/local/lib/python3.10/dist-packages/vel_forwarder/_vel_forwarder_s.ep.rosidl_typesupport_fastrtps_c.c
[8.431s] -- Symlinking: /home/peony/navigation_ws/install/vel_forwarder/local/lib/python3.10/dist-packages/vel_forwarder/_vel_forwarder_s.ep.rosidl_typesupport_introspection_c.c
[8.437s] -- Symlinking: /home/peony/navigation_ws/install/vel_forwarder/local/lib/python3.10/dist-packages/vel_forwarder/libvel_forwarder__rosidl_generator_py.so
[8.443s] -- Symlinking: /home/peony/navigation_ws/install/vel_forwarder/local/lib/python3.10/dist-packages/vel_forwarder/msg/__init__.py
[8.449s] -- Symlinking: /home/peony/navigation_ws/install/vel_forwarder/local/lib/python3.10/dist-packages/vel_forwarder/msg/_buff_data.py
[8.454s] -- Symlinking: /home/peony/navigation_ws/install/vel_forwarder/local/lib/python3.10/dist-packages/vel_forwarder/msg/_buff_data_s.c
[8.461s] -- Symlinking: /home/peony/navigation_ws/install/vel_forwarder/local/lib/python3.10/dist-packages/vel_forwarder/msg/_game_data.py
[8.466s] -- Symlinking: /home/peony/navigation_ws/install/vel_forwarder/local/lib/python3.10/dist-packages/vel_forwarder/msg/_game_data_s.c
[8.472s] -- Symlinking: /home/peony/navigation_ws/install/vel_forwarder/local/lib/python3.10/dist-packages/vel_forwarder/msg/_gimbal_angles.py
[8.477s] -- Symlinking: /home/peony/navigation_ws/install/vel_forwarder/local/lib/python3.10/dist-packages/vel_forwarder/msg/_gimbal_angles_s.c
[8.483s] -- Symlinking: /home/peony/navigation_ws/install/vel_forwarder/local/lib/python3.10/dist-packages/vel_forwarder/msg/_health.py
[8.489s] -- Symlinking: /home/peony/navigation_ws/install/vel_forwarder/local/lib/python3.10/dist-packages/vel_forwarder/msg/_health_s.c
[8.494s] -- Symlinking: /home/peony/navigation_ws/install/vel_forwarder/local/lib/python3.10/dist-packages/vel_forwarder/msg/_position_data.py
[8.500s] -- Symlinking: /home/peony/navigation_ws/install/vel_forwarder/local/lib/python3.10/dist-packages/vel_forwarder/msg/_position_data_s.c
[8.505s] -- Symlinking: /home/peony/navigation_ws/install/vel_forwarder/local/lib/python3.10/dist-packages/vel_forwarder/msg/_uwb_pos.py
[8.510s] -- Symlinking: /home/peony/navigation_ws/install/vel_forwarder/local/lib/python3.10/dist-packages/vel_forwarder/msg/_uwb_pos_s.c
[8.516s] -- Symlinking: /home/peony/navigation_ws/install/vel_forwarder/local/lib/python3.10/dist-packages/vel_forwarder/msg/_vel.py
[8.522s] -- Symlinking: /home/peony/navigation_ws/install/vel_forwarder/local/lib/python3.10/dist-packages/vel_forwarder/msg/_vel_s.c
[8.527s] -- Symlinking: /home/peony/navigation_ws/install/vel_forwarder/local/lib/python3.10/dist-packages/vel_forwarder/vel_forwarder_s__rosidl_typesupport_c.cpython-310-x86_64-linux-gnu.so
[8.534s] -- Symlinking: /home/peony/navigation_ws/install/vel_forwarder/local/lib/python3.10/dist-packages/vel_forwarder/vel_forwarder_s__rosidl_typesupport_fastrtps_c.cpython-310-x86_64-linux-gnu.so
[8.541s] -- Symlinking: /home/peony/navigation_ws/install/vel_forwarder/local/lib/python3.10/dist-packages/vel_forwarder/vel_forwarder_s__rosidl_typesupport_introspection_c.cpython-310-x86_64-linux-gnu.so
[8.548s] -- Up-to-date symlink: /home/peony/navigation_ws/install/vel_forwarder/local/lib/python3.10/dist-packages/vel_forwarder/vel_forwarder_s__rosidl_typesupport_fastrtps_c.cpython-310-x86_64-linux-gnu.so
[8.548s] -- Up-to-date symlink: /home/peony/navigation_ws/install/vel_forwarder/local/lib/python3.10/dist-packages/vel_forwarder/vel_forwarder_s__rosidl_typesupport_introspection_c.cpython-310-x86_64-linux-gnu.so
[8.548s] -- Up-to-date symlink: /home/peony/navigation_ws/install/vel_forwarder/local/lib/python3.10/dist-packages/vel_forwarder/vel_forwarder_s__rosidl_typesupport_c.cpython-310-x86_64-linux-gnu.so
[8.548s] -- Symlinking: /home/peony/navigation_ws/install/vel_forwarder/share/vel_forwarder/msg/Vel.idl
[8.554s] -- Symlinking: /home/peony/navigation_ws/install/vel_forwarder/share/vel_forwarder/msg/BuffData.idl
[8.562s] -- Symlinking: /home/peony/navigation_ws/install/vel_forwarder/share/vel_forwarder/msg/GameData.idl
[8.568s] -- Symlinking: /home/peony/navigation_ws/install/vel_forwarder/share/vel_forwarder/msg/GimbalAngles.idl
[8.575s] -- Symlinking: /home/peony/navigation_ws/install/vel_forwarder/share/vel_forwarder/msg/Health.idl
[8.581s] -- Symlinking: /home/peony/navigation_ws/install/vel_forwarder/share/vel_forwarder/msg/PositionData.idl
[8.588s] -- Symlinking: /home/peony/navigation_ws/install/vel_forwarder/share/vel_forwarder/msg/UWBPos.idl
[8.594s] -- Symlinking: /home/peony/navigation_ws/install/vel_forwarder/share/vel_forwarder/msg/Vel.msg
[8.599s] -- Symlinking: /home/peony/navigation_ws/install/vel_forwarder/share/vel_forwarder/msg/BuffData.msg
[8.606s] -- Symlinking: /home/peony/navigation_ws/install/vel_forwarder/share/vel_forwarder/msg/GameData.msg
[8.614s] -- Symlinking: /home/peony/navigation_ws/install/vel_forwarder/share/vel_forwarder/msg/GimbalAngles.msg
[8.621s] -- Symlinking: /home/peony/navigation_ws/install/vel_forwarder/share/vel_forwarder/msg/Health.msg
[8.627s] -- Symlinking: /home/peony/navigation_ws/install/vel_forwarder/share/vel_forwarder/msg/PositionData.msg
[8.633s] -- Symlinking: /home/peony/navigation_ws/install/vel_forwarder/share/vel_forwarder/msg/UWBPos.msg
[8.639s] -- Symlinking: /home/peony/navigation_ws/install/vel_forwarder/lib/vel_forwarder/forwarder_node
[8.645s] -- Symlinking: /home/peony/navigation_ws/install/vel_forwarder/share/ament_index/resource_index/package_run_dependencies/vel_forwarder
[8.652s] -- Symlinking: /home/peony/navigation_ws/install/vel_forwarder/share/ament_index/resource_index/parent_prefix_path/vel_forwarder
[8.658s] -- Symlinking: /home/peony/navigation_ws/install/vel_forwarder/share/vel_forwarder/environment/ament_prefix_path.sh
[8.664s] -- Symlinking: /home/peony/navigation_ws/install/vel_forwarder/share/vel_forwarder/environment/ament_prefix_path.dsv
[8.671s] -- Symlinking: /home/peony/navigation_ws/install/vel_forwarder/share/vel_forwarder/environment/path.sh
[8.677s] -- Symlinking: /home/peony/navigation_ws/install/vel_forwarder/share/vel_forwarder/environment/path.dsv
[8.684s] -- Symlinking: /home/peony/navigation_ws/install/vel_forwarder/share/vel_forwarder/local_setup.bash
[8.691s] -- Symlinking: /home/peony/navigation_ws/install/vel_forwarder/share/vel_forwarder/local_setup.sh
[8.698s] -- Symlinking: /home/peony/navigation_ws/install/vel_forwarder/share/vel_forwarder/local_setup.zsh
[8.704s] -- Symlinking: /home/peony/navigation_ws/install/vel_forwarder/share/vel_forwarder/local_setup.dsv
[8.711s] -- Symlinking: /home/peony/navigation_ws/install/vel_forwarder/share/vel_forwarder/package.dsv
[8.717s] -- Symlinking: /home/peony/navigation_ws/install/vel_forwarder/share/ament_index/resource_index/packages/vel_forwarder
[8.723s] -- Symlinking: /home/peony/navigation_ws/install/vel_forwarder/share/vel_forwarder/cmake/rosidl_cmake-extras.cmake
[8.729s] -- Symlinking: /home/peony/navigation_ws/install/vel_forwarder/share/vel_forwarder/cmake/ament_cmake_export_dependencies-extras.cmake
[8.736s] -- Symlinking: /home/peony/navigation_ws/install/vel_forwarder/share/vel_forwarder/cmake/ament_cmake_export_include_directories-extras.cmake
[8.742s] -- Symlinking: /home/peony/navigation_ws/install/vel_forwarder/share/vel_forwarder/cmake/ament_cmake_export_libraries-extras.cmake
[8.749s] -- Symlinking: /home/peony/navigation_ws/install/vel_forwarder/share/vel_forwarder/cmake/ament_cmake_export_targets-extras.cmake
[8.755s] -- Symlinking: /home/peony/navigation_ws/install/vel_forwarder/share/vel_forwarder/cmake/rosidl_cmake_export_typesupport_targets-extras.cmake
[8.760s] -- Symlinking: /home/peony/navigation_ws/install/vel_forwarder/share/vel_forwarder/cmake/rosidl_cmake_export_typesupport_libraries-extras.cmake
[8.766s] -- Symlinking: /home/peony/navigation_ws/install/vel_forwarder/share/vel_forwarder/cmake/vel_forwarderConfig.cmake
[8.772s] -- Symlinking: /home/peony/navigation_ws/install/vel_forwarder/share/vel_forwarder/cmake/vel_forwarderConfig-version.cmake
[8.777s] -- Symlinking: /home/peony/navigation_ws/install/vel_forwarder/share/vel_forwarder/package.xml
[8.783s] -- Installing: /home/peony/navigation_ws/install/vel_forwarder/lib/libvel_forwarder__rosidl_generator_c.so
[8.783s] -- Set runtime path of "/home/peony/navigation_ws/install/vel_forwarder/lib/libvel_forwarder__rosidl_generator_c.so" to ""
[8.783s] -- Installing: /home/peony/navigation_ws/install/vel_forwarder/lib/libvel_forwarder__rosidl_typesupport_fastrtps_c.so
[8.783s] -- Set runtime path of "/home/peony/navigation_ws/install/vel_forwarder/lib/libvel_forwarder__rosidl_typesupport_fastrtps_c.so" to ""
[8.784s] -- Installing: /home/peony/navigation_ws/install/vel_forwarder/lib/libvel_forwarder__rosidl_typesupport_fastrtps_cpp.so
[8.784s] -- Set runtime path of "/home/peony/navigation_ws/install/vel_forwarder/lib/libvel_forwarder__rosidl_typesupport_fastrtps_cpp.so" to ""
[8.784s] -- Installing: /home/peony/navigation_ws/install/vel_forwarder/lib/libvel_forwarder__rosidl_typesupport_introspection_c.so
[8.784s] -- Set runtime path of "/home/peony/navigation_ws/install/vel_forwarder/lib/libvel_forwarder__rosidl_typesupport_introspection_c.so" to ""
[8.784s] -- Installing: /home/peony/navigation_ws/install/vel_forwarder/lib/libvel_forwarder__rosidl_typesupport_c.so
[8.785s] -- Set runtime path of "/home/peony/navigation_ws/install/vel_forwarder/lib/libvel_forwarder__rosidl_typesupport_c.so" to ""
[8.785s] -- Installing: /home/peony/navigation_ws/install/vel_forwarder/lib/libvel_forwarder__rosidl_typesupport_introspection_cpp.so
[8.785s] -- Set runtime path of "/home/peony/navigation_ws/install/vel_forwarder/lib/libvel_forwarder__rosidl_typesupport_introspection_cpp.so" to ""
[8.785s] -- Installing: /home/peony/navigation_ws/install/vel_forwarder/lib/libvel_forwarder__rosidl_typesupport_cpp.so
[8.785s] -- Set runtime path of "/home/peony/navigation_ws/install/vel_forwarder/lib/libvel_forwarder__rosidl_typesupport_cpp.so" to ""
[8.810s] Listing '/home/peony/navigation_ws/install/vel_forwarder/local/lib/python3.10/dist-packages/vel_forwarder'...
[8.810s] Compiling '/home/peony/navigation_ws/install/vel_forwarder/local/lib/python3.10/dist-packages/vel_forwarder/__init__.py'...
[8.810s] Listing '/home/peony/navigation_ws/install/vel_forwarder/local/lib/python3.10/dist-packages/vel_forwarder/msg'...
[8.810s] Compiling '/home/peony/navigation_ws/install/vel_forwarder/local/lib/python3.10/dist-packages/vel_forwarder/msg/__init__.py'...
[8.810s] Compiling '/home/peony/navigation_ws/install/vel_forwarder/local/lib/python3.10/dist-packages/vel_forwarder/msg/_buff_data.py'...
[8.810s] Compiling '/home/peony/navigation_ws/install/vel_forwarder/local/lib/python3.10/dist-packages/vel_forwarder/msg/_game_data.py'...
[8.810s] Compiling '/home/peony/navigation_ws/install/vel_forwarder/local/lib/python3.10/dist-packages/vel_forwarder/msg/_gimbal_angles.py'...
[8.810s] Compiling '/home/peony/navigation_ws/install/vel_forwarder/local/lib/python3.10/dist-packages/vel_forwarder/msg/_health.py'...
[8.810s] Compiling '/home/peony/navigation_ws/install/vel_forwarder/local/lib/python3.10/dist-packages/vel_forwarder/msg/_position_data.py'...
[8.810s] Compiling '/home/peony/navigation_ws/install/vel_forwarder/local/lib/python3.10/dist-packages/vel_forwarder/msg/_uwb_pos.py'...
[8.810s] Compiling '/home/peony/navigation_ws/install/vel_forwarder/local/lib/python3.10/dist-packages/vel_forwarder/msg/_vel.py'...
[8.814s] -- Installing: /home/peony/navigation_ws/install/vel_forwarder/lib/libvel_forwarder__rosidl_generator_py.so
[8.814s] -- Set runtime path of "/home/peony/navigation_ws/install/vel_forwarder/lib/libvel_forwarder__rosidl_generator_py.so" to ""
[8.814s] -- Installing: /home/peony/navigation_ws/install/vel_forwarder/share/vel_forwarder/cmake/export_vel_forwarder__rosidl_generator_cExport.cmake
[8.814s] -- Installing: /home/peony/navigation_ws/install/vel_forwarder/share/vel_forwarder/cmake/export_vel_forwarder__rosidl_generator_cExport-noconfig.cmake
[8.814s] -- Installing: /home/peony/navigation_ws/install/vel_forwarder/share/vel_forwarder/cmake/export_vel_forwarder__rosidl_typesupport_fastrtps_cExport.cmake
[8.815s] -- Installing: /home/peony/navigation_ws/install/vel_forwarder/share/vel_forwarder/cmake/export_vel_forwarder__rosidl_typesupport_fastrtps_cExport-noconfig.cmake
[8.815s] -- Installing: /home/peony/navigation_ws/install/vel_forwarder/share/vel_forwarder/cmake/export_vel_forwarder__rosidl_generator_cppExport.cmake
[8.815s] -- Installing: /home/peony/navigation_ws/install/vel_forwarder/share/vel_forwarder/cmake/export_vel_forwarder__rosidl_typesupport_fastrtps_cppExport.cmake
[8.815s] -- Installing: /home/peony/navigation_ws/install/vel_forwarder/share/vel_forwarder/cmake/export_vel_forwarder__rosidl_typesupport_fastrtps_cppExport-noconfig.cmake
[8.815s] -- Installing: /home/peony/navigation_ws/install/vel_forwarder/share/vel_forwarder/cmake/vel_forwarder__rosidl_typesupport_introspection_cExport.cmake
[8.815s] -- Installing: /home/peony/navigation_ws/install/vel_forwarder/share/vel_forwarder/cmake/vel_forwarder__rosidl_typesupport_introspection_cExport-noconfig.cmake
[8.815s] -- Installing: /home/peony/navigation_ws/install/vel_forwarder/share/vel_forwarder/cmake/vel_forwarder__rosidl_typesupport_cExport.cmake
[8.815s] -- Installing: /home/peony/navigation_ws/install/vel_forwarder/share/vel_forwarder/cmake/vel_forwarder__rosidl_typesupport_cExport-noconfig.cmake
[8.816s] -- Installing: /home/peony/navigation_ws/install/vel_forwarder/share/vel_forwarder/cmake/vel_forwarder__rosidl_typesupport_introspection_cppExport.cmake
[8.816s] -- Installing: /home/peony/navigation_ws/install/vel_forwarder/share/vel_forwarder/cmake/vel_forwarder__rosidl_typesupport_introspection_cppExport-noconfig.cmake
[8.816s] -- Installing: /home/peony/navigation_ws/install/vel_forwarder/share/vel_forwarder/cmake/vel_forwarder__rosidl_typesupport_cppExport.cmake
[8.816s] -- Installing: /home/peony/navigation_ws/install/vel_forwarder/share/vel_forwarder/cmake/vel_forwarder__rosidl_typesupport_cppExport-noconfig.cmake
[8.816s] -- Installing: /home/peony/navigation_ws/install/vel_forwarder/share/vel_forwarder/cmake/export_vel_forwarder__rosidl_generator_pyExport.cmake
[8.816s] -- Installing: /home/peony/navigation_ws/install/vel_forwarder/share/vel_forwarder/cmake/export_vel_forwarder__rosidl_generator_pyExport-noconfig.cmake
[8.818s] Invoked command in '/home/peony/navigation_ws/build/vel_forwarder' returned '0': CMAKE_PREFIX_PATH=${CMAKE_PREFIX_PATH}:/opt/ros/humble /usr/bin/cmake --install /home/peony/navigation_ws/build/vel_forwarder
