[0.014s] Invoking command in '/home/peony/navigation_ws/build/goal_pub': CMAKE_PREFIX_PATH=${CMAKE_PREFIX_PATH}:/opt/ros/humble /usr/bin/cmake /home/peony/navigation_ws/src/goal_pub -DAMENT_CMAKE_SYMLINK_INSTALL=1 -DCMAKE_INSTALL_PREFIX=/home/peony/navigation_ws/install/goal_pub
[0.024s] -- Found ament_cmake: 1.3.13 (/opt/ros/humble/share/ament_cmake/cmake)
[0.117s] -- Override CMake install command with custom implementation using symlinks instead of copying resources
[0.123s] -- Found rclcpp: 16.0.18 (/opt/ros/humble/share/rclcpp/cmake)
[0.145s] -- Found rosidl_generator_c: 3.1.8 (/opt/ros/humble/share/rosidl_generator_c/cmake)
[0.147s] -- Found rosidl_adapter: 3.1.8 (/opt/ros/humble/share/rosidl_adapter/cmake)
[0.152s] -- Found rosidl_generator_cpp: 3.1.8 (/opt/ros/humble/share/rosidl_generator_cpp/cmake)
[0.158s] -- Using all available rosidl_typesupport_c: rosidl_typesupport_fastrtps_c;rosidl_typesupport_introspection_c
[0.167s] -- Using all available rosidl_typesupport_cpp: rosidl_typesupport_fastrtps_cpp;rosidl_typesupport_introspection_cpp
[0.190s] -- Found rmw_implementation_cmake: 6.1.2 (/opt/ros/humble/share/rmw_implementation_cmake/cmake)
[0.191s] -- Found rmw_fastrtps_cpp: 6.2.10 (/opt/ros/humble/share/rmw_fastrtps_cpp/cmake)
[0.290s] -- Using RMW implementation 'rmw_fastrtps_cpp' as default
[0.324s] -- Found geometry_msgs: 4.9.1 (/opt/ros/humble/share/geometry_msgs/cmake)
[0.377s] -- Configuring done
[0.382s] -- Generating done
[0.384s] -- Build files have been written to: /home/peony/navigation_ws/build/goal_pub
[0.390s] Invoked command in '/home/peony/navigation_ws/build/goal_pub' returned '0': CMAKE_PREFIX_PATH=${CMAKE_PREFIX_PATH}:/opt/ros/humble /usr/bin/cmake /home/peony/navigation_ws/src/goal_pub -DAMENT_CMAKE_SYMLINK_INSTALL=1 -DCMAKE_INSTALL_PREFIX=/home/peony/navigation_ws/install/goal_pub
[0.392s] Invoking command in '/home/peony/navigation_ws/build/goal_pub': CMAKE_PREFIX_PATH=${CMAKE_PREFIX_PATH}:/opt/ros/humble /usr/bin/cmake --build /home/peony/navigation_ws/build/goal_pub -- -j32 -l32
[0.420s] [35m[1mConsolidate compiler generated dependencies of target multigoal_pub_node[0m
[0.433s] [100%] Built target multigoal_pub_node
[0.441s] Invoked command in '/home/peony/navigation_ws/build/goal_pub' returned '0': CMAKE_PREFIX_PATH=${CMAKE_PREFIX_PATH}:/opt/ros/humble /usr/bin/cmake --build /home/peony/navigation_ws/build/goal_pub -- -j32 -l32
[0.448s] Invoking command in '/home/peony/navigation_ws/build/goal_pub': CMAKE_PREFIX_PATH=${CMAKE_PREFIX_PATH}:/opt/ros/humble /usr/bin/cmake --install /home/peony/navigation_ws/build/goal_pub
[0.452s] -- Install configuration: ""
[0.453s] -- Execute custom install script
[0.453s] -- Up-to-date symlink: /home/peony/navigation_ws/install/goal_pub/lib/goal_pub/multigoal_pub_node
[0.453s] -- Up-to-date symlink: /home/peony/navigation_ws/install/goal_pub/share/goal_pub/launch/multi_goals_pub.launch.py
[0.453s] -- Up-to-date symlink: /home/peony/navigation_ws/install/goal_pub/share/goal_pub/cfg/goalpub_param.yaml
[0.453s] -- Up-to-date symlink: /home/peony/navigation_ws/install/goal_pub/share/ament_index/resource_index/package_run_dependencies/goal_pub
[0.453s] -- Up-to-date symlink: /home/peony/navigation_ws/install/goal_pub/share/ament_index/resource_index/parent_prefix_path/goal_pub
[0.453s] -- Up-to-date symlink: /home/peony/navigation_ws/install/goal_pub/share/goal_pub/environment/ament_prefix_path.sh
[0.453s] -- Up-to-date symlink: /home/peony/navigation_ws/install/goal_pub/share/goal_pub/environment/ament_prefix_path.dsv
[0.454s] -- Up-to-date symlink: /home/peony/navigation_ws/install/goal_pub/share/goal_pub/environment/path.sh
[0.454s] -- Up-to-date symlink: /home/peony/navigation_ws/install/goal_pub/share/goal_pub/environment/path.dsv
[0.454s] -- Up-to-date symlink: /home/peony/navigation_ws/install/goal_pub/share/goal_pub/local_setup.bash
[0.454s] -- Up-to-date symlink: /home/peony/navigation_ws/install/goal_pub/share/goal_pub/local_setup.sh
[0.454s] -- Up-to-date symlink: /home/peony/navigation_ws/install/goal_pub/share/goal_pub/local_setup.zsh
[0.454s] -- Up-to-date symlink: /home/peony/navigation_ws/install/goal_pub/share/goal_pub/local_setup.dsv
[0.454s] -- Symlinking: /home/peony/navigation_ws/install/goal_pub/share/goal_pub/package.dsv
[0.460s] -- Up-to-date symlink: /home/peony/navigation_ws/install/goal_pub/share/ament_index/resource_index/packages/goal_pub
[0.460s] -- Up-to-date symlink: /home/peony/navigation_ws/install/goal_pub/share/goal_pub/cmake/goal_pubConfig.cmake
[0.460s] -- Up-to-date symlink: /home/peony/navigation_ws/install/goal_pub/share/goal_pub/cmake/goal_pubConfig-version.cmake
[0.460s] -- Up-to-date symlink: /home/peony/navigation_ws/install/goal_pub/share/goal_pub/package.xml
[0.461s] Invoked command in '/home/peony/navigation_ws/build/goal_pub' returned '0': CMAKE_PREFIX_PATH=${CMAKE_PREFIX_PATH}:/opt/ros/humble /usr/bin/cmake --install /home/peony/navigation_ws/build/goal_pub
