[0.016s] Invoking command in '/home/peony/navigation_ws/build/navigoal_manager': CMAKE_PREFIX_PATH=${CMAKE_PREFIX_PATH}:/opt/ros/humble /usr/bin/cmake /home/peony/navigation_ws/src/navigoal_manager -DAMENT_CMAKE_SYMLINK_INSTALL=1 -DCMAKE_INSTALL_PREFIX=/home/peony/navigation_ws/install/navigoal_manager
[0.069s] -- The C compiler identification is GNU 11.4.0
[0.115s] -- The CXX compiler identification is GNU 11.4.0
[0.121s] -- Detecting C compiler ABI info
[0.168s] -- Detecting C compiler ABI info - done
[0.172s] -- Check for working C compiler: /usr/bin/cc - skipped
[0.172s] -- Detecting C compile features
[0.172s] -- Detecting C compile features - done
[0.174s] -- Detecting CXX compiler ABI info
[0.227s] -- Detecting CXX compiler ABI info - done
[0.231s] -- Check for working CXX compiler: /usr/bin/c++ - skipped
[0.232s] -- Detecting CXX compile features
[0.232s] -- Detecting CXX compile features - done
[0.234s] -- Found ament_cmake: 1.3.13 (/opt/ros/humble/share/ament_cmake/cmake)
[0.324s] -- Found Python3: /usr/bin/python3 (found version "3.10.12") found components: Interpreter 
[0.361s] -- Override CMake install command with custom implementation using symlinks instead of copying resources
[0.378s] -- Found rclcpp: 16.0.18 (/opt/ros/humble/share/rclcpp/cmake)
[0.404s] -- Found rosidl_generator_c: 3.1.8 (/opt/ros/humble/share/rosidl_generator_c/cmake)
[0.407s] -- Found rosidl_adapter: 3.1.8 (/opt/ros/humble/share/rosidl_adapter/cmake)
[0.413s] -- Found rosidl_generator_cpp: 3.1.8 (/opt/ros/humble/share/rosidl_generator_cpp/cmake)
[0.420s] -- Using all available rosidl_typesupport_c: rosidl_typesupport_fastrtps_c;rosidl_typesupport_introspection_c
[0.429s] -- Using all available rosidl_typesupport_cpp: rosidl_typesupport_fastrtps_cpp;rosidl_typesupport_introspection_cpp
[0.453s] -- Found rmw_implementation_cmake: 6.1.2 (/opt/ros/humble/share/rmw_implementation_cmake/cmake)
[0.454s] -- Found rmw_fastrtps_cpp: 6.2.10 (/opt/ros/humble/share/rmw_fastrtps_cpp/cmake)
[0.517s] -- Found OpenSSL: /usr/lib/x86_64-linux-gnu/libcrypto.so (found version "3.0.2")  
[0.536s] -- Found FastRTPS: /opt/ros/humble/include  
[0.566s] -- Using RMW implementation 'rmw_fastrtps_cpp' as default
[0.571s] -- Looking for pthread.h
[0.624s] -- Looking for pthread.h - found
[0.624s] -- Performing Test CMAKE_HAVE_LIBC_PTHREAD
[0.674s] -- Performing Test CMAKE_HAVE_LIBC_PTHREAD - Success
[0.675s] -- Found Threads: TRUE  
[0.704s] -- Found geometry_msgs: 4.9.1 (/opt/ros/humble/share/geometry_msgs/cmake)
[0.751s] -- Configuring done
[0.757s] -- Generating done
[0.759s] -- Build files have been written to: /home/peony/navigation_ws/build/navigoal_manager
[0.766s] Invoked command in '/home/peony/navigation_ws/build/navigoal_manager' returned '0': CMAKE_PREFIX_PATH=${CMAKE_PREFIX_PATH}:/opt/ros/humble /usr/bin/cmake /home/peony/navigation_ws/src/navigoal_manager -DAMENT_CMAKE_SYMLINK_INSTALL=1 -DCMAKE_INSTALL_PREFIX=/home/peony/navigation_ws/install/navigoal_manager
[0.768s] Invoking command in '/home/peony/navigation_ws/build/navigoal_manager': CMAKE_PREFIX_PATH=${CMAKE_PREFIX_PATH}:/opt/ros/humble /usr/bin/cmake --build /home/peony/navigation_ws/build/navigoal_manager -- -j32 -l32
[0.803s] [ 50%] [32mBuilding CXX object CMakeFiles/goal_manager_node.dir/src/manager.cpp.o[0m
[2.515s] [01m[K/home/peony/navigation_ws/src/navigoal_manager/src/manager.cpp:[m[K In constructor ‘[01m[Knavigoal_manager::GoalManager::GoalManager()[m[K’:
[2.515s] [01m[K/home/peony/navigation_ws/src/navigoal_manager/src/manager.cpp:8:49:[m[K [01;35m[Kwarning: [m[Kconverting to ‘[01m[Kconst ParameterDescriptor[m[K’ {aka ‘[01m[Kconst rcl_interfaces::msg::ParameterDescriptor_<std::allocator<void> >[m[K’} from initializer list would use explicit constructor ‘[01m[Krcl_interfaces::msg::ParameterDescriptor_<ContainerAllocator>::ParameterDescriptor_(rosidl_runtime_cpp::MessageInitialization) [with ContainerAllocator = std::allocator<void>][m[K’
[2.515s]     8 |     [01;35m[Kthis->declare_parameter<std::vector<double>>("r",{})[m[K;
[2.515s]       |     [01;35m[K~~~~~~~~~~~~~~~~~~~~~~~~~~~~~~~~~~~~~~~~~~~~^~~~~~~~[m[K
[2.515s] [01m[K/home/peony/navigation_ws/src/navigoal_manager/src/manager.cpp:8:49:[m[K [01;36m[Knote: [m[Kin C++11 and above a default constructor can be explicit
[2.517s] [01m[K/home/peony/navigation_ws/src/navigoal_manager/src/manager.cpp:9:49:[m[K [01;35m[Kwarning: [m[Kconverting to ‘[01m[Kconst ParameterDescriptor[m[K’ {aka ‘[01m[Kconst rcl_interfaces::msg::ParameterDescriptor_<std::allocator<void> >[m[K’} from initializer list would use explicit constructor ‘[01m[Krcl_interfaces::msg::ParameterDescriptor_<ContainerAllocator>::ParameterDescriptor_(rosidl_runtime_cpp::MessageInitialization) [with ContainerAllocator = std::allocator<void>][m[K’
[2.517s]     9 |     [01;35m[Kthis->declare_parameter<std::vector<double>>("b",{})[m[K;
[2.517s]       |     [01;35m[K~~~~~~~~~~~~~~~~~~~~~~~~~~~~~~~~~~~~~~~~~~~~^~~~~~~~[m[K
[2.517s] [01m[K/home/peony/navigation_ws/src/navigoal_manager/src/manager.cpp:9:49:[m[K [01;36m[Knote: [m[Kin C++11 and above a default constructor can be explicit
[6.465s] [100%] [32m[1mLinking CXX executable goal_manager_node[0m
[6.691s] [100%] Built target goal_manager_node
[6.702s] Invoked command in '/home/peony/navigation_ws/build/navigoal_manager' returned '0': CMAKE_PREFIX_PATH=${CMAKE_PREFIX_PATH}:/opt/ros/humble /usr/bin/cmake --build /home/peony/navigation_ws/build/navigoal_manager -- -j32 -l32
[6.709s] Invoking command in '/home/peony/navigation_ws/build/navigoal_manager': CMAKE_PREFIX_PATH=${CMAKE_PREFIX_PATH}:/opt/ros/humble /usr/bin/cmake --install /home/peony/navigation_ws/build/navigoal_manager
[6.714s] -- Install configuration: ""
[6.714s] -- Execute custom install script
[6.714s] -- Symlinking: /home/peony/navigation_ws/install/navigoal_manager/lib/navigoal_manager/goal_manager_node
[6.720s] -- Symlinking: /home/peony/navigation_ws/install/navigoal_manager/share/navigoal_manager/launch/navigoal_pub.launch.py
[6.726s] -- Symlinking: /home/peony/navigation_ws/install/navigoal_manager/share/navigoal_manager/cfg/navigoal_param.yaml
[6.731s] -- Symlinking: /home/peony/navigation_ws/install/navigoal_manager/share/ament_index/resource_index/package_run_dependencies/navigoal_manager
[6.736s] -- Symlinking: /home/peony/navigation_ws/install/navigoal_manager/share/ament_index/resource_index/parent_prefix_path/navigoal_manager
[6.743s] -- Symlinking: /home/peony/navigation_ws/install/navigoal_manager/share/navigoal_manager/environment/ament_prefix_path.sh
[6.750s] -- Symlinking: /home/peony/navigation_ws/install/navigoal_manager/share/navigoal_manager/environment/ament_prefix_path.dsv
[6.756s] -- Symlinking: /home/peony/navigation_ws/install/navigoal_manager/share/navigoal_manager/environment/path.sh
[6.761s] -- Symlinking: /home/peony/navigation_ws/install/navigoal_manager/share/navigoal_manager/environment/path.dsv
[6.768s] -- Symlinking: /home/peony/navigation_ws/install/navigoal_manager/share/navigoal_manager/local_setup.bash
[6.774s] -- Symlinking: /home/peony/navigation_ws/install/navigoal_manager/share/navigoal_manager/local_setup.sh
[6.779s] -- Symlinking: /home/peony/navigation_ws/install/navigoal_manager/share/navigoal_manager/local_setup.zsh
[6.786s] -- Symlinking: /home/peony/navigation_ws/install/navigoal_manager/share/navigoal_manager/local_setup.dsv
[6.792s] -- Symlinking: /home/peony/navigation_ws/install/navigoal_manager/share/navigoal_manager/package.dsv
[6.797s] -- Symlinking: /home/peony/navigation_ws/install/navigoal_manager/share/ament_index/resource_index/packages/navigoal_manager
[6.803s] -- Symlinking: /home/peony/navigation_ws/install/navigoal_manager/share/navigoal_manager/cmake/navigoal_managerConfig.cmake
[6.810s] -- Symlinking: /home/peony/navigation_ws/install/navigoal_manager/share/navigoal_manager/cmake/navigoal_managerConfig-version.cmake
[6.816s] -- Symlinking: /home/peony/navigation_ws/install/navigoal_manager/share/navigoal_manager/package.xml
[6.824s] Invoked command in '/home/peony/navigation_ws/build/navigoal_manager' returned '0': CMAKE_PREFIX_PATH=${CMAKE_PREFIX_PATH}:/opt/ros/humble /usr/bin/cmake --install /home/peony/navigation_ws/build/navigoal_manager
