[0.058s] DEBUG:colcon:Command line arguments: ['/usr/bin/colcon', 'build', '--packages-select', 'test_car', '--symlink-install']
[0.058s] DEBUG:colcon:Parsed command line arguments: Namespace(log_base=None, log_level=None, verb_name='build', build_base='build', install_base='install', merge_install=False, symlink_install=True, test_result_base=None, continue_on_error=False, executor='parallel', parallel_workers=32, event_handlers=None, ignore_user_meta=False, metas=['./colcon.meta'], base_paths=['.'], packages_ignore=None, packages_ignore_regex=None, paths=None, packages_up_to=None, packages_up_to_regex=None, packages_above=None, packages_above_and_dependencies=None, packages_above_depth=None, packages_select_by_dep=None, packages_skip_by_dep=None, packages_skip_up_to=None, packages_select_build_failed=False, packages_skip_build_finished=False, packages_select_test_failures=False, packages_skip_test_passed=False, packages_select=['test_car'], packages_skip=None, packages_select_regex=None, packages_skip_regex=None, packages_start=None, packages_end=None, allow_overriding=[], cmake_args=None, cmake_target=None, cmake_target_skip_unavailable=False, cmake_clean_cache=False, cmake_clean_first=False, cmake_force_configure=False, ament_cmake_args=None, catkin_cmake_args=None, catkin_skip_building_tests=False, verb_parser=<colcon_defaults.argument_parser.defaults.DefaultArgumentsDecorator object at 0x7fef9e050be0>, verb_extension=<colcon_core.verb.build.BuildVerb object at 0x7fef9e15e140>, main=<bound method BuildVerb.main of <colcon_core.verb.build.BuildVerb object at 0x7fef9e15e140>>)
[0.147s] Level 1:colcon.colcon_core.package_discovery:discover_packages(colcon_meta) check parameters
[0.147s] Level 1:colcon.colcon_core.package_discovery:discover_packages(recursive) check parameters
[0.147s] Level 1:colcon.colcon_core.package_discovery:discover_packages(ignore) check parameters
[0.147s] Level 1:colcon.colcon_core.package_discovery:discover_packages(path) check parameters
[0.147s] Level 1:colcon.colcon_core.package_discovery:discover_packages(colcon_meta) discover
[0.147s] Level 1:colcon.colcon_core.package_discovery:discover_packages(recursive) discover
[0.147s] INFO:colcon.colcon_core.package_discovery:Crawling recursively for packages in '/home/peony/navigation_ws'
[0.147s] Level 1:colcon.colcon_core.package_identification:_identify(.) by extensions ['ignore', 'ignore_ament_install']
[0.148s] Level 1:colcon.colcon_core.package_identification:_identify(.) by extension 'ignore'
[0.148s] Level 1:colcon.colcon_core.package_identification:_identify(.) by extension 'ignore_ament_install'
[0.148s] Level 1:colcon.colcon_core.package_identification:_identify(.) by extensions ['colcon_pkg']
[0.148s] Level 1:colcon.colcon_core.package_identification:_identify(.) by extension 'colcon_pkg'
[0.148s] Level 1:colcon.colcon_core.package_identification:_identify(.) by extensions ['colcon_meta']
[0.148s] Level 1:colcon.colcon_core.package_identification:_identify(.) by extension 'colcon_meta'
[0.148s] Level 1:colcon.colcon_core.package_identification:_identify(.) by extensions ['ros']
[0.148s] Level 1:colcon.colcon_core.package_identification:_identify(.) by extension 'ros'
[0.155s] Level 1:colcon.colcon_core.package_identification:_identify(.) by extensions ['cmake', 'python']
[0.155s] Level 1:colcon.colcon_core.package_identification:_identify(.) by extension 'cmake'
[0.155s] Level 1:colcon.colcon_core.package_identification:_identify(.) by extension 'python'
[0.155s] Level 1:colcon.colcon_core.package_identification:_identify(.) by extensions ['python_setup_py']
[0.155s] Level 1:colcon.colcon_core.package_identification:_identify(.) by extension 'python_setup_py'
[0.155s] Level 1:colcon.colcon_core.package_identification:_identify(build) by extensions ['ignore', 'ignore_ament_install']
[0.155s] Level 1:colcon.colcon_core.package_identification:_identify(build) by extension 'ignore'
[0.155s] Level 1:colcon.colcon_core.package_identification:_identify(build) ignored
[0.155s] Level 1:colcon.colcon_core.package_identification:_identify(install) by extensions ['ignore', 'ignore_ament_install']
[0.155s] Level 1:colcon.colcon_core.package_identification:_identify(install) by extension 'ignore'
[0.155s] Level 1:colcon.colcon_core.package_identification:_identify(install) ignored
[0.155s] Level 1:colcon.colcon_core.package_identification:_identify(log) by extensions ['ignore', 'ignore_ament_install']
[0.155s] Level 1:colcon.colcon_core.package_identification:_identify(log) by extension 'ignore'
[0.155s] Level 1:colcon.colcon_core.package_identification:_identify(log) ignored
[0.155s] Level 1:colcon.colcon_core.package_identification:_identify(rviz) by extensions ['ignore', 'ignore_ament_install']
[0.155s] Level 1:colcon.colcon_core.package_identification:_identify(rviz) by extension 'ignore'
[0.155s] Level 1:colcon.colcon_core.package_identification:_identify(rviz) by extension 'ignore_ament_install'
[0.155s] Level 1:colcon.colcon_core.package_identification:_identify(rviz) by extensions ['colcon_pkg']
[0.155s] Level 1:colcon.colcon_core.package_identification:_identify(rviz) by extension 'colcon_pkg'
[0.156s] Level 1:colcon.colcon_core.package_identification:_identify(rviz) by extensions ['colcon_meta']
[0.156s] Level 1:colcon.colcon_core.package_identification:_identify(rviz) by extension 'colcon_meta'
[0.156s] Level 1:colcon.colcon_core.package_identification:_identify(rviz) by extensions ['ros']
[0.156s] Level 1:colcon.colcon_core.package_identification:_identify(rviz) by extension 'ros'
[0.156s] Level 1:colcon.colcon_core.package_identification:_identify(rviz) by extensions ['cmake', 'python']
[0.156s] Level 1:colcon.colcon_core.package_identification:_identify(rviz) by extension 'cmake'
[0.156s] Level 1:colcon.colcon_core.package_identification:_identify(rviz) by extension 'python'
[0.156s] Level 1:colcon.colcon_core.package_identification:_identify(rviz) by extensions ['python_setup_py']
[0.156s] Level 1:colcon.colcon_core.package_identification:_identify(rviz) by extension 'python_setup_py'
[0.156s] Level 1:colcon.colcon_core.package_identification:_identify(script) by extensions ['ignore', 'ignore_ament_install']
[0.156s] Level 1:colcon.colcon_core.package_identification:_identify(script) by extension 'ignore'
[0.156s] Level 1:colcon.colcon_core.package_identification:_identify(script) by extension 'ignore_ament_install'
[0.156s] Level 1:colcon.colcon_core.package_identification:_identify(script) by extensions ['colcon_pkg']
[0.156s] Level 1:colcon.colcon_core.package_identification:_identify(script) by extension 'colcon_pkg'
[0.156s] Level 1:colcon.colcon_core.package_identification:_identify(script) by extensions ['colcon_meta']
[0.156s] Level 1:colcon.colcon_core.package_identification:_identify(script) by extension 'colcon_meta'
[0.156s] Level 1:colcon.colcon_core.package_identification:_identify(script) by extensions ['ros']
[0.156s] Level 1:colcon.colcon_core.package_identification:_identify(script) by extension 'ros'
[0.156s] Level 1:colcon.colcon_core.package_identification:_identify(script) by extensions ['cmake', 'python']
[0.156s] Level 1:colcon.colcon_core.package_identification:_identify(script) by extension 'cmake'
[0.156s] Level 1:colcon.colcon_core.package_identification:_identify(script) by extension 'python'
[0.156s] Level 1:colcon.colcon_core.package_identification:_identify(script) by extensions ['python_setup_py']
[0.156s] Level 1:colcon.colcon_core.package_identification:_identify(script) by extension 'python_setup_py'
[0.156s] Level 1:colcon.colcon_core.package_identification:_identify(script/map) by extensions ['ignore', 'ignore_ament_install']
[0.156s] Level 1:colcon.colcon_core.package_identification:_identify(script/map) by extension 'ignore'
[0.156s] Level 1:colcon.colcon_core.package_identification:_identify(script/map) by extension 'ignore_ament_install'
[0.156s] Level 1:colcon.colcon_core.package_identification:_identify(script/map) by extensions ['colcon_pkg']
[0.156s] Level 1:colcon.colcon_core.package_identification:_identify(script/map) by extension 'colcon_pkg'
[0.156s] Level 1:colcon.colcon_core.package_identification:_identify(script/map) by extensions ['colcon_meta']
[0.156s] Level 1:colcon.colcon_core.package_identification:_identify(script/map) by extension 'colcon_meta'
[0.156s] Level 1:colcon.colcon_core.package_identification:_identify(script/map) by extensions ['ros']
[0.156s] Level 1:colcon.colcon_core.package_identification:_identify(script/map) by extension 'ros'
[0.156s] Level 1:colcon.colcon_core.package_identification:_identify(script/map) by extensions ['cmake', 'python']
[0.156s] Level 1:colcon.colcon_core.package_identification:_identify(script/map) by extension 'cmake'
[0.156s] Level 1:colcon.colcon_core.package_identification:_identify(script/map) by extension 'python'
[0.156s] Level 1:colcon.colcon_core.package_identification:_identify(script/map) by extensions ['python_setup_py']
[0.156s] Level 1:colcon.colcon_core.package_identification:_identify(script/map) by extension 'python_setup_py'
[0.156s] Level 1:colcon.colcon_core.package_identification:_identify(src) by extensions ['ignore', 'ignore_ament_install']
[0.156s] Level 1:colcon.colcon_core.package_identification:_identify(src) by extension 'ignore'
[0.156s] Level 1:colcon.colcon_core.package_identification:_identify(src) by extension 'ignore_ament_install'
[0.156s] Level 1:colcon.colcon_core.package_identification:_identify(src) by extensions ['colcon_pkg']
[0.156s] Level 1:colcon.colcon_core.package_identification:_identify(src) by extension 'colcon_pkg'
[0.156s] Level 1:colcon.colcon_core.package_identification:_identify(src) by extensions ['colcon_meta']
[0.156s] Level 1:colcon.colcon_core.package_identification:_identify(src) by extension 'colcon_meta'
[0.156s] Level 1:colcon.colcon_core.package_identification:_identify(src) by extensions ['ros']
[0.156s] Level 1:colcon.colcon_core.package_identification:_identify(src) by extension 'ros'
[0.156s] Level 1:colcon.colcon_core.package_identification:_identify(src) by extensions ['cmake', 'python']
[0.156s] Level 1:colcon.colcon_core.package_identification:_identify(src) by extension 'cmake'
[0.156s] Level 1:colcon.colcon_core.package_identification:_identify(src) by extension 'python'
[0.156s] Level 1:colcon.colcon_core.package_identification:_identify(src) by extensions ['python_setup_py']
[0.156s] Level 1:colcon.colcon_core.package_identification:_identify(src) by extension 'python_setup_py'
[0.157s] Level 1:colcon.colcon_core.package_identification:_identify(src/detect_obs) by extensions ['ignore', 'ignore_ament_install']
[0.157s] Level 1:colcon.colcon_core.package_identification:_identify(src/detect_obs) by extension 'ignore'
[0.157s] Level 1:colcon.colcon_core.package_identification:_identify(src/detect_obs) by extension 'ignore_ament_install'
[0.157s] Level 1:colcon.colcon_core.package_identification:_identify(src/detect_obs) by extensions ['colcon_pkg']
[0.157s] Level 1:colcon.colcon_core.package_identification:_identify(src/detect_obs) by extension 'colcon_pkg'
[0.157s] Level 1:colcon.colcon_core.package_identification:_identify(src/detect_obs) by extensions ['colcon_meta']
[0.157s] Level 1:colcon.colcon_core.package_identification:_identify(src/detect_obs) by extension 'colcon_meta'
[0.157s] Level 1:colcon.colcon_core.package_identification:_identify(src/detect_obs) by extensions ['ros']
[0.157s] Level 1:colcon.colcon_core.package_identification:_identify(src/detect_obs) by extension 'ros'
[0.158s] DEBUG:colcon.colcon_core.package_identification:Package 'src/detect_obs' with type 'ros.ament_cmake' and name 'detect_obs'
[0.159s] Level 1:colcon.colcon_core.package_identification:_identify(src/goal_pub) by extensions ['ignore', 'ignore_ament_install']
[0.159s] Level 1:colcon.colcon_core.package_identification:_identify(src/goal_pub) by extension 'ignore'
[0.159s] Level 1:colcon.colcon_core.package_identification:_identify(src/goal_pub) by extension 'ignore_ament_install'
[0.159s] Level 1:colcon.colcon_core.package_identification:_identify(src/goal_pub) by extensions ['colcon_pkg']
[0.159s] Level 1:colcon.colcon_core.package_identification:_identify(src/goal_pub) by extension 'colcon_pkg'
[0.159s] Level 1:colcon.colcon_core.package_identification:_identify(src/goal_pub) by extensions ['colcon_meta']
[0.159s] Level 1:colcon.colcon_core.package_identification:_identify(src/goal_pub) by extension 'colcon_meta'
[0.159s] Level 1:colcon.colcon_core.package_identification:_identify(src/goal_pub) by extensions ['ros']
[0.159s] Level 1:colcon.colcon_core.package_identification:_identify(src/goal_pub) by extension 'ros'
[0.159s] DEBUG:colcon.colcon_core.package_identification:Package 'src/goal_pub' with type 'ros.ament_cmake' and name 'goal_pub'
[0.159s] Level 1:colcon.colcon_core.package_identification:_identify(src/mpc_follower) by extensions ['ignore', 'ignore_ament_install']
[0.159s] Level 1:colcon.colcon_core.package_identification:_identify(src/mpc_follower) by extension 'ignore'
[0.159s] Level 1:colcon.colcon_core.package_identification:_identify(src/mpc_follower) by extension 'ignore_ament_install'
[0.159s] Level 1:colcon.colcon_core.package_identification:_identify(src/mpc_follower) by extensions ['colcon_pkg']
[0.159s] Level 1:colcon.colcon_core.package_identification:_identify(src/mpc_follower) by extension 'colcon_pkg'
[0.159s] Level 1:colcon.colcon_core.package_identification:_identify(src/mpc_follower) by extensions ['colcon_meta']
[0.159s] Level 1:colcon.colcon_core.package_identification:_identify(src/mpc_follower) by extension 'colcon_meta'
[0.159s] Level 1:colcon.colcon_core.package_identification:_identify(src/mpc_follower) by extensions ['ros']
[0.159s] Level 1:colcon.colcon_core.package_identification:_identify(src/mpc_follower) by extension 'ros'
[0.160s] DEBUG:colcon.colcon_core.package_identification:Package 'src/mpc_follower' with type 'ros.ament_cmake' and name 'mpc_follower'
[0.160s] Level 1:colcon.colcon_core.package_identification:_identify(src/navigoal_manager) by extensions ['ignore', 'ignore_ament_install']
[0.160s] Level 1:colcon.colcon_core.package_identification:_identify(src/navigoal_manager) by extension 'ignore'
[0.160s] Level 1:colcon.colcon_core.package_identification:_identify(src/navigoal_manager) by extension 'ignore_ament_install'
[0.160s] Level 1:colcon.colcon_core.package_identification:_identify(src/navigoal_manager) by extensions ['colcon_pkg']
[0.160s] Level 1:colcon.colcon_core.package_identification:_identify(src/navigoal_manager) by extension 'colcon_pkg'
[0.160s] Level 1:colcon.colcon_core.package_identification:_identify(src/navigoal_manager) by extensions ['colcon_meta']
[0.160s] Level 1:colcon.colcon_core.package_identification:_identify(src/navigoal_manager) by extension 'colcon_meta'
[0.160s] Level 1:colcon.colcon_core.package_identification:_identify(src/navigoal_manager) by extensions ['ros']
[0.160s] Level 1:colcon.colcon_core.package_identification:_identify(src/navigoal_manager) by extension 'ros'
[0.161s] DEBUG:colcon.colcon_core.package_identification:Package 'src/navigoal_manager' with type 'ros.ament_cmake' and name 'navigoal_manager'
[0.161s] Level 1:colcon.colcon_core.package_identification:_identify(src/path_following) by extensions ['ignore', 'ignore_ament_install']
[0.161s] Level 1:colcon.colcon_core.package_identification:_identify(src/path_following) by extension 'ignore'
[0.161s] Level 1:colcon.colcon_core.package_identification:_identify(src/path_following) by extension 'ignore_ament_install'
[0.161s] Level 1:colcon.colcon_core.package_identification:_identify(src/path_following) by extensions ['colcon_pkg']
[0.161s] Level 1:colcon.colcon_core.package_identification:_identify(src/path_following) by extension 'colcon_pkg'
[0.161s] Level 1:colcon.colcon_core.package_identification:_identify(src/path_following) by extensions ['colcon_meta']
[0.161s] Level 1:colcon.colcon_core.package_identification:_identify(src/path_following) by extension 'colcon_meta'
[0.161s] Level 1:colcon.colcon_core.package_identification:_identify(src/path_following) by extensions ['ros']
[0.161s] Level 1:colcon.colcon_core.package_identification:_identify(src/path_following) by extension 'ros'
[0.161s] DEBUG:colcon.colcon_core.package_identification:Package 'src/path_following' with type 'ros.ament_cmake' and name 'path_following'
[0.161s] Level 1:colcon.colcon_core.package_identification:_identify(src/path_searching) by extensions ['ignore', 'ignore_ament_install']
[0.161s] Level 1:colcon.colcon_core.package_identification:_identify(src/path_searching) by extension 'ignore'
[0.161s] Level 1:colcon.colcon_core.package_identification:_identify(src/path_searching) by extension 'ignore_ament_install'
[0.161s] Level 1:colcon.colcon_core.package_identification:_identify(src/path_searching) by extensions ['colcon_pkg']
[0.162s] Level 1:colcon.colcon_core.package_identification:_identify(src/path_searching) by extension 'colcon_pkg'
[0.162s] Level 1:colcon.colcon_core.package_identification:_identify(src/path_searching) by extensions ['colcon_meta']
[0.162s] Level 1:colcon.colcon_core.package_identification:_identify(src/path_searching) by extension 'colcon_meta'
[0.162s] Level 1:colcon.colcon_core.package_identification:_identify(src/path_searching) by extensions ['ros']
[0.162s] Level 1:colcon.colcon_core.package_identification:_identify(src/path_searching) by extension 'ros'
[0.162s] DEBUG:colcon.colcon_core.package_identification:Package 'src/path_searching' with type 'ros.ament_cmake' and name 'path_searching'
[0.162s] Level 1:colcon.colcon_core.package_identification:_identify(src/shell) by extensions ['ignore', 'ignore_ament_install']
[0.162s] Level 1:colcon.colcon_core.package_identification:_identify(src/shell) by extension 'ignore'
[0.162s] Level 1:colcon.colcon_core.package_identification:_identify(src/shell) by extension 'ignore_ament_install'
[0.162s] Level 1:colcon.colcon_core.package_identification:_identify(src/shell) by extensions ['colcon_pkg']
[0.162s] Level 1:colcon.colcon_core.package_identification:_identify(src/shell) by extension 'colcon_pkg'
[0.162s] Level 1:colcon.colcon_core.package_identification:_identify(src/shell) by extensions ['colcon_meta']
[0.162s] Level 1:colcon.colcon_core.package_identification:_identify(src/shell) by extension 'colcon_meta'
[0.163s] Level 1:colcon.colcon_core.package_identification:_identify(src/shell) by extensions ['ros']
[0.163s] Level 1:colcon.colcon_core.package_identification:_identify(src/shell) by extension 'ros'
[0.163s] Level 1:colcon.colcon_core.package_identification:_identify(src/shell) by extensions ['cmake', 'python']
[0.163s] Level 1:colcon.colcon_core.package_identification:_identify(src/shell) by extension 'cmake'
[0.163s] Level 1:colcon.colcon_core.package_identification:_identify(src/shell) by extension 'python'
[0.163s] Level 1:colcon.colcon_core.package_identification:_identify(src/shell) by extensions ['python_setup_py']
[0.163s] Level 1:colcon.colcon_core.package_identification:_identify(src/shell) by extension 'python_setup_py'
[0.163s] Level 1:colcon.colcon_core.package_identification:_identify(src/test_car) by extensions ['ignore', 'ignore_ament_install']
[0.163s] Level 1:colcon.colcon_core.package_identification:_identify(src/test_car) by extension 'ignore'
[0.163s] Level 1:colcon.colcon_core.package_identification:_identify(src/test_car) by extension 'ignore_ament_install'
[0.163s] Level 1:colcon.colcon_core.package_identification:_identify(src/test_car) by extensions ['colcon_pkg']
[0.163s] Level 1:colcon.colcon_core.package_identification:_identify(src/test_car) by extension 'colcon_pkg'
[0.163s] Level 1:colcon.colcon_core.package_identification:_identify(src/test_car) by extensions ['colcon_meta']
[0.163s] Level 1:colcon.colcon_core.package_identification:_identify(src/test_car) by extension 'colcon_meta'
[0.163s] Level 1:colcon.colcon_core.package_identification:_identify(src/test_car) by extensions ['ros']
[0.163s] Level 1:colcon.colcon_core.package_identification:_identify(src/test_car) by extension 'ros'
[0.164s] DEBUG:colcon.colcon_core.package_identification:Package 'src/test_car' with type 'ros.ament_cmake' and name 'test_car'
[0.164s] Level 1:colcon.colcon_core.package_identification:_identify(src/vel_forwarder) by extensions ['ignore', 'ignore_ament_install']
[0.164s] Level 1:colcon.colcon_core.package_identification:_identify(src/vel_forwarder) by extension 'ignore'
[0.164s] Level 1:colcon.colcon_core.package_identification:_identify(src/vel_forwarder) by extension 'ignore_ament_install'
[0.164s] Level 1:colcon.colcon_core.package_identification:_identify(src/vel_forwarder) by extensions ['colcon_pkg']
[0.164s] Level 1:colcon.colcon_core.package_identification:_identify(src/vel_forwarder) by extension 'colcon_pkg'
[0.164s] Level 1:colcon.colcon_core.package_identification:_identify(src/vel_forwarder) by extensions ['colcon_meta']
[0.164s] Level 1:colcon.colcon_core.package_identification:_identify(src/vel_forwarder) by extension 'colcon_meta'
[0.164s] Level 1:colcon.colcon_core.package_identification:_identify(src/vel_forwarder) by extensions ['ros']
[0.164s] Level 1:colcon.colcon_core.package_identification:_identify(src/vel_forwarder) by extension 'ros'
[0.164s] DEBUG:colcon.colcon_core.package_identification:Package 'src/vel_forwarder' with type 'ros.ament_cmake' and name 'vel_forwarder'
[0.164s] Level 1:colcon.colcon_core.package_discovery:discover_packages(recursive) using defaults
[0.164s] Level 1:colcon.colcon_core.package_discovery:discover_packages(ignore) discover
[0.164s] Level 1:colcon.colcon_core.package_discovery:discover_packages(ignore) using defaults
[0.164s] Level 1:colcon.colcon_core.package_discovery:discover_packages(path) discover
[0.164s] Level 1:colcon.colcon_core.package_discovery:discover_packages(path) using defaults
[0.184s] INFO:colcon.colcon_core.package_selection:Skipping not selected package 'detect_obs' in 'src/detect_obs'
[0.184s] INFO:colcon.colcon_core.package_selection:Skipping not selected package 'goal_pub' in 'src/goal_pub'
[0.184s] INFO:colcon.colcon_core.package_selection:Skipping not selected package 'mpc_follower' in 'src/mpc_follower'
[0.184s] INFO:colcon.colcon_core.package_selection:Skipping not selected package 'navigoal_manager' in 'src/navigoal_manager'
[0.184s] INFO:colcon.colcon_core.package_selection:Skipping not selected package 'path_following' in 'src/path_following'
[0.184s] INFO:colcon.colcon_core.package_selection:Skipping not selected package 'path_searching' in 'src/path_searching'
[0.184s] INFO:colcon.colcon_core.package_selection:Skipping not selected package 'vel_forwarder' in 'src/vel_forwarder'
[0.184s] Level 1:colcon.colcon_core.package_discovery:discover_packages(prefix_path) check parameters
[0.184s] Level 1:colcon.colcon_core.package_discovery:discover_packages(prefix_path) discover
[0.185s] DEBUG:colcon.colcon_installed_package_information.package_discovery:Found 8 installed packages in /home/peony/navigation_ws/install
[0.187s] DEBUG:colcon.colcon_installed_package_information.package_discovery:Found 343 installed packages in /opt/ros/humble
[0.187s] Level 1:colcon.colcon_core.package_discovery:discover_packages(prefix_path) using defaults
[0.211s] Level 5:colcon.colcon_core.verb:set package 'test_car' build argument 'cmake_args' from command line to 'None'
[0.211s] Level 5:colcon.colcon_core.verb:set package 'test_car' build argument 'cmake_target' from command line to 'None'
[0.211s] Level 5:colcon.colcon_core.verb:set package 'test_car' build argument 'cmake_target_skip_unavailable' from command line to 'False'
[0.211s] Level 5:colcon.colcon_core.verb:set package 'test_car' build argument 'cmake_clean_cache' from command line to 'False'
[0.211s] Level 5:colcon.colcon_core.verb:set package 'test_car' build argument 'cmake_clean_first' from command line to 'False'
[0.211s] Level 5:colcon.colcon_core.verb:set package 'test_car' build argument 'cmake_force_configure' from command line to 'False'
[0.211s] Level 5:colcon.colcon_core.verb:set package 'test_car' build argument 'ament_cmake_args' from command line to 'None'
[0.211s] Level 5:colcon.colcon_core.verb:set package 'test_car' build argument 'catkin_cmake_args' from command line to 'None'
[0.211s] Level 5:colcon.colcon_core.verb:set package 'test_car' build argument 'catkin_skip_building_tests' from command line to 'False'
[0.211s] DEBUG:colcon.colcon_core.verb:Building package 'test_car' with the following arguments: {'ament_cmake_args': None, 'build_base': '/home/peony/navigation_ws/build/test_car', 'catkin_cmake_args': None, 'catkin_skip_building_tests': False, 'cmake_args': None, 'cmake_clean_cache': False, 'cmake_clean_first': False, 'cmake_force_configure': False, 'cmake_target': None, 'cmake_target_skip_unavailable': False, 'install_base': '/home/peony/navigation_ws/install/test_car', 'merge_install': False, 'path': '/home/peony/navigation_ws/src/test_car', 'symlink_install': True, 'test_result_base': None}
[0.211s] INFO:colcon.colcon_core.executor:Executing jobs using 'parallel' executor
[0.212s] DEBUG:colcon.colcon_parallel_executor.executor.parallel:run_until_complete
[0.212s] INFO:colcon.colcon_ros.task.ament_cmake.build:Building ROS package in '/home/peony/navigation_ws/src/test_car' with build type 'ament_cmake'
[0.212s] INFO:colcon.colcon_cmake.task.cmake.build:Building CMake package in '/home/peony/navigation_ws/src/test_car'
[0.213s] INFO:colcon.colcon_core.plugin_system:Skipping extension 'colcon_core.shell.bat': Not used on non-Windows systems
[0.213s] INFO:colcon.colcon_core.shell:Skip shell extension 'powershell' for command environment: Not usable outside of PowerShell
[0.213s] DEBUG:colcon.colcon_core.shell:Skip shell extension 'dsv' for command environment
[0.221s] DEBUG:colcon.colcon_core.event_handler.log_command:Invoking command in '/home/peony/navigation_ws/build/test_car': CMAKE_PREFIX_PATH=${CMAKE_PREFIX_PATH}:/opt/ros/humble /usr/bin/cmake --build /home/peony/navigation_ws/build/test_car -- -j32 -l32
[4.796s] DEBUG:colcon.colcon_core.event_handler.log_command:Invoked command in '/home/peony/navigation_ws/build/test_car' returned '0': CMAKE_PREFIX_PATH=${CMAKE_PREFIX_PATH}:/opt/ros/humble /usr/bin/cmake --build /home/peony/navigation_ws/build/test_car -- -j32 -l32
[4.803s] DEBUG:colcon.colcon_core.event_handler.log_command:Invoking command in '/home/peony/navigation_ws/build/test_car': CMAKE_PREFIX_PATH=${CMAKE_PREFIX_PATH}:/opt/ros/humble /usr/bin/cmake --install /home/peony/navigation_ws/build/test_car
[4.817s] Level 1:colcon.colcon_core.environment:create_environment_scripts_only(test_car)
[4.818s] DEBUG:colcon.colcon_core.event_handler.log_command:Invoked command in '/home/peony/navigation_ws/build/test_car' returned '0': CMAKE_PREFIX_PATH=${CMAKE_PREFIX_PATH}:/opt/ros/humble /usr/bin/cmake --install /home/peony/navigation_ws/build/test_car
[4.819s] Level 1:colcon.colcon_core.environment:checking '/home/peony/navigation_ws/install/test_car' for CMake module files
[4.819s] Level 1:colcon.colcon_core.environment:checking '/home/peony/navigation_ws/install/test_car' for CMake config files
[4.820s] Level 1:colcon.colcon_core.shell:create_environment_hook('test_car', 'cmake_prefix_path')
[4.820s] INFO:colcon.colcon_core.shell:Creating environment hook '/home/peony/navigation_ws/install/test_car/share/test_car/hook/cmake_prefix_path.ps1'
[4.820s] INFO:colcon.colcon_core.shell:Creating environment descriptor '/home/peony/navigation_ws/install/test_car/share/test_car/hook/cmake_prefix_path.dsv'
[4.820s] INFO:colcon.colcon_core.shell:Creating environment hook '/home/peony/navigation_ws/install/test_car/share/test_car/hook/cmake_prefix_path.sh'
[4.821s] Level 1:colcon.colcon_core.environment:checking '/home/peony/navigation_ws/install/test_car/lib'
[4.821s] Level 1:colcon.colcon_core.environment:checking '/home/peony/navigation_ws/install/test_car/bin'
[4.821s] Level 1:colcon.colcon_core.environment:checking '/home/peony/navigation_ws/install/test_car/lib/pkgconfig/test_car.pc'
[4.821s] Level 1:colcon.colcon_core.environment:checking '/home/peony/navigation_ws/install/test_car/lib/python3.10/site-packages'
[4.821s] Level 1:colcon.colcon_core.environment:checking '/home/peony/navigation_ws/install/test_car/bin'
[4.821s] INFO:colcon.colcon_core.shell:Creating package script '/home/peony/navigation_ws/install/test_car/share/test_car/package.ps1'
[4.822s] INFO:colcon.colcon_core.shell:Creating package descriptor '/home/peony/navigation_ws/install/test_car/share/test_car/package.dsv'
[4.822s] INFO:colcon.colcon_core.shell:Creating package script '/home/peony/navigation_ws/install/test_car/share/test_car/package.sh'
[4.822s] INFO:colcon.colcon_core.shell:Creating package script '/home/peony/navigation_ws/install/test_car/share/test_car/package.bash'
[4.823s] INFO:colcon.colcon_core.shell:Creating package script '/home/peony/navigation_ws/install/test_car/share/test_car/package.zsh'
[4.823s] Level 1:colcon.colcon_core.environment:create_file_with_runtime_dependencies(/home/peony/navigation_ws/install/test_car/share/colcon-core/packages/test_car)
[4.823s] Level 1:colcon.colcon_core.environment:create_environment_scripts_only(test_car)
[4.823s] Level 1:colcon.colcon_core.environment:checking '/home/peony/navigation_ws/install/test_car' for CMake module files
[4.824s] Level 1:colcon.colcon_core.environment:checking '/home/peony/navigation_ws/install/test_car' for CMake config files
[4.824s] Level 1:colcon.colcon_core.shell:create_environment_hook('test_car', 'cmake_prefix_path')
[4.824s] INFO:colcon.colcon_core.shell:Creating environment hook '/home/peony/navigation_ws/install/test_car/share/test_car/hook/cmake_prefix_path.ps1'
[4.824s] INFO:colcon.colcon_core.shell:Creating environment descriptor '/home/peony/navigation_ws/install/test_car/share/test_car/hook/cmake_prefix_path.dsv'
[4.824s] INFO:colcon.colcon_core.shell:Creating environment hook '/home/peony/navigation_ws/install/test_car/share/test_car/hook/cmake_prefix_path.sh'
[4.825s] Level 1:colcon.colcon_core.environment:checking '/home/peony/navigation_ws/install/test_car/lib'
[4.825s] Level 1:colcon.colcon_core.environment:checking '/home/peony/navigation_ws/install/test_car/bin'
[4.825s] Level 1:colcon.colcon_core.environment:checking '/home/peony/navigation_ws/install/test_car/lib/pkgconfig/test_car.pc'
[4.825s] Level 1:colcon.colcon_core.environment:checking '/home/peony/navigation_ws/install/test_car/lib/python3.10/site-packages'
[4.825s] Level 1:colcon.colcon_core.environment:checking '/home/peony/navigation_ws/install/test_car/bin'
[4.825s] INFO:colcon.colcon_core.shell:Creating package script '/home/peony/navigation_ws/install/test_car/share/test_car/package.ps1'
[4.825s] INFO:colcon.colcon_core.shell:Creating package descriptor '/home/peony/navigation_ws/install/test_car/share/test_car/package.dsv'
[4.826s] INFO:colcon.colcon_core.shell:Creating package script '/home/peony/navigation_ws/install/test_car/share/test_car/package.sh'
[4.826s] INFO:colcon.colcon_core.shell:Creating package script '/home/peony/navigation_ws/install/test_car/share/test_car/package.bash'
[4.826s] INFO:colcon.colcon_core.shell:Creating package script '/home/peony/navigation_ws/install/test_car/share/test_car/package.zsh'
[4.826s] Level 1:colcon.colcon_core.environment:create_file_with_runtime_dependencies(/home/peony/navigation_ws/install/test_car/share/colcon-core/packages/test_car)
[4.827s] DEBUG:colcon.colcon_parallel_executor.executor.parallel:closing loop
[4.827s] DEBUG:colcon.colcon_parallel_executor.executor.parallel:loop closed
[4.827s] DEBUG:colcon.colcon_parallel_executor.executor.parallel:run_until_complete finished with '0'
[4.827s] DEBUG:colcon.colcon_core.event_reactor:joining thread
[4.830s] INFO:colcon.colcon_core.plugin_system:Skipping extension 'colcon_notification.desktop_notification.terminal_notifier': Not used on non-Darwin systems
[4.830s] INFO:colcon.colcon_core.plugin_system:Skipping extension 'colcon_notification.desktop_notification.win32': Not used on non-Windows systems
[4.830s] INFO:colcon.colcon_notification.desktop_notification:Sending desktop notification using 'notify2'
[4.837s] DEBUG:colcon.colcon_core.event_reactor:joined thread
[4.837s] INFO:colcon.colcon_core.shell:Creating prefix script '/home/peony/navigation_ws/install/local_setup.ps1'
[4.837s] INFO:colcon.colcon_core.shell:Creating prefix util module '/home/peony/navigation_ws/install/_local_setup_util_ps1.py'
[4.838s] INFO:colcon.colcon_core.shell:Creating prefix chain script '/home/peony/navigation_ws/install/setup.ps1'
[4.839s] INFO:colcon.colcon_core.shell:Creating prefix script '/home/peony/navigation_ws/install/local_setup.sh'
[4.839s] INFO:colcon.colcon_core.shell:Creating prefix util module '/home/peony/navigation_ws/install/_local_setup_util_sh.py'
[4.839s] INFO:colcon.colcon_core.shell:Creating prefix chain script '/home/peony/navigation_ws/install/setup.sh'
[4.840s] INFO:colcon.colcon_core.shell:Creating prefix script '/home/peony/navigation_ws/install/local_setup.bash'
[4.840s] INFO:colcon.colcon_core.shell:Creating prefix chain script '/home/peony/navigation_ws/install/setup.bash'
[4.841s] INFO:colcon.colcon_core.shell:Creating prefix script '/home/peony/navigation_ws/install/local_setup.zsh'
[4.841s] INFO:colcon.colcon_core.shell:Creating prefix chain script '/home/peony/navigation_ws/install/setup.zsh'
