[0.016s] Invoking command in '/home/peony/navigation_ws/build/path_searching': CMAKE_PREFIX_PATH=${CMAKE_PREFIX_PATH}:/opt/ros/humble /usr/bin/cmake /home/peony/navigation_ws/src/path_searching -DCMAKE_INSTALL_PREFIX=/home/peony/navigation_ws/install/path_searching
[0.025s] -- Found ament_cmake: 1.3.13 (/opt/ros/humble/share/ament_cmake/cmake)
[0.096s] -- Override CMake install command with custom implementation using symlinks instead of copying resources
[0.101s] -- Found rclcpp: 16.0.18 (/opt/ros/humble/share/rclcpp/cmake)
[0.118s] -- Found rosidl_generator_c: 3.1.8 (/opt/ros/humble/share/rosidl_generator_c/cmake)
[0.119s] -- Found rosidl_adapter: 3.1.8 (/opt/ros/humble/share/rosidl_adapter/cmake)
[0.122s] -- Found rosidl_generator_cpp: 3.1.8 (/opt/ros/humble/share/rosidl_generator_cpp/cmake)
[0.127s] -- Using all available rosidl_typesupport_c: rosidl_typesupport_fastrtps_c;rosidl_typesupport_introspection_c
[0.134s] -- Using all available rosidl_typesupport_cpp: rosidl_typesupport_fastrtps_cpp;rosidl_typesupport_introspection_cpp
[0.151s] -- Found rmw_implementation_cmake: 6.1.2 (/opt/ros/humble/share/rmw_implementation_cmake/cmake)
[0.152s] -- Found rmw_fastrtps_cpp: 6.2.10 (/opt/ros/humble/share/rmw_fastrtps_cpp/cmake)
[0.226s] -- Using RMW implementation 'rmw_fastrtps_cpp' as default
[0.254s] -- Found nav_msgs: 4.9.1 (/opt/ros/humble/share/nav_msgs/cmake)
[0.270s] -- Found sensor_msgs: 4.9.1 (/opt/ros/humble/share/sensor_msgs/cmake)
[0.279s] -- Found tf2_ros: 0.25.19 (/opt/ros/humble/share/tf2_ros/cmake)
[0.326s] -- Found tf2_eigen: 0.25.19 (/opt/ros/humble/share/tf2_eigen/cmake)
[0.327s] -- Found tf2_geometry_msgs: 0.25.19 (/opt/ros/humble/share/tf2_geometry_msgs/cmake)
[0.329s] -- Found eigen3_cmake_module: 0.1.1 (/opt/ros/humble/share/eigen3_cmake_module/cmake)
[0.330s] -- Found Eigen3: TRUE (found version "3.4.0") 
[0.330s] -- Ensuring Eigen3 include directory is part of orocos-kdl CMake target
[0.340s] -- Eigen found (include: /usr/include/eigen3, version: 3.4.0)
[0.364s] -- FLANN found (include: /usr/include, lib: /usr/lib/x86_64-linux-gnu/libflann_cpp.so)
[0.484s] -- Found Eigen3: /usr/include/eigen3 (found version "3.4.0") 
[0.565s] -- OpenNI found (version: 1.5.4.0, include: /usr/include/ni, lib: /usr/lib/libOpenNI.so;libusb::libusb)
[0.569s] -- OpenNI2 found (version: 2.2.0.33, include: /usr/include/openni2, lib: /usr/lib/x86_64-linux-gnu/libOpenNI2.so;libusb::libusb)
[0.569s] [0m** WARNING ** io features related to pcap will be disabled[0m
[0.667s] -- Eigen found (include: /usr/include/eigen3, version: 3.4.0)
[0.671s] -- OpenNI found (version: 1.5.4.0, include: /usr/include/ni, lib: /usr/lib/libOpenNI.so;libusb::libusb)
[0.675s] -- OpenNI2 found (version: 2.2.0.33, include: /usr/include/openni2, lib: /usr/lib/x86_64-linux-gnu/libOpenNI2.so;libusb::libusb)
[0.764s] -- Found Qhull version 8.0.2
[0.859s] -- OpenNI found (version: 1.5.4.0, include: /usr/include/ni, lib: /usr/lib/libOpenNI.so;libusb::libusb)
[0.955s] -- looking for PCL_COMMON
[0.956s] -- looking for PCL_KDTREE
[0.956s] -- looking for PCL_OCTREE
[0.956s] -- looking for PCL_SEARCH
[0.956s] -- looking for PCL_SAMPLE_CONSENSUS
[0.956s] -- looking for PCL_FILTERS
[0.956s] -- looking for PCL_2D
[0.956s] -- looking for PCL_GEOMETRY
[0.957s] -- looking for PCL_IO
[0.957s] -- looking for PCL_FEATURES
[0.957s] -- looking for PCL_ML
[0.957s] -- looking for PCL_SEGMENTATION
[0.957s] -- looking for PCL_VISUALIZATION
[0.958s] -- looking for PCL_SURFACE
[0.958s] -- looking for PCL_REGISTRATION
[0.958s] -- looking for PCL_KEYPOINTS
[0.958s] -- looking for PCL_TRACKING
[0.958s] -- looking for PCL_RECOGNITION
[0.958s] -- looking for PCL_STEREO
[0.959s] -- looking for PCL_APPS
[0.959s] -- looking for PCL_IN_HAND_SCANNER
[0.959s] -- looking for PCL_MODELER
[0.959s] -- looking for PCL_POINT_CLOUD_EDITOR
[0.959s] -- looking for PCL_OUTOFCORE
[0.960s] -- looking for PCL_PEOPLE
[0.960s] -- Found pcl_conversions: 2.4.5 (/opt/ros/humble/share/pcl_conversions/cmake)
[0.972s] -- Found pcl_ros: 2.4.5 (/opt/ros/humble/share/pcl_ros/cmake)
[0.980s] -- Found visualization_msgs: 4.9.1 (/opt/ros/humble/share/visualization_msgs/cmake)
[1.053s] -- Configuring done
[1.123s] -- Generating done
[1.138s] -- Build files have been written to: /home/peony/navigation_ws/build/path_searching
[1.155s] Invoked command in '/home/peony/navigation_ws/build/path_searching' returned '0': CMAKE_PREFIX_PATH=${CMAKE_PREFIX_PATH}:/opt/ros/humble /usr/bin/cmake /home/peony/navigation_ws/src/path_searching -DCMAKE_INSTALL_PREFIX=/home/peony/navigation_ws/install/path_searching
[1.156s] Invoking command in '/home/peony/navigation_ws/build/path_searching': CMAKE_PREFIX_PATH=${CMAKE_PREFIX_PATH}:/opt/ros/humble /usr/bin/cmake --build /home/peony/navigation_ws/build/path_searching -- -j32 -l32
[1.189s] [35m[1mConsolidate compiler generated dependencies of target path_searching_lib[0m
[1.208s] [ 50%] Built target path_searching_lib
[1.216s] [35m[1mConsolidate compiler generated dependencies of target esdf_benchmark[0m
[1.217s] [35m[1mConsolidate compiler generated dependencies of target plan_manager[0m
[1.228s] [ 75%] Built target esdf_benchmark
[1.241s] [100%] Built target plan_manager
[1.249s] Invoked command in '/home/peony/navigation_ws/build/path_searching' returned '0': CMAKE_PREFIX_PATH=${CMAKE_PREFIX_PATH}:/opt/ros/humble /usr/bin/cmake --build /home/peony/navigation_ws/build/path_searching -- -j32 -l32
[1.251s] Invoking command in '/home/peony/navigation_ws/build/path_searching': CMAKE_PREFIX_PATH=${CMAKE_PREFIX_PATH}:/opt/ros/humble /usr/bin/cmake --install /home/peony/navigation_ws/build/path_searching
[1.255s] -- Install configuration: ""
[1.255s] -- Execute custom install script
[1.256s] -- Up-to-date symlink: /home/peony/navigation_ws/install/path_searching/lib/path_searching/plan_manager
[1.256s] -- Up-to-date symlink: /home/peony/navigation_ws/install/path_searching/lib/path_searching/esdf_benchmark
[1.256s] -- Up-to-date symlink: /home/peony/navigation_ws/install/path_searching/lib/libpath_searching_lib.a
[1.256s] -- Up-to-date symlink: /home/peony/navigation_ws/install/path_searching/include/Astar.h
[1.256s] -- Up-to-date symlink: /home/peony/navigation_ws/install/path_searching/include/cubic_spline/cpprobotics_types.h
[1.256s] -- Up-to-date symlink: /home/peony/navigation_ws/install/path_searching/include/cubic_spline/cubic_spline.h
[1.256s] -- Up-to-date symlink: /home/peony/navigation_ws/install/path_searching/include/cubic_spline/cubic_spline_ros.h
[1.256s] -- Up-to-date symlink: /home/peony/navigation_ws/install/path_searching/include/esdf_map.h
[1.256s] -- Up-to-date symlink: /home/peony/navigation_ws/install/path_searching/include/smoother.h
[1.256s] -- Up-to-date symlink: /home/peony/navigation_ws/install/path_searching/include/ulitys.h
[1.257s] -- Up-to-date symlink: /home/peony/navigation_ws/install/path_searching/share/path_searching/launch/astar.launch.py
[1.257s] -- Up-to-date symlink: /home/peony/navigation_ws/install/path_searching/share/path_searching/launch/astar_rviz_map_server.launch.py
[1.257s] -- Up-to-date symlink: /home/peony/navigation_ws/install/path_searching/share/path_searching/launch/debug_astar.launch.py
[1.257s] -- Up-to-date symlink: /home/peony/navigation_ws/install/path_searching/share/path_searching/launch/try_param.launch.py
[1.257s] -- Up-to-date symlink: /home/peony/navigation_ws/install/path_searching/share/path_searching/launch/voronoi_astar.launch.py
[1.257s] -- Up-to-date symlink: /home/peony/navigation_ws/install/path_searching/share/path_searching/cfg/plan_param.yaml
[1.257s] -- Up-to-date symlink: /home/peony/navigation_ws/install/path_searching/share/path_searching/environment/library_path.sh
[1.257s] -- Up-to-date symlink: /home/peony/navigation_ws/install/path_searching/share/path_searching/environment/library_path.dsv
[1.257s] -- Up-to-date symlink: /home/peony/navigation_ws/install/path_searching/share/ament_index/resource_index/package_run_dependencies/path_searching
[1.257s] -- Up-to-date symlink: /home/peony/navigation_ws/install/path_searching/share/ament_index/resource_index/parent_prefix_path/path_searching
[1.257s] -- Up-to-date symlink: /home/peony/navigation_ws/install/path_searching/share/path_searching/environment/ament_prefix_path.sh
[1.258s] -- Up-to-date symlink: /home/peony/navigation_ws/install/path_searching/share/path_searching/environment/ament_prefix_path.dsv
[1.258s] -- Up-to-date symlink: /home/peony/navigation_ws/install/path_searching/share/path_searching/environment/path.sh
[1.258s] -- Up-to-date symlink: /home/peony/navigation_ws/install/path_searching/share/path_searching/environment/path.dsv
[1.258s] -- Up-to-date symlink: /home/peony/navigation_ws/install/path_searching/share/path_searching/local_setup.bash
[1.258s] -- Up-to-date symlink: /home/peony/navigation_ws/install/path_searching/share/path_searching/local_setup.sh
[1.258s] -- Up-to-date symlink: /home/peony/navigation_ws/install/path_searching/share/path_searching/local_setup.zsh
[1.258s] -- Up-to-date symlink: /home/peony/navigation_ws/install/path_searching/share/path_searching/local_setup.dsv
[1.258s] -- Symlinking: /home/peony/navigation_ws/install/path_searching/share/path_searching/package.dsv
[1.264s] -- Up-to-date symlink: /home/peony/navigation_ws/install/path_searching/share/ament_index/resource_index/packages/path_searching
[1.264s] -- Up-to-date symlink: /home/peony/navigation_ws/install/path_searching/share/path_searching/cmake/ament_cmake_export_include_directories-extras.cmake
[1.264s] -- Up-to-date symlink: /home/peony/navigation_ws/install/path_searching/share/path_searching/cmake/ament_cmake_export_libraries-extras.cmake
[1.264s] -- Up-to-date symlink: /home/peony/navigation_ws/install/path_searching/share/path_searching/cmake/ament_cmake_export_dependencies-extras.cmake
[1.264s] -- Up-to-date symlink: /home/peony/navigation_ws/install/path_searching/share/path_searching/cmake/path_searchingConfig.cmake
[1.264s] -- Up-to-date symlink: /home/peony/navigation_ws/install/path_searching/share/path_searching/cmake/path_searchingConfig-version.cmake
[1.264s] -- Up-to-date symlink: /home/peony/navigation_ws/install/path_searching/share/path_searching/package.xml
[1.266s] Invoked command in '/home/peony/navigation_ws/build/path_searching' returned '0': CMAKE_PREFIX_PATH=${CMAKE_PREFIX_PATH}:/opt/ros/humble /usr/bin/cmake --install /home/peony/navigation_ws/build/path_searching
