[0.007s] Invoking command in '/home/peony/navigation_ws/build/path_following': CMAKE_PREFIX_PATH=${CMAKE_PREFIX_PATH}:/opt/ros/humble /usr/bin/cmake /home/peony/navigation_ws/src/path_following -DAMENT_CMAKE_SYMLINK_INSTALL=1 -DCMAKE_INSTALL_PREFIX=/home/peony/navigation_ws/install/path_following
[0.045s] -- The C compiler identification is GNU 11.4.0
[0.082s] -- The CXX compiler identification is GNU 11.4.0
[0.086s] -- Detecting C compiler ABI info
[0.135s] -- Detecting C compiler ABI info - done
[0.139s] -- Check for working C compiler: /usr/bin/cc - skipped
[0.140s] -- Detecting C compile features
[0.140s] -- Detecting C compile features - done
[0.142s] -- Detecting CXX compiler ABI info
[0.194s] -- Detecting CXX compiler ABI info - done
[0.197s] -- Check for working CXX compiler: /usr/bin/c++ - skipped
[0.198s] -- Detecting CXX compile features
[0.198s] -- Detecting CXX compile features - done
[0.200s] -- Found ament_cmake: 1.3.13 (/opt/ros/humble/share/ament_cmake/cmake)
[0.292s] -- Found Python3: /usr/bin/python3 (found version "3.10.12") found components: Interpreter 
[0.327s] -- Override CMake install command with custom implementation using symlinks instead of copying resources
[0.353s] -- Found nav_msgs: 4.9.1 (/opt/ros/humble/share/nav_msgs/cmake)
[0.379s] -- Found rosidl_generator_c: 3.1.8 (/opt/ros/humble/share/rosidl_generator_c/cmake)
[0.383s] -- Found rosidl_adapter: 3.1.8 (/opt/ros/humble/share/rosidl_adapter/cmake)
[0.389s] -- Found rosidl_generator_cpp: 3.1.8 (/opt/ros/humble/share/rosidl_generator_cpp/cmake)
[0.397s] -- Using all available rosidl_typesupport_c: rosidl_typesupport_fastrtps_c;rosidl_typesupport_introspection_c
[0.408s] -- Using all available rosidl_typesupport_cpp: rosidl_typesupport_fastrtps_cpp;rosidl_typesupport_introspection_cpp
[0.442s] -- Found rclcpp: 16.0.18 (/opt/ros/humble/share/rclcpp/cmake)
[0.468s] -- Found rmw_implementation_cmake: 6.1.2 (/opt/ros/humble/share/rmw_implementation_cmake/cmake)
[0.470s] -- Found rmw_fastrtps_cpp: 6.2.10 (/opt/ros/humble/share/rmw_fastrtps_cpp/cmake)
[0.534s] -- Found OpenSSL: /usr/lib/x86_64-linux-gnu/libcrypto.so (found version "3.0.2")  
[0.554s] -- Found FastRTPS: /opt/ros/humble/include  
[0.587s] -- Using RMW implementation 'rmw_fastrtps_cpp' as default
[0.595s] -- Looking for pthread.h
[0.646s] -- Looking for pthread.h - found
[0.646s] -- Performing Test CMAKE_HAVE_LIBC_PTHREAD
[0.696s] -- Performing Test CMAKE_HAVE_LIBC_PTHREAD - Success
[0.697s] -- Found Threads: TRUE  
[0.720s] -- Found sensor_msgs: 4.9.1 (/opt/ros/humble/share/sensor_msgs/cmake)
[0.730s] -- Found pcl_conversions: 2.4.5 (/opt/ros/humble/share/pcl_conversions/cmake)
[0.756s] -- Checking for module 'eigen3'
[0.764s] --   Found eigen3, version 3.4.0
[0.792s] -- Found Eigen: /usr/include/eigen3 (Required is at least version "3.1") 
[0.793s] -- Eigen found (include: /usr/include/eigen3, version: 3.4.0)
[0.822s] -- Checking for module 'flann'
[0.832s] --   Found flann, version 1.9.1
[0.861s] -- Found FLANN: /usr/lib/x86_64-linux-gnu/libflann_cpp.so  
[0.861s] -- FLANN found (include: /usr/include, lib: /usr/lib/x86_64-linux-gnu/libflann_cpp.so)
[1.510s] -- Checking for module 'libusb-1.0'
[1.520s] --   Found libusb-1.0, version 1.0.25
[1.551s] -- Found libusb: /usr/lib/x86_64-linux-gnu/libusb-1.0.so  
[1.551s] -- OpenNI found (version: 1.5.4.0, include: /usr/include/ni, lib: /usr/lib/libOpenNI.so;libusb::libusb)
[1.611s] -- OpenNI2 found (version: 2.2.0.33, include: /usr/include/openni2, lib: /usr/lib/x86_64-linux-gnu/libOpenNI2.so;libusb::libusb)
[1.697s] -- Eigen found (include: /usr/include/eigen3, version: 3.4.0)
[1.702s] -- OpenNI found (version: 1.5.4.0, include: /usr/include/ni, lib: /usr/lib/libOpenNI.so;libusb::libusb)
[1.707s] -- OpenNI2 found (version: 2.2.0.33, include: /usr/include/openni2, lib: /usr/lib/x86_64-linux-gnu/libOpenNI2.so;libusb::libusb)
[1.796s] -- Found Qhull version 8.0.2
[1.888s] -- OpenNI found (version: 1.5.4.0, include: /usr/include/ni, lib: /usr/lib/libOpenNI.so;libusb::libusb)
[1.979s] -- Found PCL_COMMON: /usr/lib/x86_64-linux-gnu/libpcl_common.so  
[1.980s] -- Found PCL_KDTREE: /usr/lib/x86_64-linux-gnu/libpcl_kdtree.so  
[1.980s] -- Found PCL_OCTREE: /usr/lib/x86_64-linux-gnu/libpcl_octree.so  
[1.980s] -- Found PCL_SEARCH: /usr/lib/x86_64-linux-gnu/libpcl_search.so  
[1.981s] -- Found PCL_SAMPLE_CONSENSUS: /usr/lib/x86_64-linux-gnu/libpcl_sample_consensus.so  
[1.981s] -- Found PCL_FILTERS: /usr/lib/x86_64-linux-gnu/libpcl_filters.so  
[1.981s] -- Found PCL_2D: /usr/include/pcl-1.12  
[1.982s] -- Found PCL_GEOMETRY: /usr/include/pcl-1.12  
[1.982s] -- Found PCL_IO: /usr/lib/x86_64-linux-gnu/libpcl_io.so  
[1.983s] -- Found PCL_FEATURES: /usr/lib/x86_64-linux-gnu/libpcl_features.so  
[1.983s] -- Found PCL_ML: /usr/lib/x86_64-linux-gnu/libpcl_ml.so  
[1.983s] -- Found PCL_SEGMENTATION: /usr/lib/x86_64-linux-gnu/libpcl_segmentation.so  
[1.984s] -- Found PCL_VISUALIZATION: /usr/lib/x86_64-linux-gnu/libpcl_visualization.so  
[1.985s] -- Found PCL_SURFACE: /usr/lib/x86_64-linux-gnu/libpcl_surface.so  
[1.985s] -- Found PCL_REGISTRATION: /usr/lib/x86_64-linux-gnu/libpcl_registration.so  
[1.985s] -- Found PCL_KEYPOINTS: /usr/lib/x86_64-linux-gnu/libpcl_keypoints.so  
[1.986s] -- Found PCL_TRACKING: /usr/lib/x86_64-linux-gnu/libpcl_tracking.so  
[1.987s] -- Found PCL_RECOGNITION: /usr/lib/x86_64-linux-gnu/libpcl_recognition.so  
[1.987s] -- Found PCL_STEREO: /usr/lib/x86_64-linux-gnu/libpcl_stereo.so  
[1.987s] -- Found PCL_APPS: /usr/lib/x86_64-linux-gnu/libpcl_apps.so  
[1.988s] -- Found PCL_IN_HAND_SCANNER: /usr/include/pcl-1.12  
[1.988s] -- Found PCL_MODELER: /usr/include/pcl-1.12  
[1.988s] -- Found PCL_POINT_CLOUD_EDITOR: /usr/include/pcl-1.12  
[1.989s] -- Found PCL_OUTOFCORE: /usr/lib/x86_64-linux-gnu/libpcl_outofcore.so  
[1.989s] -- Found PCL_PEOPLE: /usr/lib/x86_64-linux-gnu/libpcl_people.so  
[1.992s] -- Found tf2: 0.25.19 (/opt/ros/humble/share/tf2/cmake)
[2.000s] -- Found tf2_ros: 0.25.19 (/opt/ros/humble/share/tf2_ros/cmake)
[2.051s] -- Found tf2_geometry_msgs: 0.25.19 (/opt/ros/humble/share/tf2_geometry_msgs/cmake)
[2.063s] -- Found eigen3_cmake_module: 0.1.1 (/opt/ros/humble/share/eigen3_cmake_module/cmake)
[2.064s] -- Found Eigen3: TRUE (found version "3.4.0") 
[2.064s] -- Ensuring Eigen3 include directory is part of orocos-kdl CMake target
[2.066s] -- Found visualization_msgs: 4.9.1 (/opt/ros/humble/share/visualization_msgs/cmake)
[2.077s] [33mCMake Warning (dev) at CMakeLists.txt:17 (find_package):
[2.077s]   Policy CMP0074 is not set: find_package uses <PackageName>_ROOT variables.
[2.077s]   Run "cmake --help-policy CMP0074" for policy details.  Use the cmake_policy
[2.077s]   command to set the policy and suppress this warning.
[2.077s] 
[2.077s]   CMake variable PCL_ROOT is set to:
[2.077s] 
[2.077s]     /usr
[2.077s] 
[2.077s]   For compatibility, CMake is ignoring the variable.
[2.077s] This warning is for project developers.  Use -Wno-dev to suppress it.
[2.077s] [0m
[2.127s] -- Configuring done
[2.149s] -- Generating done
[2.155s] -- Build files have been written to: /home/peony/navigation_ws/build/path_following
[2.169s] Invoked command in '/home/peony/navigation_ws/build/path_following' returned '0': CMAKE_PREFIX_PATH=${CMAKE_PREFIX_PATH}:/opt/ros/humble /usr/bin/cmake /home/peony/navigation_ws/src/path_following -DAMENT_CMAKE_SYMLINK_INSTALL=1 -DCMAKE_INSTALL_PREFIX=/home/peony/navigation_ws/install/path_following
[2.170s] Invoking command in '/home/peony/navigation_ws/build/path_following': CMAKE_PREFIX_PATH=${CMAKE_PREFIX_PATH}:/opt/ros/humble /usr/bin/cmake --build /home/peony/navigation_ws/build/path_following -- -j32 -l32
[2.208s] [ 50%] [32mBuilding CXX object CMakeFiles/path_follower.dir/src/PathFollower.cpp.o[0m
[11.573s] [100%] [32m[1mLinking CXX executable path_follower[0m
[12.179s] [100%] Built target path_follower
[12.191s] Invoked command in '/home/peony/navigation_ws/build/path_following' returned '0': CMAKE_PREFIX_PATH=${CMAKE_PREFIX_PATH}:/opt/ros/humble /usr/bin/cmake --build /home/peony/navigation_ws/build/path_following -- -j32 -l32
[12.198s] Invoking command in '/home/peony/navigation_ws/build/path_following': CMAKE_PREFIX_PATH=${CMAKE_PREFIX_PATH}:/opt/ros/humble /usr/bin/cmake --install /home/peony/navigation_ws/build/path_following
[12.203s] -- Install configuration: ""
[12.203s] -- Execute custom install script
[12.204s] -- Symlinking: /home/peony/navigation_ws/install/path_following/lib/path_following/path_follower
[12.210s] -- Symlinking: /home/peony/navigation_ws/install/path_following/share/path_following/cfg/cfg/follow_param.yaml
[12.216s] -- Symlinking: /home/peony/navigation_ws/install/path_following/share/path_following/launch/launch/path_following.launch.py
[12.222s] -- Symlinking: /home/peony/navigation_ws/install/path_following/share/ament_index/resource_index/package_run_dependencies/path_following
[12.227s] -- Symlinking: /home/peony/navigation_ws/install/path_following/share/ament_index/resource_index/parent_prefix_path/path_following
[12.234s] -- Symlinking: /home/peony/navigation_ws/install/path_following/share/path_following/environment/ament_prefix_path.sh
[12.240s] -- Symlinking: /home/peony/navigation_ws/install/path_following/share/path_following/environment/ament_prefix_path.dsv
[12.245s] -- Symlinking: /home/peony/navigation_ws/install/path_following/share/path_following/environment/path.sh
[12.250s] -- Symlinking: /home/peony/navigation_ws/install/path_following/share/path_following/environment/path.dsv
[12.256s] -- Symlinking: /home/peony/navigation_ws/install/path_following/share/path_following/local_setup.bash
[12.261s] -- Symlinking: /home/peony/navigation_ws/install/path_following/share/path_following/local_setup.sh
[12.267s] -- Symlinking: /home/peony/navigation_ws/install/path_following/share/path_following/local_setup.zsh
[12.274s] -- Symlinking: /home/peony/navigation_ws/install/path_following/share/path_following/local_setup.dsv
[12.280s] -- Symlinking: /home/peony/navigation_ws/install/path_following/share/path_following/package.dsv
[12.286s] -- Symlinking: /home/peony/navigation_ws/install/path_following/share/ament_index/resource_index/packages/path_following
[12.291s] -- Symlinking: /home/peony/navigation_ws/install/path_following/share/path_following/cmake/path_followingConfig.cmake
[12.298s] -- Symlinking: /home/peony/navigation_ws/install/path_following/share/path_following/cmake/path_followingConfig-version.cmake
[12.304s] -- Symlinking: /home/peony/navigation_ws/install/path_following/share/path_following/package.xml
[12.311s] Invoked command in '/home/peony/navigation_ws/build/path_following' returned '0': CMAKE_PREFIX_PATH=${CMAKE_PREFIX_PATH}:/opt/ros/humble /usr/bin/cmake --install /home/peony/navigation_ws/build/path_following
