-- Found ament_cmake: 1.3.13 (/opt/ros/humble/share/ament_cmake/cmake)
-- Override CMake install command with custom implementation using symlinks instead of copying resources
-- Found nav_msgs: 4.9.1 (/opt/ros/humble/share/nav_msgs/cmake)
-- Found rosidl_generator_c: 3.1.8 (/opt/ros/humble/share/rosidl_generator_c/cmake)
-- Found rosidl_adapter: 3.1.8 (/opt/ros/humble/share/rosidl_adapter/cmake)
-- Found rosidl_generator_cpp: 3.1.8 (/opt/ros/humble/share/rosidl_generator_cpp/cmake)
-- Using all available rosidl_typesupport_c: rosidl_typesupport_fastrtps_c;rosidl_typesupport_introspection_c
-- Using all available rosidl_typesupport_cpp: rosidl_typesupport_fastrtps_cpp;rosidl_typesupport_introspection_cpp
-- Found rclcpp: 16.0.18 (/opt/ros/humble/share/rclcpp/cmake)
-- Found rmw_implementation_cmake: 6.1.2 (/opt/ros/humble/share/rmw_implementation_cmake/cmake)
-- Found rmw_fastrtps_cpp: 6.2.10 (/opt/ros/humble/share/rmw_fastrtps_cpp/cmake)
-- Using RMW implementation 'rmw_fastrtps_cpp' as default
-- Found sensor_msgs: 4.9.1 (/opt/ros/humble/share/sensor_msgs/cmake)
-- Found pcl_conversions: 2.4.5 (/opt/ros/humble/share/pcl_conversions/cmake)
-- Eigen found (include: /usr/include/eigen3, version: 3.4.0)
-- FLANN found (include: /usr/include, lib: /usr/lib/x86_64-linux-gnu/libflann_cpp.so)
-- OpenNI found (version: 1.5.4.0, include: /usr/include/ni, lib: /usr/lib/libOpenNI.so;libusb::libusb)
-- OpenNI2 found (version: 2.2.0.33, include: /usr/include/openni2, lib: /usr/lib/x86_64-linux-gnu/libOpenNI2.so;libusb::libusb)
-- Eigen found (include: /usr/include/eigen3, version: 3.4.0)
-- OpenNI found (version: 1.5.4.0, include: /usr/include/ni, lib: /usr/lib/libOpenNI.so;libusb::libusb)
-- OpenNI2 found (version: 2.2.0.33, include: /usr/include/openni2, lib: /usr/lib/x86_64-linux-gnu/libOpenNI2.so;libusb::libusb)
-- Found Qhull version 8.0.2
-- OpenNI found (version: 1.5.4.0, include: /usr/include/ni, lib: /usr/lib/libOpenNI.so;libusb::libusb)
-- Found tf2: 0.25.19 (/opt/ros/humble/share/tf2/cmake)
-- Found tf2_ros: 0.25.19 (/opt/ros/humble/share/tf2_ros/cmake)
-- Found tf2_geometry_msgs: 0.25.19 (/opt/ros/humble/share/tf2_geometry_msgs/cmake)
-- Found eigen3_cmake_module: 0.1.1 (/opt/ros/humble/share/eigen3_cmake_module/cmake)
-- Ensuring Eigen3 include directory is part of orocos-kdl CMake target
-- Configuring done
-- Generating done
-- Build files have been written to: /home/peony/navigation_ws/build/path_following
[35m[1mConsolidate compiler generated dependencies of target pid_follower[0m
[ 66%] [32mBuilding CXX object CMakeFiles/pid_follower.dir/src/main.cpp.o[0m
[ 66%] [32mBuilding CXX object CMakeFiles/pid_follower.dir/src/TrajFollower.cpp.o[0m
[100%] [32m[1mLinking CXX executable pid_follower[0m
[100%] Built target pid_follower
-- Install configuration: ""
-- Execute custom install script
-- Up-to-date symlink: /home/peony/navigation_ws/install/path_following/lib/path_following/pid_follower
-- Up-to-date symlink: /home/peony/navigation_ws/install/path_following/share/ament_index/resource_index/package_run_dependencies/path_following
-- Up-to-date symlink: /home/peony/navigation_ws/install/path_following/share/ament_index/resource_index/parent_prefix_path/path_following
-- Up-to-date symlink: /home/peony/navigation_ws/install/path_following/share/path_following/environment/ament_prefix_path.sh
-- Up-to-date symlink: /home/peony/navigation_ws/install/path_following/share/path_following/environment/ament_prefix_path.dsv
-- Up-to-date symlink: /home/peony/navigation_ws/install/path_following/share/path_following/environment/path.sh
-- Up-to-date symlink: /home/peony/navigation_ws/install/path_following/share/path_following/environment/path.dsv
-- Up-to-date symlink: /home/peony/navigation_ws/install/path_following/share/path_following/local_setup.bash
-- Up-to-date symlink: /home/peony/navigation_ws/install/path_following/share/path_following/local_setup.sh
-- Up-to-date symlink: /home/peony/navigation_ws/install/path_following/share/path_following/local_setup.zsh
-- Up-to-date symlink: /home/peony/navigation_ws/install/path_following/share/path_following/local_setup.dsv
-- Symlinking: /home/peony/navigation_ws/install/path_following/share/path_following/package.dsv
-- Up-to-date symlink: /home/peony/navigation_ws/install/path_following/share/ament_index/resource_index/packages/path_following
-- Up-to-date symlink: /home/peony/navigation_ws/install/path_following/share/path_following/cmake/path_followingConfig.cmake
-- Up-to-date symlink: /home/peony/navigation_ws/install/path_following/share/path_following/cmake/path_followingConfig-version.cmake
-- Up-to-date symlink: /home/peony/navigation_ws/install/path_following/share/path_following/package.xml
