[0.008s] Invoking command in '/home/peony/navigation_ws/build/detect_obs': CMAKE_PREFIX_PATH=${CMAKE_PREFIX_PATH}:/opt/ros/humble /usr/bin/cmake --build /home/peony/navigation_ws/build/detect_obs -- -j32 -l32
[0.037s] [35m[1mConsolidate compiler generated dependencies of target obstacle_processor[0m
[0.058s] [100%] Built target obstacle_processor
[0.067s] Invoked command in '/home/peony/navigation_ws/build/detect_obs' returned '0': CMAKE_PREFIX_PATH=${CMAKE_PREFIX_PATH}:/opt/ros/humble /usr/bin/cmake --build /home/peony/navigation_ws/build/detect_obs -- -j32 -l32
[0.074s] Invoking command in '/home/peony/navigation_ws/build/detect_obs': CMAKE_PREFIX_PATH=${CMAKE_PREFIX_PATH}:/opt/ros/humble /usr/bin/cmake --install /home/peony/navigation_ws/build/detect_obs
[0.078s] -- Install configuration: ""
[0.078s] -- Execute custom install script
[0.079s] -- Up-to-date symlink: /home/peony/navigation_ws/install/detect_obs/lib/detect_obs/obstacle_processor
[0.079s] -- Up-to-date symlink: /home/peony/navigation_ws/install/detect_obs/share/ament_index/resource_index/package_run_dependencies/detect_obs
[0.079s] -- Up-to-date symlink: /home/peony/navigation_ws/install/detect_obs/share/ament_index/resource_index/parent_prefix_path/detect_obs
[0.079s] -- Up-to-date symlink: /home/peony/navigation_ws/install/detect_obs/share/detect_obs/environment/ament_prefix_path.sh
[0.079s] -- Up-to-date symlink: /home/peony/navigation_ws/install/detect_obs/share/detect_obs/environment/ament_prefix_path.dsv
[0.079s] -- Up-to-date symlink: /home/peony/navigation_ws/install/detect_obs/share/detect_obs/environment/path.sh
[0.079s] -- Up-to-date symlink: /home/peony/navigation_ws/install/detect_obs/share/detect_obs/environment/path.dsv
[0.079s] -- Up-to-date symlink: /home/peony/navigation_ws/install/detect_obs/share/detect_obs/local_setup.bash
[0.079s] -- Up-to-date symlink: /home/peony/navigation_ws/install/detect_obs/share/detect_obs/local_setup.sh
[0.079s] -- Up-to-date symlink: /home/peony/navigation_ws/install/detect_obs/share/detect_obs/local_setup.zsh
[0.079s] -- Up-to-date symlink: /home/peony/navigation_ws/install/detect_obs/share/detect_obs/local_setup.dsv
[0.079s] -- Symlinking: /home/peony/navigation_ws/install/detect_obs/share/detect_obs/package.dsv
[0.086s] -- Up-to-date symlink: /home/peony/navigation_ws/install/detect_obs/share/ament_index/resource_index/packages/detect_obs
[0.086s] -- Up-to-date symlink: /home/peony/navigation_ws/install/detect_obs/share/detect_obs/cmake/detect_obsConfig.cmake
[0.086s] -- Up-to-date symlink: /home/peony/navigation_ws/install/detect_obs/share/detect_obs/cmake/detect_obsConfig-version.cmake
[0.086s] -- Up-to-date symlink: /home/peony/navigation_ws/install/detect_obs/share/detect_obs/package.xml
[0.088s] Invoked command in '/home/peony/navigation_ws/build/detect_obs' returned '0': CMAKE_PREFIX_PATH=${CMAKE_PREFIX_PATH}:/opt/ros/humble /usr/bin/cmake --install /home/peony/navigation_ws/build/detect_obs
