[01m[K/home/peony/navigation_ws/src/goal_pub/src/multigoal_pub.cpp:[m[K In constructor ‘[01m[Kgoal_pub::GoalPublisher::GoalPublisher()[m[K’:
[01m[K/home/peony/navigation_ws/src/goal_pub/src/multigoal_pub.cpp:7:49:[m[K [01;35m[Kwarning: [m[Kconverting to ‘[01m[Kconst ParameterDescriptor[m[K’ {aka ‘[01m[Kconst rcl_interfaces::msg::ParameterDescriptor_<std::allocator<void> >[m[K’} from initializer list would use explicit constructor ‘[01m[Krcl_interfaces::msg::ParameterDescriptor_<ContainerAllocator>::ParameterDescriptor_(rosidl_runtime_cpp::MessageInitialization) [with ContainerAllocator = std::allocator<void>][m[K’
    7 |     [01;35m[Kthis->declare_parameter<std::vector<double>>("nav_goals",{})[m[K;
      |     [01;35m[K~~~~~~~~~~~~~~~~~~~~~~~~~~~~~~~~~~~~~~~~~~~~^~~~~~~~~~~~~~~~[m[K
[01m[K/home/peony/navigation_ws/src/goal_pub/src/multigoal_pub.cpp:7:49:[m[K [01;36m[Knote: [m[Kin C++11 and above a default constructor can be explicit
[01m[K/home/peony/navigation_ws/src/goal_pub/src/multigoal_pub.cpp:[m[K In member function ‘[01m[Kvoid goal_pub::GoalPublisher::goalCallback(std_msgs::msg::UInt8_<std::allocator<void> >::SharedPtr)[m[K’:
[01m[K/home/peony/navigation_ws/src/goal_pub/src/multigoal_pub.cpp:32:20:[m[K [01;31m[Kerror: [m[K‘[01m[Kr_goals[m[K’ was not declared in this scope; did you mean ‘[01m[Kgoals[m[K’?
   32 |     if (goal_id >= [01;31m[Kr_goals[m[K.size())
      |                    [01;31m[K^~~~~~~[m[K
      |                    [32m[Kgoals[m[K
[01m[K/home/peony/navigation_ws/src/goal_pub/src/multigoal_pub.cpp:37:32:[m[K [01;31m[Kerror: [m[K‘[01m[Kr_goals[m[K’ was not declared in this scope; did you mean ‘[01m[Kgoals[m[K’?
   37 |     pose_msg.pose.position.x = [01;31m[Kr_goals[m[K[goal_id].first;
      |                                [01;31m[K^~~~~~~[m[K
      |                                [32m[Kgoals[m[K
[01m[K/home/peony/navigation_ws/src/goal_pub/src/multigoal_pub.cpp:[m[K In function ‘[01m[Kint main(int, char**)[m[K’:
[01m[K/home/peony/navigation_ws/src/goal_pub/src/multigoal_pub.cpp:45:34:[m[K [01;31m[Kerror: [m[K‘[01m[Knavigoal_manager[m[K’ was not declared in this scope
   45 |     auto node = std::make_shared<[01;31m[Knavigoal_manager[m[K::GoalManager>();
      |                                  [01;31m[K^~~~~~~~~~~~~~~~[m[K
[01m[K/home/peony/navigation_ws/src/goal_pub/src/multigoal_pub.cpp:45:22:[m[K [01;31m[Kerror: [m[Kparse error in template argument list
   45 |     auto node = std::[01;31m[Kmake_shared<navigoal_manager::GoalManager>[m[K();
      |                      [01;31m[K^~~~~~~~~~~~~~~~~~~~~~~~~~~~~~~~~~~~~~~~~~[m[K
[01m[K/home/peony/navigation_ws/src/goal_pub/src/multigoal_pub.cpp:45:64:[m[K [01;31m[Kerror: [m[Kno matching function for call to ‘[01m[Kmake_shared<<expression error> >()[m[K’
   45 |     auto node = [01;31m[Kstd::make_shared<navigoal_manager::GoalManager>()[m[K;
      |                 [01;31m[K~~~~~~~~~~~~~~~~~~~~~~~~~~~~~~~~~~~~~~~~~~~~~~~^~[m[K
In file included from [01m[K/usr/include/c++/11/memory:77[m[K,
                 from [01m[K/opt/ros/humble/include/rclcpp/rclcpp/rclcpp.hpp:153[m[K,
                 from [01m[K/home/peony/navigation_ws/src/goal_pub/include/goal_pub/multigoal_pub.h:2[m[K,
                 from [01m[K/home/peony/navigation_ws/src/goal_pub/src/multigoal_pub.cpp:1[m[K:
[01m[K/usr/include/c++/11/bits/shared_ptr.h:875:5:[m[K [01;36m[Knote: [m[Kcandidate: ‘[01m[Ktemplate<class _Tp, class ... _Args> std::shared_ptr<_Tp> std::make_shared(_Args&& ...)[m[K’
  875 |     [01;36m[Kmake_shared[m[K(_Args&&... __args)
      |     [01;36m[K^~~~~~~~~~~[m[K
[01m[K/usr/include/c++/11/bits/shared_ptr.h:875:5:[m[K [01;36m[Knote: [m[K  template argument deduction/substitution failed:
[01m[K/home/peony/navigation_ws/src/goal_pub/src/multigoal_pub.cpp:45:64:[m[K [01;31m[Kerror: [m[Ktemplate argument 1 is invalid
   45 |     auto node = [01;31m[Kstd::make_shared<navigoal_manager::GoalManager>()[m[K;
      |                 [01;31m[K~~~~~~~~~~~~~~~~~~~~~~~~~~~~~~~~~~~~~~~~~~~~~~~^~[m[K
gmake[2]: *** [CMakeFiles/multigoal_pub_node.dir/build.make:76：CMakeFiles/multigoal_pub_node.dir/src/multigoal_pub.cpp.o] 错误 1
gmake[1]: *** [CMakeFiles/Makefile2:137：CMakeFiles/multigoal_pub_node.dir/all] 错误 2
gmake: *** [Makefile:146：all] 错误 2
