[0.006s] Invoking command in '/home/peony/navigation_ws/build/goal_pub': CMAKE_PREFIX_PATH=/opt/ros/humble /usr/bin/cmake --build /home/peony/navigation_ws/build/goal_pub -- -j32 -l32
[0.023s] -- Found ament_cmake: 1.3.13 (/opt/ros/humble/share/ament_cmake/cmake)
[0.086s] -- Override CMake install command with custom implementation using symlinks instead of copying resources
[0.090s] -- Found rclcpp: 16.0.18 (/opt/ros/humble/share/rclcpp/cmake)
[0.105s] -- Found rosidl_generator_c: 3.1.8 (/opt/ros/humble/share/rosidl_generator_c/cmake)
[0.106s] -- Found rosidl_adapter: 3.1.8 (/opt/ros/humble/share/rosidl_adapter/cmake)
[0.109s] -- Found rosidl_generator_cpp: 3.1.8 (/opt/ros/humble/share/rosidl_generator_cpp/cmake)
[0.114s] -- Using all available rosidl_typesupport_c: rosidl_typesupport_fastrtps_c;rosidl_typesupport_introspection_c
[0.120s] -- Using all available rosidl_typesupport_cpp: rosidl_typesupport_fastrtps_cpp;rosidl_typesupport_introspection_cpp
[0.136s] -- Found rmw_implementation_cmake: 6.1.2 (/opt/ros/humble/share/rmw_implementation_cmake/cmake)
[0.137s] -- Found rmw_fastrtps_cpp: 6.2.10 (/opt/ros/humble/share/rmw_fastrtps_cpp/cmake)
[0.202s] -- Using RMW implementation 'rmw_fastrtps_cpp' as default
[0.226s] -- Found geometry_msgs: 4.9.1 (/opt/ros/humble/share/geometry_msgs/cmake)
[0.267s] -- Configuring done
[0.272s] -- Generating done
[0.274s] -- Build files have been written to: /home/peony/navigation_ws/build/goal_pub
[0.299s] [ 50%] [32mBuilding CXX object CMakeFiles/multigoal_pub_node.dir/src/multigoal_pub.cpp.o[0m
[1.618s] [01m[K/home/peony/navigation_ws/src/goal_pub/src/multigoal_pub.cpp:[m[K In constructor ‘[01m[Kgoal_pub::GoalPublisher::GoalPublisher()[m[K’:
[1.618s] [01m[K/home/peony/navigation_ws/src/goal_pub/src/multigoal_pub.cpp:7:49:[m[K [01;35m[Kwarning: [m[Kconverting to ‘[01m[Kconst ParameterDescriptor[m[K’ {aka ‘[01m[Kconst rcl_interfaces::msg::ParameterDescriptor_<std::allocator<void> >[m[K’} from initializer list would use explicit constructor ‘[01m[Krcl_interfaces::msg::ParameterDescriptor_<ContainerAllocator>::ParameterDescriptor_(rosidl_runtime_cpp::MessageInitialization) [with ContainerAllocator = std::allocator<void>][m[K’
[1.618s]     7 |     [01;35m[Kthis->declare_parameter<std::vector<double>>("nav_goals",{})[m[K;
[1.618s]       |     [01;35m[K~~~~~~~~~~~~~~~~~~~~~~~~~~~~~~~~~~~~~~~~~~~~^~~~~~~~~~~~~~~~[m[K
[1.618s] [01m[K/home/peony/navigation_ws/src/goal_pub/src/multigoal_pub.cpp:7:49:[m[K [01;36m[Knote: [m[Kin C++11 and above a default constructor can be explicit
[1.626s] [01m[K/home/peony/navigation_ws/src/goal_pub/src/multigoal_pub.cpp:[m[K In member function ‘[01m[Kvoid goal_pub::GoalPublisher::goalCallback(std_msgs::msg::UInt8_<std::allocator<void> >::SharedPtr)[m[K’:
[1.626s] [01m[K/home/peony/navigation_ws/src/goal_pub/src/multigoal_pub.cpp:32:20:[m[K [01;31m[Kerror: [m[K‘[01m[Kr_goals[m[K’ was not declared in this scope; did you mean ‘[01m[Kgoals[m[K’?
[1.626s]    32 |     if (goal_id >= [01;31m[Kr_goals[m[K.size())
[1.626s]       |                    [01;31m[K^~~~~~~[m[K
[1.626s]       |                    [32m[Kgoals[m[K
[1.629s] [01m[K/home/peony/navigation_ws/src/goal_pub/src/multigoal_pub.cpp:37:32:[m[K [01;31m[Kerror: [m[K‘[01m[Kr_goals[m[K’ was not declared in this scope; did you mean ‘[01m[Kgoals[m[K’?
[1.629s]    37 |     pose_msg.pose.position.x = [01;31m[Kr_goals[m[K[goal_id].first;
[1.629s]       |                                [01;31m[K^~~~~~~[m[K
[1.629s]       |                                [32m[Kgoals[m[K
[1.632s] [01m[K/home/peony/navigation_ws/src/goal_pub/src/multigoal_pub.cpp:[m[K In function ‘[01m[Kint main(int, char**)[m[K’:
[1.632s] [01m[K/home/peony/navigation_ws/src/goal_pub/src/multigoal_pub.cpp:45:34:[m[K [01;31m[Kerror: [m[K‘[01m[Knavigoal_manager[m[K’ was not declared in this scope
[1.632s]    45 |     auto node = std::make_shared<[01;31m[Knavigoal_manager[m[K::GoalManager>();
[1.633s]       |                                  [01;31m[K^~~~~~~~~~~~~~~~[m[K
[1.633s] [01m[K/home/peony/navigation_ws/src/goal_pub/src/multigoal_pub.cpp:45:22:[m[K [01;31m[Kerror: [m[Kparse error in template argument list
[1.633s]    45 |     auto node = std::[01;31m[Kmake_shared<navigoal_manager::GoalManager>[m[K();
[1.633s]       |                      [01;31m[K^~~~~~~~~~~~~~~~~~~~~~~~~~~~~~~~~~~~~~~~~~[m[K
[1.633s] [01m[K/home/peony/navigation_ws/src/goal_pub/src/multigoal_pub.cpp:45:64:[m[K [01;31m[Kerror: [m[Kno matching function for call to ‘[01m[Kmake_shared<<expression error> >()[m[K’
[1.633s]    45 |     auto node = [01;31m[Kstd::make_shared<navigoal_manager::GoalManager>()[m[K;
[1.633s]       |                 [01;31m[K~~~~~~~~~~~~~~~~~~~~~~~~~~~~~~~~~~~~~~~~~~~~~~~^~[m[K
[1.633s] In file included from [01m[K/usr/include/c++/11/memory:77[m[K,
[1.633s]                  from [01m[K/opt/ros/humble/include/rclcpp/rclcpp/rclcpp.hpp:153[m[K,
[1.633s]                  from [01m[K/home/peony/navigation_ws/src/goal_pub/include/goal_pub/multigoal_pub.h:2[m[K,
[1.633s]                  from [01m[K/home/peony/navigation_ws/src/goal_pub/src/multigoal_pub.cpp:1[m[K:
[1.633s] [01m[K/usr/include/c++/11/bits/shared_ptr.h:875:5:[m[K [01;36m[Knote: [m[Kcandidate: ‘[01m[Ktemplate<class _Tp, class ... _Args> std::shared_ptr<_Tp> std::make_shared(_Args&& ...)[m[K’
[1.633s]   875 |     [01;36m[Kmake_shared[m[K(_Args&&... __args)
[1.633s]       |     [01;36m[K^~~~~~~~~~~[m[K
[1.633s] [01m[K/usr/include/c++/11/bits/shared_ptr.h:875:5:[m[K [01;36m[Knote: [m[K  template argument deduction/substitution failed:
[1.633s] [01m[K/home/peony/navigation_ws/src/goal_pub/src/multigoal_pub.cpp:45:64:[m[K [01;31m[Kerror: [m[Ktemplate argument 1 is invalid
[1.633s]    45 |     auto node = [01;31m[Kstd::make_shared<navigoal_manager::GoalManager>()[m[K;
[1.633s]       |                 [01;31m[K~~~~~~~~~~~~~~~~~~~~~~~~~~~~~~~~~~~~~~~~~~~~~~~^~[m[K
[1.993s] gmake[2]: *** [CMakeFiles/multigoal_pub_node.dir/build.make:76：CMakeFiles/multigoal_pub_node.dir/src/multigoal_pub.cpp.o] 错误 1
[1.993s] gmake[1]: *** [CMakeFiles/Makefile2:137：CMakeFiles/multigoal_pub_node.dir/all] 错误 2
[1.993s] gmake: *** [Makefile:146：all] 错误 2
[1.995s] Invoked command in '/home/peony/navigation_ws/build/goal_pub' returned '2': CMAKE_PREFIX_PATH=/opt/ros/humble /usr/bin/cmake --build /home/peony/navigation_ws/build/goal_pub -- -j32 -l32
