[0.026s] Invoking command in '/home/peony/navigation_ws/build/vel_forwarder': CMAKE_PREFIX_PATH=/opt/ros/humble /usr/bin/cmake --build /home/peony/navigation_ws/build/vel_forwarder -- -j32 -l32
[0.070s] [  1%] Built target vel_forwarder__cpp
[0.074s] [ 12%] Built target vel_forwarder__rosidl_generator_c
[0.084s] [ 12%] Built target ament_cmake_python_symlink_vel_forwarder
[0.094s] [ 23%] Built target vel_forwarder__rosidl_typesupport_fastrtps_cpp
[0.095s] [ 48%] Built target vel_forwarder__rosidl_typesupport_introspection_c
[0.095s] [ 49%] Built target vel_forwarder__rosidl_typesupport_c
[0.095s] [ 62%] Built target vel_forwarder__rosidl_typesupport_introspection_cpp
[0.095s] [ 67%] Built target vel_forwarder__rosidl_typesupport_cpp
[0.098s] [ 79%] Built target vel_forwarder__rosidl_typesupport_fastrtps_c
[0.108s] [35m[1mConsolidate compiler generated dependencies of target forwarder_node[0m
[0.114s] [ 79%] Built target vel_forwarder
[0.124s] [ 80%] [32mBuilding CXX object CMakeFiles/forwarder_node.dir/src/forwarder.cpp.o[0m
[0.136s] [ 81%] Built target vel_forwarder__py
[0.160s] [ 91%] Built target vel_forwarder__rosidl_generator_py
[0.183s] [ 93%] Built target vel_forwarder__rosidl_typesupport_c__pyext
[0.184s] [ 96%] Built target vel_forwarder__rosidl_typesupport_fastrtps_c__pyext
[0.187s] [ 98%] Built target vel_forwarder__rosidl_typesupport_introspection_c__pyext
[0.258s] running egg_info
[0.258s] writing vel_forwarder.egg-info/PKG-INFO
[0.258s] writing dependency_links to vel_forwarder.egg-info/dependency_links.txt
[0.258s] writing top-level names to vel_forwarder.egg-info/top_level.txt
[0.260s] reading manifest file 'vel_forwarder.egg-info/SOURCES.txt'
[0.261s] writing manifest file 'vel_forwarder.egg-info/SOURCES.txt'
[0.285s] [ 98%] Built target ament_cmake_python_build_vel_forwarder_egg
[1.738s] [01m[K/home/peony/navigation_ws/src/vel_forwarder/src/forwarder.cpp:[m[K In member function ‘[01m[Kvoid vel_forwarder::Forwarder::cmdvelCallback(geometry_msgs::msg::Twist_<std::allocator<void> >::SharedPtr)[m[K’:
[1.739s] [01m[K/home/peony/navigation_ws/src/vel_forwarder/src/forwarder.cpp:54:13:[m[K [01;31m[Kerror: [m[K‘[01m[Kfinal_vx[m[K’ was not declared in this scope
[1.739s]    54 |             [01;31m[Kfinal_vx[m[K += rep_vx_;
[1.739s]       |             [01;31m[K^~~~~~~~[m[K
[1.742s] [01m[K/home/peony/navigation_ws/src/vel_forwarder/src/forwarder.cpp:55:13:[m[K [01;31m[Kerror: [m[K‘[01m[Kfinal_vy[m[K’ was not declared in this scope
[1.742s]    55 |             [01;31m[Kfinal_vy[m[K += rep_vy_;
[1.742s]       |             [01;31m[K^~~~~~~~[m[K
[1.746s] [01m[K/home/peony/navigation_ws/src/vel_forwarder/src/forwarder.cpp:61:43:[m[K [01;31m[Kerror: [m[K‘[01m[Kfinal_vx[m[K’ was not declared in this scope
[1.746s]    61 |         float speed_magnitude = std::sqrt([01;31m[Kfinal_vx[m[K * final_vx + final_vy * final_vy);
[1.746s]       |                                           [01;31m[K^~~~~~~~[m[K
[1.750s] [01m[K/home/peony/navigation_ws/src/vel_forwarder/src/forwarder.cpp:61:65:[m[K [01;31m[Kerror: [m[K‘[01m[Kfinal_vy[m[K’ was not declared in this scope
[1.750s]    61 |         float speed_magnitude = std::sqrt(final_vx * final_vx + [01;31m[Kfinal_vy[m[K * final_vy);
[1.750s]       |                                                                 [01;31m[K^~~~~~~~[m[K
[3.972s] gmake[2]: *** [CMakeFiles/forwarder_node.dir/build.make:76：CMakeFiles/forwarder_node.dir/src/forwarder.cpp.o] 错误 1
[3.972s] gmake[1]: *** [CMakeFiles/Makefile2:593：CMakeFiles/forwarder_node.dir/all] 错误 2
[3.972s] gmake: *** [Makefile:146：all] 错误 2
