[0.019s] Invoking command in '/home/peony/navigation_ws/build/navigoal_manager': CMAKE_PREFIX_PATH=/opt/ros/humble /usr/bin/cmake /home/peony/navigation_ws/src/navigoal_manager -DAMENT_CMAKE_SYMLINK_INSTALL=1 -DCMAKE_INSTALL_PREFIX=/home/peony/navigation_ws/install/navigoal_manager
[0.068s] -- The C compiler identification is GNU 11.4.0
[0.122s] -- The CXX compiler identification is GNU 11.4.0
[0.129s] -- Detecting C compiler ABI info
[0.188s] -- Detecting C compiler ABI info - done
[0.193s] -- Check for working C compiler: /usr/bin/cc - skipped
[0.194s] -- Detecting C compile features
[0.194s] -- Detecting C compile features - done
[0.197s] -- Detecting CXX compiler ABI info
[0.260s] -- Detecting CXX compiler ABI info - done
[0.266s] -- Check for working CXX compiler: /usr/bin/c++ - skipped
[0.266s] -- Detecting CXX compile features
[0.266s] -- Detecting CXX compile features - done
[0.269s] -- Found ament_cmake: 1.3.13 (/opt/ros/humble/share/ament_cmake/cmake)
[0.376s] -- Found Python3: /usr/bin/python3 (found version "3.10.12") found components: Interpreter 
[0.416s] -- Override CMake install command with custom implementation using symlinks instead of copying resources
[0.436s] -- Found rclcpp: 16.0.18 (/opt/ros/humble/share/rclcpp/cmake)
[0.465s] -- Found rosidl_generator_c: 3.1.8 (/opt/ros/humble/share/rosidl_generator_c/cmake)
[0.468s] -- Found rosidl_adapter: 3.1.8 (/opt/ros/humble/share/rosidl_adapter/cmake)
[0.473s] -- Found rosidl_generator_cpp: 3.1.8 (/opt/ros/humble/share/rosidl_generator_cpp/cmake)
[0.481s] -- Using all available rosidl_typesupport_c: rosidl_typesupport_fastrtps_c;rosidl_typesupport_introspection_c
[0.492s] -- Using all available rosidl_typesupport_cpp: rosidl_typesupport_fastrtps_cpp;rosidl_typesupport_introspection_cpp
[0.519s] -- Found rmw_implementation_cmake: 6.1.2 (/opt/ros/humble/share/rmw_implementation_cmake/cmake)
[0.521s] -- Found rmw_fastrtps_cpp: 6.2.10 (/opt/ros/humble/share/rmw_fastrtps_cpp/cmake)
[0.585s] -- Found OpenSSL: /usr/lib/x86_64-linux-gnu/libcrypto.so (found version "3.0.2")  
[0.609s] -- Found FastRTPS: /opt/ros/humble/include  
[0.644s] -- Using RMW implementation 'rmw_fastrtps_cpp' as default
[0.650s] -- Looking for pthread.h
[0.710s] -- Looking for pthread.h - found
[0.710s] -- Performing Test CMAKE_HAVE_LIBC_PTHREAD
[0.767s] -- Performing Test CMAKE_HAVE_LIBC_PTHREAD - Success
[0.768s] -- Found Threads: TRUE  
[0.799s] -- Found geometry_msgs: 4.9.1 (/opt/ros/humble/share/geometry_msgs/cmake)
[0.852s] -- Configuring done
[0.859s] -- Generating done
[0.861s] -- Build files have been written to: /home/peony/navigation_ws/build/navigoal_manager
[0.869s] Invoked command in '/home/peony/navigation_ws/build/navigoal_manager' returned '0': CMAKE_PREFIX_PATH=/opt/ros/humble /usr/bin/cmake /home/peony/navigation_ws/src/navigoal_manager -DAMENT_CMAKE_SYMLINK_INSTALL=1 -DCMAKE_INSTALL_PREFIX=/home/peony/navigation_ws/install/navigoal_manager
[0.870s] Invoking command in '/home/peony/navigation_ws/build/navigoal_manager': CMAKE_PREFIX_PATH=/opt/ros/humble /usr/bin/cmake --build /home/peony/navigation_ws/build/navigoal_manager -- -j32 -l32
[0.911s] [ 50%] [32mBuilding CXX object CMakeFiles/goal_manager_node.dir/src/manager.cpp.o[0m
[2.446s] In file included from [01m[K/home/peony/navigation_ws/src/navigoal_manager/src/manager.cpp:1[m[K:
[2.446s] [01m[K/home/peony/navigation_ws/src/navigoal_manager/include/manager.h:23:48:[m[K [01;31m[Kerror: [m[K‘[01m[KUInt16MultiArray[m[K’ in namespace ‘[01m[Kstd_msgs::msg[m[K’ does not name a type
[2.446s]    23 |     void goalPoseCallback(const std_msgs::msg::[01;31m[KUInt16MultiArray[m[K::SharedPtr msg);
[2.446s]       |                                                [01;31m[K^~~~~~~~~~~~~~~~[m[K
[2.446s] [01m[K/home/peony/navigation_ws/src/navigoal_manager/include/manager.h:23:76:[m[K [01;31m[Kerror: [m[Kexpected unqualified-id before ‘[01m[Kmsg[m[K’
[2.446s]    23 |     void goalPoseCallback(const std_msgs::msg::UInt16MultiArray::SharedPtr [01;31m[Kmsg[m[K);
[2.447s]       |                                                                            [01;31m[K^~~[m[K
[2.447s] [01m[K/home/peony/navigation_ws/src/navigoal_manager/include/manager.h:23:75:[m[K [01;31m[Kerror: [m[Kexpected ‘[01m[K)[m[K’ before ‘[01m[Kmsg[m[K’
[2.447s]    23 |     void goalPoseCallback[34m[K([m[Kconst std_msgs::msg::UInt16MultiArray::SharedPtr[01;31m[K [m[K[32m[Kmsg[m[K);
[2.447s]       |                          [34m[K~[m[K                                                [01;31m[K^[m[K[32m[K~~~[m[K
[2.447s]       |                                                                           [32m[K)[m[K
[2.447s] [01m[K/home/peony/navigation_ws/src/navigoal_manager/include/manager.h:23:66:[m[K [01;31m[Kerror: [m[Kexpected ‘[01m[K;[m[K’ at end of member declaration
[2.447s]    23 |     void goalPoseCallback(const std_msgs::msg::UInt16MultiArray::[01;31m[KSharedPtr[m[K msg);
[2.447s]       |                                                                  [01;31m[K^~~~~~~~~[m[K
[2.447s]       |                                                                           [32m[K;[m[K
[2.447s] [01m[K/home/peony/navigation_ws/src/navigoal_manager/include/manager.h:23:76:[m[K [01;31m[Kerror: [m[K‘[01m[Kmsg[m[K’ does not name a type
[2.447s]    23 |     void goalPoseCallback(const std_msgs::msg::UInt16MultiArray::SharedPtr [01;31m[Kmsg[m[K);
[2.447s]       |                                                                            [01;31m[K^~~[m[K
[2.472s] [01m[K/home/peony/navigation_ws/src/navigoal_manager/include/manager.h:25:41:[m[K [01;31m[Kerror: [m[K‘[01m[KUInt16MultiArray[m[K’ is not a member of ‘[01m[Kstd_msgs::msg[m[K’
[2.472s]    25 |     rclcpp::Subscription<std_msgs::msg::[01;31m[KUInt16MultiArray[m[K>::SharedPtr ly_goal_pose_subscription_;
[2.472s]       |                                         [01;31m[K^~~~~~~~~~~~~~~~[m[K
[2.472s] [01m[K/home/peony/navigation_ws/src/navigoal_manager/include/manager.h:25:57:[m[K [01;31m[Kerror: [m[Ktemplate argument 1 is invalid
[2.472s]    25 |     rclcpp::Subscription<std_msgs::msg::UInt16MultiArray[01;31m[K>[m[K::SharedPtr ly_goal_pose_subscription_;
[2.472s]       |                                                         [01;31m[K^[m[K
[2.472s] [01m[K/home/peony/navigation_ws/src/navigoal_manager/include/manager.h:25:57:[m[K [01;31m[Kerror: [m[Ktemplate argument 3 is invalid
[2.472s] [01m[K/home/peony/navigation_ws/src/navigoal_manager/include/manager.h:25:57:[m[K [01;31m[Kerror: [m[Ktemplate argument 4 is invalid
[2.472s] [01m[K/home/peony/navigation_ws/src/navigoal_manager/include/manager.h:25:57:[m[K [01;31m[Kerror: [m[Ktemplate argument 5 is invalid
[2.472s] [01m[K/home/peony/navigation_ws/src/navigoal_manager/include/manager.h:25:60:[m[K [01;31m[Kerror: [m[Kexpected ‘[01m[K;[m[K’ at end of member declaration
[2.472s]    25 |     rclcpp::Subscription<std_msgs::msg::UInt16MultiArray>::[01;31m[KSharedPtr[m[K ly_goal_pose_subscription_;
[2.472s]       |                                                            [01;31m[K^~~~~~~~~[m[K
[2.472s]       |                                                                     [32m[K;[m[K
[2.474s] [01m[K/home/peony/navigation_ws/src/navigoal_manager/include/manager.h:25:70:[m[K [01;31m[Kerror: [m[K‘[01m[Kly_goal_pose_subscription_[m[K’ does not name a type
[2.474s]    25 |     rclcpp::Subscription<std_msgs::msg::UInt16MultiArray>::SharedPtr [01;31m[Kly_goal_pose_subscription_[m[K;
[2.474s]       |                                                                      [01;31m[K^~~~~~~~~~~~~~~~~~~~~~~~~~[m[K
[2.479s] [01m[K/home/peony/navigation_ws/src/navigoal_manager/src/manager.cpp:[m[K In constructor ‘[01m[Knavigoal_manager::GoalManager::GoalManager()[m[K’:
[2.479s] [01m[K/home/peony/navigation_ws/src/navigoal_manager/src/manager.cpp:8:49:[m[K [01;35m[Kwarning: [m[Kconverting to ‘[01m[Kconst ParameterDescriptor[m[K’ {aka ‘[01m[Kconst rcl_interfaces::msg::ParameterDescriptor_<std::allocator<void> >[m[K’} from initializer list would use explicit constructor ‘[01m[Krcl_interfaces::msg::ParameterDescriptor_<ContainerAllocator>::ParameterDescriptor_(rosidl_runtime_cpp::MessageInitialization) [with ContainerAllocator = std::allocator<void>][m[K’
[2.479s]     8 |     [01;35m[Kthis->declare_parameter<std::vector<double>>("r",{})[m[K;
[2.479s]       |     [01;35m[K~~~~~~~~~~~~~~~~~~~~~~~~~~~~~~~~~~~~~~~~~~~~^~~~~~~~[m[K
[2.479s] [01m[K/home/peony/navigation_ws/src/navigoal_manager/src/manager.cpp:8:49:[m[K [01;36m[Knote: [m[Kin C++11 and above a default constructor can be explicit
[2.480s] [01m[K/home/peony/navigation_ws/src/navigoal_manager/src/manager.cpp:9:49:[m[K [01;35m[Kwarning: [m[Kconverting to ‘[01m[Kconst ParameterDescriptor[m[K’ {aka ‘[01m[Kconst rcl_interfaces::msg::ParameterDescriptor_<std::allocator<void> >[m[K’} from initializer list would use explicit constructor ‘[01m[Krcl_interfaces::msg::ParameterDescriptor_<ContainerAllocator>::ParameterDescriptor_(rosidl_runtime_cpp::MessageInitialization) [with ContainerAllocator = std::allocator<void>][m[K’
[2.480s]     9 |     [01;35m[Kthis->declare_parameter<std::vector<double>>("b",{})[m[K;
[2.480s]       |     [01;35m[K~~~~~~~~~~~~~~~~~~~~~~~~~~~~~~~~~~~~~~~~~~~~^~~~~~~~[m[K
[2.480s] [01m[K/home/peony/navigation_ws/src/navigoal_manager/src/manager.cpp:9:49:[m[K [01;36m[Knote: [m[Kin C++11 and above a default constructor can be explicit
[2.492s] [01m[K/home/peony/navigation_ws/src/navigoal_manager/src/manager.cpp:35:5:[m[K [01;31m[Kerror: [m[K‘[01m[Kly_goal_pose_subscription_[m[K’ was not declared in this scope; did you mean ‘[01m[Kly_goal_subscription_[m[K’?
[2.492s]    35 |     [01;31m[Kly_goal_pose_subscription_[m[K = this->create_subscription<std_msgs::msg::UInt16MultiArray>(
[2.492s]       |     [01;31m[K^~~~~~~~~~~~~~~~~~~~~~~~~~[m[K
[2.492s]       |     [32m[Kly_goal_subscription_[m[K
[2.493s] [01m[K/home/peony/navigation_ws/src/navigoal_manager/src/manager.cpp:35:75:[m[K [01;31m[Kerror: [m[K‘[01m[KUInt16MultiArray[m[K’ is not a member of ‘[01m[Kstd_msgs::msg[m[K’
[2.493s]    35 |     ly_goal_pose_subscription_ = this->create_subscription<std_msgs::msg::[01;31m[KUInt16MultiArray[m[K>(
[2.493s]       |                                                                           [01;31m[K^~~~~~~~~~~~~~~~[m[K
[2.494s] [01m[K/home/peony/navigation_ws/src/navigoal_manager/src/manager.cpp:35:92:[m[K [01;31m[Kerror: [m[Kno matching function for call to ‘[01m[Knavigoal_manager::GoalManager::create_subscription<<expression error> >(const char [19], int, std::_Bind_helper<false, void (navigoal_manager::GoalManager::*)(...), navigoal_manager::GoalManager*, const std::_Placeholder<1>&>::type)[m[K’
[2.494s]    35 |     ly_goal_pose_subscription_ = [01;31m[Kthis->create_subscription<std_msgs::msg::UInt16MultiArray>([m[K
[2.494s]       |                                  [01;31m[K~~~~~~~~~~~~~~~~~~~~~~~~~~~~~~~~~~~~~~~~~~~~~~~~~~~~~~~~~~^[m[K
[2.494s]    36 | [01;31m[K        "/ly/navi/goal_pose", 10, std::bind(&GoalManager::goalPoseCallback, this, std::placeholders::_1))[m[K;
[2.494s]       |         [01;31m[K~~~~~~~~~~~~~~~~~~~~~~~~~~~~~~~~~~~~~~~~~~~~~~~~~~~~~~~~~~~~~~~~~~~~~~~~~~~~~~~~~~~~~~~~~~~~~~~~~[m[K
[2.494s] In file included from [01m[K/opt/ros/humble/include/rclcpp/rclcpp/node.hpp:1321[m[K,
[2.494s]                  from [01m[K/opt/ros/humble/include/rclcpp/rclcpp/executors/single_threaded_executor.hpp:28[m[K,
[2.494s]                  from [01m[K/opt/ros/humble/include/rclcpp/rclcpp/executors.hpp:22[m[K,
[2.494s]                  from [01m[K/opt/ros/humble/include/rclcpp/rclcpp/rclcpp.hpp:155[m[K,
[2.494s]                  from [01m[K/home/peony/navigation_ws/src/navigoal_manager/include/manager.h:2[m[K,
[2.494s]                  from [01m[K/home/peony/navigation_ws/src/navigoal_manager/src/manager.cpp:1[m[K:
[2.494s] [01m[K/opt/ros/humble/include/rclcpp/rclcpp/node_impl.hpp:92:1:[m[K [01;36m[Knote: [m[Kcandidate: ‘[01m[Ktemplate<class MessageT, class CallbackT, class AllocatorT, class SubscriptionT, class MessageMemoryStrategyT> std::shared_ptr<ROSMessageT> rclcpp::Node::create_subscription(const string&, const rclcpp::QoS&, CallbackT&&, const rclcpp::SubscriptionOptionsWithAllocator<AllocatorT>&, typename MessageMemoryStrategyT::SharedPtr)[m[K’
[2.494s]    92 | [01;36m[KNode[m[K::create_subscription(
[2.494s]       | [01;36m[K^~~~[m[K
[2.494s] [01m[K/opt/ros/humble/include/rclcpp/rclcpp/node_impl.hpp:92:1:[m[K [01;36m[Knote: [m[K  template argument deduction/substitution failed:
[2.494s] [01m[K/home/peony/navigation_ws/src/navigoal_manager/src/manager.cpp:35:92:[m[K [01;31m[Kerror: [m[Ktemplate argument 1 is invalid
[2.494s]    35 |     ly_goal_pose_subscription_ = [01;31m[Kthis->create_subscription<std_msgs::msg::UInt16MultiArray>([m[K
[2.494s]       |                                  [01;31m[K~~~~~~~~~~~~~~~~~~~~~~~~~~~~~~~~~~~~~~~~~~~~~~~~~~~~~~~~~~^[m[K
[2.494s]    36 | [01;31m[K        "/ly/navi/goal_pose", 10, std::bind(&GoalManager::goalPoseCallback, this, std::placeholders::_1))[m[K;
[2.495s]       |         [01;31m[K~~~~~~~~~~~~~~~~~~~~~~~~~~~~~~~~~~~~~~~~~~~~~~~~~~~~~~~~~~~~~~~~~~~~~~~~~~~~~~~~~~~~~~~~~~~~~~~~~[m[K
[2.498s] [01m[K/home/peony/navigation_ws/src/navigoal_manager/src/manager.cpp:[m[K At global scope:
[2.498s] [01m[K/home/peony/navigation_ws/src/navigoal_manager/src/manager.cpp:72:57:[m[K [01;31m[Kerror: [m[K‘[01m[KUInt16MultiArray[m[K’ in namespace ‘[01m[Kstd_msgs::msg[m[K’ does not name a type
[2.498s]    72 | void GoalManager::goalPoseCallback(const std_msgs::msg::[01;31m[KUInt16MultiArray[m[K::SharedPtr msg)
[2.498s]       |                                                         [01;31m[K^~~~~~~~~~~~~~~~[m[K
[2.498s] [01m[K/home/peony/navigation_ws/src/navigoal_manager/src/manager.cpp:72:85:[m[K [01;31m[Kerror: [m[Kexpected unqualified-id before ‘[01m[Kmsg[m[K’
[2.498s]    72 | void GoalManager::goalPoseCallback(const std_msgs::msg::UInt16MultiArray::SharedPtr [01;31m[Kmsg[m[K)
[2.498s]       |                                                                                     [01;31m[K^~~[m[K
[2.498s] [01m[K/home/peony/navigation_ws/src/navigoal_manager/src/manager.cpp:72:84:[m[K [01;31m[Kerror: [m[Kexpected ‘[01m[K)[m[K’ before ‘[01m[Kmsg[m[K’
[2.498s]    72 | void GoalManager::goalPoseCallback[34m[K([m[Kconst std_msgs::msg::UInt16MultiArray::SharedPtr[01;31m[K [m[K[32m[Kmsg[m[K)
[2.498s]       |                                   [34m[K~[m[K                                                [01;31m[K^[m[K[32m[K~~~[m[K
[2.498s]       |                                                                                    [32m[K)[m[K
[2.498s] [01m[K/home/peony/navigation_ws/src/navigoal_manager/src/manager.cpp:72:85:[m[K [01;31m[Kerror: [m[Kexpected initializer before ‘[01m[Kmsg[m[K’
[2.498s]    72 | void GoalManager::goalPoseCallback(const std_msgs::msg::UInt16MultiArray::SharedPtr [01;31m[Kmsg[m[K)
[2.498s]       |                                                                                     [01;31m[K^~~[m[K
[2.500s] [01m[K/home/peony/navigation_ws/src/navigoal_manager/src/manager.cpp:93:2:[m[K [01;31m[Kerror: [m[Kexpected ‘[01m[K}[m[K’ at end of input
[2.500s]    93 | }
[2.500s]       |  [01;31m[K^[m[K
[2.500s] [01m[K/home/peony/navigation_ws/src/navigoal_manager/src/manager.cpp:4:1:[m[K [01;36m[Knote: [m[Kto match this ‘[01m[K{[m[K’
[2.500s]     4 | [01;36m[K{[m[K
[2.500s]       | [01;36m[K^[m[K
[4.243s] gmake[2]: *** [CMakeFiles/goal_manager_node.dir/build.make:76：CMakeFiles/goal_manager_node.dir/src/manager.cpp.o] 错误 1
[4.243s] gmake[1]: *** [CMakeFiles/Makefile2:137：CMakeFiles/goal_manager_node.dir/all] 错误 2
[4.243s] gmake: *** [Makefile:146：all] 错误 2
