[0.005s] Invoking command in '/home/yes/桌面/nav/build/goal_pub': CMAKE_PREFIX_PATH=/opt/ros/humble /usr/bin/cmake /home/yes/桌面/nav/src/goal_pub -DCMAKE_INSTALL_PREFIX=/home/yes/桌面/nav/install/goal_pub
[0.107s] -- The C compiler identification is GNU 11.4.0
[0.183s] -- The CXX compiler identification is GNU 11.4.0
[0.189s] -- Detecting C compiler ABI info
[0.266s] -- Detecting C compiler ABI info - done
[0.272s] -- Check for working C compiler: /usr/bin/cc - skipped
[0.273s] -- Detecting C compile features
[0.274s] -- Detecting C compile features - done
[0.276s] -- Detecting CXX compiler ABI info
[0.348s] -- Detecting CXX compiler ABI info - done
[0.352s] -- Check for working CXX compiler: /usr/bin/c++ - skipped
[0.352s] -- Detecting CXX compile features
[0.352s] -- Detecting CXX compile features - done
[0.356s] -- Found ament_cmake: 1.3.14 (/opt/ros/humble/share/ament_cmake/cmake)
[0.486s] -- Found Python3: /usr/bin/python3 (found version "3.10.12") found components: Interpreter 
[0.545s] -- Found rclcpp: 16.0.19 (/opt/ros/humble/share/rclcpp/cmake)
[0.573s] -- Found rosidl_generator_c: 3.1.8 (/opt/ros/humble/share/rosidl_generator_c/cmake)
[0.576s] -- Found rosidl_adapter: 3.1.8 (/opt/ros/humble/share/rosidl_adapter/cmake)
[0.581s] -- Found rosidl_generator_cpp: 3.1.8 (/opt/ros/humble/share/rosidl_generator_cpp/cmake)
[0.589s] -- Using all available rosidl_typesupport_c: rosidl_typesupport_fastrtps_c;rosidl_typesupport_introspection_c
[0.597s] -- Using all available rosidl_typesupport_cpp: rosidl_typesupport_fastrtps_cpp;rosidl_typesupport_introspection_cpp
[0.622s] -- Found rmw_implementation_cmake: 6.1.2 (/opt/ros/humble/share/rmw_implementation_cmake/cmake)
[0.624s] -- Found rmw_fastrtps_cpp: 6.2.10 (/opt/ros/humble/share/rmw_fastrtps_cpp/cmake)
[0.691s] -- Found OpenSSL: /usr/lib/x86_64-linux-gnu/libcrypto.so (found version "3.0.2")  
[0.714s] -- Found FastRTPS: /opt/ros/humble/include  
[0.740s] -- Using RMW implementation 'rmw_fastrtps_cpp' as default
[0.753s] -- Looking for pthread.h
[0.832s] -- Looking for pthread.h - found
[0.833s] -- Performing Test CMAKE_HAVE_LIBC_PTHREAD
[0.908s] -- Performing Test CMAKE_HAVE_LIBC_PTHREAD - Success
[0.910s] -- Found Threads: TRUE  
[0.951s] -- Found geometry_msgs: 4.9.1 (/opt/ros/humble/share/geometry_msgs/cmake)
[0.959s] -- Found tf2: 0.25.20 (/opt/ros/humble/share/tf2/cmake)
[0.965s] -- Found tf2_ros: 0.25.20 (/opt/ros/humble/share/tf2_ros/cmake)
[1.047s] -- Configuring done
[1.052s] -- Generating done
[1.053s] -- Build files have been written to: /home/yes/桌面/nav/build/goal_pub
[1.058s] Invoked command in '/home/yes/桌面/nav/build/goal_pub' returned '0': CMAKE_PREFIX_PATH=/opt/ros/humble /usr/bin/cmake /home/yes/桌面/nav/src/goal_pub -DCMAKE_INSTALL_PREFIX=/home/yes/桌面/nav/install/goal_pub
[1.060s] Invoking command in '/home/yes/桌面/nav/build/goal_pub': CMAKE_PREFIX_PATH=/opt/ros/humble /usr/bin/cmake --build /home/yes/桌面/nav/build/goal_pub -- -j32 -l32
[1.108s] [ 50%] [32mBuilding CXX object CMakeFiles/multigoal_pub_node.dir/src/multigoal_pub.cpp.o[0m
[3.167s] [100%] [32m[1mLinking CXX executable multigoal_pub_node[0m
[3.292s] [100%] Built target multigoal_pub_node
[3.301s] Invoked command in '/home/yes/桌面/nav/build/goal_pub' returned '0': CMAKE_PREFIX_PATH=/opt/ros/humble /usr/bin/cmake --build /home/yes/桌面/nav/build/goal_pub -- -j32 -l32
[3.308s] Invoking command in '/home/yes/桌面/nav/build/goal_pub': CMAKE_PREFIX_PATH=/opt/ros/humble /usr/bin/cmake --install /home/yes/桌面/nav/build/goal_pub
[3.312s] -- Install configuration: ""
[3.313s] -- Installing: /home/yes/桌面/nav/install/goal_pub/lib/goal_pub/multigoal_pub_node
[3.313s] -- Set runtime path of "/home/yes/桌面/nav/install/goal_pub/lib/goal_pub/multigoal_pub_node" to ""
[3.313s] -- Installing: /home/yes/桌面/nav/install/goal_pub/share/goal_pub/launch
[3.313s] -- Installing: /home/yes/桌面/nav/install/goal_pub/share/goal_pub/launch/multi_goals_pub.launch.py
[3.313s] -- Installing: /home/yes/桌面/nav/install/goal_pub/share/goal_pub/cfg
[3.313s] -- Installing: /home/yes/桌面/nav/install/goal_pub/share/goal_pub/cfg/goalpub_param.yaml
[3.313s] -- Installing: /home/yes/桌面/nav/install/goal_pub/share/ament_index/resource_index/package_run_dependencies/goal_pub
[3.314s] -- Installing: /home/yes/桌面/nav/install/goal_pub/share/ament_index/resource_index/parent_prefix_path/goal_pub
[3.314s] -- Installing: /home/yes/桌面/nav/install/goal_pub/share/goal_pub/environment/ament_prefix_path.sh
[3.314s] -- Installing: /home/yes/桌面/nav/install/goal_pub/share/goal_pub/environment/ament_prefix_path.dsv
[3.314s] -- Installing: /home/yes/桌面/nav/install/goal_pub/share/goal_pub/environment/path.sh
[3.314s] -- Installing: /home/yes/桌面/nav/install/goal_pub/share/goal_pub/environment/path.dsv
[3.314s] -- Installing: /home/yes/桌面/nav/install/goal_pub/share/goal_pub/local_setup.bash
[3.314s] -- Installing: /home/yes/桌面/nav/install/goal_pub/share/goal_pub/local_setup.sh
[3.314s] -- Installing: /home/yes/桌面/nav/install/goal_pub/share/goal_pub/local_setup.zsh
[3.314s] -- Installing: /home/yes/桌面/nav/install/goal_pub/share/goal_pub/local_setup.dsv
[3.314s] -- Installing: /home/yes/桌面/nav/install/goal_pub/share/goal_pub/package.dsv
[3.314s] -- Installing: /home/yes/桌面/nav/install/goal_pub/share/ament_index/resource_index/packages/goal_pub
[3.314s] -- Installing: /home/yes/桌面/nav/install/goal_pub/share/goal_pub/cmake/goal_pubConfig.cmake
[3.314s] -- Installing: /home/yes/桌面/nav/install/goal_pub/share/goal_pub/cmake/goal_pubConfig-version.cmake
[3.314s] -- Installing: /home/yes/桌面/nav/install/goal_pub/share/goal_pub/package.xml
[3.315s] Invoked command in '/home/yes/桌面/nav/build/goal_pub' returned '0': CMAKE_PREFIX_PATH=/opt/ros/humble /usr/bin/cmake --install /home/yes/桌面/nav/build/goal_pub
