[0.007s] Invoking command in '/home/peony/navigation_ws/build/path_following': CMAKE_PREFIX_PATH=/opt/ros/humble /usr/bin/cmake /home/peony/navigation_ws/src/path_following -DAMENT_CMAKE_SYMLINK_INSTALL=1 -DCMAKE_INSTALL_PREFIX=/home/peony/navigation_ws/install/path_following
[0.015s] -- Found ament_cmake: 1.3.13 (/opt/ros/humble/share/ament_cmake/cmake)
[0.081s] -- Override CMake install command with custom implementation using symlinks instead of copying resources
[0.085s] -- Found nav_msgs: 4.9.1 (/opt/ros/humble/share/nav_msgs/cmake)
[0.099s] -- Found rosidl_generator_c: 3.1.8 (/opt/ros/humble/share/rosidl_generator_c/cmake)
[0.100s] -- Found rosidl_adapter: 3.1.8 (/opt/ros/humble/share/rosidl_adapter/cmake)
[0.103s] -- Found rosidl_generator_cpp: 3.1.8 (/opt/ros/humble/share/rosidl_generator_cpp/cmake)
[0.108s] -- Using all available rosidl_typesupport_c: rosidl_typesupport_fastrtps_c;rosidl_typesupport_introspection_c
[0.114s] -- Using all available rosidl_typesupport_cpp: rosidl_typesupport_fastrtps_cpp;rosidl_typesupport_introspection_cpp
[0.142s] -- Found rclcpp: 16.0.18 (/opt/ros/humble/share/rclcpp/cmake)
[0.155s] -- Found rmw_implementation_cmake: 6.1.2 (/opt/ros/humble/share/rmw_implementation_cmake/cmake)
[0.156s] -- Found rmw_fastrtps_cpp: 6.2.10 (/opt/ros/humble/share/rmw_fastrtps_cpp/cmake)
[0.225s] -- Using RMW implementation 'rmw_fastrtps_cpp' as default
[0.245s] -- Found sensor_msgs: 4.9.1 (/opt/ros/humble/share/sensor_msgs/cmake)
[0.254s] -- Found pcl_conversions: 2.4.5 (/opt/ros/humble/share/pcl_conversions/cmake)
[0.274s] -- Eigen found (include: /usr/include/eigen3, version: 3.4.0)
[0.295s] -- FLANN found (include: /usr/include, lib: /usr/lib/x86_64-linux-gnu/libflann_cpp.so)
[0.487s] -- OpenNI found (version: 1.5.4.0, include: /usr/include/ni, lib: /usr/lib/libOpenNI.so;libusb::libusb)
[0.491s] -- OpenNI2 found (version: 2.2.0.33, include: /usr/include/openni2, lib: /usr/lib/x86_64-linux-gnu/libOpenNI2.so;libusb::libusb)
[0.584s] -- Eigen found (include: /usr/include/eigen3, version: 3.4.0)
[0.588s] -- OpenNI found (version: 1.5.4.0, include: /usr/include/ni, lib: /usr/lib/libOpenNI.so;libusb::libusb)
[0.593s] -- OpenNI2 found (version: 2.2.0.33, include: /usr/include/openni2, lib: /usr/lib/x86_64-linux-gnu/libOpenNI2.so;libusb::libusb)
[0.679s] -- Found Qhull version 8.0.2
[0.767s] -- OpenNI found (version: 1.5.4.0, include: /usr/include/ni, lib: /usr/lib/libOpenNI.so;libusb::libusb)
[0.858s] -- Found tf2: 0.25.19 (/opt/ros/humble/share/tf2/cmake)
[0.860s] -- Found tf2_ros: 0.25.19 (/opt/ros/humble/share/tf2_ros/cmake)
[0.898s] -- Found tf2_geometry_msgs: 0.25.19 (/opt/ros/humble/share/tf2_geometry_msgs/cmake)
[0.900s] -- Found eigen3_cmake_module: 0.1.1 (/opt/ros/humble/share/eigen3_cmake_module/cmake)
[0.901s] -- Ensuring Eigen3 include directory is part of orocos-kdl CMake target
[0.902s] [33mCMake Warning (dev) at CMakeLists.txt:17 (find_package):
[0.902s]   Policy CMP0074 is not set: find_package uses <PackageName>_ROOT variables.
[0.902s]   Run "cmake --help-policy CMP0074" for policy details.  Use the cmake_policy
[0.902s]   command to set the policy and suppress this warning.
[0.902s] 
[0.902s]   CMake variable PCL_ROOT is set to:
[0.902s] 
[0.902s]     /usr
[0.902s] 
[0.902s]   For compatibility, CMake is ignoring the variable.
[0.902s] This warning is for project developers.  Use -Wno-dev to suppress it.
[0.902s] [0m
[0.947s] -- Configuring done
[0.990s] -- Generating done
[0.996s] -- Build files have been written to: /home/peony/navigation_ws/build/path_following
[1.007s] Invoked command in '/home/peony/navigation_ws/build/path_following' returned '0': CMAKE_PREFIX_PATH=/opt/ros/humble /usr/bin/cmake /home/peony/navigation_ws/src/path_following -DAMENT_CMAKE_SYMLINK_INSTALL=1 -DCMAKE_INSTALL_PREFIX=/home/peony/navigation_ws/install/path_following
[1.009s] Invoking command in '/home/peony/navigation_ws/build/path_following': CMAKE_PREFIX_PATH=/opt/ros/humble /usr/bin/cmake --build /home/peony/navigation_ws/build/path_following -- -j32 -l32
[1.047s] [ 50%] [32mBuilding CXX object CMakeFiles/path_follower.dir/src/PathFollower.cpp.o[0m
[1.299s] In file included from [01m[K/home/peony/navigation_ws/src/path_following/src/PathFollower.cpp:1[m[K:
[1.299s] [01m[K/home/peony/navigation_ws/src/path_following/include/follower.hpp:10:10:[m[K [01;31m[Kfatal error: [m[Kvisualization_msgs/msg/marker.hpp: 没有那个文件或目录
[1.299s]    10 | #include [01;31m[K<visualization_msgs/msg/marker.hpp>[m[K
[1.299s]       |          [01;31m[K^~~~~~~~~~~~~~~~~~~~~~~~~~~~~~~~~~~[m[K
[1.299s] compilation terminated.
[1.302s] gmake[2]: *** [CMakeFiles/path_follower.dir/build.make:76：CMakeFiles/path_follower.dir/src/PathFollower.cpp.o] 错误 1
[1.302s] gmake[1]: *** [CMakeFiles/Makefile2:137：CMakeFiles/path_follower.dir/all] 错误 2
[1.302s] gmake: *** [Makefile:146：all] 错误 2
[1.304s] Invoked command in '/home/peony/navigation_ws/build/path_following' returned '2': CMAKE_PREFIX_PATH=/opt/ros/humble /usr/bin/cmake --build /home/peony/navigation_ws/build/path_following -- -j32 -l32
