[0.015s] Invoking command in '/home/peony/navigation_ws/build/path_following': CMAKE_PREFIX_PATH=${CMAKE_PREFIX_PATH}:/opt/ros/humble /usr/bin/cmake /home/peony/navigation_ws/src/path_following -DAMENT_CMAKE_SYMLINK_INSTALL=1 -DCMAKE_INSTALL_PREFIX=/home/peony/navigation_ws/install/path_following
[0.066s] -- The C compiler identification is GNU 11.4.0
[0.112s] -- The CXX compiler identification is GNU 11.4.0
[0.117s] -- Detecting C compiler ABI info
[0.164s] -- Detecting C compiler ABI info - done
[0.168s] -- Check for working C compiler: /usr/bin/cc - skipped
[0.169s] -- Detecting C compile features
[0.169s] -- Detecting C compile features - done
[0.171s] -- Detecting CXX compiler ABI info
[0.224s] -- Detecting CXX compiler ABI info - done
[0.228s] -- Check for working CXX compiler: /usr/bin/c++ - skipped
[0.228s] -- Detecting CXX compile features
[0.229s] -- Detecting CXX compile features - done
[0.231s] -- Found ament_cmake: 1.3.13 (/opt/ros/humble/share/ament_cmake/cmake)
[0.320s] -- Found Python3: /usr/bin/python3 (found version "3.10.12") found components: Interpreter 
[0.356s] -- Override CMake install command with custom implementation using symlinks instead of copying resources
[0.374s] -- Found nav_msgs: 4.9.1 (/opt/ros/humble/share/nav_msgs/cmake)
[0.396s] -- Found rosidl_generator_c: 3.1.8 (/opt/ros/humble/share/rosidl_generator_c/cmake)
[0.399s] -- Found rosidl_adapter: 3.1.8 (/opt/ros/humble/share/rosidl_adapter/cmake)
[0.404s] -- Found rosidl_generator_cpp: 3.1.8 (/opt/ros/humble/share/rosidl_generator_cpp/cmake)
[0.411s] -- Using all available rosidl_typesupport_c: rosidl_typesupport_fastrtps_c;rosidl_typesupport_introspection_c
[0.420s] -- Using all available rosidl_typesupport_cpp: rosidl_typesupport_fastrtps_cpp;rosidl_typesupport_introspection_cpp
[0.451s] -- Found rclcpp: 16.0.18 (/opt/ros/humble/share/rclcpp/cmake)
[0.471s] -- Found rmw_implementation_cmake: 6.1.2 (/opt/ros/humble/share/rmw_implementation_cmake/cmake)
[0.473s] -- Found rmw_fastrtps_cpp: 6.2.10 (/opt/ros/humble/share/rmw_fastrtps_cpp/cmake)
[0.533s] -- Found OpenSSL: /usr/lib/x86_64-linux-gnu/libcrypto.so (found version "3.0.2")  
[0.554s] -- Found FastRTPS: /opt/ros/humble/include  
[0.585s] -- Using RMW implementation 'rmw_fastrtps_cpp' as default
[0.590s] -- Looking for pthread.h
[0.640s] -- Looking for pthread.h - found
[0.640s] -- Performing Test CMAKE_HAVE_LIBC_PTHREAD
[0.690s] -- Performing Test CMAKE_HAVE_LIBC_PTHREAD - Success
[0.690s] -- Found Threads: TRUE  
[0.713s] -- Found sensor_msgs: 4.9.1 (/opt/ros/humble/share/sensor_msgs/cmake)
[0.724s] -- Found pcl_conversions: 2.4.5 (/opt/ros/humble/share/pcl_conversions/cmake)
[0.748s] -- Checking for module 'eigen3'
[0.758s] --   Found eigen3, version 3.4.0
[0.783s] -- Found Eigen: /usr/include/eigen3 (Required is at least version "3.1") 
[0.783s] -- Eigen found (include: /usr/include/eigen3, version: 3.4.0)
[0.812s] -- Checking for module 'flann'
[0.823s] --   Found flann, version 1.9.1
[0.852s] -- Found FLANN: /usr/lib/x86_64-linux-gnu/libflann_cpp.so  
[0.852s] -- FLANN found (include: /usr/include, lib: /usr/lib/x86_64-linux-gnu/libflann_cpp.so)
[1.508s] -- Checking for module 'libusb-1.0'
[1.518s] --   Found libusb-1.0, version 1.0.25
[1.548s] -- Found libusb: /usr/lib/x86_64-linux-gnu/libusb-1.0.so  
[1.548s] -- OpenNI found (version: 1.5.4.0, include: /usr/include/ni, lib: /usr/lib/libOpenNI.so;libusb::libusb)
[1.590s] -- OpenNI2 found (version: 2.2.0.33, include: /usr/include/openni2, lib: /usr/lib/x86_64-linux-gnu/libOpenNI2.so;libusb::libusb)
[1.702s] -- Eigen found (include: /usr/include/eigen3, version: 3.4.0)
[1.708s] -- OpenNI found (version: 1.5.4.0, include: /usr/include/ni, lib: /usr/lib/libOpenNI.so;libusb::libusb)
[1.713s] -- OpenNI2 found (version: 2.2.0.33, include: /usr/include/openni2, lib: /usr/lib/x86_64-linux-gnu/libOpenNI2.so;libusb::libusb)
[1.816s] -- Found Qhull version 8.0.2
[1.919s] -- OpenNI found (version: 1.5.4.0, include: /usr/include/ni, lib: /usr/lib/libOpenNI.so;libusb::libusb)
[2.107s] -- Found PCL_COMMON: /usr/lib/x86_64-linux-gnu/libpcl_common.so  
[2.109s] -- Found PCL_KDTREE: /usr/lib/x86_64-linux-gnu/libpcl_kdtree.so  
[2.112s] -- Found PCL_OCTREE: /usr/lib/x86_64-linux-gnu/libpcl_octree.so  
[2.112s] -- Found PCL_SEARCH: /usr/lib/x86_64-linux-gnu/libpcl_search.so  
[2.116s] -- Found PCL_SAMPLE_CONSENSUS: /usr/lib/x86_64-linux-gnu/libpcl_sample_consensus.so  
[2.116s] -- Found PCL_FILTERS: /usr/lib/x86_64-linux-gnu/libpcl_filters.so  
[2.116s] -- Found PCL_2D: /usr/include/pcl-1.12  
[2.116s] -- Found PCL_GEOMETRY: /usr/include/pcl-1.12  
[2.116s] -- Found PCL_IO: /usr/lib/x86_64-linux-gnu/libpcl_io.so  
[2.117s] -- Found PCL_FEATURES: /usr/lib/x86_64-linux-gnu/libpcl_features.so  
[2.118s] -- Found PCL_ML: /usr/lib/x86_64-linux-gnu/libpcl_ml.so  
[2.119s] -- Found PCL_SEGMENTATION: /usr/lib/x86_64-linux-gnu/libpcl_segmentation.so  
[2.121s] -- Found PCL_VISUALIZATION: /usr/lib/x86_64-linux-gnu/libpcl_visualization.so  
[2.122s] -- Found PCL_SURFACE: /usr/lib/x86_64-linux-gnu/libpcl_surface.so  
[2.123s] -- Found PCL_REGISTRATION: /usr/lib/x86_64-linux-gnu/libpcl_registration.so  
[2.124s] -- Found PCL_KEYPOINTS: /usr/lib/x86_64-linux-gnu/libpcl_keypoints.so  
[2.124s] -- Found PCL_TRACKING: /usr/lib/x86_64-linux-gnu/libpcl_tracking.so  
[2.126s] -- Found PCL_RECOGNITION: /usr/lib/x86_64-linux-gnu/libpcl_recognition.so  
[2.127s] -- Found PCL_STEREO: /usr/lib/x86_64-linux-gnu/libpcl_stereo.so  
[2.128s] -- Found PCL_APPS: /usr/lib/x86_64-linux-gnu/libpcl_apps.so  
[2.130s] -- Found PCL_IN_HAND_SCANNER: /usr/include/pcl-1.12  
[2.130s] -- Found PCL_MODELER: /usr/include/pcl-1.12  
[2.130s] -- Found PCL_POINT_CLOUD_EDITOR: /usr/include/pcl-1.12  
[2.130s] -- Found PCL_OUTOFCORE: /usr/lib/x86_64-linux-gnu/libpcl_outofcore.so  
[2.131s] -- Found PCL_PEOPLE: /usr/lib/x86_64-linux-gnu/libpcl_people.so  
[2.134s] -- Found tf2: 0.25.19 (/opt/ros/humble/share/tf2/cmake)
[2.148s] -- Found tf2_ros: 0.25.19 (/opt/ros/humble/share/tf2_ros/cmake)
[2.224s] -- Found tf2_geometry_msgs: 0.25.19 (/opt/ros/humble/share/tf2_geometry_msgs/cmake)
[2.240s] -- Found eigen3_cmake_module: 0.1.1 (/opt/ros/humble/share/eigen3_cmake_module/cmake)
[2.242s] -- Found Eigen3: TRUE (found version "3.4.0") 
[2.242s] -- Ensuring Eigen3 include directory is part of orocos-kdl CMake target
[2.245s] [33mCMake Warning (dev) at CMakeLists.txt:17 (find_package):
[2.245s]   Policy CMP0074 is not set: find_package uses <PackageName>_ROOT variables.
[2.245s]   Run "cmake --help-policy CMP0074" for policy details.  Use the cmake_policy
[2.245s]   command to set the policy and suppress this warning.
[2.245s] 
[2.245s]   CMake variable PCL_ROOT is set to:
[2.245s] 
[2.245s]     /usr
[2.245s] 
[2.245s]   For compatibility, CMake is ignoring the variable.
[2.245s] This warning is for project developers.  Use -Wno-dev to suppress it.
[2.246s] [0m
[2.341s] -- Configuring done
[2.377s] -- Generating done
[2.385s] -- Build files have been written to: /home/peony/navigation_ws/build/path_following
[2.403s] Invoked command in '/home/peony/navigation_ws/build/path_following' returned '0': CMAKE_PREFIX_PATH=${CMAKE_PREFIX_PATH}:/opt/ros/humble /usr/bin/cmake /home/peony/navigation_ws/src/path_following -DAMENT_CMAKE_SYMLINK_INSTALL=1 -DCMAKE_INSTALL_PREFIX=/home/peony/navigation_ws/install/path_following
[2.404s] Invoking command in '/home/peony/navigation_ws/build/path_following': CMAKE_PREFIX_PATH=${CMAKE_PREFIX_PATH}:/opt/ros/humble /usr/bin/cmake --build /home/peony/navigation_ws/build/path_following -- -j32 -l32
[2.446s] [ 33%] [32mBuilding CXX object CMakeFiles/pid_follower.dir/src/TrajFollower.cpp.o[0m
[2.446s] [ 66%] [32mBuilding CXX object CMakeFiles/pid_follower.dir/src/main.cpp.o[0m
[5.012s] In file included from [01m[K/opt/ros/humble/include/rclcpp/rclcpp/logging.hpp:24[m[K,
[5.012s]                  from [01m[K/opt/ros/humble/include/rclcpp/rclcpp/client.hpp:40[m[K,
[5.012s]                  from [01m[K/opt/ros/humble/include/rclcpp/rclcpp/callback_group.hpp:24[m[K,
[5.012s]                  from [01m[K/opt/ros/humble/include/rclcpp/rclcpp/any_executable.hpp:20[m[K,
[5.012s]                  from [01m[K/opt/ros/humble/include/rclcpp/rclcpp/memory_strategy.hpp:25[m[K,
[5.012s]                  from [01m[K/opt/ros/humble/include/rclcpp/rclcpp/memory_strategies.hpp:18[m[K,
[5.012s]                  from [01m[K/opt/ros/humble/include/rclcpp/rclcpp/executor_options.hpp:20[m[K,
[5.012s]                  from [01m[K/opt/ros/humble/include/rclcpp/rclcpp/executor.hpp:37[m[K,
[5.013s]                  from [01m[K/opt/ros/humble/include/rclcpp/rclcpp/executors/multi_threaded_executor.hpp:25[m[K,
[5.013s]                  from [01m[K/opt/ros/humble/include/rclcpp/rclcpp/executors.hpp:21[m[K,
[5.013s]                  from [01m[K/opt/ros/humble/include/rclcpp/rclcpp/rclcpp.hpp:155[m[K,
[5.013s]                  from [01m[K/home/peony/navigation_ws/src/path_following/include/TrajFollower.h:10[m[K,
[5.013s]                  from [01m[K/home/peony/navigation_ws/src/path_following/src/TrajFollower.cpp:1[m[K:
[5.013s] [01m[K/home/peony/navigation_ws/src/path_following/src/TrajFollower.cpp:[m[K In member function ‘[01m[Kvoid TrajFollower::follow()[m[K’:
[5.013s] [01m[K/home/peony/navigation_ws/src/path_following/src/TrajFollower.cpp:99:37:[m[K [01;35m[Kwarning: [m[Kformat ‘[01m[K%d[m[K’ expects argument of type ‘[01m[Kint[m[K’, but argument 6 has type ‘[01m[Klong unsigned int[m[K’ [[01;35m[K]8;;https://gcc.gnu.org/onlinedocs/gcc/Warning-Options.html#index-Wformat=-Wformat=]8;;[m[K]
[5.013s]    99 |     RCLCPP_INFO(node_.get_logger(), [01;35m[K"Distance to target: %.2f, nodes left: %d"[m[K, dist, [32m[Knum_left[m[K);
[5.013s]       |                                     [01;35m[K^~~~~~~~~~~~~~~~~~~~~~~~~~~~~~~~~~~~~~~~~~[m[K        [32m[K~~~~~~~~[m[K
[5.013s]       |                                                                                       [32m[K|[m[K
[5.013s]       |                                                                                       [32m[Klong unsigned int[m[K
[5.013s] [01m[K/home/peony/navigation_ws/src/path_following/src/TrajFollower.cpp:99:77:[m[K [01;36m[Knote: [m[Kformat string is defined here
[5.013s]    99 |     RCLCPP_INFO(node_.get_logger(), "Distance to target: %.2f, nodes left: [01;36m[K%d[m[K", dist, num_left);
[5.013s]       |                                                                            [01;36m[K~^[m[K
[5.013s]       |                                                                             [01;36m[K|[m[K
[5.013s]       |                                                                             [01;36m[Kint[m[K
[5.013s]       |                                                                            [32m[K%ld[m[K
[8.701s] [100%] [32m[1mLinking CXX executable pid_follower[0m
[9.238s] [100%] Built target pid_follower
[9.250s] Invoked command in '/home/peony/navigation_ws/build/path_following' returned '0': CMAKE_PREFIX_PATH=${CMAKE_PREFIX_PATH}:/opt/ros/humble /usr/bin/cmake --build /home/peony/navigation_ws/build/path_following -- -j32 -l32
[9.251s] Invoking command in '/home/peony/navigation_ws/build/path_following': CMAKE_PREFIX_PATH=${CMAKE_PREFIX_PATH}:/opt/ros/humble /usr/bin/cmake --install /home/peony/navigation_ws/build/path_following
[9.256s] -- Install configuration: ""
[9.256s] -- Execute custom install script
[9.256s] -- Symlinking: /home/peony/navigation_ws/install/path_following/lib/path_following/pid_follower
[9.262s] -- Symlinking: /home/peony/navigation_ws/install/path_following/share/ament_index/resource_index/package_run_dependencies/path_following
[9.268s] -- Symlinking: /home/peony/navigation_ws/install/path_following/share/ament_index/resource_index/parent_prefix_path/path_following
[9.273s] -- Symlinking: /home/peony/navigation_ws/install/path_following/share/path_following/environment/ament_prefix_path.sh
[9.279s] -- Symlinking: /home/peony/navigation_ws/install/path_following/share/path_following/environment/ament_prefix_path.dsv
[9.284s] -- Symlinking: /home/peony/navigation_ws/install/path_following/share/path_following/environment/path.sh
[9.290s] -- Symlinking: /home/peony/navigation_ws/install/path_following/share/path_following/environment/path.dsv
[9.296s] -- Symlinking: /home/peony/navigation_ws/install/path_following/share/path_following/local_setup.bash
[9.302s] -- Symlinking: /home/peony/navigation_ws/install/path_following/share/path_following/local_setup.sh
[9.308s] -- Symlinking: /home/peony/navigation_ws/install/path_following/share/path_following/local_setup.zsh
[9.314s] -- Symlinking: /home/peony/navigation_ws/install/path_following/share/path_following/local_setup.dsv
[9.321s] -- Symlinking: /home/peony/navigation_ws/install/path_following/share/path_following/package.dsv
[9.327s] -- Symlinking: /home/peony/navigation_ws/install/path_following/share/ament_index/resource_index/packages/path_following
[9.333s] -- Symlinking: /home/peony/navigation_ws/install/path_following/share/path_following/cmake/path_followingConfig.cmake
[9.339s] -- Symlinking: /home/peony/navigation_ws/install/path_following/share/path_following/cmake/path_followingConfig-version.cmake
[9.345s] -- Symlinking: /home/peony/navigation_ws/install/path_following/share/path_following/package.xml
[9.352s] Invoked command in '/home/peony/navigation_ws/build/path_following' returned '0': CMAKE_PREFIX_PATH=${CMAKE_PREFIX_PATH}:/opt/ros/humble /usr/bin/cmake --install /home/peony/navigation_ws/build/path_following
