-- Found ament_cmake: 1.3.13 (/opt/ros/humble/share/ament_cmake/cmake)
-- Override CMake install command with custom implementation using symlinks instead of copying resources
-- Found rclcpp: 16.0.18 (/opt/ros/humble/share/rclcpp/cmake)
-- Found rosidl_generator_c: 3.1.8 (/opt/ros/humble/share/rosidl_generator_c/cmake)
-- Found rosidl_adapter: 3.1.8 (/opt/ros/humble/share/rosidl_adapter/cmake)
-- Found rosidl_generator_cpp: 3.1.8 (/opt/ros/humble/share/rosidl_generator_cpp/cmake)
-- Using all available rosidl_typesupport_c: rosidl_typesupport_fastrtps_c;rosidl_typesupport_introspection_c
-- Using all available rosidl_typesupport_cpp: rosidl_typesupport_fastrtps_cpp;rosidl_typesupport_introspection_cpp
-- Found rmw_implementation_cmake: 6.1.2 (/opt/ros/humble/share/rmw_implementation_cmake/cmake)
-- Found rmw_fastrtps_cpp: 6.2.10 (/opt/ros/humble/share/rmw_fastrtps_cpp/cmake)
-- Using RMW implementation 'rmw_fastrtps_cpp' as default
-- Found nav_msgs: 4.9.1 (/opt/ros/humble/share/nav_msgs/cmake)
-- Found sensor_msgs: 4.9.1 (/opt/ros/humble/share/sensor_msgs/cmake)
-- Found tf2_ros: 0.25.19 (/opt/ros/humble/share/tf2_ros/cmake)
-- Found tf2_eigen: 0.25.19 (/opt/ros/humble/share/tf2_eigen/cmake)
-- Found tf2_geometry_msgs: 0.25.19 (/opt/ros/humble/share/tf2_geometry_msgs/cmake)
-- Found eigen3_cmake_module: 0.1.1 (/opt/ros/humble/share/eigen3_cmake_module/cmake)
-- Found Eigen3: TRUE (found version "3.4.0") 
-- Ensuring Eigen3 include directory is part of orocos-kdl CMake target
-- Eigen found (include: /usr/include/eigen3, version: 3.4.0)
-- FLANN found (include: /usr/include, lib: /usr/lib/x86_64-linux-gnu/libflann_cpp.so)
-- Found Eigen3: /usr/include/eigen3 (found version "3.4.0") 
-- OpenNI found (version: 1.5.4.0, include: /usr/include/ni, lib: /usr/lib/libOpenNI.so;libusb::libusb)
-- OpenNI2 found (version: 2.2.0.33, include: /usr/include/openni2, lib: /usr/lib/x86_64-linux-gnu/libOpenNI2.so;libusb::libusb)
[0m** WARNING ** io features related to pcap will be disabled[0m
-- Eigen found (include: /usr/include/eigen3, version: 3.4.0)
-- OpenNI found (version: 1.5.4.0, include: /usr/include/ni, lib: /usr/lib/libOpenNI.so;libusb::libusb)
-- OpenNI2 found (version: 2.2.0.33, include: /usr/include/openni2, lib: /usr/lib/x86_64-linux-gnu/libOpenNI2.so;libusb::libusb)
-- Found Qhull version 8.0.2
-- OpenNI found (version: 1.5.4.0, include: /usr/include/ni, lib: /usr/lib/libOpenNI.so;libusb::libusb)
-- looking for PCL_COMMON
-- looking for PCL_KDTREE
-- looking for PCL_OCTREE
-- looking for PCL_SEARCH
-- looking for PCL_SAMPLE_CONSENSUS
-- looking for PCL_FILTERS
-- looking for PCL_2D
-- looking for PCL_GEOMETRY
-- looking for PCL_IO
-- looking for PCL_FEATURES
-- looking for PCL_ML
-- looking for PCL_SEGMENTATION
-- looking for PCL_VISUALIZATION
-- looking for PCL_SURFACE
-- looking for PCL_REGISTRATION
-- looking for PCL_KEYPOINTS
-- looking for PCL_TRACKING
-- looking for PCL_RECOGNITION
-- looking for PCL_STEREO
-- looking for PCL_APPS
-- looking for PCL_IN_HAND_SCANNER
-- looking for PCL_MODELER
-- looking for PCL_POINT_CLOUD_EDITOR
-- looking for PCL_OUTOFCORE
-- looking for PCL_PEOPLE
-- Found pcl_conversions: 2.4.5 (/opt/ros/humble/share/pcl_conversions/cmake)
-- Found pcl_ros: 2.4.5 (/opt/ros/humble/share/pcl_ros/cmake)
-- Found visualization_msgs: 4.9.1 (/opt/ros/humble/share/visualization_msgs/cmake)
-- Configuring done
-- Generating done
-- Build files have been written to: /home/peony/navigation_ws/build/path_searching
[35m[1mConsolidate compiler generated dependencies of target path_searching_lib[0m
[ 50%] Built target path_searching_lib
[35m[1mConsolidate compiler generated dependencies of target esdf_benchmark[0m
[35m[1mConsolidate compiler generated dependencies of target plan_manager[0m
[ 75%] Built target esdf_benchmark
[ 87%] [32mBuilding CXX object CMakeFiles/plan_manager.dir/src/plan_manager.cpp.o[0m
[01m[K/home/peony/navigation_ws/src/path_searching/src/plan_manager.cpp:[m[K In member function ‘[01m[Kvoid PlanManager::plan(Eigen::Vector2d, Eigen::Vector2d)[m[K’:
[01m[K/home/peony/navigation_ws/src/path_searching/src/plan_manager.cpp:257:10:[m[K [01;35m[Kwarning: [m[Kvariable ‘[01m[Kbefore_smooth_end[m[K’ set but not used [[01;35m[K]8;;https://gcc.gnu.org/onlinedocs/gcc/Warning-Options.html#index-Wunused-but-set-variable-Wunused-but-set-variable]8;;[m[K]
  257 |     auto [01;35m[Kbefore_smooth_end[m[K = Path_2d.back();
      |          [01;35m[K^~~~~~~~~~~~~~~~~[m[K
[100%] [32m[1mLinking CXX executable plan_manager[0m
[100%] Built target plan_manager
-- Install configuration: ""
-- Execute custom install script
-- Up-to-date symlink: /home/peony/navigation_ws/install/path_searching/lib/path_searching/plan_manager
-- Up-to-date symlink: /home/peony/navigation_ws/install/path_searching/lib/path_searching/esdf_benchmark
-- Up-to-date symlink: /home/peony/navigation_ws/install/path_searching/lib/libpath_searching_lib.a
-- Up-to-date symlink: /home/peony/navigation_ws/install/path_searching/include/Astar.h
-- Up-to-date symlink: /home/peony/navigation_ws/install/path_searching/include/cubic_spline/cpprobotics_types.h
-- Up-to-date symlink: /home/peony/navigation_ws/install/path_searching/include/cubic_spline/cubic_spline.h
-- Up-to-date symlink: /home/peony/navigation_ws/install/path_searching/include/cubic_spline/cubic_spline_ros.h
-- Up-to-date symlink: /home/peony/navigation_ws/install/path_searching/include/esdf_map.h
-- Up-to-date symlink: /home/peony/navigation_ws/install/path_searching/include/smoother.h
-- Up-to-date symlink: /home/peony/navigation_ws/install/path_searching/include/ulitys.h
-- Up-to-date symlink: /home/peony/navigation_ws/install/path_searching/share/path_searching/launch/astar.launch.py
-- Up-to-date symlink: /home/peony/navigation_ws/install/path_searching/share/path_searching/launch/astar_rviz_map_server.launch.py
-- Up-to-date symlink: /home/peony/navigation_ws/install/path_searching/share/path_searching/launch/debug_astar.launch.py
-- Up-to-date symlink: /home/peony/navigation_ws/install/path_searching/share/path_searching/launch/try_param.launch.py
-- Up-to-date symlink: /home/peony/navigation_ws/install/path_searching/share/path_searching/launch/voronoi_astar.launch.py
-- Up-to-date symlink: /home/peony/navigation_ws/install/path_searching/share/path_searching/cfg/plan_param.yaml
-- Up-to-date symlink: /home/peony/navigation_ws/install/path_searching/share/path_searching/environment/library_path.sh
-- Up-to-date symlink: /home/peony/navigation_ws/install/path_searching/share/path_searching/environment/library_path.dsv
-- Up-to-date symlink: /home/peony/navigation_ws/install/path_searching/share/ament_index/resource_index/package_run_dependencies/path_searching
-- Up-to-date symlink: /home/peony/navigation_ws/install/path_searching/share/ament_index/resource_index/parent_prefix_path/path_searching
-- Up-to-date symlink: /home/peony/navigation_ws/install/path_searching/share/path_searching/environment/ament_prefix_path.sh
-- Up-to-date symlink: /home/peony/navigation_ws/install/path_searching/share/path_searching/environment/ament_prefix_path.dsv
-- Up-to-date symlink: /home/peony/navigation_ws/install/path_searching/share/path_searching/environment/path.sh
-- Up-to-date symlink: /home/peony/navigation_ws/install/path_searching/share/path_searching/environment/path.dsv
-- Up-to-date symlink: /home/peony/navigation_ws/install/path_searching/share/path_searching/local_setup.bash
-- Up-to-date symlink: /home/peony/navigation_ws/install/path_searching/share/path_searching/local_setup.sh
-- Up-to-date symlink: /home/peony/navigation_ws/install/path_searching/share/path_searching/local_setup.zsh
-- Up-to-date symlink: /home/peony/navigation_ws/install/path_searching/share/path_searching/local_setup.dsv
-- Symlinking: /home/peony/navigation_ws/install/path_searching/share/path_searching/package.dsv
-- Up-to-date symlink: /home/peony/navigation_ws/install/path_searching/share/ament_index/resource_index/packages/path_searching
-- Up-to-date symlink: /home/peony/navigation_ws/install/path_searching/share/path_searching/cmake/ament_cmake_export_include_directories-extras.cmake
-- Up-to-date symlink: /home/peony/navigation_ws/install/path_searching/share/path_searching/cmake/ament_cmake_export_libraries-extras.cmake
-- Up-to-date symlink: /home/peony/navigation_ws/install/path_searching/share/path_searching/cmake/ament_cmake_export_dependencies-extras.cmake
-- Up-to-date symlink: /home/peony/navigation_ws/install/path_searching/share/path_searching/cmake/path_searchingConfig.cmake
-- Up-to-date symlink: /home/peony/navigation_ws/install/path_searching/share/path_searching/cmake/path_searchingConfig-version.cmake
-- Up-to-date symlink: /home/peony/navigation_ws/install/path_searching/share/path_searching/package.xml
