[0.008s] Invoking command in '/home/peony/navigation_ws/build/path_searching': CMAKE_PREFIX_PATH=${CMAKE_PREFIX_PATH}:/opt/ros/humble /usr/bin/cmake /home/peony/navigation_ws/src/path_searching -DAMENT_CMAKE_SYMLINK_INSTALL=1 -DCMAKE_INSTALL_PREFIX=/home/peony/navigation_ws/install/path_searching
[0.016s] -- Found ament_cmake: 1.3.13 (/opt/ros/humble/share/ament_cmake/cmake)
[0.087s] -- Override CMake install command with custom implementation using symlinks instead of copying resources
[0.091s] -- Found rclcpp: 16.0.18 (/opt/ros/humble/share/rclcpp/cmake)
[0.108s] -- Found rosidl_generator_c: 3.1.8 (/opt/ros/humble/share/rosidl_generator_c/cmake)
[0.109s] -- Found rosidl_adapter: 3.1.8 (/opt/ros/humble/share/rosidl_adapter/cmake)
[0.112s] -- Found rosidl_generator_cpp: 3.1.8 (/opt/ros/humble/share/rosidl_generator_cpp/cmake)
[0.118s] -- Using all available rosidl_typesupport_c: rosidl_typesupport_fastrtps_c;rosidl_typesupport_introspection_c
[0.124s] -- Using all available rosidl_typesupport_cpp: rosidl_typesupport_fastrtps_cpp;rosidl_typesupport_introspection_cpp
[0.141s] -- Found rmw_implementation_cmake: 6.1.2 (/opt/ros/humble/share/rmw_implementation_cmake/cmake)
[0.142s] -- Found rmw_fastrtps_cpp: 6.2.10 (/opt/ros/humble/share/rmw_fastrtps_cpp/cmake)
[0.215s] -- Using RMW implementation 'rmw_fastrtps_cpp' as default
[0.241s] -- Found nav_msgs: 4.9.1 (/opt/ros/humble/share/nav_msgs/cmake)
[0.256s] -- Found sensor_msgs: 4.9.1 (/opt/ros/humble/share/sensor_msgs/cmake)
[0.265s] -- Found tf2_ros: 0.25.19 (/opt/ros/humble/share/tf2_ros/cmake)
[0.309s] -- Found tf2_eigen: 0.25.19 (/opt/ros/humble/share/tf2_eigen/cmake)
[0.311s] -- Found tf2_geometry_msgs: 0.25.19 (/opt/ros/humble/share/tf2_geometry_msgs/cmake)
[0.312s] -- Found eigen3_cmake_module: 0.1.1 (/opt/ros/humble/share/eigen3_cmake_module/cmake)
[0.313s] -- Found Eigen3: TRUE (found version "3.4.0") 
[0.313s] -- Ensuring Eigen3 include directory is part of orocos-kdl CMake target
[0.323s] -- Eigen found (include: /usr/include/eigen3, version: 3.4.0)
[0.345s] -- FLANN found (include: /usr/include, lib: /usr/lib/x86_64-linux-gnu/libflann_cpp.so)
[0.463s] -- Found Eigen3: /usr/include/eigen3 (found version "3.4.0") 
[0.544s] -- OpenNI found (version: 1.5.4.0, include: /usr/include/ni, lib: /usr/lib/libOpenNI.so;libusb::libusb)
[0.548s] -- OpenNI2 found (version: 2.2.0.33, include: /usr/include/openni2, lib: /usr/lib/x86_64-linux-gnu/libOpenNI2.so;libusb::libusb)
[0.548s] [0m** WARNING ** io features related to pcap will be disabled[0m
[0.642s] -- Eigen found (include: /usr/include/eigen3, version: 3.4.0)
[0.645s] -- OpenNI found (version: 1.5.4.0, include: /usr/include/ni, lib: /usr/lib/libOpenNI.so;libusb::libusb)
[0.649s] -- OpenNI2 found (version: 2.2.0.33, include: /usr/include/openni2, lib: /usr/lib/x86_64-linux-gnu/libOpenNI2.so;libusb::libusb)
[0.741s] -- Found Qhull version 8.0.2
[0.832s] -- OpenNI found (version: 1.5.4.0, include: /usr/include/ni, lib: /usr/lib/libOpenNI.so;libusb::libusb)
[0.922s] -- looking for PCL_COMMON
[0.922s] -- looking for PCL_KDTREE
[0.922s] -- looking for PCL_OCTREE
[0.923s] -- looking for PCL_SEARCH
[0.923s] -- looking for PCL_SAMPLE_CONSENSUS
[0.923s] -- looking for PCL_FILTERS
[0.923s] -- looking for PCL_2D
[0.924s] -- looking for PCL_GEOMETRY
[0.924s] -- looking for PCL_IO
[0.924s] -- looking for PCL_FEATURES
[0.924s] -- looking for PCL_ML
[0.924s] -- looking for PCL_SEGMENTATION
[0.925s] -- looking for PCL_VISUALIZATION
[0.925s] -- looking for PCL_SURFACE
[0.925s] -- looking for PCL_REGISTRATION
[0.926s] -- looking for PCL_KEYPOINTS
[0.926s] -- looking for PCL_TRACKING
[0.926s] -- looking for PCL_RECOGNITION
[0.926s] -- looking for PCL_STEREO
[0.927s] -- looking for PCL_APPS
[0.927s] -- looking for PCL_IN_HAND_SCANNER
[0.927s] -- looking for PCL_MODELER
[0.927s] -- looking for PCL_POINT_CLOUD_EDITOR
[0.927s] -- looking for PCL_OUTOFCORE
[0.928s] -- looking for PCL_PEOPLE
[0.928s] -- Found pcl_conversions: 2.4.5 (/opt/ros/humble/share/pcl_conversions/cmake)
[0.940s] -- Found pcl_ros: 2.4.5 (/opt/ros/humble/share/pcl_ros/cmake)
[0.946s] -- Found visualization_msgs: 4.9.1 (/opt/ros/humble/share/visualization_msgs/cmake)
[1.016s] -- Configuring done
[1.084s] -- Generating done
[1.098s] -- Build files have been written to: /home/peony/navigation_ws/build/path_searching
[1.110s] Invoked command in '/home/peony/navigation_ws/build/path_searching' returned '0': CMAKE_PREFIX_PATH=${CMAKE_PREFIX_PATH}:/opt/ros/humble /usr/bin/cmake /home/peony/navigation_ws/src/path_searching -DAMENT_CMAKE_SYMLINK_INSTALL=1 -DCMAKE_INSTALL_PREFIX=/home/peony/navigation_ws/install/path_searching
[1.111s] Invoking command in '/home/peony/navigation_ws/build/path_searching': CMAKE_PREFIX_PATH=${CMAKE_PREFIX_PATH}:/opt/ros/humble /usr/bin/cmake --build /home/peony/navigation_ws/build/path_searching -- -j32 -l32
[1.145s] [35m[1mConsolidate compiler generated dependencies of target path_searching_lib[0m
[1.164s] [ 50%] Built target path_searching_lib
[1.172s] [35m[1mConsolidate compiler generated dependencies of target esdf_benchmark[0m
[1.172s] [35m[1mConsolidate compiler generated dependencies of target plan_manager[0m
[1.183s] [ 75%] Built target esdf_benchmark
[1.196s] [ 87%] [32mBuilding CXX object CMakeFiles/plan_manager.dir/src/plan_manager.cpp.o[0m
[4.799s] [01m[K/home/peony/navigation_ws/src/path_searching/src/plan_manager.cpp:[m[K In member function ‘[01m[Kvoid PlanManager::plan(Eigen::Vector2d, Eigen::Vector2d)[m[K’:
[4.800s] [01m[K/home/peony/navigation_ws/src/path_searching/src/plan_manager.cpp:257:10:[m[K [01;35m[Kwarning: [m[Kvariable ‘[01m[Kbefore_smooth_end[m[K’ set but not used [[01;35m[K]8;;https://gcc.gnu.org/onlinedocs/gcc/Warning-Options.html#index-Wunused-but-set-variable-Wunused-but-set-variable]8;;[m[K]
[4.800s]   257 |     auto [01;35m[Kbefore_smooth_end[m[K = Path_2d.back();
[4.800s]       |          [01;35m[K^~~~~~~~~~~~~~~~~[m[K
[11.799s] [100%] [32m[1mLinking CXX executable plan_manager[0m
[12.930s] [100%] Built target plan_manager
[12.942s] Invoked command in '/home/peony/navigation_ws/build/path_searching' returned '0': CMAKE_PREFIX_PATH=${CMAKE_PREFIX_PATH}:/opt/ros/humble /usr/bin/cmake --build /home/peony/navigation_ws/build/path_searching -- -j32 -l32
[12.949s] Invoking command in '/home/peony/navigation_ws/build/path_searching': CMAKE_PREFIX_PATH=${CMAKE_PREFIX_PATH}:/opt/ros/humble /usr/bin/cmake --install /home/peony/navigation_ws/build/path_searching
[12.954s] -- Install configuration: ""
[12.955s] -- Execute custom install script
[12.955s] -- Up-to-date symlink: /home/peony/navigation_ws/install/path_searching/lib/path_searching/plan_manager
[12.955s] -- Up-to-date symlink: /home/peony/navigation_ws/install/path_searching/lib/path_searching/esdf_benchmark
[12.955s] -- Up-to-date symlink: /home/peony/navigation_ws/install/path_searching/lib/libpath_searching_lib.a
[12.955s] -- Up-to-date symlink: /home/peony/navigation_ws/install/path_searching/include/Astar.h
[12.955s] -- Up-to-date symlink: /home/peony/navigation_ws/install/path_searching/include/cubic_spline/cpprobotics_types.h
[12.955s] -- Up-to-date symlink: /home/peony/navigation_ws/install/path_searching/include/cubic_spline/cubic_spline.h
[12.955s] -- Up-to-date symlink: /home/peony/navigation_ws/install/path_searching/include/cubic_spline/cubic_spline_ros.h
[12.955s] -- Up-to-date symlink: /home/peony/navigation_ws/install/path_searching/include/esdf_map.h
[12.956s] -- Up-to-date symlink: /home/peony/navigation_ws/install/path_searching/include/smoother.h
[12.956s] -- Up-to-date symlink: /home/peony/navigation_ws/install/path_searching/include/ulitys.h
[12.956s] -- Up-to-date symlink: /home/peony/navigation_ws/install/path_searching/share/path_searching/launch/astar.launch.py
[12.956s] -- Up-to-date symlink: /home/peony/navigation_ws/install/path_searching/share/path_searching/launch/astar_rviz_map_server.launch.py
[12.956s] -- Up-to-date symlink: /home/peony/navigation_ws/install/path_searching/share/path_searching/launch/debug_astar.launch.py
[12.956s] -- Up-to-date symlink: /home/peony/navigation_ws/install/path_searching/share/path_searching/launch/try_param.launch.py
[12.956s] -- Up-to-date symlink: /home/peony/navigation_ws/install/path_searching/share/path_searching/launch/voronoi_astar.launch.py
[12.956s] -- Up-to-date symlink: /home/peony/navigation_ws/install/path_searching/share/path_searching/cfg/plan_param.yaml
[12.956s] -- Up-to-date symlink: /home/peony/navigation_ws/install/path_searching/share/path_searching/environment/library_path.sh
[12.956s] -- Up-to-date symlink: /home/peony/navigation_ws/install/path_searching/share/path_searching/environment/library_path.dsv
[12.956s] -- Up-to-date symlink: /home/peony/navigation_ws/install/path_searching/share/ament_index/resource_index/package_run_dependencies/path_searching
[12.956s] -- Up-to-date symlink: /home/peony/navigation_ws/install/path_searching/share/ament_index/resource_index/parent_prefix_path/path_searching
[12.957s] -- Up-to-date symlink: /home/peony/navigation_ws/install/path_searching/share/path_searching/environment/ament_prefix_path.sh
[12.957s] -- Up-to-date symlink: /home/peony/navigation_ws/install/path_searching/share/path_searching/environment/ament_prefix_path.dsv
[12.957s] -- Up-to-date symlink: /home/peony/navigation_ws/install/path_searching/share/path_searching/environment/path.sh
[12.957s] -- Up-to-date symlink: /home/peony/navigation_ws/install/path_searching/share/path_searching/environment/path.dsv
[12.957s] -- Up-to-date symlink: /home/peony/navigation_ws/install/path_searching/share/path_searching/local_setup.bash
[12.957s] -- Up-to-date symlink: /home/peony/navigation_ws/install/path_searching/share/path_searching/local_setup.sh
[12.957s] -- Up-to-date symlink: /home/peony/navigation_ws/install/path_searching/share/path_searching/local_setup.zsh
[12.957s] -- Up-to-date symlink: /home/peony/navigation_ws/install/path_searching/share/path_searching/local_setup.dsv
[12.957s] -- Symlinking: /home/peony/navigation_ws/install/path_searching/share/path_searching/package.dsv
[12.964s] -- Up-to-date symlink: /home/peony/navigation_ws/install/path_searching/share/ament_index/resource_index/packages/path_searching
[12.964s] -- Up-to-date symlink: /home/peony/navigation_ws/install/path_searching/share/path_searching/cmake/ament_cmake_export_include_directories-extras.cmake
[12.965s] -- Up-to-date symlink: /home/peony/navigation_ws/install/path_searching/share/path_searching/cmake/ament_cmake_export_libraries-extras.cmake
[12.965s] -- Up-to-date symlink: /home/peony/navigation_ws/install/path_searching/share/path_searching/cmake/ament_cmake_export_dependencies-extras.cmake
[12.965s] -- Up-to-date symlink: /home/peony/navigation_ws/install/path_searching/share/path_searching/cmake/path_searchingConfig.cmake
[12.965s] -- Up-to-date symlink: /home/peony/navigation_ws/install/path_searching/share/path_searching/cmake/path_searchingConfig-version.cmake
[12.965s] -- Up-to-date symlink: /home/peony/navigation_ws/install/path_searching/share/path_searching/package.xml
[12.967s] Invoked command in '/home/peony/navigation_ws/build/path_searching' returned '0': CMAKE_PREFIX_PATH=${CMAKE_PREFIX_PATH}:/opt/ros/humble /usr/bin/cmake --install /home/peony/navigation_ws/build/path_searching
