-- Found ament_cmake: 1.3.13 (/opt/ros/humble/share/ament_cmake/cmake)
-- Override CMake install command with custom implementation using symlinks instead of copying resources
-- Found rclcpp: 16.0.18 (/opt/ros/humble/share/rclcpp/cmake)
-- Found rosidl_generator_c: 3.1.8 (/opt/ros/humble/share/rosidl_generator_c/cmake)
-- Found rosidl_adapter: 3.1.8 (/opt/ros/humble/share/rosidl_adapter/cmake)
-- Found rosidl_generator_cpp: 3.1.8 (/opt/ros/humble/share/rosidl_generator_cpp/cmake)
-- Using all available rosidl_typesupport_c: rosidl_typesupport_fastrtps_c;rosidl_typesupport_introspection_c
-- Using all available rosidl_typesupport_cpp: rosidl_typesupport_fastrtps_cpp;rosidl_typesupport_introspection_cpp
-- Found rmw_implementation_cmake: 6.1.2 (/opt/ros/humble/share/rmw_implementation_cmake/cmake)
-- Found rmw_fastrtps_cpp: 6.2.10 (/opt/ros/humble/share/rmw_fastrtps_cpp/cmake)
-- Using RMW implementation 'rmw_fastrtps_cpp' as default
-- Found geometry_msgs: 4.9.1 (/opt/ros/humble/share/geometry_msgs/cmake)
-- Found rosidl_default_generators: 1.2.0 (/opt/ros/humble/share/rosidl_default_generators/cmake)
-- Found ament_cmake_ros: 0.10.0 (/opt/ros/humble/share/ament_cmake_ros/cmake)
-- Using all available rosidl_typesupport_c: rosidl_typesupport_fastrtps_c;rosidl_typesupport_introspection_c
-- Using all available rosidl_typesupport_cpp: rosidl_typesupport_fastrtps_cpp;rosidl_typesupport_introspection_cpp
-- Found python_cmake_module: 0.10.0 (/opt/ros/humble/share/python_cmake_module/cmake)
-- Using PYTHON_EXECUTABLE: /usr/bin/python3
-- Using PYTHON_INCLUDE_DIRS: /usr/include/python3.10
-- Using PYTHON_LIBRARIES: /usr/lib/x86_64-linux-gnu/libpython3.10.so
-- Configuring done
-- Generating done
-- Build files have been written to: /home/peony/navigation_ws/build/vel_forwarder
[35m[1mConsolidate compiler generated dependencies of target vel_forwarder__rosidl_generator_c[0m
[  1%] Built target vel_forwarder__cpp
[ 12%] Built target vel_forwarder__rosidl_generator_c
[ 12%] Built target ament_cmake_python_symlink_vel_forwarder
[35m[1mConsolidate compiler generated dependencies of target vel_forwarder__rosidl_typesupport_fastrtps_cpp[0m
[35m[1mConsolidate compiler generated dependencies of target vel_forwarder__rosidl_typesupport_cpp[0m
[35m[1mConsolidate compiler generated dependencies of target vel_forwarder__rosidl_typesupport_introspection_cpp[0m
[35m[1mConsolidate compiler generated dependencies of target vel_forwarder__rosidl_typesupport_c[0m
[35m[1mConsolidate compiler generated dependencies of target vel_forwarder__rosidl_typesupport_introspection_c[0m
[35m[1mConsolidate compiler generated dependencies of target vel_forwarder__rosidl_typesupport_fastrtps_c[0m
[ 23%] Built target vel_forwarder__rosidl_typesupport_c
[ 34%] Built target vel_forwarder__rosidl_typesupport_introspection_c
[ 45%] Built target vel_forwarder__rosidl_typesupport_introspection_cpp
[ 66%] Built target vel_forwarder__rosidl_typesupport_fastrtps_cpp
[ 67%] Built target vel_forwarder__rosidl_typesupport_cpp
[ 79%] Built target vel_forwarder__rosidl_typesupport_fastrtps_c
[35m[1mConsolidate compiler generated dependencies of target forwarder_node[0m
[ 79%] Built target vel_forwarder
[ 81%] Built target forwarder_node
[ 82%] Built target vel_forwarder__py
[35m[1mConsolidate compiler generated dependencies of target vel_forwarder__rosidl_generator_py[0m
[ 92%] Built target vel_forwarder__rosidl_generator_py
[35m[1mConsolidate compiler generated dependencies of target vel_forwarder__rosidl_typesupport_introspection_c__pyext[0m
[35m[1mConsolidate compiler generated dependencies of target vel_forwarder__rosidl_typesupport_c__pyext[0m
[35m[1mConsolidate compiler generated dependencies of target vel_forwarder__rosidl_typesupport_fastrtps_c__pyext[0m
[ 95%] Built target vel_forwarder__rosidl_typesupport_c__pyext
[ 97%] Built target vel_forwarder__rosidl_typesupport_fastrtps_c__pyext
[100%] Built target vel_forwarder__rosidl_typesupport_introspection_c__pyext
running egg_info
writing vel_forwarder.egg-info/PKG-INFO
writing dependency_links to vel_forwarder.egg-info/dependency_links.txt
writing top-level names to vel_forwarder.egg-info/top_level.txt
reading manifest file 'vel_forwarder.egg-info/SOURCES.txt'
writing manifest file 'vel_forwarder.egg-info/SOURCES.txt'
[100%] Built target ament_cmake_python_build_vel_forwarder_egg
-- Install configuration: ""
-- Execute custom install script
-- Up-to-date symlink: /home/peony/navigation_ws/install/vel_forwarder/share/ament_index/resource_index/rosidl_interfaces/vel_forwarder
-- Up-to-date symlink: /home/peony/navigation_ws/install/vel_forwarder/include/vel_forwarder/vel_forwarder/msg/buff_data.h
-- Up-to-date symlink: /home/peony/navigation_ws/install/vel_forwarder/include/vel_forwarder/vel_forwarder/msg/detail/buff_data__functions.h
-- Up-to-date symlink: /home/peony/navigation_ws/install/vel_forwarder/include/vel_forwarder/vel_forwarder/msg/detail/buff_data__struct.h
-- Up-to-date symlink: /home/peony/navigation_ws/install/vel_forwarder/include/vel_forwarder/vel_forwarder/msg/detail/buff_data__type_support.h
-- Up-to-date symlink: /home/peony/navigation_ws/install/vel_forwarder/include/vel_forwarder/vel_forwarder/msg/detail/game_data__functions.h
-- Up-to-date symlink: /home/peony/navigation_ws/install/vel_forwarder/include/vel_forwarder/vel_forwarder/msg/detail/game_data__struct.h
-- Up-to-date symlink: /home/peony/navigation_ws/install/vel_forwarder/include/vel_forwarder/vel_forwarder/msg/detail/game_data__type_support.h
-- Up-to-date symlink: /home/peony/navigation_ws/install/vel_forwarder/include/vel_forwarder/vel_forwarder/msg/detail/gimbal_angles__functions.h
-- Up-to-date symlink: /home/peony/navigation_ws/install/vel_forwarder/include/vel_forwarder/vel_forwarder/msg/detail/gimbal_angles__struct.h
-- Up-to-date symlink: /home/peony/navigation_ws/install/vel_forwarder/include/vel_forwarder/vel_forwarder/msg/detail/gimbal_angles__type_support.h
-- Up-to-date symlink: /home/peony/navigation_ws/install/vel_forwarder/include/vel_forwarder/vel_forwarder/msg/detail/health__functions.h
-- Up-to-date symlink: /home/peony/navigation_ws/install/vel_forwarder/include/vel_forwarder/vel_forwarder/msg/detail/health__struct.h
-- Up-to-date symlink: /home/peony/navigation_ws/install/vel_forwarder/include/vel_forwarder/vel_forwarder/msg/detail/health__type_support.h
-- Up-to-date symlink: /home/peony/navigation_ws/install/vel_forwarder/include/vel_forwarder/vel_forwarder/msg/detail/position_data__functions.h
-- Up-to-date symlink: /home/peony/navigation_ws/install/vel_forwarder/include/vel_forwarder/vel_forwarder/msg/detail/position_data__struct.h
-- Up-to-date symlink: /home/peony/navigation_ws/install/vel_forwarder/include/vel_forwarder/vel_forwarder/msg/detail/position_data__type_support.h
-- Up-to-date symlink: /home/peony/navigation_ws/install/vel_forwarder/include/vel_forwarder/vel_forwarder/msg/detail/uwb_pos__functions.h
-- Up-to-date symlink: /home/peony/navigation_ws/install/vel_forwarder/include/vel_forwarder/vel_forwarder/msg/detail/uwb_pos__struct.h
-- Up-to-date symlink: /home/peony/navigation_ws/install/vel_forwarder/include/vel_forwarder/vel_forwarder/msg/detail/uwb_pos__type_support.h
-- Up-to-date symlink: /home/peony/navigation_ws/install/vel_forwarder/include/vel_forwarder/vel_forwarder/msg/detail/vel__functions.h
-- Up-to-date symlink: /home/peony/navigation_ws/install/vel_forwarder/include/vel_forwarder/vel_forwarder/msg/detail/vel__struct.h
-- Up-to-date symlink: /home/peony/navigation_ws/install/vel_forwarder/include/vel_forwarder/vel_forwarder/msg/detail/vel__type_support.h
-- Up-to-date symlink: /home/peony/navigation_ws/install/vel_forwarder/include/vel_forwarder/vel_forwarder/msg/game_data.h
-- Up-to-date symlink: /home/peony/navigation_ws/install/vel_forwarder/include/vel_forwarder/vel_forwarder/msg/gimbal_angles.h
-- Up-to-date symlink: /home/peony/navigation_ws/install/vel_forwarder/include/vel_forwarder/vel_forwarder/msg/health.h
-- Up-to-date symlink: /home/peony/navigation_ws/install/vel_forwarder/include/vel_forwarder/vel_forwarder/msg/position_data.h
-- Up-to-date symlink: /home/peony/navigation_ws/install/vel_forwarder/include/vel_forwarder/vel_forwarder/msg/rosidl_generator_c__visibility_control.h
-- Up-to-date symlink: /home/peony/navigation_ws/install/vel_forwarder/include/vel_forwarder/vel_forwarder/msg/uwb_pos.h
-- Up-to-date symlink: /home/peony/navigation_ws/install/vel_forwarder/include/vel_forwarder/vel_forwarder/msg/vel.h
-- Up-to-date symlink: /home/peony/navigation_ws/install/vel_forwarder/share/vel_forwarder/environment/library_path.sh
-- Up-to-date symlink: /home/peony/navigation_ws/install/vel_forwarder/share/vel_forwarder/environment/library_path.dsv
-- Up-to-date symlink: /home/peony/navigation_ws/install/vel_forwarder/include/vel_forwarder/vel_forwarder/msg/detail/buff_data__rosidl_typesupport_fastrtps_c.h
-- Up-to-date symlink: /home/peony/navigation_ws/install/vel_forwarder/include/vel_forwarder/vel_forwarder/msg/detail/game_data__rosidl_typesupport_fastrtps_c.h
-- Up-to-date symlink: /home/peony/navigation_ws/install/vel_forwarder/include/vel_forwarder/vel_forwarder/msg/detail/gimbal_angles__rosidl_typesupport_fastrtps_c.h
-- Up-to-date symlink: /home/peony/navigation_ws/install/vel_forwarder/include/vel_forwarder/vel_forwarder/msg/detail/health__rosidl_typesupport_fastrtps_c.h
-- Up-to-date symlink: /home/peony/navigation_ws/install/vel_forwarder/include/vel_forwarder/vel_forwarder/msg/detail/position_data__rosidl_typesupport_fastrtps_c.h
-- Up-to-date symlink: /home/peony/navigation_ws/install/vel_forwarder/include/vel_forwarder/vel_forwarder/msg/detail/uwb_pos__rosidl_typesupport_fastrtps_c.h
-- Up-to-date symlink: /home/peony/navigation_ws/install/vel_forwarder/include/vel_forwarder/vel_forwarder/msg/detail/vel__rosidl_typesupport_fastrtps_c.h
-- Up-to-date symlink: /home/peony/navigation_ws/install/vel_forwarder/include/vel_forwarder/vel_forwarder/msg/rosidl_typesupport_fastrtps_c__visibility_control.h
-- Up-to-date symlink: /home/peony/navigation_ws/install/vel_forwarder/include/vel_forwarder/vel_forwarder/msg/buff_data.hpp
-- Up-to-date symlink: /home/peony/navigation_ws/install/vel_forwarder/include/vel_forwarder/vel_forwarder/msg/detail/buff_data__builder.hpp
-- Up-to-date symlink: /home/peony/navigation_ws/install/vel_forwarder/include/vel_forwarder/vel_forwarder/msg/detail/buff_data__struct.hpp
-- Up-to-date symlink: /home/peony/navigation_ws/install/vel_forwarder/include/vel_forwarder/vel_forwarder/msg/detail/buff_data__traits.hpp
-- Up-to-date symlink: /home/peony/navigation_ws/install/vel_forwarder/include/vel_forwarder/vel_forwarder/msg/detail/buff_data__type_support.hpp
-- Up-to-date symlink: /home/peony/navigation_ws/install/vel_forwarder/include/vel_forwarder/vel_forwarder/msg/detail/game_data__builder.hpp
-- Up-to-date symlink: /home/peony/navigation_ws/install/vel_forwarder/include/vel_forwarder/vel_forwarder/msg/detail/game_data__struct.hpp
-- Up-to-date symlink: /home/peony/navigation_ws/install/vel_forwarder/include/vel_forwarder/vel_forwarder/msg/detail/game_data__traits.hpp
-- Up-to-date symlink: /home/peony/navigation_ws/install/vel_forwarder/include/vel_forwarder/vel_forwarder/msg/detail/game_data__type_support.hpp
-- Up-to-date symlink: /home/peony/navigation_ws/install/vel_forwarder/include/vel_forwarder/vel_forwarder/msg/detail/gimbal_angles__builder.hpp
-- Up-to-date symlink: /home/peony/navigation_ws/install/vel_forwarder/include/vel_forwarder/vel_forwarder/msg/detail/gimbal_angles__struct.hpp
-- Up-to-date symlink: /home/peony/navigation_ws/install/vel_forwarder/include/vel_forwarder/vel_forwarder/msg/detail/gimbal_angles__traits.hpp
-- Up-to-date symlink: /home/peony/navigation_ws/install/vel_forwarder/include/vel_forwarder/vel_forwarder/msg/detail/gimbal_angles__type_support.hpp
-- Up-to-date symlink: /home/peony/navigation_ws/install/vel_forwarder/include/vel_forwarder/vel_forwarder/msg/detail/health__builder.hpp
-- Up-to-date symlink: /home/peony/navigation_ws/install/vel_forwarder/include/vel_forwarder/vel_forwarder/msg/detail/health__struct.hpp
-- Up-to-date symlink: /home/peony/navigation_ws/install/vel_forwarder/include/vel_forwarder/vel_forwarder/msg/detail/health__traits.hpp
-- Up-to-date symlink: /home/peony/navigation_ws/install/vel_forwarder/include/vel_forwarder/vel_forwarder/msg/detail/health__type_support.hpp
-- Up-to-date symlink: /home/peony/navigation_ws/install/vel_forwarder/include/vel_forwarder/vel_forwarder/msg/detail/position_data__builder.hpp
-- Up-to-date symlink: /home/peony/navigation_ws/install/vel_forwarder/include/vel_forwarder/vel_forwarder/msg/detail/position_data__struct.hpp
-- Up-to-date symlink: /home/peony/navigation_ws/install/vel_forwarder/include/vel_forwarder/vel_forwarder/msg/detail/position_data__traits.hpp
-- Up-to-date symlink: /home/peony/navigation_ws/install/vel_forwarder/include/vel_forwarder/vel_forwarder/msg/detail/position_data__type_support.hpp
-- Up-to-date symlink: /home/peony/navigation_ws/install/vel_forwarder/include/vel_forwarder/vel_forwarder/msg/detail/uwb_pos__builder.hpp
-- Up-to-date symlink: /home/peony/navigation_ws/install/vel_forwarder/include/vel_forwarder/vel_forwarder/msg/detail/uwb_pos__struct.hpp
-- Up-to-date symlink: /home/peony/navigation_ws/install/vel_forwarder/include/vel_forwarder/vel_forwarder/msg/detail/uwb_pos__traits.hpp
-- Up-to-date symlink: /home/peony/navigation_ws/install/vel_forwarder/include/vel_forwarder/vel_forwarder/msg/detail/uwb_pos__type_support.hpp
-- Up-to-date symlink: /home/peony/navigation_ws/install/vel_forwarder/include/vel_forwarder/vel_forwarder/msg/detail/vel__builder.hpp
-- Up-to-date symlink: /home/peony/navigation_ws/install/vel_forwarder/include/vel_forwarder/vel_forwarder/msg/detail/vel__struct.hpp
-- Up-to-date symlink: /home/peony/navigation_ws/install/vel_forwarder/include/vel_forwarder/vel_forwarder/msg/detail/vel__traits.hpp
-- Up-to-date symlink: /home/peony/navigation_ws/install/vel_forwarder/include/vel_forwarder/vel_forwarder/msg/detail/vel__type_support.hpp
-- Up-to-date symlink: /home/peony/navigation_ws/install/vel_forwarder/include/vel_forwarder/vel_forwarder/msg/game_data.hpp
-- Up-to-date symlink: /home/peony/navigation_ws/install/vel_forwarder/include/vel_forwarder/vel_forwarder/msg/gimbal_angles.hpp
-- Up-to-date symlink: /home/peony/navigation_ws/install/vel_forwarder/include/vel_forwarder/vel_forwarder/msg/health.hpp
-- Up-to-date symlink: /home/peony/navigation_ws/install/vel_forwarder/include/vel_forwarder/vel_forwarder/msg/position_data.hpp
-- Up-to-date symlink: /home/peony/navigation_ws/install/vel_forwarder/include/vel_forwarder/vel_forwarder/msg/rosidl_generator_cpp__visibility_control.hpp
-- Up-to-date symlink: /home/peony/navigation_ws/install/vel_forwarder/include/vel_forwarder/vel_forwarder/msg/uwb_pos.hpp
-- Up-to-date symlink: /home/peony/navigation_ws/install/vel_forwarder/include/vel_forwarder/vel_forwarder/msg/vel.hpp
-- Up-to-date symlink: /home/peony/navigation_ws/install/vel_forwarder/include/vel_forwarder/vel_forwarder/msg/detail/buff_data__rosidl_typesupport_fastrtps_cpp.hpp
-- Up-to-date symlink: /home/peony/navigation_ws/install/vel_forwarder/include/vel_forwarder/vel_forwarder/msg/detail/game_data__rosidl_typesupport_fastrtps_cpp.hpp
-- Up-to-date symlink: /home/peony/navigation_ws/install/vel_forwarder/include/vel_forwarder/vel_forwarder/msg/detail/gimbal_angles__rosidl_typesupport_fastrtps_cpp.hpp
-- Up-to-date symlink: /home/peony/navigation_ws/install/vel_forwarder/include/vel_forwarder/vel_forwarder/msg/detail/health__rosidl_typesupport_fastrtps_cpp.hpp
-- Up-to-date symlink: /home/peony/navigation_ws/install/vel_forwarder/include/vel_forwarder/vel_forwarder/msg/detail/position_data__rosidl_typesupport_fastrtps_cpp.hpp
-- Up-to-date symlink: /home/peony/navigation_ws/install/vel_forwarder/include/vel_forwarder/vel_forwarder/msg/detail/uwb_pos__rosidl_typesupport_fastrtps_cpp.hpp
-- Up-to-date symlink: /home/peony/navigation_ws/install/vel_forwarder/include/vel_forwarder/vel_forwarder/msg/detail/vel__rosidl_typesupport_fastrtps_cpp.hpp
-- Up-to-date symlink: /home/peony/navigation_ws/install/vel_forwarder/include/vel_forwarder/vel_forwarder/msg/rosidl_typesupport_fastrtps_cpp__visibility_control.h
-- Up-to-date symlink: /home/peony/navigation_ws/install/vel_forwarder/include/vel_forwarder/vel_forwarder/msg/detail/buff_data__rosidl_typesupport_introspection_c.h
-- Up-to-date symlink: /home/peony/navigation_ws/install/vel_forwarder/include/vel_forwarder/vel_forwarder/msg/detail/game_data__rosidl_typesupport_introspection_c.h
-- Up-to-date symlink: /home/peony/navigation_ws/install/vel_forwarder/include/vel_forwarder/vel_forwarder/msg/detail/gimbal_angles__rosidl_typesupport_introspection_c.h
-- Up-to-date symlink: /home/peony/navigation_ws/install/vel_forwarder/include/vel_forwarder/vel_forwarder/msg/detail/health__rosidl_typesupport_introspection_c.h
-- Up-to-date symlink: /home/peony/navigation_ws/install/vel_forwarder/include/vel_forwarder/vel_forwarder/msg/detail/position_data__rosidl_typesupport_introspection_c.h
-- Up-to-date symlink: /home/peony/navigation_ws/install/vel_forwarder/include/vel_forwarder/vel_forwarder/msg/detail/uwb_pos__rosidl_typesupport_introspection_c.h
-- Up-to-date symlink: /home/peony/navigation_ws/install/vel_forwarder/include/vel_forwarder/vel_forwarder/msg/detail/vel__rosidl_typesupport_introspection_c.h
-- Up-to-date symlink: /home/peony/navigation_ws/install/vel_forwarder/include/vel_forwarder/vel_forwarder/msg/rosidl_typesupport_introspection_c__visibility_control.h
-- Up-to-date symlink: /home/peony/navigation_ws/install/vel_forwarder/include/vel_forwarder/vel_forwarder/msg/detail/buff_data__rosidl_typesupport_introspection_cpp.hpp
-- Up-to-date symlink: /home/peony/navigation_ws/install/vel_forwarder/include/vel_forwarder/vel_forwarder/msg/detail/game_data__rosidl_typesupport_introspection_cpp.hpp
-- Up-to-date symlink: /home/peony/navigation_ws/install/vel_forwarder/include/vel_forwarder/vel_forwarder/msg/detail/gimbal_angles__rosidl_typesupport_introspection_cpp.hpp
-- Up-to-date symlink: /home/peony/navigation_ws/install/vel_forwarder/include/vel_forwarder/vel_forwarder/msg/detail/health__rosidl_typesupport_introspection_cpp.hpp
-- Up-to-date symlink: /home/peony/navigation_ws/install/vel_forwarder/include/vel_forwarder/vel_forwarder/msg/detail/position_data__rosidl_typesupport_introspection_cpp.hpp
-- Up-to-date symlink: /home/peony/navigation_ws/install/vel_forwarder/include/vel_forwarder/vel_forwarder/msg/detail/uwb_pos__rosidl_typesupport_introspection_cpp.hpp
-- Up-to-date symlink: /home/peony/navigation_ws/install/vel_forwarder/include/vel_forwarder/vel_forwarder/msg/detail/vel__rosidl_typesupport_introspection_cpp.hpp
-- Up-to-date symlink: /home/peony/navigation_ws/install/vel_forwarder/share/vel_forwarder/environment/pythonpath.sh
-- Up-to-date symlink: /home/peony/navigation_ws/install/vel_forwarder/share/vel_forwarder/environment/pythonpath.dsv
-- Up-to-date symlink: /home/peony/navigation_ws/install/vel_forwarder/local/lib/python3.10/dist-packages/vel_forwarder-0.0.0-py3.10.egg-info/PKG-INFO
-- Up-to-date symlink: /home/peony/navigation_ws/install/vel_forwarder/local/lib/python3.10/dist-packages/vel_forwarder-0.0.0-py3.10.egg-info/SOURCES.txt
-- Up-to-date symlink: /home/peony/navigation_ws/install/vel_forwarder/local/lib/python3.10/dist-packages/vel_forwarder-0.0.0-py3.10.egg-info/dependency_links.txt
-- Up-to-date symlink: /home/peony/navigation_ws/install/vel_forwarder/local/lib/python3.10/dist-packages/vel_forwarder-0.0.0-py3.10.egg-info/top_level.txt
-- Up-to-date symlink: /home/peony/navigation_ws/install/vel_forwarder/local/lib/python3.10/dist-packages/vel_forwarder/__init__.py
-- Up-to-date symlink: /home/peony/navigation_ws/install/vel_forwarder/local/lib/python3.10/dist-packages/vel_forwarder/_vel_forwarder_s.ep.rosidl_typesupport_c.c
-- Up-to-date symlink: /home/peony/navigation_ws/install/vel_forwarder/local/lib/python3.10/dist-packages/vel_forwarder/_vel_forwarder_s.ep.rosidl_typesupport_fastrtps_c.c
-- Up-to-date symlink: /home/peony/navigation_ws/install/vel_forwarder/local/lib/python3.10/dist-packages/vel_forwarder/_vel_forwarder_s.ep.rosidl_typesupport_introspection_c.c
-- Up-to-date symlink: /home/peony/navigation_ws/install/vel_forwarder/local/lib/python3.10/dist-packages/vel_forwarder/libvel_forwarder__rosidl_generator_py.so
-- Up-to-date symlink: /home/peony/navigation_ws/install/vel_forwarder/local/lib/python3.10/dist-packages/vel_forwarder/msg/__init__.py
-- Up-to-date symlink: /home/peony/navigation_ws/install/vel_forwarder/local/lib/python3.10/dist-packages/vel_forwarder/msg/_buff_data.py
-- Up-to-date symlink: /home/peony/navigation_ws/install/vel_forwarder/local/lib/python3.10/dist-packages/vel_forwarder/msg/_buff_data_s.c
-- Up-to-date symlink: /home/peony/navigation_ws/install/vel_forwarder/local/lib/python3.10/dist-packages/vel_forwarder/msg/_game_data.py
-- Up-to-date symlink: /home/peony/navigation_ws/install/vel_forwarder/local/lib/python3.10/dist-packages/vel_forwarder/msg/_game_data_s.c
-- Up-to-date symlink: /home/peony/navigation_ws/install/vel_forwarder/local/lib/python3.10/dist-packages/vel_forwarder/msg/_gimbal_angles.py
-- Up-to-date symlink: /home/peony/navigation_ws/install/vel_forwarder/local/lib/python3.10/dist-packages/vel_forwarder/msg/_gimbal_angles_s.c
-- Up-to-date symlink: /home/peony/navigation_ws/install/vel_forwarder/local/lib/python3.10/dist-packages/vel_forwarder/msg/_health.py
-- Up-to-date symlink: /home/peony/navigation_ws/install/vel_forwarder/local/lib/python3.10/dist-packages/vel_forwarder/msg/_health_s.c
-- Up-to-date symlink: /home/peony/navigation_ws/install/vel_forwarder/local/lib/python3.10/dist-packages/vel_forwarder/msg/_position_data.py
-- Up-to-date symlink: /home/peony/navigation_ws/install/vel_forwarder/local/lib/python3.10/dist-packages/vel_forwarder/msg/_position_data_s.c
-- Up-to-date symlink: /home/peony/navigation_ws/install/vel_forwarder/local/lib/python3.10/dist-packages/vel_forwarder/msg/_uwb_pos.py
-- Up-to-date symlink: /home/peony/navigation_ws/install/vel_forwarder/local/lib/python3.10/dist-packages/vel_forwarder/msg/_uwb_pos_s.c
-- Up-to-date symlink: /home/peony/navigation_ws/install/vel_forwarder/local/lib/python3.10/dist-packages/vel_forwarder/msg/_vel.py
-- Up-to-date symlink: /home/peony/navigation_ws/install/vel_forwarder/local/lib/python3.10/dist-packages/vel_forwarder/msg/_vel_s.c
-- Up-to-date symlink: /home/peony/navigation_ws/install/vel_forwarder/local/lib/python3.10/dist-packages/vel_forwarder/vel_forwarder_s__rosidl_typesupport_c.cpython-310-x86_64-linux-gnu.so
-- Up-to-date symlink: /home/peony/navigation_ws/install/vel_forwarder/local/lib/python3.10/dist-packages/vel_forwarder/vel_forwarder_s__rosidl_typesupport_fastrtps_c.cpython-310-x86_64-linux-gnu.so
-- Up-to-date symlink: /home/peony/navigation_ws/install/vel_forwarder/local/lib/python3.10/dist-packages/vel_forwarder/vel_forwarder_s__rosidl_typesupport_introspection_c.cpython-310-x86_64-linux-gnu.so
-- Up-to-date symlink: /home/peony/navigation_ws/install/vel_forwarder/local/lib/python3.10/dist-packages/vel_forwarder/vel_forwarder_s__rosidl_typesupport_fastrtps_c.cpython-310-x86_64-linux-gnu.so
-- Up-to-date symlink: /home/peony/navigation_ws/install/vel_forwarder/local/lib/python3.10/dist-packages/vel_forwarder/vel_forwarder_s__rosidl_typesupport_introspection_c.cpython-310-x86_64-linux-gnu.so
-- Up-to-date symlink: /home/peony/navigation_ws/install/vel_forwarder/local/lib/python3.10/dist-packages/vel_forwarder/vel_forwarder_s__rosidl_typesupport_c.cpython-310-x86_64-linux-gnu.so
-- Up-to-date symlink: /home/peony/navigation_ws/install/vel_forwarder/share/vel_forwarder/msg/Vel.idl
-- Up-to-date symlink: /home/peony/navigation_ws/install/vel_forwarder/share/vel_forwarder/msg/BuffData.idl
-- Up-to-date symlink: /home/peony/navigation_ws/install/vel_forwarder/share/vel_forwarder/msg/GameData.idl
-- Up-to-date symlink: /home/peony/navigation_ws/install/vel_forwarder/share/vel_forwarder/msg/GimbalAngles.idl
-- Up-to-date symlink: /home/peony/navigation_ws/install/vel_forwarder/share/vel_forwarder/msg/Health.idl
-- Up-to-date symlink: /home/peony/navigation_ws/install/vel_forwarder/share/vel_forwarder/msg/PositionData.idl
-- Up-to-date symlink: /home/peony/navigation_ws/install/vel_forwarder/share/vel_forwarder/msg/UWBPos.idl
-- Up-to-date symlink: /home/peony/navigation_ws/install/vel_forwarder/share/vel_forwarder/msg/Vel.msg
-- Up-to-date symlink: /home/peony/navigation_ws/install/vel_forwarder/share/vel_forwarder/msg/BuffData.msg
-- Up-to-date symlink: /home/peony/navigation_ws/install/vel_forwarder/share/vel_forwarder/msg/GameData.msg
-- Up-to-date symlink: /home/peony/navigation_ws/install/vel_forwarder/share/vel_forwarder/msg/GimbalAngles.msg
-- Up-to-date symlink: /home/peony/navigation_ws/install/vel_forwarder/share/vel_forwarder/msg/Health.msg
-- Up-to-date symlink: /home/peony/navigation_ws/install/vel_forwarder/share/vel_forwarder/msg/PositionData.msg
-- Up-to-date symlink: /home/peony/navigation_ws/install/vel_forwarder/share/vel_forwarder/msg/UWBPos.msg
-- Up-to-date symlink: /home/peony/navigation_ws/install/vel_forwarder/lib/vel_forwarder/forwarder_node
-- Up-to-date symlink: /home/peony/navigation_ws/install/vel_forwarder/share/ament_index/resource_index/package_run_dependencies/vel_forwarder
-- Up-to-date symlink: /home/peony/navigation_ws/install/vel_forwarder/share/ament_index/resource_index/parent_prefix_path/vel_forwarder
-- Up-to-date symlink: /home/peony/navigation_ws/install/vel_forwarder/share/vel_forwarder/environment/ament_prefix_path.sh
-- Up-to-date symlink: /home/peony/navigation_ws/install/vel_forwarder/share/vel_forwarder/environment/ament_prefix_path.dsv
-- Up-to-date symlink: /home/peony/navigation_ws/install/vel_forwarder/share/vel_forwarder/environment/path.sh
-- Up-to-date symlink: /home/peony/navigation_ws/install/vel_forwarder/share/vel_forwarder/environment/path.dsv
-- Up-to-date symlink: /home/peony/navigation_ws/install/vel_forwarder/share/vel_forwarder/local_setup.bash
-- Up-to-date symlink: /home/peony/navigation_ws/install/vel_forwarder/share/vel_forwarder/local_setup.sh
-- Up-to-date symlink: /home/peony/navigation_ws/install/vel_forwarder/share/vel_forwarder/local_setup.zsh
-- Up-to-date symlink: /home/peony/navigation_ws/install/vel_forwarder/share/vel_forwarder/local_setup.dsv
-- Symlinking: /home/peony/navigation_ws/install/vel_forwarder/share/vel_forwarder/package.dsv
-- Up-to-date symlink: /home/peony/navigation_ws/install/vel_forwarder/share/ament_index/resource_index/packages/vel_forwarder
-- Up-to-date symlink: /home/peony/navigation_ws/install/vel_forwarder/share/vel_forwarder/cmake/rosidl_cmake-extras.cmake
-- Up-to-date symlink: /home/peony/navigation_ws/install/vel_forwarder/share/vel_forwarder/cmake/ament_cmake_export_dependencies-extras.cmake
-- Up-to-date symlink: /home/peony/navigation_ws/install/vel_forwarder/share/vel_forwarder/cmake/ament_cmake_export_include_directories-extras.cmake
-- Up-to-date symlink: /home/peony/navigation_ws/install/vel_forwarder/share/vel_forwarder/cmake/ament_cmake_export_libraries-extras.cmake
-- Up-to-date symlink: /home/peony/navigation_ws/install/vel_forwarder/share/vel_forwarder/cmake/ament_cmake_export_targets-extras.cmake
-- Up-to-date symlink: /home/peony/navigation_ws/install/vel_forwarder/share/vel_forwarder/cmake/rosidl_cmake_export_typesupport_targets-extras.cmake
-- Up-to-date symlink: /home/peony/navigation_ws/install/vel_forwarder/share/vel_forwarder/cmake/rosidl_cmake_export_typesupport_libraries-extras.cmake
-- Up-to-date symlink: /home/peony/navigation_ws/install/vel_forwarder/share/vel_forwarder/cmake/vel_forwarderConfig.cmake
-- Up-to-date symlink: /home/peony/navigation_ws/install/vel_forwarder/share/vel_forwarder/cmake/vel_forwarderConfig-version.cmake
-- Up-to-date symlink: /home/peony/navigation_ws/install/vel_forwarder/share/vel_forwarder/package.xml
-- Up-to-date: /home/peony/navigation_ws/install/vel_forwarder/lib/libvel_forwarder__rosidl_generator_c.so
-- Up-to-date: /home/peony/navigation_ws/install/vel_forwarder/lib/libvel_forwarder__rosidl_typesupport_fastrtps_c.so
-- Up-to-date: /home/peony/navigation_ws/install/vel_forwarder/lib/libvel_forwarder__rosidl_typesupport_fastrtps_cpp.so
-- Up-to-date: /home/peony/navigation_ws/install/vel_forwarder/lib/libvel_forwarder__rosidl_typesupport_introspection_c.so
-- Up-to-date: /home/peony/navigation_ws/install/vel_forwarder/lib/libvel_forwarder__rosidl_typesupport_c.so
-- Up-to-date: /home/peony/navigation_ws/install/vel_forwarder/lib/libvel_forwarder__rosidl_typesupport_introspection_cpp.so
-- Up-to-date: /home/peony/navigation_ws/install/vel_forwarder/lib/libvel_forwarder__rosidl_typesupport_cpp.so
Listing '/home/peony/navigation_ws/install/vel_forwarder/local/lib/python3.10/dist-packages/vel_forwarder'...
Compiling '/home/peony/navigation_ws/install/vel_forwarder/local/lib/python3.10/dist-packages/vel_forwarder/__init__.py'...
Listing '/home/peony/navigation_ws/install/vel_forwarder/local/lib/python3.10/dist-packages/vel_forwarder/msg'...
-- Up-to-date: /home/peony/navigation_ws/install/vel_forwarder/lib/libvel_forwarder__rosidl_generator_py.so
-- Up-to-date: /home/peony/navigation_ws/install/vel_forwarder/share/vel_forwarder/cmake/export_vel_forwarder__rosidl_generator_cExport.cmake
-- Up-to-date: /home/peony/navigation_ws/install/vel_forwarder/share/vel_forwarder/cmake/export_vel_forwarder__rosidl_generator_cExport-noconfig.cmake
-- Up-to-date: /home/peony/navigation_ws/install/vel_forwarder/share/vel_forwarder/cmake/export_vel_forwarder__rosidl_typesupport_fastrtps_cExport.cmake
-- Up-to-date: /home/peony/navigation_ws/install/vel_forwarder/share/vel_forwarder/cmake/export_vel_forwarder__rosidl_typesupport_fastrtps_cExport-noconfig.cmake
-- Up-to-date: /home/peony/navigation_ws/install/vel_forwarder/share/vel_forwarder/cmake/export_vel_forwarder__rosidl_generator_cppExport.cmake
-- Up-to-date: /home/peony/navigation_ws/install/vel_forwarder/share/vel_forwarder/cmake/export_vel_forwarder__rosidl_typesupport_fastrtps_cppExport.cmake
-- Up-to-date: /home/peony/navigation_ws/install/vel_forwarder/share/vel_forwarder/cmake/export_vel_forwarder__rosidl_typesupport_fastrtps_cppExport-noconfig.cmake
-- Up-to-date: /home/peony/navigation_ws/install/vel_forwarder/share/vel_forwarder/cmake/vel_forwarder__rosidl_typesupport_introspection_cExport.cmake
-- Up-to-date: /home/peony/navigation_ws/install/vel_forwarder/share/vel_forwarder/cmake/vel_forwarder__rosidl_typesupport_introspection_cExport-noconfig.cmake
-- Up-to-date: /home/peony/navigation_ws/install/vel_forwarder/share/vel_forwarder/cmake/vel_forwarder__rosidl_typesupport_cExport.cmake
-- Up-to-date: /home/peony/navigation_ws/install/vel_forwarder/share/vel_forwarder/cmake/vel_forwarder__rosidl_typesupport_cExport-noconfig.cmake
-- Up-to-date: /home/peony/navigation_ws/install/vel_forwarder/share/vel_forwarder/cmake/vel_forwarder__rosidl_typesupport_introspection_cppExport.cmake
-- Up-to-date: /home/peony/navigation_ws/install/vel_forwarder/share/vel_forwarder/cmake/vel_forwarder__rosidl_typesupport_introspection_cppExport-noconfig.cmake
-- Up-to-date: /home/peony/navigation_ws/install/vel_forwarder/share/vel_forwarder/cmake/vel_forwarder__rosidl_typesupport_cppExport.cmake
-- Up-to-date: /home/peony/navigation_ws/install/vel_forwarder/share/vel_forwarder/cmake/vel_forwarder__rosidl_typesupport_cppExport-noconfig.cmake
-- Up-to-date: /home/peony/navigation_ws/install/vel_forwarder/share/vel_forwarder/cmake/export_vel_forwarder__rosidl_generator_pyExport.cmake
-- Up-to-date: /home/peony/navigation_ws/install/vel_forwarder/share/vel_forwarder/cmake/export_vel_forwarder__rosidl_generator_pyExport-noconfig.cmake
