[0.054s] DEBUG:colcon:Command line arguments: ['/usr/bin/colcon', 'build', '--packages-select', 'path_searching', '--symlink-install']
[0.054s] DEBUG:colcon:Parsed command line arguments: Namespace(log_base=None, log_level=None, verb_name='build', build_base='build', install_base='install', merge_install=False, symlink_install=True, test_result_base=None, continue_on_error=False, executor='parallel', parallel_workers=32, event_handlers=None, ignore_user_meta=False, metas=['./colcon.meta'], base_paths=['.'], packages_ignore=None, packages_ignore_regex=None, paths=None, packages_up_to=None, packages_up_to_regex=None, packages_above=None, packages_above_and_dependencies=None, packages_above_depth=None, packages_select_by_dep=None, packages_skip_by_dep=None, packages_skip_up_to=None, packages_select_build_failed=False, packages_skip_build_finished=False, packages_select_test_failures=False, packages_skip_test_passed=False, packages_select=['path_searching'], packages_skip=None, packages_select_regex=None, packages_skip_regex=None, packages_start=None, packages_end=None, allow_overriding=[], cmake_args=None, cmake_target=None, cmake_target_skip_unavailable=False, cmake_clean_cache=False, cmake_clean_first=False, cmake_force_configure=False, ament_cmake_args=None, catkin_cmake_args=None, catkin_skip_building_tests=False, verb_parser=<colcon_defaults.argument_parser.defaults.DefaultArgumentsDecorator object at 0x7c8e71b68be0>, verb_extension=<colcon_core.verb.build.BuildVerb object at 0x7c8e71c6a140>, main=<bound method BuildVerb.main of <colcon_core.verb.build.BuildVerb object at 0x7c8e71c6a140>>)
[0.138s] Level 1:colcon.colcon_core.package_discovery:discover_packages(colcon_meta) check parameters
[0.138s] Level 1:colcon.colcon_core.package_discovery:discover_packages(recursive) check parameters
[0.138s] Level 1:colcon.colcon_core.package_discovery:discover_packages(ignore) check parameters
[0.138s] Level 1:colcon.colcon_core.package_discovery:discover_packages(path) check parameters
[0.138s] Level 1:colcon.colcon_core.package_discovery:discover_packages(colcon_meta) discover
[0.138s] Level 1:colcon.colcon_core.package_discovery:discover_packages(recursive) discover
[0.139s] INFO:colcon.colcon_core.package_discovery:Crawling recursively for packages in '/home/peony/navigation_ws'
[0.139s] Level 1:colcon.colcon_core.package_identification:_identify(.) by extensions ['ignore', 'ignore_ament_install']
[0.139s] Level 1:colcon.colcon_core.package_identification:_identify(.) by extension 'ignore'
[0.139s] Level 1:colcon.colcon_core.package_identification:_identify(.) by extension 'ignore_ament_install'
[0.139s] Level 1:colcon.colcon_core.package_identification:_identify(.) by extensions ['colcon_pkg']
[0.139s] Level 1:colcon.colcon_core.package_identification:_identify(.) by extension 'colcon_pkg'
[0.139s] Level 1:colcon.colcon_core.package_identification:_identify(.) by extensions ['colcon_meta']
[0.139s] Level 1:colcon.colcon_core.package_identification:_identify(.) by extension 'colcon_meta'
[0.139s] Level 1:colcon.colcon_core.package_identification:_identify(.) by extensions ['ros']
[0.139s] Level 1:colcon.colcon_core.package_identification:_identify(.) by extension 'ros'
[0.145s] Level 1:colcon.colcon_core.package_identification:_identify(.) by extensions ['cmake', 'python']
[0.145s] Level 1:colcon.colcon_core.package_identification:_identify(.) by extension 'cmake'
[0.145s] Level 1:colcon.colcon_core.package_identification:_identify(.) by extension 'python'
[0.145s] Level 1:colcon.colcon_core.package_identification:_identify(.) by extensions ['python_setup_py']
[0.145s] Level 1:colcon.colcon_core.package_identification:_identify(.) by extension 'python_setup_py'
[0.145s] Level 1:colcon.colcon_core.package_identification:_identify(build) by extensions ['ignore', 'ignore_ament_install']
[0.145s] Level 1:colcon.colcon_core.package_identification:_identify(build) by extension 'ignore'
[0.145s] Level 1:colcon.colcon_core.package_identification:_identify(build) ignored
[0.145s] Level 1:colcon.colcon_core.package_identification:_identify(install) by extensions ['ignore', 'ignore_ament_install']
[0.145s] Level 1:colcon.colcon_core.package_identification:_identify(install) by extension 'ignore'
[0.145s] Level 1:colcon.colcon_core.package_identification:_identify(install) ignored
[0.145s] Level 1:colcon.colcon_core.package_identification:_identify(log) by extensions ['ignore', 'ignore_ament_install']
[0.145s] Level 1:colcon.colcon_core.package_identification:_identify(log) by extension 'ignore'
[0.145s] Level 1:colcon.colcon_core.package_identification:_identify(log) ignored
[0.145s] Level 1:colcon.colcon_core.package_identification:_identify(rviz) by extensions ['ignore', 'ignore_ament_install']
[0.145s] Level 1:colcon.colcon_core.package_identification:_identify(rviz) by extension 'ignore'
[0.145s] Level 1:colcon.colcon_core.package_identification:_identify(rviz) by extension 'ignore_ament_install'
[0.145s] Level 1:colcon.colcon_core.package_identification:_identify(rviz) by extensions ['colcon_pkg']
[0.145s] Level 1:colcon.colcon_core.package_identification:_identify(rviz) by extension 'colcon_pkg'
[0.145s] Level 1:colcon.colcon_core.package_identification:_identify(rviz) by extensions ['colcon_meta']
[0.145s] Level 1:colcon.colcon_core.package_identification:_identify(rviz) by extension 'colcon_meta'
[0.145s] Level 1:colcon.colcon_core.package_identification:_identify(rviz) by extensions ['ros']
[0.145s] Level 1:colcon.colcon_core.package_identification:_identify(rviz) by extension 'ros'
[0.146s] Level 1:colcon.colcon_core.package_identification:_identify(rviz) by extensions ['cmake', 'python']
[0.146s] Level 1:colcon.colcon_core.package_identification:_identify(rviz) by extension 'cmake'
[0.146s] Level 1:colcon.colcon_core.package_identification:_identify(rviz) by extension 'python'
[0.146s] Level 1:colcon.colcon_core.package_identification:_identify(rviz) by extensions ['python_setup_py']
[0.146s] Level 1:colcon.colcon_core.package_identification:_identify(rviz) by extension 'python_setup_py'
[0.146s] Level 1:colcon.colcon_core.package_identification:_identify(script) by extensions ['ignore', 'ignore_ament_install']
[0.146s] Level 1:colcon.colcon_core.package_identification:_identify(script) by extension 'ignore'
[0.146s] Level 1:colcon.colcon_core.package_identification:_identify(script) by extension 'ignore_ament_install'
[0.146s] Level 1:colcon.colcon_core.package_identification:_identify(script) by extensions ['colcon_pkg']
[0.146s] Level 1:colcon.colcon_core.package_identification:_identify(script) by extension 'colcon_pkg'
[0.146s] Level 1:colcon.colcon_core.package_identification:_identify(script) by extensions ['colcon_meta']
[0.146s] Level 1:colcon.colcon_core.package_identification:_identify(script) by extension 'colcon_meta'
[0.146s] Level 1:colcon.colcon_core.package_identification:_identify(script) by extensions ['ros']
[0.146s] Level 1:colcon.colcon_core.package_identification:_identify(script) by extension 'ros'
[0.146s] Level 1:colcon.colcon_core.package_identification:_identify(script) by extensions ['cmake', 'python']
[0.146s] Level 1:colcon.colcon_core.package_identification:_identify(script) by extension 'cmake'
[0.146s] Level 1:colcon.colcon_core.package_identification:_identify(script) by extension 'python'
[0.146s] Level 1:colcon.colcon_core.package_identification:_identify(script) by extensions ['python_setup_py']
[0.146s] Level 1:colcon.colcon_core.package_identification:_identify(script) by extension 'python_setup_py'
[0.146s] Level 1:colcon.colcon_core.package_identification:_identify(script/map) by extensions ['ignore', 'ignore_ament_install']
[0.146s] Level 1:colcon.colcon_core.package_identification:_identify(script/map) by extension 'ignore'
[0.146s] Level 1:colcon.colcon_core.package_identification:_identify(script/map) by extension 'ignore_ament_install'
[0.146s] Level 1:colcon.colcon_core.package_identification:_identify(script/map) by extensions ['colcon_pkg']
[0.146s] Level 1:colcon.colcon_core.package_identification:_identify(script/map) by extension 'colcon_pkg'
[0.146s] Level 1:colcon.colcon_core.package_identification:_identify(script/map) by extensions ['colcon_meta']
[0.146s] Level 1:colcon.colcon_core.package_identification:_identify(script/map) by extension 'colcon_meta'
[0.146s] Level 1:colcon.colcon_core.package_identification:_identify(script/map) by extensions ['ros']
[0.146s] Level 1:colcon.colcon_core.package_identification:_identify(script/map) by extension 'ros'
[0.146s] Level 1:colcon.colcon_core.package_identification:_identify(script/map) by extensions ['cmake', 'python']
[0.146s] Level 1:colcon.colcon_core.package_identification:_identify(script/map) by extension 'cmake'
[0.146s] Level 1:colcon.colcon_core.package_identification:_identify(script/map) by extension 'python'
[0.146s] Level 1:colcon.colcon_core.package_identification:_identify(script/map) by extensions ['python_setup_py']
[0.146s] Level 1:colcon.colcon_core.package_identification:_identify(script/map) by extension 'python_setup_py'
[0.146s] Level 1:colcon.colcon_core.package_identification:_identify(src) by extensions ['ignore', 'ignore_ament_install']
[0.146s] Level 1:colcon.colcon_core.package_identification:_identify(src) by extension 'ignore'
[0.146s] Level 1:colcon.colcon_core.package_identification:_identify(src) by extension 'ignore_ament_install'
[0.146s] Level 1:colcon.colcon_core.package_identification:_identify(src) by extensions ['colcon_pkg']
[0.146s] Level 1:colcon.colcon_core.package_identification:_identify(src) by extension 'colcon_pkg'
[0.146s] Level 1:colcon.colcon_core.package_identification:_identify(src) by extensions ['colcon_meta']
[0.146s] Level 1:colcon.colcon_core.package_identification:_identify(src) by extension 'colcon_meta'
[0.146s] Level 1:colcon.colcon_core.package_identification:_identify(src) by extensions ['ros']
[0.146s] Level 1:colcon.colcon_core.package_identification:_identify(src) by extension 'ros'
[0.146s] Level 1:colcon.colcon_core.package_identification:_identify(src) by extensions ['cmake', 'python']
[0.146s] Level 1:colcon.colcon_core.package_identification:_identify(src) by extension 'cmake'
[0.146s] Level 1:colcon.colcon_core.package_identification:_identify(src) by extension 'python'
[0.146s] Level 1:colcon.colcon_core.package_identification:_identify(src) by extensions ['python_setup_py']
[0.146s] Level 1:colcon.colcon_core.package_identification:_identify(src) by extension 'python_setup_py'
[0.147s] Level 1:colcon.colcon_core.package_identification:_identify(src/goal_pub) by extensions ['ignore', 'ignore_ament_install']
[0.147s] Level 1:colcon.colcon_core.package_identification:_identify(src/goal_pub) by extension 'ignore'
[0.147s] Level 1:colcon.colcon_core.package_identification:_identify(src/goal_pub) by extension 'ignore_ament_install'
[0.147s] Level 1:colcon.colcon_core.package_identification:_identify(src/goal_pub) by extensions ['colcon_pkg']
[0.147s] Level 1:colcon.colcon_core.package_identification:_identify(src/goal_pub) by extension 'colcon_pkg'
[0.147s] Level 1:colcon.colcon_core.package_identification:_identify(src/goal_pub) by extensions ['colcon_meta']
[0.147s] Level 1:colcon.colcon_core.package_identification:_identify(src/goal_pub) by extension 'colcon_meta'
[0.147s] Level 1:colcon.colcon_core.package_identification:_identify(src/goal_pub) by extensions ['ros']
[0.147s] Level 1:colcon.colcon_core.package_identification:_identify(src/goal_pub) by extension 'ros'
[0.148s] DEBUG:colcon.colcon_core.package_identification:Package 'src/goal_pub' with type 'ros.ament_cmake' and name 'goal_pub'
[0.148s] Level 1:colcon.colcon_core.package_identification:_identify(src/mpc_follower) by extensions ['ignore', 'ignore_ament_install']
[0.148s] Level 1:colcon.colcon_core.package_identification:_identify(src/mpc_follower) by extension 'ignore'
[0.148s] Level 1:colcon.colcon_core.package_identification:_identify(src/mpc_follower) by extension 'ignore_ament_install'
[0.148s] Level 1:colcon.colcon_core.package_identification:_identify(src/mpc_follower) by extensions ['colcon_pkg']
[0.148s] Level 1:colcon.colcon_core.package_identification:_identify(src/mpc_follower) by extension 'colcon_pkg'
[0.148s] Level 1:colcon.colcon_core.package_identification:_identify(src/mpc_follower) by extensions ['colcon_meta']
[0.148s] Level 1:colcon.colcon_core.package_identification:_identify(src/mpc_follower) by extension 'colcon_meta'
[0.148s] Level 1:colcon.colcon_core.package_identification:_identify(src/mpc_follower) by extensions ['ros']
[0.148s] Level 1:colcon.colcon_core.package_identification:_identify(src/mpc_follower) by extension 'ros'
[0.149s] DEBUG:colcon.colcon_core.package_identification:Package 'src/mpc_follower' with type 'ros.ament_cmake' and name 'mpc_follower'
[0.149s] Level 1:colcon.colcon_core.package_identification:_identify(src/navigoal_manager) by extensions ['ignore', 'ignore_ament_install']
[0.149s] Level 1:colcon.colcon_core.package_identification:_identify(src/navigoal_manager) by extension 'ignore'
[0.149s] Level 1:colcon.colcon_core.package_identification:_identify(src/navigoal_manager) by extension 'ignore_ament_install'
[0.149s] Level 1:colcon.colcon_core.package_identification:_identify(src/navigoal_manager) by extensions ['colcon_pkg']
[0.149s] Level 1:colcon.colcon_core.package_identification:_identify(src/navigoal_manager) by extension 'colcon_pkg'
[0.149s] Level 1:colcon.colcon_core.package_identification:_identify(src/navigoal_manager) by extensions ['colcon_meta']
[0.149s] Level 1:colcon.colcon_core.package_identification:_identify(src/navigoal_manager) by extension 'colcon_meta'
[0.149s] Level 1:colcon.colcon_core.package_identification:_identify(src/navigoal_manager) by extensions ['ros']
[0.149s] Level 1:colcon.colcon_core.package_identification:_identify(src/navigoal_manager) by extension 'ros'
[0.150s] DEBUG:colcon.colcon_core.package_identification:Package 'src/navigoal_manager' with type 'ros.ament_cmake' and name 'navigoal_manager'
[0.150s] Level 1:colcon.colcon_core.package_identification:_identify(src/path_following) by extensions ['ignore', 'ignore_ament_install']
[0.150s] Level 1:colcon.colcon_core.package_identification:_identify(src/path_following) by extension 'ignore'
[0.150s] Level 1:colcon.colcon_core.package_identification:_identify(src/path_following) by extension 'ignore_ament_install'
[0.150s] Level 1:colcon.colcon_core.package_identification:_identify(src/path_following) by extensions ['colcon_pkg']
[0.150s] Level 1:colcon.colcon_core.package_identification:_identify(src/path_following) by extension 'colcon_pkg'
[0.150s] Level 1:colcon.colcon_core.package_identification:_identify(src/path_following) by extensions ['colcon_meta']
[0.150s] Level 1:colcon.colcon_core.package_identification:_identify(src/path_following) by extension 'colcon_meta'
[0.150s] Level 1:colcon.colcon_core.package_identification:_identify(src/path_following) by extensions ['ros']
[0.150s] Level 1:colcon.colcon_core.package_identification:_identify(src/path_following) by extension 'ros'
[0.150s] DEBUG:colcon.colcon_core.package_identification:Package 'src/path_following' with type 'ros.ament_cmake' and name 'path_following'
[0.150s] Level 1:colcon.colcon_core.package_identification:_identify(src/path_searching) by extensions ['ignore', 'ignore_ament_install']
[0.150s] Level 1:colcon.colcon_core.package_identification:_identify(src/path_searching) by extension 'ignore'
[0.150s] Level 1:colcon.colcon_core.package_identification:_identify(src/path_searching) by extension 'ignore_ament_install'
[0.151s] Level 1:colcon.colcon_core.package_identification:_identify(src/path_searching) by extensions ['colcon_pkg']
[0.151s] Level 1:colcon.colcon_core.package_identification:_identify(src/path_searching) by extension 'colcon_pkg'
[0.151s] Level 1:colcon.colcon_core.package_identification:_identify(src/path_searching) by extensions ['colcon_meta']
[0.151s] Level 1:colcon.colcon_core.package_identification:_identify(src/path_searching) by extension 'colcon_meta'
[0.151s] Level 1:colcon.colcon_core.package_identification:_identify(src/path_searching) by extensions ['ros']
[0.151s] Level 1:colcon.colcon_core.package_identification:_identify(src/path_searching) by extension 'ros'
[0.151s] DEBUG:colcon.colcon_core.package_identification:Package 'src/path_searching' with type 'ros.ament_cmake' and name 'path_searching'
[0.151s] Level 1:colcon.colcon_core.package_identification:_identify(src/shell) by extensions ['ignore', 'ignore_ament_install']
[0.151s] Level 1:colcon.colcon_core.package_identification:_identify(src/shell) by extension 'ignore'
[0.151s] Level 1:colcon.colcon_core.package_identification:_identify(src/shell) by extension 'ignore_ament_install'
[0.151s] Level 1:colcon.colcon_core.package_identification:_identify(src/shell) by extensions ['colcon_pkg']
[0.151s] Level 1:colcon.colcon_core.package_identification:_identify(src/shell) by extension 'colcon_pkg'
[0.151s] Level 1:colcon.colcon_core.package_identification:_identify(src/shell) by extensions ['colcon_meta']
[0.151s] Level 1:colcon.colcon_core.package_identification:_identify(src/shell) by extension 'colcon_meta'
[0.152s] Level 1:colcon.colcon_core.package_identification:_identify(src/shell) by extensions ['ros']
[0.152s] Level 1:colcon.colcon_core.package_identification:_identify(src/shell) by extension 'ros'
[0.152s] Level 1:colcon.colcon_core.package_identification:_identify(src/shell) by extensions ['cmake', 'python']
[0.152s] Level 1:colcon.colcon_core.package_identification:_identify(src/shell) by extension 'cmake'
[0.152s] Level 1:colcon.colcon_core.package_identification:_identify(src/shell) by extension 'python'
[0.152s] Level 1:colcon.colcon_core.package_identification:_identify(src/shell) by extensions ['python_setup_py']
[0.152s] Level 1:colcon.colcon_core.package_identification:_identify(src/shell) by extension 'python_setup_py'
[0.152s] Level 1:colcon.colcon_core.package_identification:_identify(src/vel_forwarder) by extensions ['ignore', 'ignore_ament_install']
[0.152s] Level 1:colcon.colcon_core.package_identification:_identify(src/vel_forwarder) by extension 'ignore'
[0.152s] Level 1:colcon.colcon_core.package_identification:_identify(src/vel_forwarder) by extension 'ignore_ament_install'
[0.152s] Level 1:colcon.colcon_core.package_identification:_identify(src/vel_forwarder) by extensions ['colcon_pkg']
[0.152s] Level 1:colcon.colcon_core.package_identification:_identify(src/vel_forwarder) by extension 'colcon_pkg'
[0.152s] Level 1:colcon.colcon_core.package_identification:_identify(src/vel_forwarder) by extensions ['colcon_meta']
[0.152s] Level 1:colcon.colcon_core.package_identification:_identify(src/vel_forwarder) by extension 'colcon_meta'
[0.152s] Level 1:colcon.colcon_core.package_identification:_identify(src/vel_forwarder) by extensions ['ros']
[0.152s] Level 1:colcon.colcon_core.package_identification:_identify(src/vel_forwarder) by extension 'ros'
[0.152s] DEBUG:colcon.colcon_core.package_identification:Package 'src/vel_forwarder' with type 'ros.ament_cmake' and name 'vel_forwarder'
[0.152s] Level 1:colcon.colcon_core.package_discovery:discover_packages(recursive) using defaults
[0.152s] Level 1:colcon.colcon_core.package_discovery:discover_packages(ignore) discover
[0.152s] Level 1:colcon.colcon_core.package_discovery:discover_packages(ignore) using defaults
[0.152s] Level 1:colcon.colcon_core.package_discovery:discover_packages(path) discover
[0.152s] Level 1:colcon.colcon_core.package_discovery:discover_packages(path) using defaults
[0.170s] INFO:colcon.colcon_core.package_selection:Skipping not selected package 'goal_pub' in 'src/goal_pub'
[0.170s] INFO:colcon.colcon_core.package_selection:Skipping not selected package 'mpc_follower' in 'src/mpc_follower'
[0.170s] INFO:colcon.colcon_core.package_selection:Skipping not selected package 'navigoal_manager' in 'src/navigoal_manager'
[0.170s] INFO:colcon.colcon_core.package_selection:Skipping not selected package 'path_following' in 'src/path_following'
[0.170s] INFO:colcon.colcon_core.package_selection:Skipping not selected package 'vel_forwarder' in 'src/vel_forwarder'
[0.170s] Level 1:colcon.colcon_core.package_discovery:discover_packages(prefix_path) check parameters
[0.170s] Level 1:colcon.colcon_core.package_discovery:discover_packages(prefix_path) discover
[0.171s] DEBUG:colcon.colcon_installed_package_information.package_discovery:Found 6 installed packages in /home/peony/navigation_ws/install
[0.172s] DEBUG:colcon.colcon_installed_package_information.package_discovery:Found 343 installed packages in /opt/ros/humble
[0.173s] Level 1:colcon.colcon_core.package_discovery:discover_packages(prefix_path) using defaults
[0.196s] Level 5:colcon.colcon_core.verb:set package 'path_searching' build argument 'cmake_args' from command line to 'None'
[0.196s] Level 5:colcon.colcon_core.verb:set package 'path_searching' build argument 'cmake_target' from command line to 'None'
[0.196s] Level 5:colcon.colcon_core.verb:set package 'path_searching' build argument 'cmake_target_skip_unavailable' from command line to 'False'
[0.196s] Level 5:colcon.colcon_core.verb:set package 'path_searching' build argument 'cmake_clean_cache' from command line to 'False'
[0.196s] Level 5:colcon.colcon_core.verb:set package 'path_searching' build argument 'cmake_clean_first' from command line to 'False'
[0.196s] Level 5:colcon.colcon_core.verb:set package 'path_searching' build argument 'cmake_force_configure' from command line to 'False'
[0.196s] Level 5:colcon.colcon_core.verb:set package 'path_searching' build argument 'ament_cmake_args' from command line to 'None'
[0.196s] Level 5:colcon.colcon_core.verb:set package 'path_searching' build argument 'catkin_cmake_args' from command line to 'None'
[0.196s] Level 5:colcon.colcon_core.verb:set package 'path_searching' build argument 'catkin_skip_building_tests' from command line to 'False'
[0.196s] DEBUG:colcon.colcon_core.verb:Building package 'path_searching' with the following arguments: {'ament_cmake_args': None, 'build_base': '/home/peony/navigation_ws/build/path_searching', 'catkin_cmake_args': None, 'catkin_skip_building_tests': False, 'cmake_args': None, 'cmake_clean_cache': False, 'cmake_clean_first': False, 'cmake_force_configure': False, 'cmake_target': None, 'cmake_target_skip_unavailable': False, 'install_base': '/home/peony/navigation_ws/install/path_searching', 'merge_install': False, 'path': '/home/peony/navigation_ws/src/path_searching', 'symlink_install': True, 'test_result_base': None}
[0.196s] INFO:colcon.colcon_core.executor:Executing jobs using 'parallel' executor
[0.197s] DEBUG:colcon.colcon_parallel_executor.executor.parallel:run_until_complete
[0.197s] INFO:colcon.colcon_ros.task.ament_cmake.build:Building ROS package in '/home/peony/navigation_ws/src/path_searching' with build type 'ament_cmake'
[0.197s] INFO:colcon.colcon_cmake.task.cmake.build:Building CMake package in '/home/peony/navigation_ws/src/path_searching'
[0.198s] INFO:colcon.colcon_core.plugin_system:Skipping extension 'colcon_core.shell.bat': Not used on non-Windows systems
[0.198s] INFO:colcon.colcon_core.shell:Skip shell extension 'powershell' for command environment: Not usable outside of PowerShell
[0.198s] DEBUG:colcon.colcon_core.shell:Skip shell extension 'dsv' for command environment
[0.206s] DEBUG:colcon.colcon_core.event_handler.log_command:Invoking command in '/home/peony/navigation_ws/build/path_searching': CMAKE_PREFIX_PATH=${CMAKE_PREFIX_PATH}:/opt/ros/humble /usr/bin/cmake /home/peony/navigation_ws/src/path_searching -DAMENT_CMAKE_SYMLINK_INSTALL=1 -DCMAKE_INSTALL_PREFIX=/home/peony/navigation_ws/install/path_searching
[1.307s] DEBUG:colcon.colcon_core.event_handler.log_command:Invoked command in '/home/peony/navigation_ws/build/path_searching' returned '0': CMAKE_PREFIX_PATH=${CMAKE_PREFIX_PATH}:/opt/ros/humble /usr/bin/cmake /home/peony/navigation_ws/src/path_searching -DAMENT_CMAKE_SYMLINK_INSTALL=1 -DCMAKE_INSTALL_PREFIX=/home/peony/navigation_ws/install/path_searching
[1.308s] DEBUG:colcon.colcon_core.event_handler.log_command:Invoking command in '/home/peony/navigation_ws/build/path_searching': CMAKE_PREFIX_PATH=${CMAKE_PREFIX_PATH}:/opt/ros/humble /usr/bin/cmake --build /home/peony/navigation_ws/build/path_searching -- -j32 -l32
[13.139s] DEBUG:colcon.colcon_core.event_handler.log_command:Invoked command in '/home/peony/navigation_ws/build/path_searching' returned '0': CMAKE_PREFIX_PATH=${CMAKE_PREFIX_PATH}:/opt/ros/humble /usr/bin/cmake --build /home/peony/navigation_ws/build/path_searching -- -j32 -l32
[13.147s] DEBUG:colcon.colcon_core.event_handler.log_command:Invoking command in '/home/peony/navigation_ws/build/path_searching': CMAKE_PREFIX_PATH=${CMAKE_PREFIX_PATH}:/opt/ros/humble /usr/bin/cmake --install /home/peony/navigation_ws/build/path_searching
[13.163s] Level 1:colcon.colcon_core.environment:create_environment_scripts_only(path_searching)
[13.164s] DEBUG:colcon.colcon_core.event_handler.log_command:Invoked command in '/home/peony/navigation_ws/build/path_searching' returned '0': CMAKE_PREFIX_PATH=${CMAKE_PREFIX_PATH}:/opt/ros/humble /usr/bin/cmake --install /home/peony/navigation_ws/build/path_searching
[13.165s] Level 1:colcon.colcon_core.environment:checking '/home/peony/navigation_ws/install/path_searching' for CMake module files
[13.165s] Level 1:colcon.colcon_core.environment:checking '/home/peony/navigation_ws/install/path_searching' for CMake config files
[13.165s] Level 1:colcon.colcon_core.shell:create_environment_hook('path_searching', 'cmake_prefix_path')
[13.166s] INFO:colcon.colcon_core.shell:Creating environment hook '/home/peony/navigation_ws/install/path_searching/share/path_searching/hook/cmake_prefix_path.ps1'
[13.166s] INFO:colcon.colcon_core.shell:Creating environment descriptor '/home/peony/navigation_ws/install/path_searching/share/path_searching/hook/cmake_prefix_path.dsv'
[13.166s] INFO:colcon.colcon_core.shell:Creating environment hook '/home/peony/navigation_ws/install/path_searching/share/path_searching/hook/cmake_prefix_path.sh'
[13.167s] Level 1:colcon.colcon_core.environment:checking '/home/peony/navigation_ws/install/path_searching/lib'
[13.167s] Level 1:colcon.colcon_core.environment:checking '/home/peony/navigation_ws/install/path_searching/bin'
[13.167s] Level 1:colcon.colcon_core.environment:checking '/home/peony/navigation_ws/install/path_searching/lib/pkgconfig/path_searching.pc'
[13.167s] Level 1:colcon.colcon_core.environment:checking '/home/peony/navigation_ws/install/path_searching/lib/python3.10/site-packages'
[13.167s] Level 1:colcon.colcon_core.environment:checking '/home/peony/navigation_ws/install/path_searching/bin'
[13.167s] INFO:colcon.colcon_core.shell:Creating package script '/home/peony/navigation_ws/install/path_searching/share/path_searching/package.ps1'
[13.168s] INFO:colcon.colcon_core.shell:Creating package descriptor '/home/peony/navigation_ws/install/path_searching/share/path_searching/package.dsv'
[13.168s] INFO:colcon.colcon_core.shell:Creating package script '/home/peony/navigation_ws/install/path_searching/share/path_searching/package.sh'
[13.169s] INFO:colcon.colcon_core.shell:Creating package script '/home/peony/navigation_ws/install/path_searching/share/path_searching/package.bash'
[13.169s] INFO:colcon.colcon_core.shell:Creating package script '/home/peony/navigation_ws/install/path_searching/share/path_searching/package.zsh'
[13.169s] Level 1:colcon.colcon_core.environment:create_file_with_runtime_dependencies(/home/peony/navigation_ws/install/path_searching/share/colcon-core/packages/path_searching)
[13.170s] Level 1:colcon.colcon_core.environment:create_environment_scripts_only(path_searching)
[13.170s] Level 1:colcon.colcon_core.environment:checking '/home/peony/navigation_ws/install/path_searching' for CMake module files
[13.170s] Level 1:colcon.colcon_core.environment:checking '/home/peony/navigation_ws/install/path_searching' for CMake config files
[13.170s] Level 1:colcon.colcon_core.shell:create_environment_hook('path_searching', 'cmake_prefix_path')
[13.171s] INFO:colcon.colcon_core.shell:Creating environment hook '/home/peony/navigation_ws/install/path_searching/share/path_searching/hook/cmake_prefix_path.ps1'
[13.171s] INFO:colcon.colcon_core.shell:Creating environment descriptor '/home/peony/navigation_ws/install/path_searching/share/path_searching/hook/cmake_prefix_path.dsv'
[13.171s] INFO:colcon.colcon_core.shell:Creating environment hook '/home/peony/navigation_ws/install/path_searching/share/path_searching/hook/cmake_prefix_path.sh'
[13.171s] Level 1:colcon.colcon_core.environment:checking '/home/peony/navigation_ws/install/path_searching/lib'
[13.171s] Level 1:colcon.colcon_core.environment:checking '/home/peony/navigation_ws/install/path_searching/bin'
[13.171s] Level 1:colcon.colcon_core.environment:checking '/home/peony/navigation_ws/install/path_searching/lib/pkgconfig/path_searching.pc'
[13.172s] Level 1:colcon.colcon_core.environment:checking '/home/peony/navigation_ws/install/path_searching/lib/python3.10/site-packages'
[13.172s] Level 1:colcon.colcon_core.environment:checking '/home/peony/navigation_ws/install/path_searching/bin'
[13.172s] INFO:colcon.colcon_core.shell:Creating package script '/home/peony/navigation_ws/install/path_searching/share/path_searching/package.ps1'
[13.172s] INFO:colcon.colcon_core.shell:Creating package descriptor '/home/peony/navigation_ws/install/path_searching/share/path_searching/package.dsv'
[13.172s] INFO:colcon.colcon_core.shell:Creating package script '/home/peony/navigation_ws/install/path_searching/share/path_searching/package.sh'
[13.172s] INFO:colcon.colcon_core.shell:Creating package script '/home/peony/navigation_ws/install/path_searching/share/path_searching/package.bash'
[13.173s] INFO:colcon.colcon_core.shell:Creating package script '/home/peony/navigation_ws/install/path_searching/share/path_searching/package.zsh'
[13.173s] Level 1:colcon.colcon_core.environment:create_file_with_runtime_dependencies(/home/peony/navigation_ws/install/path_searching/share/colcon-core/packages/path_searching)
[13.173s] DEBUG:colcon.colcon_parallel_executor.executor.parallel:closing loop
[13.173s] DEBUG:colcon.colcon_parallel_executor.executor.parallel:loop closed
[13.173s] DEBUG:colcon.colcon_parallel_executor.executor.parallel:run_until_complete finished with '0'
[13.173s] DEBUG:colcon.colcon_core.event_reactor:joining thread
[13.177s] INFO:colcon.colcon_core.plugin_system:Skipping extension 'colcon_notification.desktop_notification.terminal_notifier': Not used on non-Darwin systems
[13.177s] INFO:colcon.colcon_core.plugin_system:Skipping extension 'colcon_notification.desktop_notification.win32': Not used on non-Windows systems
[13.177s] INFO:colcon.colcon_notification.desktop_notification:Sending desktop notification using 'notify2'
[13.183s] DEBUG:colcon.colcon_core.event_reactor:joined thread
[13.184s] INFO:colcon.colcon_core.shell:Creating prefix script '/home/peony/navigation_ws/install/local_setup.ps1'
[13.184s] INFO:colcon.colcon_core.shell:Creating prefix util module '/home/peony/navigation_ws/install/_local_setup_util_ps1.py'
[13.185s] INFO:colcon.colcon_core.shell:Creating prefix chain script '/home/peony/navigation_ws/install/setup.ps1'
[13.186s] INFO:colcon.colcon_core.shell:Creating prefix script '/home/peony/navigation_ws/install/local_setup.sh'
[13.186s] INFO:colcon.colcon_core.shell:Creating prefix util module '/home/peony/navigation_ws/install/_local_setup_util_sh.py'
[13.186s] INFO:colcon.colcon_core.shell:Creating prefix chain script '/home/peony/navigation_ws/install/setup.sh'
[13.187s] INFO:colcon.colcon_core.shell:Creating prefix script '/home/peony/navigation_ws/install/local_setup.bash'
[13.187s] INFO:colcon.colcon_core.shell:Creating prefix chain script '/home/peony/navigation_ws/install/setup.bash'
[13.188s] INFO:colcon.colcon_core.shell:Creating prefix script '/home/peony/navigation_ws/install/local_setup.zsh'
[13.188s] INFO:colcon.colcon_core.shell:Creating prefix chain script '/home/peony/navigation_ws/install/setup.zsh'
