[0.015s] Invoking command in '/home/peony/navigation_ws/build/goal_pub': CMAKE_PREFIX_PATH=/opt/ros/humble /usr/bin/cmake --build /home/peony/navigation_ws/build/goal_pub -- -j32 -l32
[0.037s] -- Found ament_cmake: 1.3.13 (/opt/ros/humble/share/ament_cmake/cmake)
[0.127s] -- Override CMake install command with custom implementation using symlinks instead of copying resources
[0.133s] -- Found rclcpp: 16.0.18 (/opt/ros/humble/share/rclcpp/cmake)
[0.155s] -- Found rosidl_generator_c: 3.1.8 (/opt/ros/humble/share/rosidl_generator_c/cmake)
[0.157s] -- Found rosidl_adapter: 3.1.8 (/opt/ros/humble/share/rosidl_adapter/cmake)
[0.162s] -- Found rosidl_generator_cpp: 3.1.8 (/opt/ros/humble/share/rosidl_generator_cpp/cmake)
[0.168s] -- Using all available rosidl_typesupport_c: rosidl_typesupport_fastrtps_c;rosidl_typesupport_introspection_c
[0.177s] -- Using all available rosidl_typesupport_cpp: rosidl_typesupport_fastrtps_cpp;rosidl_typesupport_introspection_cpp
[0.200s] -- Found rmw_implementation_cmake: 6.1.2 (/opt/ros/humble/share/rmw_implementation_cmake/cmake)
[0.201s] -- Found rmw_fastrtps_cpp: 6.2.10 (/opt/ros/humble/share/rmw_fastrtps_cpp/cmake)
[0.294s] -- Using RMW implementation 'rmw_fastrtps_cpp' as default
[0.323s] -- Found geometry_msgs: 4.9.1 (/opt/ros/humble/share/geometry_msgs/cmake)
[0.340s] -- Found tf2: 0.25.19 (/opt/ros/humble/share/tf2/cmake)
[0.347s] -- Found tf2_ros: 0.25.19 (/opt/ros/humble/share/tf2_ros/cmake)
[0.428s] -- Configuring done
[0.435s] -- Generating done
[0.437s] -- Build files have been written to: /home/peony/navigation_ws/build/goal_pub
[0.456s] [35m[1mConsolidate compiler generated dependencies of target multigoal_pub_node[0m
[0.469s] [ 50%] [32mBuilding CXX object CMakeFiles/multigoal_pub_node.dir/src/multigoal_pub.cpp.o[0m
[2.912s] [100%] [32m[1mLinking CXX executable multigoal_pub_node[0m
[3.027s] [100%] Built target multigoal_pub_node
[3.039s] Invoked command in '/home/peony/navigation_ws/build/goal_pub' returned '0': CMAKE_PREFIX_PATH=/opt/ros/humble /usr/bin/cmake --build /home/peony/navigation_ws/build/goal_pub -- -j32 -l32
[3.045s] Invoking command in '/home/peony/navigation_ws/build/goal_pub': CMAKE_PREFIX_PATH=/opt/ros/humble /usr/bin/cmake --install /home/peony/navigation_ws/build/goal_pub
[3.050s] -- Install configuration: ""
[3.050s] -- Execute custom install script
[3.051s] -- Up-to-date symlink: /home/peony/navigation_ws/install/goal_pub/lib/goal_pub/multigoal_pub_node
[3.051s] -- Up-to-date symlink: /home/peony/navigation_ws/install/goal_pub/share/goal_pub/launch/multi_goals_pub.launch.py
[3.051s] -- Up-to-date symlink: /home/peony/navigation_ws/install/goal_pub/share/goal_pub/cfg/goalpub_param.yaml
[3.051s] -- Up-to-date symlink: /home/peony/navigation_ws/install/goal_pub/share/ament_index/resource_index/package_run_dependencies/goal_pub
[3.051s] -- Up-to-date symlink: /home/peony/navigation_ws/install/goal_pub/share/ament_index/resource_index/parent_prefix_path/goal_pub
[3.051s] -- Up-to-date symlink: /home/peony/navigation_ws/install/goal_pub/share/goal_pub/environment/ament_prefix_path.sh
[3.051s] -- Up-to-date symlink: /home/peony/navigation_ws/install/goal_pub/share/goal_pub/environment/ament_prefix_path.dsv
[3.051s] -- Up-to-date symlink: /home/peony/navigation_ws/install/goal_pub/share/goal_pub/environment/path.sh
[3.052s] -- Up-to-date symlink: /home/peony/navigation_ws/install/goal_pub/share/goal_pub/environment/path.dsv
[3.052s] -- Up-to-date symlink: /home/peony/navigation_ws/install/goal_pub/share/goal_pub/local_setup.bash
[3.052s] -- Up-to-date symlink: /home/peony/navigation_ws/install/goal_pub/share/goal_pub/local_setup.sh
[3.052s] -- Up-to-date symlink: /home/peony/navigation_ws/install/goal_pub/share/goal_pub/local_setup.zsh
[3.052s] -- Up-to-date symlink: /home/peony/navigation_ws/install/goal_pub/share/goal_pub/local_setup.dsv
[3.052s] -- Symlinking: /home/peony/navigation_ws/install/goal_pub/share/goal_pub/package.dsv
[3.058s] -- Up-to-date symlink: /home/peony/navigation_ws/install/goal_pub/share/ament_index/resource_index/packages/goal_pub
[3.058s] -- Up-to-date symlink: /home/peony/navigation_ws/install/goal_pub/share/goal_pub/cmake/goal_pubConfig.cmake
[3.058s] -- Up-to-date symlink: /home/peony/navigation_ws/install/goal_pub/share/goal_pub/cmake/goal_pubConfig-version.cmake
[3.058s] -- Up-to-date symlink: /home/peony/navigation_ws/install/goal_pub/share/goal_pub/package.xml
[3.060s] Invoked command in '/home/peony/navigation_ws/build/goal_pub' returned '0': CMAKE_PREFIX_PATH=/opt/ros/humble /usr/bin/cmake --install /home/peony/navigation_ws/build/goal_pub
