[0.007s] Invoking command in '/home/peony/navigation_ws/build/detect_obs': CMAKE_PREFIX_PATH=${CMAKE_PREFIX_PATH}:/opt/ros/humble /usr/bin/cmake --build /home/peony/navigation_ws/build/detect_obs -- -j32 -l32
[0.025s] -- Found ament_cmake: 1.3.13 (/opt/ros/humble/share/ament_cmake/cmake)
[0.094s] -- Override CMake install command with custom implementation using symlinks instead of copying resources
[0.098s] -- Found rclcpp: 16.0.18 (/opt/ros/humble/share/rclcpp/cmake)
[0.114s] -- Found rosidl_generator_c: 3.1.8 (/opt/ros/humble/share/rosidl_generator_c/cmake)
[0.116s] -- Found rosidl_adapter: 3.1.8 (/opt/ros/humble/share/rosidl_adapter/cmake)
[0.119s] -- Found rosidl_generator_cpp: 3.1.8 (/opt/ros/humble/share/rosidl_generator_cpp/cmake)
[0.124s] -- Using all available rosidl_typesupport_c: rosidl_typesupport_fastrtps_c;rosidl_typesupport_introspection_c
[0.130s] -- Using all available rosidl_typesupport_cpp: rosidl_typesupport_fastrtps_cpp;rosidl_typesupport_introspection_cpp
[0.147s] -- Found rmw_implementation_cmake: 6.1.2 (/opt/ros/humble/share/rmw_implementation_cmake/cmake)
[0.148s] -- Found rmw_fastrtps_cpp: 6.2.10 (/opt/ros/humble/share/rmw_fastrtps_cpp/cmake)
[0.218s] -- Using RMW implementation 'rmw_fastrtps_cpp' as default
[0.244s] -- Found geometry_msgs: 4.9.1 (/opt/ros/humble/share/geometry_msgs/cmake)
[0.250s] -- Found rosidl_default_generators: 1.2.0 (/opt/ros/humble/share/rosidl_default_generators/cmake)
[0.254s] -- Found sensor_msgs: 4.9.1 (/opt/ros/humble/share/sensor_msgs/cmake)
[0.300s] -- Configuring done
[0.307s] -- Generating done
[0.309s] -- Build files have been written to: /home/peony/navigation_ws/build/detect_obs
[0.337s] [ 50%] [32mBuilding CXX object CMakeFiles/obstacle_processor.dir/src/obstacle_processor.cpp.o[0m
[0.488s] [01m[K/home/peony/navigation_ws/src/detect_obs/src/obstacle_processor.cpp:3:10:[m[K [01;31m[Kfatal error: [m[Knav_msgs/msg/occupancy_grid.hpp: 没有那个文件或目录
[0.488s]     3 | #include [01;31m[K<nav_msgs/msg/occupancy_grid.hpp>[m[K
[0.488s]       |          [01;31m[K^~~~~~~~~~~~~~~~~~~~~~~~~~~~~~~~~[m[K
[0.488s] compilation terminated.
[0.491s] gmake[2]: *** [CMakeFiles/obstacle_processor.dir/build.make:76：CMakeFiles/obstacle_processor.dir/src/obstacle_processor.cpp.o] 错误 1
[0.491s] gmake[1]: *** [CMakeFiles/Makefile2:137：CMakeFiles/obstacle_processor.dir/all] 错误 2
[0.491s] gmake: *** [Makefile:146：all] 错误 2
[0.493s] Invoked command in '/home/peony/navigation_ws/build/detect_obs' returned '2': CMAKE_PREFIX_PATH=${CMAKE_PREFIX_PATH}:/opt/ros/humble /usr/bin/cmake --build /home/peony/navigation_ws/build/detect_obs -- -j32 -l32
