[0.009s] Invoking command in '/home/peony/navigation_ws/build/goal_pub': CMAKE_PREFIX_PATH=${CMAKE_PREFIX_PATH}:/opt/ros/humble /usr/bin/cmake --build /home/peony/navigation_ws/build/goal_pub -- -j32 -l32
[0.062s] [ 50%] [32mBuilding CXX object CMakeFiles/multigoal_pub_node.dir/src/multigoal_pub.cpp.o[0m
[1.331s] [01m[K/home/peony/navigation_ws/src/goal_pub/src/multigoal_pub.cpp:[m[K In constructor ‘[01m[Kgoal_pub::GoalPublisher::GoalPublisher()[m[K’:
[1.331s] [01m[K/home/peony/navigation_ws/src/goal_pub/src/multigoal_pub.cpp:7:49:[m[K [01;35m[Kwarning: [m[Kconverting to ‘[01m[Kconst ParameterDescriptor[m[K’ {aka ‘[01m[Kconst rcl_interfaces::msg::ParameterDescriptor_<std::allocator<void> >[m[K’} from initializer list would use explicit constructor ‘[01m[Krcl_interfaces::msg::ParameterDescriptor_<ContainerAllocator>::ParameterDescriptor_(rosidl_runtime_cpp::MessageInitialization) [with ContainerAllocator = std::allocator<void>][m[K’
[1.332s]     7 |     [01;35m[Kthis->declare_parameter<std::vector<double>>("nav_goals",{})[m[K;
[1.332s]       |     [01;35m[K~~~~~~~~~~~~~~~~~~~~~~~~~~~~~~~~~~~~~~~~~~~~^~~~~~~~~~~~~~~~[m[K
[1.332s] [01m[K/home/peony/navigation_ws/src/goal_pub/src/multigoal_pub.cpp:7:49:[m[K [01;36m[Knote: [m[Kin C++11 and above a default constructor can be explicit
[1.334s] In file included from [01m[K/usr/include/c++/11/pstl/glue_algorithm_defs.h:13[m[K,
[1.334s]                  from [01m[K/usr/include/c++/11/algorithm:74[m[K,
[1.334s]                  from [01m[K/opt/ros/humble/include/rclcpp/rclcpp/executor.hpp:18[m[K,
[1.334s]                  from [01m[K/opt/ros/humble/include/rclcpp/rclcpp/executors/multi_threaded_executor.hpp:25[m[K,
[1.334s]                  from [01m[K/opt/ros/humble/include/rclcpp/rclcpp/executors.hpp:21[m[K,
[1.334s]                  from [01m[K/opt/ros/humble/include/rclcpp/rclcpp/rclcpp.hpp:155[m[K,
[1.334s]                  from [01m[K/home/peony/navigation_ws/src/goal_pub/include/goal_pub/multigoal_pub.h:2[m[K,
[1.334s]                  from [01m[K/home/peony/navigation_ws/src/goal_pub/src/multigoal_pub.cpp:1[m[K:
[1.334s] /usr/include/c++/11/functional: In instantiation of ‘[01m[Kstruct std::_Bind_check_arity<void (goal_pub::GoalPublisher::*)(), goal_pub::GoalPublisher*, const std::_Placeholder<1>&>[m[K’:
[1.334s] [01m[K/usr/include/c++/11/functional:768:12:[m[K   required from ‘[01m[Kstruct std::_Bind_helper<false, void (goal_pub::GoalPublisher::*)(), goal_pub::GoalPublisher*, const std::_Placeholder<1>&>[m[K’
[1.334s] [01m[K/usr/include/c++/11/functional:789:5:[m[K   required by substitution of ‘[01m[Ktemplate<class _Func, class ... _BoundArgs> typename std::_Bind_helper<std::__is_socketlike<_Func>::value, _Func, _BoundArgs ...>::type std::bind(_Func&&, _BoundArgs&& ...) [with _Func = void (goal_pub::GoalPublisher::*)(); _BoundArgs = {goal_pub::GoalPublisher*, const std::_Placeholder<1>&}][m[K’
[1.334s] [01m[K/home/peony/navigation_ws/src/goal_pub/src/multigoal_pub.cpp:24:24:[m[K   required from here
[1.334s] [01m[K/usr/include/c++/11/functional:756:21:[m[K [01;31m[Kerror: [m[Kstatic assertion failed: Wrong number of arguments for pointer-to-member
[1.334s]   755 |       static_assert(_Varargs::[01;31m[Kvalue[m[K
[1.335s]       |                               [01;31m[K~~~~~[m[K
[1.335s]   756 | [01;31m[K                    ? sizeof...(_BoundArgs) >= _Arity::value + 1[m[K
[1.335s]       |                     [01;31m[K^~~~~~~~~~~~~~~~~~~~~~~~~~~~~~~~~~~~~~~~~~~~[m[K
[1.335s]   757 | [01;31m[K                    : sizeof...(_BoundArgs) == _Arity::value + 1[m[K,
[1.335s]       |                     [01;31m[K~~~~~~~~~~~~~~~~~~~~~~~~~~~~~~~~~~~~~~~~~~~~[m[K
[1.335s] [01m[K/usr/include/c++/11/functional:756:21:[m[K [01;36m[Knote: [m[K‘[01m[K(false ? (2 >= (((long unsigned int)std::integral_constant<long unsigned int, 0>::value) + 1)) : (2 == (((long unsigned int)std::integral_constant<long unsigned int, 0>::value) + 1)))[m[K’ evaluates to false
[1.344s] [01m[K/home/peony/navigation_ws/src/goal_pub/src/multigoal_pub.cpp:[m[K In member function ‘[01m[Kvoid goal_pub::GoalPublisher::goalCallback()[m[K’:
[1.344s] [01m[K/home/peony/navigation_ws/src/goal_pub/src/multigoal_pub.cpp:32:38:[m[K [01;31m[Kerror: [m[K‘[01m[Kgoal_id[m[K’ was not declared in this scope; did you mean ‘[01m[Kgoals[m[K’?
[1.344s]    32 |     pose_msg.pose.position.x = goals[[01;31m[Kgoal_id[m[K].first;
[1.344s]       |                                      [01;31m[K^~~~~~~[m[K
[1.344s]       |                                      [32m[Kgoals[m[K
[1.760s] gmake[2]: *** [CMakeFiles/multigoal_pub_node.dir/build.make:76：CMakeFiles/multigoal_pub_node.dir/src/multigoal_pub.cpp.o] 错误 1
[1.760s] gmake[1]: *** [CMakeFiles/Makefile2:137：CMakeFiles/multigoal_pub_node.dir/all] 错误 2
[1.760s] gmake: *** [Makefile:146：all] 错误 2
[1.762s] Invoked command in '/home/peony/navigation_ws/build/goal_pub' returned '2': CMAKE_PREFIX_PATH=${CMAKE_PREFIX_PATH}:/opt/ros/humble /usr/bin/cmake --build /home/peony/navigation_ws/build/goal_pub -- -j32 -l32
