[0.019s] Invoking command in '/home/peony/navigation_ws/build/navigoal_manager': CMAKE_PREFIX_PATH=${CMAKE_PREFIX_PATH}:/opt/ros/humble /usr/bin/cmake /home/peony/navigation_ws/src/navigoal_manager -DCMAKE_INSTALL_PREFIX=/home/peony/navigation_ws/install/navigoal_manager
[0.028s] -- Found ament_cmake: 1.3.13 (/opt/ros/humble/share/ament_cmake/cmake)
[0.099s] -- Override CMake install command with custom implementation using symlinks instead of copying resources
[0.104s] -- Found rclcpp: 16.0.18 (/opt/ros/humble/share/rclcpp/cmake)
[0.121s] -- Found rosidl_generator_c: 3.1.8 (/opt/ros/humble/share/rosidl_generator_c/cmake)
[0.122s] -- Found rosidl_adapter: 3.1.8 (/opt/ros/humble/share/rosidl_adapter/cmake)
[0.125s] -- Found rosidl_generator_cpp: 3.1.8 (/opt/ros/humble/share/rosidl_generator_cpp/cmake)
[0.130s] -- Using all available rosidl_typesupport_c: rosidl_typesupport_fastrtps_c;rosidl_typesupport_introspection_c
[0.137s] -- Using all available rosidl_typesupport_cpp: rosidl_typesupport_fastrtps_cpp;rosidl_typesupport_introspection_cpp
[0.154s] -- Found rmw_implementation_cmake: 6.1.2 (/opt/ros/humble/share/rmw_implementation_cmake/cmake)
[0.155s] -- Found rmw_fastrtps_cpp: 6.2.10 (/opt/ros/humble/share/rmw_fastrtps_cpp/cmake)
[0.228s] -- Using RMW implementation 'rmw_fastrtps_cpp' as default
[0.254s] -- Found geometry_msgs: 4.9.1 (/opt/ros/humble/share/geometry_msgs/cmake)
[0.300s] -- Configuring done
[0.306s] -- Generating done
[0.309s] -- Build files have been written to: /home/peony/navigation_ws/build/navigoal_manager
[0.315s] Invoked command in '/home/peony/navigation_ws/build/navigoal_manager' returned '0': CMAKE_PREFIX_PATH=${CMAKE_PREFIX_PATH}:/opt/ros/humble /usr/bin/cmake /home/peony/navigation_ws/src/navigoal_manager -DCMAKE_INSTALL_PREFIX=/home/peony/navigation_ws/install/navigoal_manager
[0.316s] Invoking command in '/home/peony/navigation_ws/build/navigoal_manager': CMAKE_PREFIX_PATH=${CMAKE_PREFIX_PATH}:/opt/ros/humble /usr/bin/cmake --build /home/peony/navigation_ws/build/navigoal_manager -- -j32 -l32
[0.347s] [35m[1mConsolidate compiler generated dependencies of target goal_manager_node[0m
[0.360s] [100%] Built target goal_manager_node
[0.369s] Invoked command in '/home/peony/navigation_ws/build/navigoal_manager' returned '0': CMAKE_PREFIX_PATH=${CMAKE_PREFIX_PATH}:/opt/ros/humble /usr/bin/cmake --build /home/peony/navigation_ws/build/navigoal_manager -- -j32 -l32
[0.377s] Invoking command in '/home/peony/navigation_ws/build/navigoal_manager': CMAKE_PREFIX_PATH=${CMAKE_PREFIX_PATH}:/opt/ros/humble /usr/bin/cmake --install /home/peony/navigation_ws/build/navigoal_manager
[0.382s] -- Install configuration: ""
[0.382s] -- Execute custom install script
[0.382s] -- Up-to-date symlink: /home/peony/navigation_ws/install/navigoal_manager/lib/navigoal_manager/goal_manager_node
[0.383s] -- Up-to-date symlink: /home/peony/navigation_ws/install/navigoal_manager/share/navigoal_manager/launch/navigoal_pub.launch.py
[0.383s] -- Up-to-date symlink: /home/peony/navigation_ws/install/navigoal_manager/share/navigoal_manager/cfg/navigoal_param.yaml
[0.383s] -- Up-to-date symlink: /home/peony/navigation_ws/install/navigoal_manager/share/ament_index/resource_index/package_run_dependencies/navigoal_manager
[0.383s] -- Up-to-date symlink: /home/peony/navigation_ws/install/navigoal_manager/share/ament_index/resource_index/parent_prefix_path/navigoal_manager
[0.383s] -- Up-to-date symlink: /home/peony/navigation_ws/install/navigoal_manager/share/navigoal_manager/environment/ament_prefix_path.sh
[0.383s] -- Up-to-date symlink: /home/peony/navigation_ws/install/navigoal_manager/share/navigoal_manager/environment/ament_prefix_path.dsv
[0.383s] -- Up-to-date symlink: /home/peony/navigation_ws/install/navigoal_manager/share/navigoal_manager/environment/path.sh
[0.383s] -- Up-to-date symlink: /home/peony/navigation_ws/install/navigoal_manager/share/navigoal_manager/environment/path.dsv
[0.383s] -- Up-to-date symlink: /home/peony/navigation_ws/install/navigoal_manager/share/navigoal_manager/local_setup.bash
[0.384s] -- Up-to-date symlink: /home/peony/navigation_ws/install/navigoal_manager/share/navigoal_manager/local_setup.sh
[0.384s] -- Up-to-date symlink: /home/peony/navigation_ws/install/navigoal_manager/share/navigoal_manager/local_setup.zsh
[0.384s] -- Up-to-date symlink: /home/peony/navigation_ws/install/navigoal_manager/share/navigoal_manager/local_setup.dsv
[0.384s] -- Symlinking: /home/peony/navigation_ws/install/navigoal_manager/share/navigoal_manager/package.dsv
[0.391s] -- Up-to-date symlink: /home/peony/navigation_ws/install/navigoal_manager/share/ament_index/resource_index/packages/navigoal_manager
[0.391s] -- Up-to-date symlink: /home/peony/navigation_ws/install/navigoal_manager/share/navigoal_manager/cmake/navigoal_managerConfig.cmake
[0.391s] -- Up-to-date symlink: /home/peony/navigation_ws/install/navigoal_manager/share/navigoal_manager/cmake/navigoal_managerConfig-version.cmake
[0.391s] -- Up-to-date symlink: /home/peony/navigation_ws/install/navigoal_manager/share/navigoal_manager/package.xml
[0.393s] Invoked command in '/home/peony/navigation_ws/build/navigoal_manager' returned '0': CMAKE_PREFIX_PATH=${CMAKE_PREFIX_PATH}:/opt/ros/humble /usr/bin/cmake --install /home/peony/navigation_ws/build/navigoal_manager
