[0.009s] Invoking command in '/home/peony/navigation_ws/build/detect_obs': CMAKE_PREFIX_PATH=${CMAKE_PREFIX_PATH}:/opt/ros/humble /usr/bin/cmake --build /home/peony/navigation_ws/build/detect_obs -- -j32 -l32
[0.029s] -- Found ament_cmake: 1.3.13 (/opt/ros/humble/share/ament_cmake/cmake)
[0.109s] -- Override CMake install command with custom implementation using symlinks instead of copying resources
[0.114s] -- Found rclcpp: 16.0.18 (/opt/ros/humble/share/rclcpp/cmake)
[0.133s] -- Found rosidl_generator_c: 3.1.8 (/opt/ros/humble/share/rosidl_generator_c/cmake)
[0.135s] -- Found rosidl_adapter: 3.1.8 (/opt/ros/humble/share/rosidl_adapter/cmake)
[0.139s] -- Found rosidl_generator_cpp: 3.1.8 (/opt/ros/humble/share/rosidl_generator_cpp/cmake)
[0.144s] -- Using all available rosidl_typesupport_c: rosidl_typesupport_fastrtps_c;rosidl_typesupport_introspection_c
[0.152s] -- Using all available rosidl_typesupport_cpp: rosidl_typesupport_fastrtps_cpp;rosidl_typesupport_introspection_cpp
[0.171s] -- Found rmw_implementation_cmake: 6.1.2 (/opt/ros/humble/share/rmw_implementation_cmake/cmake)
[0.171s] -- Found rmw_fastrtps_cpp: 6.2.10 (/opt/ros/humble/share/rmw_fastrtps_cpp/cmake)
[0.251s] -- Using RMW implementation 'rmw_fastrtps_cpp' as default
[0.279s] -- Found geometry_msgs: 4.9.1 (/opt/ros/humble/share/geometry_msgs/cmake)
[0.286s] -- Found rosidl_default_generators: 1.2.0 (/opt/ros/humble/share/rosidl_default_generators/cmake)
[0.290s] -- Found sensor_msgs: 4.9.1 (/opt/ros/humble/share/sensor_msgs/cmake)
[0.300s] -- Found nav_msgs: 4.9.1 (/opt/ros/humble/share/nav_msgs/cmake)
[0.310s] -- Found pcl_conversions: 2.4.5 (/opt/ros/humble/share/pcl_conversions/cmake)
[0.333s] -- Eigen found (include: /usr/include/eigen3, version: 3.4.0)
[0.357s] -- FLANN found (include: /usr/include, lib: /usr/lib/x86_64-linux-gnu/libflann_cpp.so)
[0.592s] -- OpenNI found (version: 1.5.4.0, include: /usr/include/ni, lib: /usr/lib/libOpenNI.so;libusb::libusb)
[0.596s] -- OpenNI2 found (version: 2.2.0.33, include: /usr/include/openni2, lib: /usr/lib/x86_64-linux-gnu/libOpenNI2.so;libusb::libusb)
[0.701s] -- Eigen found (include: /usr/include/eigen3, version: 3.4.0)
[0.706s] -- OpenNI found (version: 1.5.4.0, include: /usr/include/ni, lib: /usr/lib/libOpenNI.so;libusb::libusb)
[0.711s] -- OpenNI2 found (version: 2.2.0.33, include: /usr/include/openni2, lib: /usr/lib/x86_64-linux-gnu/libOpenNI2.so;libusb::libusb)
[0.810s] -- Found Qhull version 8.0.2
[0.910s] -- OpenNI found (version: 1.5.4.0, include: /usr/include/ni, lib: /usr/lib/libOpenNI.so;libusb::libusb)
[1.014s] [33mCMake Warning (dev) at CMakeLists.txt:16 (find_package):
[1.014s]   Policy CMP0074 is not set: find_package uses <PackageName>_ROOT variables.
[1.014s]   Run "cmake --help-policy CMP0074" for policy details.  Use the cmake_policy
[1.014s]   command to set the policy and suppress this warning.
[1.014s] 
[1.014s]   CMake variable PCL_ROOT is set to:
[1.014s] 
[1.014s]     /usr
[1.014s] 
[1.014s]   For compatibility, CMake is ignoring the variable.
[1.014s] This warning is for project developers.  Use -Wno-dev to suppress it.
[1.014s] [0m
[1.029s] -- Found livox_ros_driver2: 1.0.0 (/home/peony/ws_livox/install/livox_ros_driver2/share/livox_ros_driver2/cmake)
[1.116s] -- Configuring done
[1.139s] -- Generating done
[1.145s] -- Build files have been written to: /home/peony/navigation_ws/build/detect_obs
[1.172s] [35m[1mConsolidate compiler generated dependencies of target obstacle_processor[0m
[1.195s] [ 50%] [32mBuilding CXX object CMakeFiles/obstacle_processor.dir/src/obstacle_processor.cpp.o[0m
[4.378s] [01m[K/home/peony/navigation_ws/src/detect_obs/src/obstacle_processor.cpp:[m[K In constructor ‘[01m[KObstacleProcessor::ObstacleProcessor()[m[K’:
[4.378s] [01m[K/home/peony/navigation_ws/src/detect_obs/src/obstacle_processor.cpp:26:104:[m[K [01;31m[Kerror: [m[Kno match for ‘[01m[Koperator=[m[K’ (operand types are ‘[01m[Krclcpp::Subscription<sensor_msgs::msg::PointCloud2_<std::allocator<void> > >::SharedPtr[m[K’ {aka ‘[01m[Kstd::shared_ptr<rclcpp::Subscription<sensor_msgs::msg::PointCloud2_<std::allocator<void> > > >[m[K’} and ‘[01m[Kstd::shared_ptr<rclcpp::Subscription<livox_ros_driver2::msg::CustomMsg_<std::allocator<void> >, std::allocator<void>, livox_ros_driver2::msg::CustomMsg_<std::allocator<void> >, livox_ros_driver2::msg::CustomMsg_<std::allocator<void> >, rclcpp::message_memory_strategy::MessageMemoryStrategy<livox_ros_driver2::msg::CustomMsg_<std::allocator<void> >, std::allocator<void> > > >[m[K’)
[4.378s]    26 |             "/livox/lidar", 10, std::bind(&ObstacleProcessor::pc_callback, this, std::placeholders::_1)[01;31m[K)[m[K;
[4.378s]       |                                                                                                        [01;31m[K^[m[K
[4.378s] In file included from [01m[K/usr/include/c++/11/memory:77[m[K,
[4.378s]                  from [01m[K/opt/ros/humble/include/rclcpp/rclcpp/rclcpp.hpp:153[m[K,
[4.378s]                  from [01m[K/home/peony/navigation_ws/src/detect_obs/src/obstacle_processor.cpp:1[m[K:
[4.378s] [01m[K/usr/include/c++/11/bits/shared_ptr.h:363:9:[m[K [01;36m[Knote: [m[Kcandidate: ‘[01m[Ktemplate<class _Yp> std::shared_ptr<_Tp>::_Assignable<const std::shared_ptr<_Yp>&> std::shared_ptr<_Tp>::operator=(const std::shared_ptr<_Yp>&) [with _Yp = _Yp; _Tp = rclcpp::Subscription<sensor_msgs::msg::PointCloud2_<std::allocator<void> > >][m[K’
[4.378s]   363 |         [01;36m[Koperator[m[K=(const shared_ptr<_Yp>& __r) noexcept
[4.378s]       |         [01;36m[K^~~~~~~~[m[K
[4.378s] [01m[K/usr/include/c++/11/bits/shared_ptr.h:363:9:[m[K [01;36m[Knote: [m[K  template argument deduction/substitution failed:
[4.378s] /usr/include/c++/11/bits/shared_ptr.h: In substitution of ‘[01m[Ktemplate<class _Tp> template<class _Arg> using _Assignable = typename std::enable_if<std::is_assignable<std::__shared_ptr<_Tp>&, _Arg>::value, std::shared_ptr<_Tp>&>::type [with _Arg = const std::shared_ptr<rclcpp::Subscription<livox_ros_driver2::msg::CustomMsg_<std::allocator<void> >, std::allocator<void>, livox_ros_driver2::msg::CustomMsg_<std::allocator<void> >, livox_ros_driver2::msg::CustomMsg_<std::allocator<void> >, rclcpp::message_memory_strategy::MessageMemoryStrategy<livox_ros_driver2::msg::CustomMsg_<std::allocator<void> >, std::allocator<void> > > >&; _Tp = rclcpp::Subscription<sensor_msgs::msg::PointCloud2_<std::allocator<void> > >][m[K’:
[4.378s] [01m[K/usr/include/c++/11/bits/shared_ptr.h:363:2:[m[K   required by substitution of ‘[01m[Ktemplate<class _Yp> std::shared_ptr<rclcpp::Subscription<sensor_msgs::msg::PointCloud2_<std::allocator<void> > > >::_Assignable<const std::shared_ptr<_Tp>&> std::shared_ptr<rclcpp::Subscription<sensor_msgs::msg::PointCloud2_<std::allocator<void> > > >::operator=<_Yp>(const std::shared_ptr<_Tp>&) [with _Yp = rclcpp::Subscription<livox_ros_driver2::msg::CustomMsg_<std::allocator<void> >, std::allocator<void>, livox_ros_driver2::msg::CustomMsg_<std::allocator<void> >, livox_ros_driver2::msg::CustomMsg_<std::allocator<void> >, rclcpp::message_memory_strategy::MessageMemoryStrategy<livox_ros_driver2::msg::CustomMsg_<std::allocator<void> >, std::allocator<void> > >][m[K’
[4.378s] [01m[K/home/peony/navigation_ws/src/detect_obs/src/obstacle_processor.cpp:26:104:[m[K   required from here
[4.378s] [01m[K/usr/include/c++/11/bits/shared_ptr.h:130:15:[m[K [01;31m[Kerror: [m[Kno type named ‘[01m[Ktype[m[K’ in ‘[01m[Kstruct std::enable_if<false, std::shared_ptr<rclcpp::Subscription<sensor_msgs::msg::PointCloud2_<std::allocator<void> > > >&>[m[K’
[4.378s]   130 |         using [01;31m[K_Assignable[m[K = typename enable_if<
[4.378s]       |               [01;31m[K^~~~~~~~~~~[m[K
[4.378s] [01m[K/usr/include/c++/11/bits/shared_ptr.h:374:9:[m[K [01;36m[Knote: [m[Kcandidate: ‘[01m[Ktemplate<class _Yp> std::shared_ptr<_Tp>::_Assignable<std::auto_ptr<_Up> > std::shared_ptr<_Tp>::operator=(std::auto_ptr<_Up>&&) [with _Yp = _Yp; _Tp = rclcpp::Subscription<sensor_msgs::msg::PointCloud2_<std::allocator<void> > >][m[K’
[4.378s]   374 |         [01;36m[Koperator[m[K=(auto_ptr<_Yp>&& __r)
[4.379s]       |         [01;36m[K^~~~~~~~[m[K
[4.379s] [01m[K/usr/include/c++/11/bits/shared_ptr.h:374:9:[m[K [01;36m[Knote: [m[K  template argument deduction/substitution failed:
[4.379s] [01m[K/home/peony/navigation_ws/src/detect_obs/src/obstacle_processor.cpp:26:104:[m[K [01;36m[Knote: [m[K  ‘[01m[Kstd::shared_ptr<rclcpp::Subscription<livox_ros_driver2::msg::CustomMsg_<std::allocator<void> >, std::allocator<void>, livox_ros_driver2::msg::CustomMsg_<std::allocator<void> >, livox_ros_driver2::msg::CustomMsg_<std::allocator<void> >, rclcpp::message_memory_strategy::MessageMemoryStrategy<livox_ros_driver2::msg::CustomMsg_<std::allocator<void> >, std::allocator<void> > > >[m[K’ is not derived from ‘[01m[Kstd::auto_ptr<_Up>[m[K’
[4.379s]    26 |             "/livox/lidar", 10, std::bind(&ObstacleProcessor::pc_callback, this, std::placeholders::_1)[01;36m[K)[m[K;
[4.379s]       |                                                                                                        [01;36m[K^[m[K
[4.379s] In file included from [01m[K/usr/include/c++/11/memory:77[m[K,
[4.379s]                  from [01m[K/opt/ros/humble/include/rclcpp/rclcpp/rclcpp.hpp:153[m[K,
[4.379s]                  from [01m[K/home/peony/navigation_ws/src/detect_obs/src/obstacle_processor.cpp:1[m[K:
[4.379s] [01m[K/usr/include/c++/11/bits/shared_ptr.h:391:9:[m[K [01;36m[Knote: [m[Kcandidate: ‘[01m[Ktemplate<class _Yp> std::shared_ptr<_Tp>::_Assignable<std::shared_ptr<_Yp> > std::shared_ptr<_Tp>::operator=(std::shared_ptr<_Yp>&&) [with _Yp = _Yp; _Tp = rclcpp::Subscription<sensor_msgs::msg::PointCloud2_<std::allocator<void> > >][m[K’
[4.379s]   391 |         [01;36m[Koperator[m[K=(shared_ptr<_Yp>&& __r) noexcept
[4.379s]       |         [01;36m[K^~~~~~~~[m[K
[4.379s] [01m[K/usr/include/c++/11/bits/shared_ptr.h:391:9:[m[K [01;36m[Knote: [m[K  template argument deduction/substitution failed:
[4.379s] /usr/include/c++/11/bits/shared_ptr.h: In substitution of ‘[01m[Ktemplate<class _Tp> template<class _Arg> using _Assignable = typename std::enable_if<std::is_assignable<std::__shared_ptr<_Tp>&, _Arg>::value, std::shared_ptr<_Tp>&>::type [with _Arg = std::shared_ptr<rclcpp::Subscription<livox_ros_driver2::msg::CustomMsg_<std::allocator<void> >, std::allocator<void>, livox_ros_driver2::msg::CustomMsg_<std::allocator<void> >, livox_ros_driver2::msg::CustomMsg_<std::allocator<void> >, rclcpp::message_memory_strategy::MessageMemoryStrategy<livox_ros_driver2::msg::CustomMsg_<std::allocator<void> >, std::allocator<void> > > >; _Tp = rclcpp::Subscription<sensor_msgs::msg::PointCloud2_<std::allocator<void> > >][m[K’:
[4.379s] [01m[K/usr/include/c++/11/bits/shared_ptr.h:391:2:[m[K   required by substitution of ‘[01m[Ktemplate<class _Yp> std::shared_ptr<rclcpp::Subscription<sensor_msgs::msg::PointCloud2_<std::allocator<void> > > >::_Assignable<std::shared_ptr<_Tp> > std::shared_ptr<rclcpp::Subscription<sensor_msgs::msg::PointCloud2_<std::allocator<void> > > >::operator=<_Yp>(std::shared_ptr<_Tp>&&) [with _Yp = rclcpp::Subscription<livox_ros_driver2::msg::CustomMsg_<std::allocator<void> >, std::allocator<void>, livox_ros_driver2::msg::CustomMsg_<std::allocator<void> >, livox_ros_driver2::msg::CustomMsg_<std::allocator<void> >, rclcpp::message_memory_strategy::MessageMemoryStrategy<livox_ros_driver2::msg::CustomMsg_<std::allocator<void> >, std::allocator<void> > >][m[K’
[4.379s] [01m[K/home/peony/navigation_ws/src/detect_obs/src/obstacle_processor.cpp:26:104:[m[K   required from here
[4.379s] [01m[K/usr/include/c++/11/bits/shared_ptr.h:130:15:[m[K [01;31m[Kerror: [m[Kno type named ‘[01m[Ktype[m[K’ in ‘[01m[Kstruct std::enable_if<false, std::shared_ptr<rclcpp::Subscription<sensor_msgs::msg::PointCloud2_<std::allocator<void> > > >&>[m[K’
[4.379s]   130 |         using [01;31m[K_Assignable[m[K = typename enable_if<
[4.379s]       |               [01;31m[K^~~~~~~~~~~[m[K
[4.379s] [01m[K/usr/include/c++/11/bits/shared_ptr.h:399:9:[m[K [01;36m[Knote: [m[Kcandidate: ‘[01m[Ktemplate<class _Yp, class _Del> std::shared_ptr<_Tp>::_Assignable<std::unique_ptr<_Up, _Ep> > std::shared_ptr<_Tp>::operator=(std::unique_ptr<_Up, _Ep>&&) [with _Yp = _Yp; _Del = _Del; _Tp = rclcpp::Subscription<sensor_msgs::msg::PointCloud2_<std::allocator<void> > >][m[K’
[4.379s]   399 |         [01;36m[Koperator[m[K=(unique_ptr<_Yp, _Del>&& __r)
[4.379s]       |         [01;36m[K^~~~~~~~[m[K
[4.379s] [01m[K/usr/include/c++/11/bits/shared_ptr.h:399:9:[m[K [01;36m[Knote: [m[K  template argument deduction/substitution failed:
[4.379s] [01m[K/home/peony/navigation_ws/src/detect_obs/src/obstacle_processor.cpp:26:104:[m[K [01;36m[Knote: [m[K  ‘[01m[Kstd::shared_ptr<rclcpp::Subscription<livox_ros_driver2::msg::CustomMsg_<std::allocator<void> >, std::allocator<void>, livox_ros_driver2::msg::CustomMsg_<std::allocator<void> >, livox_ros_driver2::msg::CustomMsg_<std::allocator<void> >, rclcpp::message_memory_strategy::MessageMemoryStrategy<livox_ros_driver2::msg::CustomMsg_<std::allocator<void> >, std::allocator<void> > > >[m[K’ is not derived from ‘[01m[Kstd::unique_ptr<_Tp, _Dp>[m[K’
[4.379s]    26 |             "/livox/lidar", 10, std::bind(&ObstacleProcessor::pc_callback, this, std::placeholders::_1)[01;36m[K)[m[K;
[4.379s]       |                                                                                                        [01;36m[K^[m[K
[4.379s] In file included from [01m[K/usr/include/c++/11/memory:77[m[K,
[4.379s]                  from [01m[K/opt/ros/humble/include/rclcpp/rclcpp/rclcpp.hpp:153[m[K,
[4.379s]                  from [01m[K/home/peony/navigation_ws/src/detect_obs/src/obstacle_processor.cpp:1[m[K:
[4.379s] [01m[K/usr/include/c++/11/bits/shared_ptr.h:359:19:[m[K [01;36m[Knote: [m[Kcandidate: ‘[01m[Kstd::shared_ptr<_Tp>& std::shared_ptr<_Tp>::operator=(const std::shared_ptr<_Tp>&) [with _Tp = rclcpp::Subscription<sensor_msgs::msg::PointCloud2_<std::allocator<void> > >][m[K’
[4.379s]   359 |       shared_ptr& [01;36m[Koperator[m[K=(const shared_ptr&) noexcept = default;
[4.379s]       |                   [01;36m[K^~~~~~~~[m[K
[4.379s] [01m[K/usr/include/c++/11/bits/shared_ptr.h:359:29:[m[K [01;36m[Knote: [m[K  no known conversion for argument 1 from ‘[01m[Kstd::shared_ptr<rclcpp::Subscription<livox_ros_driver2::msg::CustomMsg_<std::allocator<void> >, std::allocator<void>, livox_ros_driver2::msg::CustomMsg_<std::allocator<void> >, livox_ros_driver2::msg::CustomMsg_<std::allocator<void> >, rclcpp::message_memory_strategy::MessageMemoryStrategy<livox_ros_driver2::msg::CustomMsg_<std::allocator<void> >, std::allocator<void> > > >[m[K’ to ‘[01m[Kconst std::shared_ptr<rclcpp::Subscription<sensor_msgs::msg::PointCloud2_<std::allocator<void> > > >&[m[K’
[4.380s]   359 |       shared_ptr& operator=([01;36m[Kconst shared_ptr&[m[K) noexcept = default;
[4.380s]       |                             [01;36m[K^~~~~~~~~~~~~~~~~[m[K
[4.380s] [01m[K/usr/include/c++/11/bits/shared_ptr.h:383:7:[m[K [01;36m[Knote: [m[Kcandidate: ‘[01m[Kstd::shared_ptr<_Tp>& std::shared_ptr<_Tp>::operator=(std::shared_ptr<_Tp>&&) [with _Tp = rclcpp::Subscription<sensor_msgs::msg::PointCloud2_<std::allocator<void> > >][m[K’
[4.380s]   383 |       [01;36m[Koperator[m[K=(shared_ptr&& __r) noexcept
[4.380s]       |       [01;36m[K^~~~~~~~[m[K
[4.380s] [01m[K/usr/include/c++/11/bits/shared_ptr.h:383:30:[m[K [01;36m[Knote: [m[K  no known conversion for argument 1 from ‘[01m[Kstd::shared_ptr<rclcpp::Subscription<livox_ros_driver2::msg::CustomMsg_<std::allocator<void> >, std::allocator<void>, livox_ros_driver2::msg::CustomMsg_<std::allocator<void> >, livox_ros_driver2::msg::CustomMsg_<std::allocator<void> >, rclcpp::message_memory_strategy::MessageMemoryStrategy<livox_ros_driver2::msg::CustomMsg_<std::allocator<void> >, std::allocator<void> > > >[m[K’ to ‘[01m[Kstd::shared_ptr<rclcpp::Subscription<sensor_msgs::msg::PointCloud2_<std::allocator<void> > > >&&[m[K’
[4.380s]   383 |       operator=([01;36m[Kshared_ptr&& __r[m[K) noexcept
[4.380s]       |                 [01;36m[K~~~~~~~~~~~~~^~~[m[K
[4.380s] In file included from [01m[K/opt/ros/humble/include/rclcpp/rclcpp/logging.hpp:24[m[K,
[4.381s]                  from [01m[K/opt/ros/humble/include/rclcpp/rclcpp/client.hpp:40[m[K,
[4.381s]                  from [01m[K/opt/ros/humble/include/rclcpp/rclcpp/callback_group.hpp:24[m[K,
[4.381s]                  from [01m[K/opt/ros/humble/include/rclcpp/rclcpp/any_executable.hpp:20[m[K,
[4.381s]                  from [01m[K/opt/ros/humble/include/rclcpp/rclcpp/memory_strategy.hpp:25[m[K,
[4.381s]                  from [01m[K/opt/ros/humble/include/rclcpp/rclcpp/memory_strategies.hpp:18[m[K,
[4.381s]                  from [01m[K/opt/ros/humble/include/rclcpp/rclcpp/executor_options.hpp:20[m[K,
[4.381s]                  from [01m[K/opt/ros/humble/include/rclcpp/rclcpp/executor.hpp:37[m[K,
[4.381s]                  from [01m[K/opt/ros/humble/include/rclcpp/rclcpp/executors/multi_threaded_executor.hpp:25[m[K,
[4.381s]                  from [01m[K/opt/ros/humble/include/rclcpp/rclcpp/executors.hpp:21[m[K,
[4.381s]                  from [01m[K/opt/ros/humble/include/rclcpp/rclcpp/rclcpp.hpp:155[m[K,
[4.381s]                  from [01m[K/home/peony/navigation_ws/src/detect_obs/src/obstacle_processor.cpp:1[m[K:
[4.381s] [01m[K/home/peony/navigation_ws/src/detect_obs/src/obstacle_processor.cpp:[m[K In member function ‘[01m[Kvoid ObstacleProcessor::pc_callback(livox_ros_driver2::msg::CustomMsg_<std::allocator<void> >::SharedPtr)[m[K’:
[4.381s] [01m[K/home/peony/navigation_ws/src/detect_obs/src/obstacle_processor.cpp:34:85:[m[K [01;31m[Kerror: [m[K‘[01m[Kusing element_type = struct livox_ros_driver2::msg::CustomMsg_<std::allocator<void> >[m[K’ {aka ‘[01m[Kstruct livox_ros_driver2::msg::CustomMsg_<std::allocator<void> >[m[K’} has no member named ‘[01m[Kwidth[m[K’
[4.381s]    34 |         RCLCPP_INFO(this->get_logger(), "Received point cloud with %d points", msg->[01;31m[Kwidth[m[K * msg->height);
[4.381s]       |                                                                                     [01;31m[K^~~~~[m[K
[4.381s] [01m[K/home/peony/navigation_ws/src/detect_obs/src/obstacle_processor.cpp:34:98:[m[K [01;31m[Kerror: [m[K‘[01m[Kusing element_type = struct livox_ros_driver2::msg::CustomMsg_<std::allocator<void> >[m[K’ {aka ‘[01m[Kstruct livox_ros_driver2::msg::CustomMsg_<std::allocator<void> >[m[K’} has no member named ‘[01m[Kheight[m[K’
[4.381s]    34 |         RCLCPP_INFO(this->get_logger(), "Received point cloud with %d points", msg->width * msg->[01;31m[Kheight[m[K);
[4.381s]       |                                                                                                  [01;31m[K^~~~~~[m[K
[4.386s] [01m[K/home/peony/navigation_ws/src/detect_obs/src/obstacle_processor.cpp:36:24:[m[K [01;31m[Kerror: [m[Kno matching function for call to ‘[01m[KfromROSMsg(std::__shared_ptr_access<livox_ros_driver2::msg::CustomMsg_<std::allocator<void> >, __gnu_cxx::_S_atomic, false, false>::element_type&, std::__shared_ptr_access<pcl::PointCloud<pcl::PointXYZ>, __gnu_cxx::_S_atomic, false, false>::element_type&)[m[K’
[4.386s]    36 |         [01;31m[Kpcl::fromROSMsg(*msg, *cloud)[m[K;
[4.386s]       |         [01;31m[K~~~~~~~~~~~~~~~^~~~~~~~~~~~~~[m[K
[4.386s] In file included from [01m[K/home/peony/navigation_ws/src/detect_obs/src/obstacle_processor.cpp:4[m[K:
[4.387s] [01m[K/opt/ros/humble/include/pcl_conversions/pcl_conversions/pcl_conversions.h:568:8:[m[K [01;36m[Knote: [m[Kcandidate: ‘[01m[Ktemplate<class T> void pcl::fromROSMsg(const PointCloud2&, pcl::PointCloud<PointT>&)[m[K’
[4.387s]   568 |   void [01;36m[KfromROSMsg[m[K(const sensor_msgs::msg::PointCloud2 &cloud, pcl::PointCloud<T> &pcl_cloud)
[4.387s]       |        [01;36m[K^~~~~~~~~~[m[K
[4.387s] [01m[K/opt/ros/humble/include/pcl_conversions/pcl_conversions/pcl_conversions.h:568:8:[m[K [01;36m[Knote: [m[K  template argument deduction/substitution failed:
[4.387s] [01m[K/home/peony/navigation_ws/src/detect_obs/src/obstacle_processor.cpp:36:25:[m[K [01;36m[Knote: [m[K  cannot convert ‘[01m[K((const std::__shared_ptr_access<livox_ros_driver2::msg::CustomMsg_<std::allocator<void> >, __gnu_cxx::_S_atomic, false, false>*)(& msg))->std::__shared_ptr_access<livox_ros_driver2::msg::CustomMsg_<std::allocator<void> >, __gnu_cxx::_S_atomic, false, false>::operator*()[m[K’ (type ‘[01m[Kstd::__shared_ptr_access<livox_ros_driver2::msg::CustomMsg_<std::allocator<void> >, __gnu_cxx::_S_atomic, false, false>::element_type[m[K’ {aka ‘[01m[Klivox_ros_driver2::msg::CustomMsg_<std::allocator<void> >[m[K’}) to type ‘[01m[Kconst PointCloud2&[m[K’ {aka ‘[01m[Kconst sensor_msgs::msg::PointCloud2_<std::allocator<void> >&[m[K’}
[4.387s]    36 |         pcl::fromROSMsg([01;36m[K*msg[m[K, *cloud);
[4.387s]       |                         [01;36m[K^~~~[m[K
[6.253s] gmake[2]: *** [CMakeFiles/obstacle_processor.dir/build.make:76：CMakeFiles/obstacle_processor.dir/src/obstacle_processor.cpp.o] 错误 1
[6.253s] gmake[1]: *** [CMakeFiles/Makefile2:137：CMakeFiles/obstacle_processor.dir/all] 错误 2
[6.254s] gmake: *** [Makefile:146：all] 错误 2
[6.256s] Invoked command in '/home/peony/navigation_ws/build/detect_obs' returned '2': CMAKE_PREFIX_PATH=${CMAKE_PREFIX_PATH}:/opt/ros/humble /usr/bin/cmake --build /home/peony/navigation_ws/build/detect_obs -- -j32 -l32
