[0.008s] Invoking command in '/home/peony/navigation_ws/build/detect_obs': CMAKE_PREFIX_PATH=${CMAKE_PREFIX_PATH}:/opt/ros/humble /usr/bin/cmake --build /home/peony/navigation_ws/build/detect_obs -- -j32 -l32
[0.024s] -- Found ament_cmake: 1.3.13 (/opt/ros/humble/share/ament_cmake/cmake)
[0.091s] -- Override CMake install command with custom implementation using symlinks instead of copying resources
[0.096s] -- Found rclcpp: 16.0.18 (/opt/ros/humble/share/rclcpp/cmake)
[0.112s] -- Found rosidl_generator_c: 3.1.8 (/opt/ros/humble/share/rosidl_generator_c/cmake)
[0.113s] -- Found rosidl_adapter: 3.1.8 (/opt/ros/humble/share/rosidl_adapter/cmake)
[0.116s] -- Found rosidl_generator_cpp: 3.1.8 (/opt/ros/humble/share/rosidl_generator_cpp/cmake)
[0.121s] -- Using all available rosidl_typesupport_c: rosidl_typesupport_fastrtps_c;rosidl_typesupport_introspection_c
[0.127s] -- Using all available rosidl_typesupport_cpp: rosidl_typesupport_fastrtps_cpp;rosidl_typesupport_introspection_cpp
[0.144s] -- Found rmw_implementation_cmake: 6.1.2 (/opt/ros/humble/share/rmw_implementation_cmake/cmake)
[0.144s] -- Found rmw_fastrtps_cpp: 6.2.10 (/opt/ros/humble/share/rmw_fastrtps_cpp/cmake)
[0.219s] -- Using RMW implementation 'rmw_fastrtps_cpp' as default
[0.249s] -- Found geometry_msgs: 4.9.1 (/opt/ros/humble/share/geometry_msgs/cmake)
[0.256s] -- Found rosidl_default_generators: 1.2.0 (/opt/ros/humble/share/rosidl_default_generators/cmake)
[0.260s] -- Found sensor_msgs: 4.9.1 (/opt/ros/humble/share/sensor_msgs/cmake)
[0.269s] -- Found nav_msgs: 4.9.1 (/opt/ros/humble/share/nav_msgs/cmake)
[0.295s] [31mCMake Error at CMakeLists.txt:15 (find_package):
[0.295s]   By not providing "Findpcl.cmake" in CMAKE_MODULE_PATH this project has
[0.295s]   asked CMake to find a package configuration file provided by "pcl", but
[0.295s]   CMake did not find one.
[0.295s] 
[0.295s]   Could not find a package configuration file provided by "pcl" with any of
[0.295s]   the following names:
[0.295s] 
[0.296s]     pclConfig.cmake
[0.296s]     pcl-config.cmake
[0.296s] 
[0.296s]   Add the installation prefix of "pcl" to CMAKE_PREFIX_PATH or set "pcl_DIR"
[0.296s]   to a directory containing one of the above files.  If "pcl" provides a
[0.296s]   separate development package or SDK, be sure it has been installed.
[0.296s] 
[0.296s] [0m
[0.296s] -- Configuring incomplete, errors occurred!
[0.296s] See also "/home/peony/navigation_ws/build/detect_obs/CMakeFiles/CMakeOutput.log".
[0.302s] gmake: *** [Makefile:267：cmake_check_build_system] 错误 1
[0.304s] Invoked command in '/home/peony/navigation_ws/build/detect_obs' returned '2': CMAKE_PREFIX_PATH=${CMAKE_PREFIX_PATH}:/opt/ros/humble /usr/bin/cmake --build /home/peony/navigation_ws/build/detect_obs -- -j32 -l32
