-- The C compiler identification is GNU 11.4.0
-- The CXX compiler identification is GNU 11.4.0
-- Detecting C compiler ABI info
-- Detecting C compiler ABI info - done
-- Check for working C compiler: /usr/bin/cc - skipped
-- Detecting C compile features
-- Detecting C compile features - done
-- Detecting CXX compiler ABI info
-- Detecting CXX compiler ABI info - done
-- Check for working CXX compiler: /usr/bin/c++ - skipped
-- Detecting CXX compile features
-- Detecting CXX compile features - done
-- Found ament_cmake: 1.3.14 (/opt/ros/humble/share/ament_cmake/cmake)
-- Found Python3: /usr/bin/python3 (found version "3.10.12") found components: Interpreter 
-- Found rclcpp: 16.0.19 (/opt/ros/humble/share/rclcpp/cmake)
-- Found rosidl_generator_c: 3.1.8 (/opt/ros/humble/share/rosidl_generator_c/cmake)
-- Found rosidl_adapter: 3.1.8 (/opt/ros/humble/share/rosidl_adapter/cmake)
-- Found rosidl_generator_cpp: 3.1.8 (/opt/ros/humble/share/rosidl_generator_cpp/cmake)
-- Using all available rosidl_typesupport_c: rosidl_typesupport_fastrtps_c;rosidl_typesupport_introspection_c
-- Using all available rosidl_typesupport_cpp: rosidl_typesupport_fastrtps_cpp;rosidl_typesupport_introspection_cpp
-- Found rmw_implementation_cmake: 6.1.2 (/opt/ros/humble/share/rmw_implementation_cmake/cmake)
-- Found rmw_fastrtps_cpp: 6.2.10 (/opt/ros/humble/share/rmw_fastrtps_cpp/cmake)
-- Found OpenSSL: /usr/lib/x86_64-linux-gnu/libcrypto.so (found version "3.0.2")  
-- Found FastRTPS: /opt/ros/humble/include  
-- Using RMW implementation 'rmw_fastrtps_cpp' as default
-- Looking for pthread.h
-- Looking for pthread.h - found
-- Performing Test CMAKE_HAVE_LIBC_PTHREAD
-- Performing Test CMAKE_HAVE_LIBC_PTHREAD - Success
-- Found Threads: TRUE  
-- Found geometry_msgs: 4.9.1 (/opt/ros/humble/share/geometry_msgs/cmake)
-- Configuring done
-- Generating done
-- Build files have been written to: /home/yes/桌面/nav/build/navigoal_manager
[ 50%] [32mBuilding CXX object CMakeFiles/goal_manager_node.dir/src/manager.cpp.o[0m
In file included from [01m[K/home/yes/桌面/nav/src/navigoal_manager/src/manager.cpp:1[m[K:
[01m[K/home/yes/桌面/nav/src/navigoal_manager/include/manager.h:23:48:[m[K [01;31m[Kerror: [m[K‘[01m[KUInt16MultiArray[m[K’ in namespace ‘[01m[Kstd_msgs::msg[m[K’ does not name a type
   23 |     void goalPoseCallback(const std_msgs::msg::[01;31m[KUInt16MultiArray[m[K::SharedPtr msg);
      |                                                [01;31m[K^~~~~~~~~~~~~~~~[m[K
[01m[K/home/yes/桌面/nav/src/navigoal_manager/include/manager.h:23:76:[m[K [01;31m[Kerror: [m[Kexpected unqualified-id before ‘[01m[Kmsg[m[K’
   23 |     void goalPoseCallback(const std_msgs::msg::UInt16MultiArray::SharedPtr [01;31m[Kmsg[m[K);
      |                                                                            [01;31m[K^~~[m[K
[01m[K/home/yes/桌面/nav/src/navigoal_manager/include/manager.h:23:75:[m[K [01;31m[Kerror: [m[Kexpected ‘[01m[K)[m[K’ before ‘[01m[Kmsg[m[K’
   23 |     void goalPoseCallback[34m[K([m[Kconst std_msgs::msg::UInt16MultiArray::SharedPtr[01;31m[K [m[K[32m[Kmsg[m[K);
      |                          [34m[K~[m[K                                                [01;31m[K^[m[K[32m[K~~~[m[K
      |                                                                           [32m[K)[m[K
[01m[K/home/yes/桌面/nav/src/navigoal_manager/include/manager.h:23:66:[m[K [01;31m[Kerror: [m[Kexpected ‘[01m[K;[m[K’ at end of member declaration
   23 |     void goalPoseCallback(const std_msgs::msg::UInt16MultiArray::[01;31m[KSharedPtr[m[K msg);
      |                                                                  [01;31m[K^~~~~~~~~[m[K
      |                                                                           [32m[K;[m[K
[01m[K/home/yes/桌面/nav/src/navigoal_manager/include/manager.h:23:76:[m[K [01;31m[Kerror: [m[K‘[01m[Kmsg[m[K’ does not name a type
   23 |     void goalPoseCallback(const std_msgs::msg::UInt16MultiArray::SharedPtr [01;31m[Kmsg[m[K);
      |                                                                            [01;31m[K^~~[m[K
[01m[K/home/yes/桌面/nav/src/navigoal_manager/include/manager.h:25:41:[m[K [01;31m[Kerror: [m[K‘[01m[KUInt16MultiArray[m[K’ is not a member of ‘[01m[Kstd_msgs::msg[m[K’
   25 |     rclcpp::Subscription<std_msgs::msg::[01;31m[KUInt16MultiArray[m[K>::SharedPtr ly_goal_pose_subscription_;
      |                                         [01;31m[K^~~~~~~~~~~~~~~~[m[K
[01m[K/home/yes/桌面/nav/src/navigoal_manager/include/manager.h:25:57:[m[K [01;31m[Kerror: [m[Ktemplate argument 1 is invalid
   25 |     rclcpp::Subscription<std_msgs::msg::UInt16MultiArray[01;31m[K>[m[K::SharedPtr ly_goal_pose_subscription_;
      |                                                         [01;31m[K^[m[K
[01m[K/home/yes/桌面/nav/src/navigoal_manager/include/manager.h:25:57:[m[K [01;31m[Kerror: [m[Ktemplate argument 3 is invalid
[01m[K/home/yes/桌面/nav/src/navigoal_manager/include/manager.h:25:57:[m[K [01;31m[Kerror: [m[Ktemplate argument 4 is invalid
[01m[K/home/yes/桌面/nav/src/navigoal_manager/include/manager.h:25:57:[m[K [01;31m[Kerror: [m[Ktemplate argument 5 is invalid
[01m[K/home/yes/桌面/nav/src/navigoal_manager/include/manager.h:25:60:[m[K [01;31m[Kerror: [m[Kexpected ‘[01m[K;[m[K’ at end of member declaration
   25 |     rclcpp::Subscription<std_msgs::msg::UInt16MultiArray>::[01;31m[KSharedPtr[m[K ly_goal_pose_subscription_;
      |                                                            [01;31m[K^~~~~~~~~[m[K
      |                                                                     [32m[K;[m[K
[01m[K/home/yes/桌面/nav/src/navigoal_manager/include/manager.h:25:70:[m[K [01;31m[Kerror: [m[K‘[01m[Kly_goal_pose_subscription_[m[K’ does not name a type
   25 |     rclcpp::Subscription<std_msgs::msg::UInt16MultiArray>::SharedPtr [01;31m[Kly_goal_pose_subscription_[m[K;
      |                                                                      [01;31m[K^~~~~~~~~~~~~~~~~~~~~~~~~~[m[K
[01m[K/home/yes/桌面/nav/src/navigoal_manager/src/manager.cpp:[m[K In constructor ‘[01m[Knavigoal_manager::GoalManager::GoalManager()[m[K’:
[01m[K/home/yes/桌面/nav/src/navigoal_manager/src/manager.cpp:37:5:[m[K [01;31m[Kerror: [m[K‘[01m[Kly_goal_pose_subscription_[m[K’ was not declared in this scope; did you mean ‘[01m[Kly_goal_subscription_[m[K’?
   37 |     [01;31m[Kly_goal_pose_subscription_[m[K = this->create_subscription<std_msgs::msg::UInt16MultiArray>(
      |     [01;31m[K^~~~~~~~~~~~~~~~~~~~~~~~~~[m[K
      |     [32m[Kly_goal_subscription_[m[K
[01m[K/home/yes/桌面/nav/src/navigoal_manager/src/manager.cpp:37:75:[m[K [01;31m[Kerror: [m[K‘[01m[KUInt16MultiArray[m[K’ is not a member of ‘[01m[Kstd_msgs::msg[m[K’
   37 |     ly_goal_pose_subscription_ = this->create_subscription<std_msgs::msg::[01;31m[KUInt16MultiArray[m[K>(
      |                                                                           [01;31m[K^~~~~~~~~~~~~~~~[m[K
[01m[K/home/yes/桌面/nav/src/navigoal_manager/src/manager.cpp:37:92:[m[K [01;31m[Kerror: [m[Kno matching function for call to ‘[01m[Knavigoal_manager::GoalManager::create_subscription<<expression error> >(const char [19], int, std::_Bind_helper<false, void (navigoal_manager::GoalManager::*)(...), navigoal_manager::GoalManager*, const std::_Placeholder<1>&>::type)[m[K’
   37 |     ly_goal_pose_subscription_ = [01;31m[Kthis->create_subscription<std_msgs::msg::UInt16MultiArray>([m[K
      |                                  [01;31m[K~~~~~~~~~~~~~~~~~~~~~~~~~~~~~~~~~~~~~~~~~~~~~~~~~~~~~~~~~~^[m[K
   38 | [01;31m[K        "/ly/navi/goal_pose", 10, std::bind(&GoalManager::goalPoseCallback, this, std::placeholders::_1))[m[K;
      |         [01;31m[K~~~~~~~~~~~~~~~~~~~~~~~~~~~~~~~~~~~~~~~~~~~~~~~~~~~~~~~~~~~~~~~~~~~~~~~~~~~~~~~~~~~~~~~~~~~~~~~~~[m[K
In file included from [01m[K/opt/ros/humble/include/rclcpp/rclcpp/node.hpp:1321[m[K,
                 from [01m[K/opt/ros/humble/include/rclcpp/rclcpp/executors/single_threaded_executor.hpp:28[m[K,
                 from [01m[K/opt/ros/humble/include/rclcpp/rclcpp/executors.hpp:22[m[K,
                 from [01m[K/opt/ros/humble/include/rclcpp/rclcpp/rclcpp.hpp:155[m[K,
                 from [01m[K/home/yes/桌面/nav/src/navigoal_manager/include/manager.h:2[m[K,
                 from [01m[K/home/yes/桌面/nav/src/navigoal_manager/src/manager.cpp:1[m[K:
[01m[K/opt/ros/humble/include/rclcpp/rclcpp/node_impl.hpp:92:1:[m[K [01;36m[Knote: [m[Kcandidate: ‘[01m[Ktemplate<class MessageT, class CallbackT, class AllocatorT, class SubscriptionT, class MessageMemoryStrategyT> std::shared_ptr<ROSMessageT> rclcpp::Node::create_subscription(const string&, const rclcpp::QoS&, CallbackT&&, const rclcpp::SubscriptionOptionsWithAllocator<AllocatorT>&, typename MessageMemoryStrategyT::SharedPtr)[m[K’
   92 | [01;36m[KNode[m[K::create_subscription(
      | [01;36m[K^~~~[m[K
[01m[K/opt/ros/humble/include/rclcpp/rclcpp/node_impl.hpp:92:1:[m[K [01;36m[Knote: [m[K  template argument deduction/substitution failed:
[01m[K/home/yes/桌面/nav/src/navigoal_manager/src/manager.cpp:37:92:[m[K [01;31m[Kerror: [m[Ktemplate argument 1 is invalid
   37 |     ly_goal_pose_subscription_ = [01;31m[Kthis->create_subscription<std_msgs::msg::UInt16MultiArray>([m[K
      |                                  [01;31m[K~~~~~~~~~~~~~~~~~~~~~~~~~~~~~~~~~~~~~~~~~~~~~~~~~~~~~~~~~~^[m[K
   38 | [01;31m[K        "/ly/navi/goal_pose", 10, std::bind(&GoalManager::goalPoseCallback, this, std::placeholders::_1))[m[K;
      |         [01;31m[K~~~~~~~~~~~~~~~~~~~~~~~~~~~~~~~~~~~~~~~~~~~~~~~~~~~~~~~~~~~~~~~~~~~~~~~~~~~~~~~~~~~~~~~~~~~~~~~~~[m[K
[01m[K/home/yes/桌面/nav/src/navigoal_manager/src/manager.cpp:[m[K At global scope:
[01m[K/home/yes/桌面/nav/src/navigoal_manager/src/manager.cpp:74:57:[m[K [01;31m[Kerror: [m[K‘[01m[KUInt16MultiArray[m[K’ in namespace ‘[01m[Kstd_msgs::msg[m[K’ does not name a type
   74 | void GoalManager::goalPoseCallback(const std_msgs::msg::[01;31m[KUInt16MultiArray[m[K::SharedPtr msg)
      |                                                         [01;31m[K^~~~~~~~~~~~~~~~[m[K
[01m[K/home/yes/桌面/nav/src/navigoal_manager/src/manager.cpp:74:85:[m[K [01;31m[Kerror: [m[Kexpected unqualified-id before ‘[01m[Kmsg[m[K’
   74 | void GoalManager::goalPoseCallback(const std_msgs::msg::UInt16MultiArray::SharedPtr [01;31m[Kmsg[m[K)
      |                                                                                     [01;31m[K^~~[m[K
[01m[K/home/yes/桌面/nav/src/navigoal_manager/src/manager.cpp:74:84:[m[K [01;31m[Kerror: [m[Kexpected ‘[01m[K)[m[K’ before ‘[01m[Kmsg[m[K’
   74 | void GoalManager::goalPoseCallback[34m[K([m[Kconst std_msgs::msg::UInt16MultiArray::SharedPtr[01;31m[K [m[K[32m[Kmsg[m[K)
      |                                   [34m[K~[m[K                                                [01;31m[K^[m[K[32m[K~~~[m[K
      |                                                                                    [32m[K)[m[K
[01m[K/home/yes/桌面/nav/src/navigoal_manager/src/manager.cpp:74:85:[m[K [01;31m[Kerror: [m[Kexpected initializer before ‘[01m[Kmsg[m[K’
   74 | void GoalManager::goalPoseCallback(const std_msgs::msg::UInt16MultiArray::SharedPtr [01;31m[Kmsg[m[K)
      |                                                                                     [01;31m[K^~~[m[K
gmake[2]: *** [CMakeFiles/goal_manager_node.dir/build.make:76：CMakeFiles/goal_manager_node.dir/src/manager.cpp.o] 错误 1
gmake[1]: *** [CMakeFiles/Makefile2:137：CMakeFiles/goal_manager_node.dir/all] 错误 2
gmake: *** [Makefile:146：all] 错误 2
