[0.006s] Invoking command in '/home/yes/桌面/nav/build/navigoal_manager': CMAKE_PREFIX_PATH=/home/yes/桌面/nav/install/goal_pub:/opt/ros/humble /usr/bin/cmake /home/yes/桌面/nav/src/navigoal_manager -DCMAKE_INSTALL_PREFIX=/home/yes/桌面/nav/install/navigoal_manager
[0.052s] -- The C compiler identification is GNU 11.4.0
[0.110s] -- The CXX compiler identification is GNU 11.4.0
[0.114s] -- Detecting C compiler ABI info
[0.183s] -- Detecting C compiler ABI info - done
[0.187s] -- Check for working C compiler: /usr/bin/cc - skipped
[0.187s] -- Detecting C compile features
[0.187s] -- Detecting C compile features - done
[0.189s] -- Detecting CXX compiler ABI info
[0.247s] -- Detecting CXX compiler ABI info - done
[0.252s] -- Check for working CXX compiler: /usr/bin/c++ - skipped
[0.252s] -- Detecting CXX compile features
[0.252s] -- Detecting CXX compile features - done
[0.254s] -- Found ament_cmake: 1.3.14 (/opt/ros/humble/share/ament_cmake/cmake)
[0.353s] -- Found Python3: /usr/bin/python3 (found version "3.10.12") found components: Interpreter 
[0.402s] -- Found rclcpp: 16.0.19 (/opt/ros/humble/share/rclcpp/cmake)
[0.425s] -- Found rosidl_generator_c: 3.1.8 (/opt/ros/humble/share/rosidl_generator_c/cmake)
[0.427s] -- Found rosidl_adapter: 3.1.8 (/opt/ros/humble/share/rosidl_adapter/cmake)
[0.431s] -- Found rosidl_generator_cpp: 3.1.8 (/opt/ros/humble/share/rosidl_generator_cpp/cmake)
[0.436s] -- Using all available rosidl_typesupport_c: rosidl_typesupport_fastrtps_c;rosidl_typesupport_introspection_c
[0.444s] -- Using all available rosidl_typesupport_cpp: rosidl_typesupport_fastrtps_cpp;rosidl_typesupport_introspection_cpp
[0.464s] -- Found rmw_implementation_cmake: 6.1.2 (/opt/ros/humble/share/rmw_implementation_cmake/cmake)
[0.465s] -- Found rmw_fastrtps_cpp: 6.2.10 (/opt/ros/humble/share/rmw_fastrtps_cpp/cmake)
[0.532s] -- Found OpenSSL: /usr/lib/x86_64-linux-gnu/libcrypto.so (found version "3.0.2")  
[0.552s] -- Found FastRTPS: /opt/ros/humble/include  
[0.576s] -- Using RMW implementation 'rmw_fastrtps_cpp' as default
[0.580s] -- Looking for pthread.h
[0.658s] -- Looking for pthread.h - found
[0.658s] -- Performing Test CMAKE_HAVE_LIBC_PTHREAD
[0.726s] -- Performing Test CMAKE_HAVE_LIBC_PTHREAD - Success
[0.727s] -- Found Threads: TRUE  
[0.750s] -- Found geometry_msgs: 4.9.1 (/opt/ros/humble/share/geometry_msgs/cmake)
[0.786s] -- Configuring done
[0.789s] -- Generating done
[0.791s] -- Build files have been written to: /home/yes/桌面/nav/build/navigoal_manager
[0.796s] Invoked command in '/home/yes/桌面/nav/build/navigoal_manager' returned '0': CMAKE_PREFIX_PATH=/home/yes/桌面/nav/install/goal_pub:/opt/ros/humble /usr/bin/cmake /home/yes/桌面/nav/src/navigoal_manager -DCMAKE_INSTALL_PREFIX=/home/yes/桌面/nav/install/navigoal_manager
[0.797s] Invoking command in '/home/yes/桌面/nav/build/navigoal_manager': CMAKE_PREFIX_PATH=/home/yes/桌面/nav/install/goal_pub:/opt/ros/humble /usr/bin/cmake --build /home/yes/桌面/nav/build/navigoal_manager -- -j32 -l32
[0.837s] [ 50%] [32mBuilding CXX object CMakeFiles/goal_manager_node.dir/src/manager.cpp.o[0m
[1.862s] In file included from [01m[K/home/yes/桌面/nav/src/navigoal_manager/src/manager.cpp:1[m[K:
[1.863s] [01m[K/home/yes/桌面/nav/src/navigoal_manager/include/manager.h:23:48:[m[K [01;31m[Kerror: [m[K‘[01m[KUInt16MultiArray[m[K’ in namespace ‘[01m[Kstd_msgs::msg[m[K’ does not name a type
[1.863s]    23 |     void goalPoseCallback(const std_msgs::msg::[01;31m[KUInt16MultiArray[m[K::SharedPtr msg);
[1.863s]       |                                                [01;31m[K^~~~~~~~~~~~~~~~[m[K
[1.863s] [01m[K/home/yes/桌面/nav/src/navigoal_manager/include/manager.h:23:76:[m[K [01;31m[Kerror: [m[Kexpected unqualified-id before ‘[01m[Kmsg[m[K’
[1.863s]    23 |     void goalPoseCallback(const std_msgs::msg::UInt16MultiArray::SharedPtr [01;31m[Kmsg[m[K);
[1.863s]       |                                                                            [01;31m[K^~~[m[K
[1.863s] [01m[K/home/yes/桌面/nav/src/navigoal_manager/include/manager.h:23:75:[m[K [01;31m[Kerror: [m[Kexpected ‘[01m[K)[m[K’ before ‘[01m[Kmsg[m[K’
[1.863s]    23 |     void goalPoseCallback[34m[K([m[Kconst std_msgs::msg::UInt16MultiArray::SharedPtr[01;31m[K [m[K[32m[Kmsg[m[K);
[1.863s]       |                          [34m[K~[m[K                                                [01;31m[K^[m[K[32m[K~~~[m[K
[1.863s]       |                                                                           [32m[K)[m[K
[1.863s] [01m[K/home/yes/桌面/nav/src/navigoal_manager/include/manager.h:23:66:[m[K [01;31m[Kerror: [m[Kexpected ‘[01m[K;[m[K’ at end of member declaration
[1.863s]    23 |     void goalPoseCallback(const std_msgs::msg::UInt16MultiArray::[01;31m[KSharedPtr[m[K msg);
[1.863s]       |                                                                  [01;31m[K^~~~~~~~~[m[K
[1.863s]       |                                                                           [32m[K;[m[K
[1.863s] [01m[K/home/yes/桌面/nav/src/navigoal_manager/include/manager.h:23:76:[m[K [01;31m[Kerror: [m[K‘[01m[Kmsg[m[K’ does not name a type
[1.863s]    23 |     void goalPoseCallback(const std_msgs::msg::UInt16MultiArray::SharedPtr [01;31m[Kmsg[m[K);
[1.863s]       |                                                                            [01;31m[K^~~[m[K
[1.880s] [01m[K/home/yes/桌面/nav/src/navigoal_manager/include/manager.h:25:41:[m[K [01;31m[Kerror: [m[K‘[01m[KUInt16MultiArray[m[K’ is not a member of ‘[01m[Kstd_msgs::msg[m[K’
[1.880s]    25 |     rclcpp::Subscription<std_msgs::msg::[01;31m[KUInt16MultiArray[m[K>::SharedPtr ly_goal_pose_subscription_;
[1.880s]       |                                         [01;31m[K^~~~~~~~~~~~~~~~[m[K
[1.880s] [01m[K/home/yes/桌面/nav/src/navigoal_manager/include/manager.h:25:57:[m[K [01;31m[Kerror: [m[Ktemplate argument 1 is invalid
[1.880s]    25 |     rclcpp::Subscription<std_msgs::msg::UInt16MultiArray[01;31m[K>[m[K::SharedPtr ly_goal_pose_subscription_;
[1.880s]       |                                                         [01;31m[K^[m[K
[1.880s] [01m[K/home/yes/桌面/nav/src/navigoal_manager/include/manager.h:25:57:[m[K [01;31m[Kerror: [m[Ktemplate argument 3 is invalid
[1.880s] [01m[K/home/yes/桌面/nav/src/navigoal_manager/include/manager.h:25:57:[m[K [01;31m[Kerror: [m[Ktemplate argument 4 is invalid
[1.880s] [01m[K/home/yes/桌面/nav/src/navigoal_manager/include/manager.h:25:57:[m[K [01;31m[Kerror: [m[Ktemplate argument 5 is invalid
[1.880s] [01m[K/home/yes/桌面/nav/src/navigoal_manager/include/manager.h:25:60:[m[K [01;31m[Kerror: [m[Kexpected ‘[01m[K;[m[K’ at end of member declaration
[1.880s]    25 |     rclcpp::Subscription<std_msgs::msg::UInt16MultiArray>::[01;31m[KSharedPtr[m[K ly_goal_pose_subscription_;
[1.880s]       |                                                            [01;31m[K^~~~~~~~~[m[K
[1.880s]       |                                                                     [32m[K;[m[K
[1.882s] [01m[K/home/yes/桌面/nav/src/navigoal_manager/include/manager.h:25:70:[m[K [01;31m[Kerror: [m[K‘[01m[Kly_goal_pose_subscription_[m[K’ does not name a type
[1.882s]    25 |     rclcpp::Subscription<std_msgs::msg::UInt16MultiArray>::SharedPtr [01;31m[Kly_goal_pose_subscription_[m[K;
[1.882s]       |                                                                      [01;31m[K^~~~~~~~~~~~~~~~~~~~~~~~~~[m[K
[1.894s] [01m[K/home/yes/桌面/nav/src/navigoal_manager/src/manager.cpp:[m[K In constructor ‘[01m[Knavigoal_manager::GoalManager::GoalManager()[m[K’:
[1.894s] [01m[K/home/yes/桌面/nav/src/navigoal_manager/src/manager.cpp:37:5:[m[K [01;31m[Kerror: [m[K‘[01m[Kly_goal_pose_subscription_[m[K’ was not declared in this scope; did you mean ‘[01m[Kly_goal_subscription_[m[K’?
[1.894s]    37 |     [01;31m[Kly_goal_pose_subscription_[m[K = this->create_subscription<std_msgs::msg::UInt16MultiArray>(
[1.894s]       |     [01;31m[K^~~~~~~~~~~~~~~~~~~~~~~~~~[m[K
[1.894s]       |     [32m[Kly_goal_subscription_[m[K
[1.894s] [01m[K/home/yes/桌面/nav/src/navigoal_manager/src/manager.cpp:37:75:[m[K [01;31m[Kerror: [m[K‘[01m[KUInt16MultiArray[m[K’ is not a member of ‘[01m[Kstd_msgs::msg[m[K’
[1.894s]    37 |     ly_goal_pose_subscription_ = this->create_subscription<std_msgs::msg::[01;31m[KUInt16MultiArray[m[K>(
[1.894s]       |                                                                           [01;31m[K^~~~~~~~~~~~~~~~[m[K
[1.895s] [01m[K/home/yes/桌面/nav/src/navigoal_manager/src/manager.cpp:37:92:[m[K [01;31m[Kerror: [m[Kno matching function for call to ‘[01m[Knavigoal_manager::GoalManager::create_subscription<<expression error> >(const char [19], int, std::_Bind_helper<false, void (navigoal_manager::GoalManager::*)(...), navigoal_manager::GoalManager*, const std::_Placeholder<1>&>::type)[m[K’
[1.895s]    37 |     ly_goal_pose_subscription_ = [01;31m[Kthis->create_subscription<std_msgs::msg::UInt16MultiArray>([m[K
[1.895s]       |                                  [01;31m[K~~~~~~~~~~~~~~~~~~~~~~~~~~~~~~~~~~~~~~~~~~~~~~~~~~~~~~~~~~^[m[K
[1.895s]    38 | [01;31m[K        "/ly/navi/goal_pose", 10, std::bind(&GoalManager::goalPoseCallback, this, std::placeholders::_1))[m[K;
[1.895s]       |         [01;31m[K~~~~~~~~~~~~~~~~~~~~~~~~~~~~~~~~~~~~~~~~~~~~~~~~~~~~~~~~~~~~~~~~~~~~~~~~~~~~~~~~~~~~~~~~~~~~~~~~~[m[K
[1.897s] In file included from [01m[K/opt/ros/humble/include/rclcpp/rclcpp/node.hpp:1321[m[K,
[1.897s]                  from [01m[K/opt/ros/humble/include/rclcpp/rclcpp/executors/single_threaded_executor.hpp:28[m[K,
[1.897s]                  from [01m[K/opt/ros/humble/include/rclcpp/rclcpp/executors.hpp:22[m[K,
[1.897s]                  from [01m[K/opt/ros/humble/include/rclcpp/rclcpp/rclcpp.hpp:155[m[K,
[1.897s]                  from [01m[K/home/yes/桌面/nav/src/navigoal_manager/include/manager.h:2[m[K,
[1.897s]                  from [01m[K/home/yes/桌面/nav/src/navigoal_manager/src/manager.cpp:1[m[K:
[1.897s] [01m[K/opt/ros/humble/include/rclcpp/rclcpp/node_impl.hpp:92:1:[m[K [01;36m[Knote: [m[Kcandidate: ‘[01m[Ktemplate<class MessageT, class CallbackT, class AllocatorT, class SubscriptionT, class MessageMemoryStrategyT> std::shared_ptr<ROSMessageT> rclcpp::Node::create_subscription(const string&, const rclcpp::QoS&, CallbackT&&, const rclcpp::SubscriptionOptionsWithAllocator<AllocatorT>&, typename MessageMemoryStrategyT::SharedPtr)[m[K’
[1.897s]    92 | [01;36m[KNode[m[K::create_subscription(
[1.897s]       | [01;36m[K^~~~[m[K
[1.897s] [01m[K/opt/ros/humble/include/rclcpp/rclcpp/node_impl.hpp:92:1:[m[K [01;36m[Knote: [m[K  template argument deduction/substitution failed:
[1.897s] [01m[K/home/yes/桌面/nav/src/navigoal_manager/src/manager.cpp:37:92:[m[K [01;31m[Kerror: [m[Ktemplate argument 1 is invalid
[1.897s]    37 |     ly_goal_pose_subscription_ = [01;31m[Kthis->create_subscription<std_msgs::msg::UInt16MultiArray>([m[K
[1.897s]       |                                  [01;31m[K~~~~~~~~~~~~~~~~~~~~~~~~~~~~~~~~~~~~~~~~~~~~~~~~~~~~~~~~~~^[m[K
[1.897s]    38 | [01;31m[K        "/ly/navi/goal_pose", 10, std::bind(&GoalManager::goalPoseCallback, this, std::placeholders::_1))[m[K;
[1.897s]       |         [01;31m[K~~~~~~~~~~~~~~~~~~~~~~~~~~~~~~~~~~~~~~~~~~~~~~~~~~~~~~~~~~~~~~~~~~~~~~~~~~~~~~~~~~~~~~~~~~~~~~~~~[m[K
[1.899s] [01m[K/home/yes/桌面/nav/src/navigoal_manager/src/manager.cpp:[m[K At global scope:
[1.899s] [01m[K/home/yes/桌面/nav/src/navigoal_manager/src/manager.cpp:74:57:[m[K [01;31m[Kerror: [m[K‘[01m[KUInt16MultiArray[m[K’ in namespace ‘[01m[Kstd_msgs::msg[m[K’ does not name a type
[1.899s]    74 | void GoalManager::goalPoseCallback(const std_msgs::msg::[01;31m[KUInt16MultiArray[m[K::SharedPtr msg)
[1.899s]       |                                                         [01;31m[K^~~~~~~~~~~~~~~~[m[K
[1.899s] [01m[K/home/yes/桌面/nav/src/navigoal_manager/src/manager.cpp:74:85:[m[K [01;31m[Kerror: [m[Kexpected unqualified-id before ‘[01m[Kmsg[m[K’
[1.899s]    74 | void GoalManager::goalPoseCallback(const std_msgs::msg::UInt16MultiArray::SharedPtr [01;31m[Kmsg[m[K)
[1.899s]       |                                                                                     [01;31m[K^~~[m[K
[1.899s] [01m[K/home/yes/桌面/nav/src/navigoal_manager/src/manager.cpp:74:84:[m[K [01;31m[Kerror: [m[Kexpected ‘[01m[K)[m[K’ before ‘[01m[Kmsg[m[K’
[1.899s]    74 | void GoalManager::goalPoseCallback[34m[K([m[Kconst std_msgs::msg::UInt16MultiArray::SharedPtr[01;31m[K [m[K[32m[Kmsg[m[K)
[1.899s]       |                                   [34m[K~[m[K                                                [01;31m[K^[m[K[32m[K~~~[m[K
[1.899s]       |                                                                                    [32m[K)[m[K
[1.899s] [01m[K/home/yes/桌面/nav/src/navigoal_manager/src/manager.cpp:74:85:[m[K [01;31m[Kerror: [m[Kexpected initializer before ‘[01m[Kmsg[m[K’
[1.899s]    74 | void GoalManager::goalPoseCallback(const std_msgs::msg::UInt16MultiArray::SharedPtr [01;31m[Kmsg[m[K)
[1.899s]       |                                                                                     [01;31m[K^~~[m[K
[3.036s] gmake[2]: *** [CMakeFiles/goal_manager_node.dir/build.make:76：CMakeFiles/goal_manager_node.dir/src/manager.cpp.o] 错误 1
[3.036s] gmake[1]: *** [CMakeFiles/Makefile2:137：CMakeFiles/goal_manager_node.dir/all] 错误 2
[3.036s] gmake: *** [Makefile:146：all] 错误 2
[3.038s] Invoked command in '/home/yes/桌面/nav/build/navigoal_manager' returned '2': CMAKE_PREFIX_PATH=/home/yes/桌面/nav/install/goal_pub:/opt/ros/humble /usr/bin/cmake --build /home/yes/桌面/nav/build/navigoal_manager -- -j32 -l32
