[0.024s] Invoking command in '/home/peony/navigation_ws/build/mpc_follower': CMAKE_PREFIX_PATH=/opt/ros/humble /usr/bin/cmake --build /home/peony/navigation_ws/build/mpc_follower -- -j32 -l32
[0.080s] [100%] Built target mpc_node
[0.091s] Invoked command in '/home/peony/navigation_ws/build/mpc_follower' returned '0': CMAKE_PREFIX_PATH=/opt/ros/humble /usr/bin/cmake --build /home/peony/navigation_ws/build/mpc_follower -- -j32 -l32
[0.093s] Invoking command in '/home/peony/navigation_ws/build/mpc_follower': CMAKE_PREFIX_PATH=/opt/ros/humble /usr/bin/cmake --install /home/peony/navigation_ws/build/mpc_follower
[0.102s] -- Install configuration: ""
[0.102s] -- Execute custom install script
[0.102s] -- Up-to-date symlink: /home/peony/navigation_ws/install/mpc_follower/lib/mpc_follower/mpc_node
[0.103s] -- Up-to-date symlink: /home/peony/navigation_ws/install/mpc_follower/include//mpc_controller.h
[0.103s] -- Up-to-date symlink: /home/peony/navigation_ws/install/mpc_follower/include//robot_model.h
[0.103s] -- Up-to-date symlink: /home/peony/navigation_ws/install/mpc_follower/include//utilities.h
[0.103s] -- Up-to-date symlink: /home/peony/navigation_ws/install/mpc_follower/share/mpc_follower/cfg//mpc_params.yaml
[0.103s] -- Up-to-date symlink: /home/peony/navigation_ws/install/mpc_follower/share/mpc_follower/launch//mpc_follower.launch.py
[0.103s] -- Up-to-date symlink: /home/peony/navigation_ws/install/mpc_follower/share/ament_index/resource_index/package_run_dependencies/mpc_follower
[0.103s] -- Up-to-date symlink: /home/peony/navigation_ws/install/mpc_follower/share/ament_index/resource_index/parent_prefix_path/mpc_follower
[0.103s] -- Up-to-date symlink: /home/peony/navigation_ws/install/mpc_follower/share/mpc_follower/environment/ament_prefix_path.sh
[0.103s] -- Up-to-date symlink: /home/peony/navigation_ws/install/mpc_follower/share/mpc_follower/environment/ament_prefix_path.dsv
[0.103s] -- Up-to-date symlink: /home/peony/navigation_ws/install/mpc_follower/share/mpc_follower/environment/path.sh
[0.105s] -- Up-to-date symlink: /home/peony/navigation_ws/install/mpc_follower/share/mpc_follower/environment/path.dsv
[0.106s] -- Up-to-date symlink: /home/peony/navigation_ws/install/mpc_follower/share/mpc_follower/local_setup.bash
[0.106s] -- Up-to-date symlink: /home/peony/navigation_ws/install/mpc_follower/share/mpc_follower/local_setup.sh
[0.106s] -- Up-to-date symlink: /home/peony/navigation_ws/install/mpc_follower/share/mpc_follower/local_setup.zsh
[0.106s] -- Up-to-date symlink: /home/peony/navigation_ws/install/mpc_follower/share/mpc_follower/local_setup.dsv
[0.106s] -- Symlinking: /home/peony/navigation_ws/install/mpc_follower/share/mpc_follower/package.dsv
[0.112s] -- Up-to-date symlink: /home/peony/navigation_ws/install/mpc_follower/share/ament_index/resource_index/packages/mpc_follower
[0.112s] -- Up-to-date symlink: /home/peony/navigation_ws/install/mpc_follower/share/mpc_follower/cmake/mpc_followerConfig.cmake
[0.113s] -- Up-to-date symlink: /home/peony/navigation_ws/install/mpc_follower/share/mpc_follower/cmake/mpc_followerConfig-version.cmake
[0.113s] -- Up-to-date symlink: /home/peony/navigation_ws/install/mpc_follower/share/mpc_follower/package.xml
[0.149s] Invoked command in '/home/peony/navigation_ws/build/mpc_follower' returned '0': CMAKE_PREFIX_PATH=/opt/ros/humble /usr/bin/cmake --install /home/peony/navigation_ws/build/mpc_follower
