[0.071s] DEBUG:colcon:Command line arguments: ['/usr/bin/colcon', 'build']
[0.071s] DEBUG:colcon:Parsed command line arguments: Namespace(log_base=None, log_level=None, verb_name='build', build_base='build', install_base='install', merge_install=False, symlink_install=False, test_result_base=None, continue_on_error=False, executor='parallel', parallel_workers=32, event_handlers=None, ignore_user_meta=False, metas=['./colcon.meta'], base_paths=['.'], packages_ignore=None, packages_ignore_regex=None, paths=None, packages_up_to=None, packages_up_to_regex=None, packages_above=None, packages_above_and_dependencies=None, packages_above_depth=None, packages_select_by_dep=None, packages_skip_by_dep=None, packages_skip_up_to=None, packages_select_build_failed=False, packages_skip_build_finished=False, packages_select_test_failures=False, packages_skip_test_passed=False, packages_select=None, packages_skip=None, packages_select_regex=None, packages_skip_regex=None, packages_start=None, packages_end=None, allow_overriding=[], cmake_args=None, cmake_target=None, cmake_target_skip_unavailable=False, cmake_clean_cache=False, cmake_clean_first=False, cmake_force_configure=False, ament_cmake_args=None, catkin_cmake_args=None, catkin_skip_building_tests=False, verb_parser=<colcon_defaults.argument_parser.defaults.DefaultArgumentsDecorator object at 0x7041fda48b50>, verb_extension=<colcon_core.verb.build.BuildVerb object at 0x7041fdb520b0>, main=<bound method BuildVerb.main of <colcon_core.verb.build.BuildVerb object at 0x7041fdb520b0>>)
[0.181s] Level 1:colcon.colcon_core.package_discovery:discover_packages(colcon_meta) check parameters
[0.181s] Level 1:colcon.colcon_core.package_discovery:discover_packages(recursive) check parameters
[0.181s] Level 1:colcon.colcon_core.package_discovery:discover_packages(ignore) check parameters
[0.181s] Level 1:colcon.colcon_core.package_discovery:discover_packages(path) check parameters
[0.181s] Level 1:colcon.colcon_core.package_discovery:discover_packages(colcon_meta) discover
[0.182s] Level 1:colcon.colcon_core.package_discovery:discover_packages(recursive) discover
[0.182s] INFO:colcon.colcon_core.package_discovery:Crawling recursively for packages in '/home/peony/navigation_ws'
[0.182s] Level 1:colcon.colcon_core.package_identification:_identify(.) by extensions ['ignore', 'ignore_ament_install']
[0.182s] Level 1:colcon.colcon_core.package_identification:_identify(.) by extension 'ignore'
[0.182s] Level 1:colcon.colcon_core.package_identification:_identify(.) by extension 'ignore_ament_install'
[0.182s] Level 1:colcon.colcon_core.package_identification:_identify(.) by extensions ['colcon_pkg']
[0.182s] Level 1:colcon.colcon_core.package_identification:_identify(.) by extension 'colcon_pkg'
[0.182s] Level 1:colcon.colcon_core.package_identification:_identify(.) by extensions ['colcon_meta']
[0.182s] Level 1:colcon.colcon_core.package_identification:_identify(.) by extension 'colcon_meta'
[0.182s] Level 1:colcon.colcon_core.package_identification:_identify(.) by extensions ['ros']
[0.182s] Level 1:colcon.colcon_core.package_identification:_identify(.) by extension 'ros'
[0.190s] Level 1:colcon.colcon_core.package_identification:_identify(.) by extensions ['cmake', 'python']
[0.190s] Level 1:colcon.colcon_core.package_identification:_identify(.) by extension 'cmake'
[0.190s] Level 1:colcon.colcon_core.package_identification:_identify(.) by extension 'python'
[0.190s] Level 1:colcon.colcon_core.package_identification:_identify(.) by extensions ['python_setup_py']
[0.190s] Level 1:colcon.colcon_core.package_identification:_identify(.) by extension 'python_setup_py'
[0.190s] Level 1:colcon.colcon_core.package_identification:_identify(build) by extensions ['ignore', 'ignore_ament_install']
[0.190s] Level 1:colcon.colcon_core.package_identification:_identify(build) by extension 'ignore'
[0.190s] Level 1:colcon.colcon_core.package_identification:_identify(build) ignored
[0.190s] Level 1:colcon.colcon_core.package_identification:_identify(install) by extensions ['ignore', 'ignore_ament_install']
[0.190s] Level 1:colcon.colcon_core.package_identification:_identify(install) by extension 'ignore'
[0.190s] Level 1:colcon.colcon_core.package_identification:_identify(install) ignored
[0.190s] Level 1:colcon.colcon_core.package_identification:_identify(log) by extensions ['ignore', 'ignore_ament_install']
[0.190s] Level 1:colcon.colcon_core.package_identification:_identify(log) by extension 'ignore'
[0.190s] Level 1:colcon.colcon_core.package_identification:_identify(log) ignored
[0.190s] Level 1:colcon.colcon_core.package_identification:_identify(rviz) by extensions ['ignore', 'ignore_ament_install']
[0.190s] Level 1:colcon.colcon_core.package_identification:_identify(rviz) by extension 'ignore'
[0.190s] Level 1:colcon.colcon_core.package_identification:_identify(rviz) by extension 'ignore_ament_install'
[0.190s] Level 1:colcon.colcon_core.package_identification:_identify(rviz) by extensions ['colcon_pkg']
[0.191s] Level 1:colcon.colcon_core.package_identification:_identify(rviz) by extension 'colcon_pkg'
[0.191s] Level 1:colcon.colcon_core.package_identification:_identify(rviz) by extensions ['colcon_meta']
[0.191s] Level 1:colcon.colcon_core.package_identification:_identify(rviz) by extension 'colcon_meta'
[0.191s] Level 1:colcon.colcon_core.package_identification:_identify(rviz) by extensions ['ros']
[0.191s] Level 1:colcon.colcon_core.package_identification:_identify(rviz) by extension 'ros'
[0.191s] Level 1:colcon.colcon_core.package_identification:_identify(rviz) by extensions ['cmake', 'python']
[0.191s] Level 1:colcon.colcon_core.package_identification:_identify(rviz) by extension 'cmake'
[0.191s] Level 1:colcon.colcon_core.package_identification:_identify(rviz) by extension 'python'
[0.191s] Level 1:colcon.colcon_core.package_identification:_identify(rviz) by extensions ['python_setup_py']
[0.191s] Level 1:colcon.colcon_core.package_identification:_identify(rviz) by extension 'python_setup_py'
[0.191s] Level 1:colcon.colcon_core.package_identification:_identify(script) by extensions ['ignore', 'ignore_ament_install']
[0.191s] Level 1:colcon.colcon_core.package_identification:_identify(script) by extension 'ignore'
[0.191s] Level 1:colcon.colcon_core.package_identification:_identify(script) by extension 'ignore_ament_install'
[0.191s] Level 1:colcon.colcon_core.package_identification:_identify(script) by extensions ['colcon_pkg']
[0.191s] Level 1:colcon.colcon_core.package_identification:_identify(script) by extension 'colcon_pkg'
[0.191s] Level 1:colcon.colcon_core.package_identification:_identify(script) by extensions ['colcon_meta']
[0.191s] Level 1:colcon.colcon_core.package_identification:_identify(script) by extension 'colcon_meta'
[0.191s] Level 1:colcon.colcon_core.package_identification:_identify(script) by extensions ['ros']
[0.191s] Level 1:colcon.colcon_core.package_identification:_identify(script) by extension 'ros'
[0.191s] Level 1:colcon.colcon_core.package_identification:_identify(script) by extensions ['cmake', 'python']
[0.191s] Level 1:colcon.colcon_core.package_identification:_identify(script) by extension 'cmake'
[0.191s] Level 1:colcon.colcon_core.package_identification:_identify(script) by extension 'python'
[0.191s] Level 1:colcon.colcon_core.package_identification:_identify(script) by extensions ['python_setup_py']
[0.191s] Level 1:colcon.colcon_core.package_identification:_identify(script) by extension 'python_setup_py'
[0.191s] Level 1:colcon.colcon_core.package_identification:_identify(script/map) by extensions ['ignore', 'ignore_ament_install']
[0.191s] Level 1:colcon.colcon_core.package_identification:_identify(script/map) by extension 'ignore'
[0.191s] Level 1:colcon.colcon_core.package_identification:_identify(script/map) by extension 'ignore_ament_install'
[0.191s] Level 1:colcon.colcon_core.package_identification:_identify(script/map) by extensions ['colcon_pkg']
[0.191s] Level 1:colcon.colcon_core.package_identification:_identify(script/map) by extension 'colcon_pkg'
[0.191s] Level 1:colcon.colcon_core.package_identification:_identify(script/map) by extensions ['colcon_meta']
[0.191s] Level 1:colcon.colcon_core.package_identification:_identify(script/map) by extension 'colcon_meta'
[0.191s] Level 1:colcon.colcon_core.package_identification:_identify(script/map) by extensions ['ros']
[0.191s] Level 1:colcon.colcon_core.package_identification:_identify(script/map) by extension 'ros'
[0.191s] Level 1:colcon.colcon_core.package_identification:_identify(script/map) by extensions ['cmake', 'python']
[0.191s] Level 1:colcon.colcon_core.package_identification:_identify(script/map) by extension 'cmake'
[0.191s] Level 1:colcon.colcon_core.package_identification:_identify(script/map) by extension 'python'
[0.191s] Level 1:colcon.colcon_core.package_identification:_identify(script/map) by extensions ['python_setup_py']
[0.191s] Level 1:colcon.colcon_core.package_identification:_identify(script/map) by extension 'python_setup_py'
[0.192s] Level 1:colcon.colcon_core.package_identification:_identify(src) by extensions ['ignore', 'ignore_ament_install']
[0.192s] Level 1:colcon.colcon_core.package_identification:_identify(src) by extension 'ignore'
[0.192s] Level 1:colcon.colcon_core.package_identification:_identify(src) by extension 'ignore_ament_install'
[0.192s] Level 1:colcon.colcon_core.package_identification:_identify(src) by extensions ['colcon_pkg']
[0.192s] Level 1:colcon.colcon_core.package_identification:_identify(src) by extension 'colcon_pkg'
[0.192s] Level 1:colcon.colcon_core.package_identification:_identify(src) by extensions ['colcon_meta']
[0.192s] Level 1:colcon.colcon_core.package_identification:_identify(src) by extension 'colcon_meta'
[0.192s] Level 1:colcon.colcon_core.package_identification:_identify(src) by extensions ['ros']
[0.192s] Level 1:colcon.colcon_core.package_identification:_identify(src) by extension 'ros'
[0.192s] Level 1:colcon.colcon_core.package_identification:_identify(src) by extensions ['cmake', 'python']
[0.192s] Level 1:colcon.colcon_core.package_identification:_identify(src) by extension 'cmake'
[0.192s] Level 1:colcon.colcon_core.package_identification:_identify(src) by extension 'python'
[0.192s] Level 1:colcon.colcon_core.package_identification:_identify(src) by extensions ['python_setup_py']
[0.192s] Level 1:colcon.colcon_core.package_identification:_identify(src) by extension 'python_setup_py'
[0.192s] Level 1:colcon.colcon_core.package_identification:_identify(src/mpc_follower) by extensions ['ignore', 'ignore_ament_install']
[0.192s] Level 1:colcon.colcon_core.package_identification:_identify(src/mpc_follower) by extension 'ignore'
[0.192s] Level 1:colcon.colcon_core.package_identification:_identify(src/mpc_follower) by extension 'ignore_ament_install'
[0.192s] Level 1:colcon.colcon_core.package_identification:_identify(src/mpc_follower) by extensions ['colcon_pkg']
[0.192s] Level 1:colcon.colcon_core.package_identification:_identify(src/mpc_follower) by extension 'colcon_pkg'
[0.192s] Level 1:colcon.colcon_core.package_identification:_identify(src/mpc_follower) by extensions ['colcon_meta']
[0.192s] Level 1:colcon.colcon_core.package_identification:_identify(src/mpc_follower) by extension 'colcon_meta'
[0.192s] Level 1:colcon.colcon_core.package_identification:_identify(src/mpc_follower) by extensions ['ros']
[0.192s] Level 1:colcon.colcon_core.package_identification:_identify(src/mpc_follower) by extension 'ros'
[0.194s] DEBUG:colcon.colcon_core.package_identification:Package 'src/mpc_follower' with type 'ros.ament_cmake' and name 'mpc_follower'
[0.194s] Level 1:colcon.colcon_core.package_identification:_identify(src/navigoal_manager) by extensions ['ignore', 'ignore_ament_install']
[0.194s] Level 1:colcon.colcon_core.package_identification:_identify(src/navigoal_manager) by extension 'ignore'
[0.194s] Level 1:colcon.colcon_core.package_identification:_identify(src/navigoal_manager) by extension 'ignore_ament_install'
[0.194s] Level 1:colcon.colcon_core.package_identification:_identify(src/navigoal_manager) by extensions ['colcon_pkg']
[0.194s] Level 1:colcon.colcon_core.package_identification:_identify(src/navigoal_manager) by extension 'colcon_pkg'
[0.195s] Level 1:colcon.colcon_core.package_identification:_identify(src/navigoal_manager) by extensions ['colcon_meta']
[0.195s] Level 1:colcon.colcon_core.package_identification:_identify(src/navigoal_manager) by extension 'colcon_meta'
[0.195s] Level 1:colcon.colcon_core.package_identification:_identify(src/navigoal_manager) by extensions ['ros']
[0.195s] Level 1:colcon.colcon_core.package_identification:_identify(src/navigoal_manager) by extension 'ros'
[0.195s] DEBUG:colcon.colcon_core.package_identification:Package 'src/navigoal_manager' with type 'ros.ament_cmake' and name 'navigoal_manager'
[0.195s] Level 1:colcon.colcon_core.package_identification:_identify(src/path_following) by extensions ['ignore', 'ignore_ament_install']
[0.195s] Level 1:colcon.colcon_core.package_identification:_identify(src/path_following) by extension 'ignore'
[0.195s] Level 1:colcon.colcon_core.package_identification:_identify(src/path_following) by extension 'ignore_ament_install'
[0.195s] Level 1:colcon.colcon_core.package_identification:_identify(src/path_following) by extensions ['colcon_pkg']
[0.195s] Level 1:colcon.colcon_core.package_identification:_identify(src/path_following) by extension 'colcon_pkg'
[0.195s] Level 1:colcon.colcon_core.package_identification:_identify(src/path_following) by extensions ['colcon_meta']
[0.195s] Level 1:colcon.colcon_core.package_identification:_identify(src/path_following) by extension 'colcon_meta'
[0.195s] Level 1:colcon.colcon_core.package_identification:_identify(src/path_following) by extensions ['ros']
[0.195s] Level 1:colcon.colcon_core.package_identification:_identify(src/path_following) by extension 'ros'
[0.196s] DEBUG:colcon.colcon_core.package_identification:Package 'src/path_following' with type 'ros.ament_cmake' and name 'path_following'
[0.196s] Level 1:colcon.colcon_core.package_identification:_identify(src/path_searching) by extensions ['ignore', 'ignore_ament_install']
[0.196s] Level 1:colcon.colcon_core.package_identification:_identify(src/path_searching) by extension 'ignore'
[0.196s] Level 1:colcon.colcon_core.package_identification:_identify(src/path_searching) by extension 'ignore_ament_install'
[0.196s] Level 1:colcon.colcon_core.package_identification:_identify(src/path_searching) by extensions ['colcon_pkg']
[0.197s] Level 1:colcon.colcon_core.package_identification:_identify(src/path_searching) by extension 'colcon_pkg'
[0.197s] Level 1:colcon.colcon_core.package_identification:_identify(src/path_searching) by extensions ['colcon_meta']
[0.197s] Level 1:colcon.colcon_core.package_identification:_identify(src/path_searching) by extension 'colcon_meta'
[0.197s] Level 1:colcon.colcon_core.package_identification:_identify(src/path_searching) by extensions ['ros']
[0.197s] Level 1:colcon.colcon_core.package_identification:_identify(src/path_searching) by extension 'ros'
[0.198s] DEBUG:colcon.colcon_core.package_identification:Package 'src/path_searching' with type 'ros.ament_cmake' and name 'path_searching'
[0.198s] Level 1:colcon.colcon_core.package_identification:_identify(src/shell) by extensions ['ignore', 'ignore_ament_install']
[0.198s] Level 1:colcon.colcon_core.package_identification:_identify(src/shell) by extension 'ignore'
[0.198s] Level 1:colcon.colcon_core.package_identification:_identify(src/shell) by extension 'ignore_ament_install'
[0.198s] Level 1:colcon.colcon_core.package_identification:_identify(src/shell) by extensions ['colcon_pkg']
[0.198s] Level 1:colcon.colcon_core.package_identification:_identify(src/shell) by extension 'colcon_pkg'
[0.198s] Level 1:colcon.colcon_core.package_identification:_identify(src/shell) by extensions ['colcon_meta']
[0.198s] Level 1:colcon.colcon_core.package_identification:_identify(src/shell) by extension 'colcon_meta'
[0.198s] Level 1:colcon.colcon_core.package_identification:_identify(src/shell) by extensions ['ros']
[0.198s] Level 1:colcon.colcon_core.package_identification:_identify(src/shell) by extension 'ros'
[0.198s] Level 1:colcon.colcon_core.package_identification:_identify(src/shell) by extensions ['cmake', 'python']
[0.198s] Level 1:colcon.colcon_core.package_identification:_identify(src/shell) by extension 'cmake'
[0.198s] Level 1:colcon.colcon_core.package_identification:_identify(src/shell) by extension 'python'
[0.198s] Level 1:colcon.colcon_core.package_identification:_identify(src/shell) by extensions ['python_setup_py']
[0.198s] Level 1:colcon.colcon_core.package_identification:_identify(src/shell) by extension 'python_setup_py'
[0.198s] Level 1:colcon.colcon_core.package_identification:_identify(src/vel_forwarder) by extensions ['ignore', 'ignore_ament_install']
[0.198s] Level 1:colcon.colcon_core.package_identification:_identify(src/vel_forwarder) by extension 'ignore'
[0.198s] Level 1:colcon.colcon_core.package_identification:_identify(src/vel_forwarder) by extension 'ignore_ament_install'
[0.198s] Level 1:colcon.colcon_core.package_identification:_identify(src/vel_forwarder) by extensions ['colcon_pkg']
[0.198s] Level 1:colcon.colcon_core.package_identification:_identify(src/vel_forwarder) by extension 'colcon_pkg'
[0.198s] Level 1:colcon.colcon_core.package_identification:_identify(src/vel_forwarder) by extensions ['colcon_meta']
[0.198s] Level 1:colcon.colcon_core.package_identification:_identify(src/vel_forwarder) by extension 'colcon_meta'
[0.198s] Level 1:colcon.colcon_core.package_identification:_identify(src/vel_forwarder) by extensions ['ros']
[0.198s] Level 1:colcon.colcon_core.package_identification:_identify(src/vel_forwarder) by extension 'ros'
[0.199s] DEBUG:colcon.colcon_core.package_identification:Package 'src/vel_forwarder' with type 'ros.ament_cmake' and name 'vel_forwarder'
[0.199s] Level 1:colcon.colcon_core.package_discovery:discover_packages(recursive) using defaults
[0.199s] Level 1:colcon.colcon_core.package_discovery:discover_packages(ignore) discover
[0.199s] Level 1:colcon.colcon_core.package_discovery:discover_packages(ignore) using defaults
[0.199s] Level 1:colcon.colcon_core.package_discovery:discover_packages(path) discover
[0.199s] Level 1:colcon.colcon_core.package_discovery:discover_packages(path) using defaults
[0.221s] Level 1:colcon.colcon_core.package_discovery:discover_packages(prefix_path) check parameters
[0.221s] Level 1:colcon.colcon_core.package_discovery:discover_packages(prefix_path) discover
[0.223s] DEBUG:colcon.colcon_installed_package_information.package_discovery:Found 5 installed packages in /home/peony/navigation_ws/install
[0.224s] DEBUG:colcon.colcon_installed_package_information.package_discovery:Found 339 installed packages in /opt/ros/humble
[0.225s] Level 1:colcon.colcon_core.package_discovery:discover_packages(prefix_path) using defaults
[0.255s] Level 5:colcon.colcon_core.verb:set package 'mpc_follower' build argument 'cmake_args' from command line to 'None'
[0.255s] Level 5:colcon.colcon_core.verb:set package 'mpc_follower' build argument 'cmake_target' from command line to 'None'
[0.255s] Level 5:colcon.colcon_core.verb:set package 'mpc_follower' build argument 'cmake_target_skip_unavailable' from command line to 'False'
[0.255s] Level 5:colcon.colcon_core.verb:set package 'mpc_follower' build argument 'cmake_clean_cache' from command line to 'False'
[0.255s] Level 5:colcon.colcon_core.verb:set package 'mpc_follower' build argument 'cmake_clean_first' from command line to 'False'
[0.255s] Level 5:colcon.colcon_core.verb:set package 'mpc_follower' build argument 'cmake_force_configure' from command line to 'False'
[0.255s] Level 5:colcon.colcon_core.verb:set package 'mpc_follower' build argument 'ament_cmake_args' from command line to 'None'
[0.255s] Level 5:colcon.colcon_core.verb:set package 'mpc_follower' build argument 'catkin_cmake_args' from command line to 'None'
[0.255s] Level 5:colcon.colcon_core.verb:set package 'mpc_follower' build argument 'catkin_skip_building_tests' from command line to 'False'
[0.255s] DEBUG:colcon.colcon_core.verb:Building package 'mpc_follower' with the following arguments: {'ament_cmake_args': None, 'build_base': '/home/peony/navigation_ws/build/mpc_follower', 'catkin_cmake_args': None, 'catkin_skip_building_tests': False, 'cmake_args': None, 'cmake_clean_cache': False, 'cmake_clean_first': False, 'cmake_force_configure': False, 'cmake_target': None, 'cmake_target_skip_unavailable': False, 'install_base': '/home/peony/navigation_ws/install/mpc_follower', 'merge_install': False, 'path': '/home/peony/navigation_ws/src/mpc_follower', 'symlink_install': False, 'test_result_base': None}
[0.255s] Level 5:colcon.colcon_core.verb:set package 'navigoal_manager' build argument 'cmake_args' from command line to 'None'
[0.255s] Level 5:colcon.colcon_core.verb:set package 'navigoal_manager' build argument 'cmake_target' from command line to 'None'
[0.255s] Level 5:colcon.colcon_core.verb:set package 'navigoal_manager' build argument 'cmake_target_skip_unavailable' from command line to 'False'
[0.255s] Level 5:colcon.colcon_core.verb:set package 'navigoal_manager' build argument 'cmake_clean_cache' from command line to 'False'
[0.255s] Level 5:colcon.colcon_core.verb:set package 'navigoal_manager' build argument 'cmake_clean_first' from command line to 'False'
[0.255s] Level 5:colcon.colcon_core.verb:set package 'navigoal_manager' build argument 'cmake_force_configure' from command line to 'False'
[0.255s] Level 5:colcon.colcon_core.verb:set package 'navigoal_manager' build argument 'ament_cmake_args' from command line to 'None'
[0.255s] Level 5:colcon.colcon_core.verb:set package 'navigoal_manager' build argument 'catkin_cmake_args' from command line to 'None'
[0.255s] Level 5:colcon.colcon_core.verb:set package 'navigoal_manager' build argument 'catkin_skip_building_tests' from command line to 'False'
[0.255s] DEBUG:colcon.colcon_core.verb:Building package 'navigoal_manager' with the following arguments: {'ament_cmake_args': None, 'build_base': '/home/peony/navigation_ws/build/navigoal_manager', 'catkin_cmake_args': None, 'catkin_skip_building_tests': False, 'cmake_args': None, 'cmake_clean_cache': False, 'cmake_clean_first': False, 'cmake_force_configure': False, 'cmake_target': None, 'cmake_target_skip_unavailable': False, 'install_base': '/home/peony/navigation_ws/install/navigoal_manager', 'merge_install': False, 'path': '/home/peony/navigation_ws/src/navigoal_manager', 'symlink_install': False, 'test_result_base': None}
[0.255s] Level 5:colcon.colcon_core.verb:set package 'path_following' build argument 'cmake_args' from command line to 'None'
[0.256s] Level 5:colcon.colcon_core.verb:set package 'path_following' build argument 'cmake_target' from command line to 'None'
[0.256s] Level 5:colcon.colcon_core.verb:set package 'path_following' build argument 'cmake_target_skip_unavailable' from command line to 'False'
[0.256s] Level 5:colcon.colcon_core.verb:set package 'path_following' build argument 'cmake_clean_cache' from command line to 'False'
[0.256s] Level 5:colcon.colcon_core.verb:set package 'path_following' build argument 'cmake_clean_first' from command line to 'False'
[0.256s] Level 5:colcon.colcon_core.verb:set package 'path_following' build argument 'cmake_force_configure' from command line to 'False'
[0.256s] Level 5:colcon.colcon_core.verb:set package 'path_following' build argument 'ament_cmake_args' from command line to 'None'
[0.256s] Level 5:colcon.colcon_core.verb:set package 'path_following' build argument 'catkin_cmake_args' from command line to 'None'
[0.256s] Level 5:colcon.colcon_core.verb:set package 'path_following' build argument 'catkin_skip_building_tests' from command line to 'False'
[0.256s] DEBUG:colcon.colcon_core.verb:Building package 'path_following' with the following arguments: {'ament_cmake_args': None, 'build_base': '/home/peony/navigation_ws/build/path_following', 'catkin_cmake_args': None, 'catkin_skip_building_tests': False, 'cmake_args': None, 'cmake_clean_cache': False, 'cmake_clean_first': False, 'cmake_force_configure': False, 'cmake_target': None, 'cmake_target_skip_unavailable': False, 'install_base': '/home/peony/navigation_ws/install/path_following', 'merge_install': False, 'path': '/home/peony/navigation_ws/src/path_following', 'symlink_install': False, 'test_result_base': None}
[0.256s] Level 5:colcon.colcon_core.verb:set package 'path_searching' build argument 'cmake_args' from command line to 'None'
[0.256s] Level 5:colcon.colcon_core.verb:set package 'path_searching' build argument 'cmake_target' from command line to 'None'
[0.256s] Level 5:colcon.colcon_core.verb:set package 'path_searching' build argument 'cmake_target_skip_unavailable' from command line to 'False'
[0.256s] Level 5:colcon.colcon_core.verb:set package 'path_searching' build argument 'cmake_clean_cache' from command line to 'False'
[0.256s] Level 5:colcon.colcon_core.verb:set package 'path_searching' build argument 'cmake_clean_first' from command line to 'False'
[0.256s] Level 5:colcon.colcon_core.verb:set package 'path_searching' build argument 'cmake_force_configure' from command line to 'False'
[0.256s] Level 5:colcon.colcon_core.verb:set package 'path_searching' build argument 'ament_cmake_args' from command line to 'None'
[0.256s] Level 5:colcon.colcon_core.verb:set package 'path_searching' build argument 'catkin_cmake_args' from command line to 'None'
[0.256s] Level 5:colcon.colcon_core.verb:set package 'path_searching' build argument 'catkin_skip_building_tests' from command line to 'False'
[0.256s] DEBUG:colcon.colcon_core.verb:Building package 'path_searching' with the following arguments: {'ament_cmake_args': None, 'build_base': '/home/peony/navigation_ws/build/path_searching', 'catkin_cmake_args': None, 'catkin_skip_building_tests': False, 'cmake_args': None, 'cmake_clean_cache': False, 'cmake_clean_first': False, 'cmake_force_configure': False, 'cmake_target': None, 'cmake_target_skip_unavailable': False, 'install_base': '/home/peony/navigation_ws/install/path_searching', 'merge_install': False, 'path': '/home/peony/navigation_ws/src/path_searching', 'symlink_install': False, 'test_result_base': None}
[0.256s] Level 5:colcon.colcon_core.verb:set package 'vel_forwarder' build argument 'cmake_args' from command line to 'None'
[0.256s] Level 5:colcon.colcon_core.verb:set package 'vel_forwarder' build argument 'cmake_target' from command line to 'None'
[0.256s] Level 5:colcon.colcon_core.verb:set package 'vel_forwarder' build argument 'cmake_target_skip_unavailable' from command line to 'False'
[0.256s] Level 5:colcon.colcon_core.verb:set package 'vel_forwarder' build argument 'cmake_clean_cache' from command line to 'False'
[0.256s] Level 5:colcon.colcon_core.verb:set package 'vel_forwarder' build argument 'cmake_clean_first' from command line to 'False'
[0.256s] Level 5:colcon.colcon_core.verb:set package 'vel_forwarder' build argument 'cmake_force_configure' from command line to 'False'
[0.256s] Level 5:colcon.colcon_core.verb:set package 'vel_forwarder' build argument 'ament_cmake_args' from command line to 'None'
[0.256s] Level 5:colcon.colcon_core.verb:set package 'vel_forwarder' build argument 'catkin_cmake_args' from command line to 'None'
[0.256s] Level 5:colcon.colcon_core.verb:set package 'vel_forwarder' build argument 'catkin_skip_building_tests' from command line to 'False'
[0.256s] DEBUG:colcon.colcon_core.verb:Building package 'vel_forwarder' with the following arguments: {'ament_cmake_args': None, 'build_base': '/home/peony/navigation_ws/build/vel_forwarder', 'catkin_cmake_args': None, 'catkin_skip_building_tests': False, 'cmake_args': None, 'cmake_clean_cache': False, 'cmake_clean_first': False, 'cmake_force_configure': False, 'cmake_target': None, 'cmake_target_skip_unavailable': False, 'install_base': '/home/peony/navigation_ws/install/vel_forwarder', 'merge_install': False, 'path': '/home/peony/navigation_ws/src/vel_forwarder', 'symlink_install': False, 'test_result_base': None}
[0.256s] INFO:colcon.colcon_core.executor:Executing jobs using 'parallel' executor
[0.257s] DEBUG:colcon.colcon_parallel_executor.executor.parallel:run_until_complete
[0.257s] INFO:colcon.colcon_ros.task.ament_cmake.build:Building ROS package in '/home/peony/navigation_ws/src/mpc_follower' with build type 'ament_cmake'
[0.257s] INFO:colcon.colcon_cmake.task.cmake.build:Building CMake package in '/home/peony/navigation_ws/src/mpc_follower'
[0.259s] INFO:colcon.colcon_core.plugin_system:Skipping extension 'colcon_core.shell.bat': Not used on non-Windows systems
[0.259s] INFO:colcon.colcon_core.shell:Skip shell extension 'powershell' for command environment: Not usable outside of PowerShell
[0.259s] DEBUG:colcon.colcon_core.shell:Skip shell extension 'dsv' for command environment
[0.262s] INFO:colcon.colcon_ros.task.ament_cmake.build:Building ROS package in '/home/peony/navigation_ws/src/navigoal_manager' with build type 'ament_cmake'
[0.262s] INFO:colcon.colcon_cmake.task.cmake.build:Building CMake package in '/home/peony/navigation_ws/src/navigoal_manager'
[0.262s] INFO:colcon.colcon_core.shell:Skip shell extension 'powershell' for command environment: Not usable outside of PowerShell
[0.262s] DEBUG:colcon.colcon_core.shell:Skip shell extension 'dsv' for command environment
[0.266s] INFO:colcon.colcon_ros.task.ament_cmake.build:Building ROS package in '/home/peony/navigation_ws/src/path_following' with build type 'ament_cmake'
[0.266s] INFO:colcon.colcon_cmake.task.cmake.build:Building CMake package in '/home/peony/navigation_ws/src/path_following'
[0.266s] INFO:colcon.colcon_core.shell:Skip shell extension 'powershell' for command environment: Not usable outside of PowerShell
[0.266s] DEBUG:colcon.colcon_core.shell:Skip shell extension 'dsv' for command environment
[0.269s] INFO:colcon.colcon_ros.task.ament_cmake.build:Building ROS package in '/home/peony/navigation_ws/src/path_searching' with build type 'ament_cmake'
[0.269s] INFO:colcon.colcon_cmake.task.cmake.build:Building CMake package in '/home/peony/navigation_ws/src/path_searching'
[0.269s] INFO:colcon.colcon_core.shell:Skip shell extension 'powershell' for command environment: Not usable outside of PowerShell
[0.269s] DEBUG:colcon.colcon_core.shell:Skip shell extension 'dsv' for command environment
[0.272s] INFO:colcon.colcon_ros.task.ament_cmake.build:Building ROS package in '/home/peony/navigation_ws/src/vel_forwarder' with build type 'ament_cmake'
[0.272s] INFO:colcon.colcon_cmake.task.cmake.build:Building CMake package in '/home/peony/navigation_ws/src/vel_forwarder'
[0.273s] INFO:colcon.colcon_core.shell:Skip shell extension 'powershell' for command environment: Not usable outside of PowerShell
[0.273s] DEBUG:colcon.colcon_core.shell:Skip shell extension 'dsv' for command environment
[0.280s] DEBUG:colcon.colcon_core.event_handler.log_command:Invoking command in '/home/peony/navigation_ws/build/mpc_follower': CMAKE_PREFIX_PATH=${CMAKE_PREFIX_PATH}:/opt/ros/humble /usr/bin/cmake /home/peony/navigation_ws/src/mpc_follower -DCMAKE_INSTALL_PREFIX=/home/peony/navigation_ws/install/mpc_follower
[0.281s] DEBUG:colcon.colcon_core.event_handler.log_command:Invoking command in '/home/peony/navigation_ws/build/navigoal_manager': CMAKE_PREFIX_PATH=${CMAKE_PREFIX_PATH}:/opt/ros/humble /usr/bin/cmake /home/peony/navigation_ws/src/navigoal_manager -DCMAKE_INSTALL_PREFIX=/home/peony/navigation_ws/install/navigoal_manager
[0.284s] DEBUG:colcon.colcon_core.event_handler.log_command:Invoking command in '/home/peony/navigation_ws/build/path_following': CMAKE_PREFIX_PATH=${CMAKE_PREFIX_PATH}:/opt/ros/humble /usr/bin/cmake /home/peony/navigation_ws/src/path_following -DCMAKE_INSTALL_PREFIX=/home/peony/navigation_ws/install/path_following
[0.286s] DEBUG:colcon.colcon_core.event_handler.log_command:Invoking command in '/home/peony/navigation_ws/build/path_searching': CMAKE_PREFIX_PATH=${CMAKE_PREFIX_PATH}:/opt/ros/humble /usr/bin/cmake /home/peony/navigation_ws/src/path_searching -DCMAKE_INSTALL_PREFIX=/home/peony/navigation_ws/install/path_searching
[0.289s] DEBUG:colcon.colcon_core.event_handler.log_command:Invoking command in '/home/peony/navigation_ws/build/vel_forwarder': CMAKE_PREFIX_PATH=${CMAKE_PREFIX_PATH}:/opt/ros/humble /usr/bin/cmake /home/peony/navigation_ws/src/vel_forwarder -DCMAKE_INSTALL_PREFIX=/home/peony/navigation_ws/install/vel_forwarder
[0.577s] DEBUG:colcon.colcon_core.event_handler.log_command:Invoked command in '/home/peony/navigation_ws/build/navigoal_manager' returned '0': CMAKE_PREFIX_PATH=${CMAKE_PREFIX_PATH}:/opt/ros/humble /usr/bin/cmake /home/peony/navigation_ws/src/navigoal_manager -DCMAKE_INSTALL_PREFIX=/home/peony/navigation_ws/install/navigoal_manager
[0.578s] DEBUG:colcon.colcon_core.event_handler.log_command:Invoking command in '/home/peony/navigation_ws/build/navigoal_manager': CMAKE_PREFIX_PATH=${CMAKE_PREFIX_PATH}:/opt/ros/humble /usr/bin/cmake --build /home/peony/navigation_ws/build/navigoal_manager -- -j32 -l32
[0.631s] DEBUG:colcon.colcon_core.event_handler.log_command:Invoked command in '/home/peony/navigation_ws/build/navigoal_manager' returned '0': CMAKE_PREFIX_PATH=${CMAKE_PREFIX_PATH}:/opt/ros/humble /usr/bin/cmake --build /home/peony/navigation_ws/build/navigoal_manager -- -j32 -l32
[0.639s] DEBUG:colcon.colcon_core.event_handler.log_command:Invoking command in '/home/peony/navigation_ws/build/navigoal_manager': CMAKE_PREFIX_PATH=${CMAKE_PREFIX_PATH}:/opt/ros/humble /usr/bin/cmake --install /home/peony/navigation_ws/build/navigoal_manager
[0.655s] Level 1:colcon.colcon_core.environment:create_environment_scripts_only(navigoal_manager)
[0.655s] DEBUG:colcon.colcon_core.event_handler.log_command:Invoked command in '/home/peony/navigation_ws/build/navigoal_manager' returned '0': CMAKE_PREFIX_PATH=${CMAKE_PREFIX_PATH}:/opt/ros/humble /usr/bin/cmake --install /home/peony/navigation_ws/build/navigoal_manager
[0.657s] Level 1:colcon.colcon_core.environment:checking '/home/peony/navigation_ws/install/navigoal_manager' for CMake module files
[0.657s] Level 1:colcon.colcon_core.environment:checking '/home/peony/navigation_ws/install/navigoal_manager' for CMake config files
[0.657s] Level 1:colcon.colcon_core.shell:create_environment_hook('navigoal_manager', 'cmake_prefix_path')
[0.658s] INFO:colcon.colcon_core.shell:Creating environment hook '/home/peony/navigation_ws/install/navigoal_manager/share/navigoal_manager/hook/cmake_prefix_path.ps1'
[0.658s] INFO:colcon.colcon_core.shell:Creating environment descriptor '/home/peony/navigation_ws/install/navigoal_manager/share/navigoal_manager/hook/cmake_prefix_path.dsv'
[0.658s] INFO:colcon.colcon_core.shell:Creating environment hook '/home/peony/navigation_ws/install/navigoal_manager/share/navigoal_manager/hook/cmake_prefix_path.sh'
[0.659s] Level 1:colcon.colcon_core.environment:checking '/home/peony/navigation_ws/install/navigoal_manager/lib'
[0.659s] Level 1:colcon.colcon_core.environment:checking '/home/peony/navigation_ws/install/navigoal_manager/bin'
[0.659s] Level 1:colcon.colcon_core.environment:checking '/home/peony/navigation_ws/install/navigoal_manager/lib/pkgconfig/navigoal_manager.pc'
[0.659s] Level 1:colcon.colcon_core.environment:checking '/home/peony/navigation_ws/install/navigoal_manager/lib/python3.10/site-packages'
[0.659s] Level 1:colcon.colcon_core.environment:checking '/home/peony/navigation_ws/install/navigoal_manager/bin'
[0.659s] INFO:colcon.colcon_core.shell:Creating package script '/home/peony/navigation_ws/install/navigoal_manager/share/navigoal_manager/package.ps1'
[0.660s] INFO:colcon.colcon_core.shell:Creating package descriptor '/home/peony/navigation_ws/install/navigoal_manager/share/navigoal_manager/package.dsv'
[0.660s] INFO:colcon.colcon_core.shell:Creating package script '/home/peony/navigation_ws/install/navigoal_manager/share/navigoal_manager/package.sh'
[0.660s] INFO:colcon.colcon_core.shell:Creating package script '/home/peony/navigation_ws/install/navigoal_manager/share/navigoal_manager/package.bash'
[0.661s] INFO:colcon.colcon_core.shell:Creating package script '/home/peony/navigation_ws/install/navigoal_manager/share/navigoal_manager/package.zsh'
[0.661s] Level 1:colcon.colcon_core.environment:create_file_with_runtime_dependencies(/home/peony/navigation_ws/install/navigoal_manager/share/colcon-core/packages/navigoal_manager)
[0.662s] Level 1:colcon.colcon_core.environment:create_environment_scripts_only(navigoal_manager)
[0.662s] Level 1:colcon.colcon_core.environment:checking '/home/peony/navigation_ws/install/navigoal_manager' for CMake module files
[0.662s] Level 1:colcon.colcon_core.environment:checking '/home/peony/navigation_ws/install/navigoal_manager' for CMake config files
[0.662s] Level 1:colcon.colcon_core.shell:create_environment_hook('navigoal_manager', 'cmake_prefix_path')
[0.662s] INFO:colcon.colcon_core.shell:Creating environment hook '/home/peony/navigation_ws/install/navigoal_manager/share/navigoal_manager/hook/cmake_prefix_path.ps1'
[0.662s] INFO:colcon.colcon_core.shell:Creating environment descriptor '/home/peony/navigation_ws/install/navigoal_manager/share/navigoal_manager/hook/cmake_prefix_path.dsv'
[0.663s] INFO:colcon.colcon_core.shell:Creating environment hook '/home/peony/navigation_ws/install/navigoal_manager/share/navigoal_manager/hook/cmake_prefix_path.sh'
[0.663s] Level 1:colcon.colcon_core.environment:checking '/home/peony/navigation_ws/install/navigoal_manager/lib'
[0.663s] Level 1:colcon.colcon_core.environment:checking '/home/peony/navigation_ws/install/navigoal_manager/bin'
[0.663s] Level 1:colcon.colcon_core.environment:checking '/home/peony/navigation_ws/install/navigoal_manager/lib/pkgconfig/navigoal_manager.pc'
[0.663s] Level 1:colcon.colcon_core.environment:checking '/home/peony/navigation_ws/install/navigoal_manager/lib/python3.10/site-packages'
[0.663s] Level 1:colcon.colcon_core.environment:checking '/home/peony/navigation_ws/install/navigoal_manager/bin'
[0.663s] INFO:colcon.colcon_core.shell:Creating package script '/home/peony/navigation_ws/install/navigoal_manager/share/navigoal_manager/package.ps1'
[0.664s] INFO:colcon.colcon_core.shell:Creating package descriptor '/home/peony/navigation_ws/install/navigoal_manager/share/navigoal_manager/package.dsv'
[0.664s] INFO:colcon.colcon_core.shell:Creating package script '/home/peony/navigation_ws/install/navigoal_manager/share/navigoal_manager/package.sh'
[0.664s] INFO:colcon.colcon_core.shell:Creating package script '/home/peony/navigation_ws/install/navigoal_manager/share/navigoal_manager/package.bash'
[0.664s] INFO:colcon.colcon_core.shell:Creating package script '/home/peony/navigation_ws/install/navigoal_manager/share/navigoal_manager/package.zsh'
[0.664s] Level 1:colcon.colcon_core.environment:create_file_with_runtime_dependencies(/home/peony/navigation_ws/install/navigoal_manager/share/colcon-core/packages/navigoal_manager)
[1.119s] DEBUG:colcon.colcon_core.event_handler.log_command:Invoked command in '/home/peony/navigation_ws/build/vel_forwarder' returned '0': CMAKE_PREFIX_PATH=${CMAKE_PREFIX_PATH}:/opt/ros/humble /usr/bin/cmake /home/peony/navigation_ws/src/vel_forwarder -DCMAKE_INSTALL_PREFIX=/home/peony/navigation_ws/install/vel_forwarder
[1.120s] DEBUG:colcon.colcon_core.event_handler.log_command:Invoking command in '/home/peony/navigation_ws/build/vel_forwarder': CMAKE_PREFIX_PATH=${CMAKE_PREFIX_PATH}:/opt/ros/humble /usr/bin/cmake --build /home/peony/navigation_ws/build/vel_forwarder -- -j32 -l32
[1.329s] DEBUG:colcon.colcon_core.event_handler.log_command:Invoked command in '/home/peony/navigation_ws/build/path_following' returned '0': CMAKE_PREFIX_PATH=${CMAKE_PREFIX_PATH}:/opt/ros/humble /usr/bin/cmake /home/peony/navigation_ws/src/path_following -DCMAKE_INSTALL_PREFIX=/home/peony/navigation_ws/install/path_following
[1.330s] DEBUG:colcon.colcon_core.event_handler.log_command:Invoking command in '/home/peony/navigation_ws/build/path_following': CMAKE_PREFIX_PATH=${CMAKE_PREFIX_PATH}:/opt/ros/humble /usr/bin/cmake --build /home/peony/navigation_ws/build/path_following -- -j32 -l32
[1.332s] DEBUG:colcon.colcon_core.event_handler.log_command:Invoked command in '/home/peony/navigation_ws/build/vel_forwarder' returned '0': CMAKE_PREFIX_PATH=${CMAKE_PREFIX_PATH}:/opt/ros/humble /usr/bin/cmake --build /home/peony/navigation_ws/build/vel_forwarder -- -j32 -l32
[1.334s] DEBUG:colcon.colcon_core.event_handler.log_command:Invoking command in '/home/peony/navigation_ws/build/vel_forwarder': CMAKE_PREFIX_PATH=${CMAKE_PREFIX_PATH}:/opt/ros/humble /usr/bin/cmake --install /home/peony/navigation_ws/build/vel_forwarder
[1.353s] DEBUG:colcon.colcon_core.event_handler.log_command:Invoked command in '/home/peony/navigation_ws/build/mpc_follower' returned '0': CMAKE_PREFIX_PATH=${CMAKE_PREFIX_PATH}:/opt/ros/humble /usr/bin/cmake /home/peony/navigation_ws/src/mpc_follower -DCMAKE_INSTALL_PREFIX=/home/peony/navigation_ws/install/mpc_follower
[1.353s] DEBUG:colcon.colcon_core.event_handler.log_command:Invoking command in '/home/peony/navigation_ws/build/mpc_follower': CMAKE_PREFIX_PATH=${CMAKE_PREFIX_PATH}:/opt/ros/humble /usr/bin/cmake --build /home/peony/navigation_ws/build/mpc_follower -- -j32 -l32
[1.387s] Level 1:colcon.colcon_core.environment:create_environment_scripts_only(vel_forwarder)
[1.388s] Level 1:colcon.colcon_core.environment:checking '/home/peony/navigation_ws/install/vel_forwarder' for CMake module files
[1.388s] DEBUG:colcon.colcon_core.event_handler.log_command:Invoked command in '/home/peony/navigation_ws/build/vel_forwarder' returned '0': CMAKE_PREFIX_PATH=${CMAKE_PREFIX_PATH}:/opt/ros/humble /usr/bin/cmake --install /home/peony/navigation_ws/build/vel_forwarder
[1.388s] Level 1:colcon.colcon_core.environment:checking '/home/peony/navigation_ws/install/vel_forwarder' for CMake config files
[1.389s] Level 1:colcon.colcon_core.shell:create_environment_hook('vel_forwarder', 'cmake_prefix_path')
[1.390s] INFO:colcon.colcon_core.shell:Creating environment hook '/home/peony/navigation_ws/install/vel_forwarder/share/vel_forwarder/hook/cmake_prefix_path.ps1'
[1.390s] INFO:colcon.colcon_core.shell:Creating environment descriptor '/home/peony/navigation_ws/install/vel_forwarder/share/vel_forwarder/hook/cmake_prefix_path.dsv'
[1.390s] INFO:colcon.colcon_core.shell:Creating environment hook '/home/peony/navigation_ws/install/vel_forwarder/share/vel_forwarder/hook/cmake_prefix_path.sh'
[1.391s] Level 1:colcon.colcon_core.environment:checking '/home/peony/navigation_ws/install/vel_forwarder/lib'
[1.391s] Level 1:colcon.colcon_core.shell:create_environment_hook('vel_forwarder', 'ld_library_path_lib')
[1.391s] INFO:colcon.colcon_core.shell:Creating environment hook '/home/peony/navigation_ws/install/vel_forwarder/share/vel_forwarder/hook/ld_library_path_lib.ps1'
[1.391s] INFO:colcon.colcon_core.shell:Creating environment descriptor '/home/peony/navigation_ws/install/vel_forwarder/share/vel_forwarder/hook/ld_library_path_lib.dsv'
[1.391s] INFO:colcon.colcon_core.shell:Creating environment hook '/home/peony/navigation_ws/install/vel_forwarder/share/vel_forwarder/hook/ld_library_path_lib.sh'
[1.391s] Level 1:colcon.colcon_core.environment:checking '/home/peony/navigation_ws/install/vel_forwarder/bin'
[1.392s] Level 1:colcon.colcon_core.environment:checking '/home/peony/navigation_ws/install/vel_forwarder/lib/pkgconfig/vel_forwarder.pc'
[1.392s] Level 1:colcon.colcon_core.environment:checking '/home/peony/navigation_ws/install/vel_forwarder/lib/python3.10/site-packages'
[1.392s] Level 1:colcon.colcon_core.environment:checking '/home/peony/navigation_ws/install/vel_forwarder/bin'
[1.392s] INFO:colcon.colcon_core.shell:Creating package script '/home/peony/navigation_ws/install/vel_forwarder/share/vel_forwarder/package.ps1'
[1.392s] INFO:colcon.colcon_core.shell:Creating package descriptor '/home/peony/navigation_ws/install/vel_forwarder/share/vel_forwarder/package.dsv'
[1.393s] INFO:colcon.colcon_core.shell:Creating package script '/home/peony/navigation_ws/install/vel_forwarder/share/vel_forwarder/package.sh'
[1.393s] INFO:colcon.colcon_core.shell:Creating package script '/home/peony/navigation_ws/install/vel_forwarder/share/vel_forwarder/package.bash'
[1.393s] INFO:colcon.colcon_core.shell:Creating package script '/home/peony/navigation_ws/install/vel_forwarder/share/vel_forwarder/package.zsh'
[1.393s] Level 1:colcon.colcon_core.environment:create_file_with_runtime_dependencies(/home/peony/navigation_ws/install/vel_forwarder/share/colcon-core/packages/vel_forwarder)
[1.394s] Level 1:colcon.colcon_core.environment:create_environment_scripts_only(vel_forwarder)
[1.394s] Level 1:colcon.colcon_core.environment:checking '/home/peony/navigation_ws/install/vel_forwarder' for CMake module files
[1.394s] Level 1:colcon.colcon_core.environment:checking '/home/peony/navigation_ws/install/vel_forwarder' for CMake config files
[1.395s] Level 1:colcon.colcon_core.shell:create_environment_hook('vel_forwarder', 'cmake_prefix_path')
[1.395s] INFO:colcon.colcon_core.shell:Creating environment hook '/home/peony/navigation_ws/install/vel_forwarder/share/vel_forwarder/hook/cmake_prefix_path.ps1'
[1.396s] INFO:colcon.colcon_core.shell:Creating environment descriptor '/home/peony/navigation_ws/install/vel_forwarder/share/vel_forwarder/hook/cmake_prefix_path.dsv'
[1.396s] INFO:colcon.colcon_core.shell:Creating environment hook '/home/peony/navigation_ws/install/vel_forwarder/share/vel_forwarder/hook/cmake_prefix_path.sh'
[1.396s] Level 1:colcon.colcon_core.environment:checking '/home/peony/navigation_ws/install/vel_forwarder/lib'
[1.396s] Level 1:colcon.colcon_core.shell:create_environment_hook('vel_forwarder', 'ld_library_path_lib')
[1.396s] INFO:colcon.colcon_core.shell:Creating environment hook '/home/peony/navigation_ws/install/vel_forwarder/share/vel_forwarder/hook/ld_library_path_lib.ps1'
[1.396s] INFO:colcon.colcon_core.shell:Creating environment descriptor '/home/peony/navigation_ws/install/vel_forwarder/share/vel_forwarder/hook/ld_library_path_lib.dsv'
[1.397s] INFO:colcon.colcon_core.shell:Creating environment hook '/home/peony/navigation_ws/install/vel_forwarder/share/vel_forwarder/hook/ld_library_path_lib.sh'
[1.397s] Level 1:colcon.colcon_core.environment:checking '/home/peony/navigation_ws/install/vel_forwarder/bin'
[1.397s] Level 1:colcon.colcon_core.environment:checking '/home/peony/navigation_ws/install/vel_forwarder/lib/pkgconfig/vel_forwarder.pc'
[1.397s] Level 1:colcon.colcon_core.environment:checking '/home/peony/navigation_ws/install/vel_forwarder/lib/python3.10/site-packages'
[1.397s] Level 1:colcon.colcon_core.environment:checking '/home/peony/navigation_ws/install/vel_forwarder/bin'
[1.397s] INFO:colcon.colcon_core.shell:Creating package script '/home/peony/navigation_ws/install/vel_forwarder/share/vel_forwarder/package.ps1'
[1.398s] INFO:colcon.colcon_core.shell:Creating package descriptor '/home/peony/navigation_ws/install/vel_forwarder/share/vel_forwarder/package.dsv'
[1.398s] INFO:colcon.colcon_core.shell:Creating package script '/home/peony/navigation_ws/install/vel_forwarder/share/vel_forwarder/package.sh'
[1.398s] INFO:colcon.colcon_core.shell:Creating package script '/home/peony/navigation_ws/install/vel_forwarder/share/vel_forwarder/package.bash'
[1.398s] INFO:colcon.colcon_core.shell:Creating package script '/home/peony/navigation_ws/install/vel_forwarder/share/vel_forwarder/package.zsh'
[1.399s] Level 1:colcon.colcon_core.environment:create_file_with_runtime_dependencies(/home/peony/navigation_ws/install/vel_forwarder/share/colcon-core/packages/vel_forwarder)
[1.400s] DEBUG:colcon.colcon_core.event_handler.log_command:Invoked command in '/home/peony/navigation_ws/build/path_following' returned '0': CMAKE_PREFIX_PATH=${CMAKE_PREFIX_PATH}:/opt/ros/humble /usr/bin/cmake --build /home/peony/navigation_ws/build/path_following -- -j32 -l32
[1.401s] DEBUG:colcon.colcon_core.event_handler.log_command:Invoking command in '/home/peony/navigation_ws/build/path_following': CMAKE_PREFIX_PATH=${CMAKE_PREFIX_PATH}:/opt/ros/humble /usr/bin/cmake --install /home/peony/navigation_ws/build/path_following
[1.415s] Level 1:colcon.colcon_core.environment:create_environment_scripts_only(path_following)
[1.415s] DEBUG:colcon.colcon_core.event_handler.log_command:Invoked command in '/home/peony/navigation_ws/build/path_following' returned '0': CMAKE_PREFIX_PATH=${CMAKE_PREFIX_PATH}:/opt/ros/humble /usr/bin/cmake --install /home/peony/navigation_ws/build/path_following
[1.415s] Level 1:colcon.colcon_core.environment:checking '/home/peony/navigation_ws/install/path_following' for CMake module files
[1.415s] Level 1:colcon.colcon_core.environment:checking '/home/peony/navigation_ws/install/path_following' for CMake config files
[1.416s] Level 1:colcon.colcon_core.shell:create_environment_hook('path_following', 'cmake_prefix_path')
[1.416s] INFO:colcon.colcon_core.shell:Creating environment hook '/home/peony/navigation_ws/install/path_following/share/path_following/hook/cmake_prefix_path.ps1'
[1.416s] INFO:colcon.colcon_core.shell:Creating environment descriptor '/home/peony/navigation_ws/install/path_following/share/path_following/hook/cmake_prefix_path.dsv'
[1.416s] INFO:colcon.colcon_core.shell:Creating environment hook '/home/peony/navigation_ws/install/path_following/share/path_following/hook/cmake_prefix_path.sh'
[1.417s] Level 1:colcon.colcon_core.environment:checking '/home/peony/navigation_ws/install/path_following/lib'
[1.417s] Level 1:colcon.colcon_core.environment:checking '/home/peony/navigation_ws/install/path_following/bin'
[1.417s] Level 1:colcon.colcon_core.environment:checking '/home/peony/navigation_ws/install/path_following/lib/pkgconfig/path_following.pc'
[1.417s] Level 1:colcon.colcon_core.environment:checking '/home/peony/navigation_ws/install/path_following/lib/python3.10/site-packages'
[1.417s] Level 1:colcon.colcon_core.environment:checking '/home/peony/navigation_ws/install/path_following/bin'
[1.417s] INFO:colcon.colcon_core.shell:Creating package script '/home/peony/navigation_ws/install/path_following/share/path_following/package.ps1'
[1.418s] INFO:colcon.colcon_core.shell:Creating package descriptor '/home/peony/navigation_ws/install/path_following/share/path_following/package.dsv'
[1.418s] INFO:colcon.colcon_core.shell:Creating package script '/home/peony/navigation_ws/install/path_following/share/path_following/package.sh'
[1.418s] INFO:colcon.colcon_core.shell:Creating package script '/home/peony/navigation_ws/install/path_following/share/path_following/package.bash'
[1.418s] INFO:colcon.colcon_core.shell:Creating package script '/home/peony/navigation_ws/install/path_following/share/path_following/package.zsh'
[1.418s] Level 1:colcon.colcon_core.environment:create_file_with_runtime_dependencies(/home/peony/navigation_ws/install/path_following/share/colcon-core/packages/path_following)
[1.419s] Level 1:colcon.colcon_core.environment:create_environment_scripts_only(path_following)
[1.419s] Level 1:colcon.colcon_core.environment:checking '/home/peony/navigation_ws/install/path_following' for CMake module files
[1.419s] Level 1:colcon.colcon_core.environment:checking '/home/peony/navigation_ws/install/path_following' for CMake config files
[1.420s] Level 1:colcon.colcon_core.shell:create_environment_hook('path_following', 'cmake_prefix_path')
[1.420s] INFO:colcon.colcon_core.shell:Creating environment hook '/home/peony/navigation_ws/install/path_following/share/path_following/hook/cmake_prefix_path.ps1'
[1.420s] INFO:colcon.colcon_core.shell:Creating environment descriptor '/home/peony/navigation_ws/install/path_following/share/path_following/hook/cmake_prefix_path.dsv'
[1.420s] INFO:colcon.colcon_core.shell:Creating environment hook '/home/peony/navigation_ws/install/path_following/share/path_following/hook/cmake_prefix_path.sh'
[1.421s] Level 1:colcon.colcon_core.environment:checking '/home/peony/navigation_ws/install/path_following/lib'
[1.421s] Level 1:colcon.colcon_core.environment:checking '/home/peony/navigation_ws/install/path_following/bin'
[1.421s] Level 1:colcon.colcon_core.environment:checking '/home/peony/navigation_ws/install/path_following/lib/pkgconfig/path_following.pc'
[1.421s] Level 1:colcon.colcon_core.environment:checking '/home/peony/navigation_ws/install/path_following/lib/python3.10/site-packages'
[1.421s] Level 1:colcon.colcon_core.environment:checking '/home/peony/navigation_ws/install/path_following/bin'
[1.421s] INFO:colcon.colcon_core.shell:Creating package script '/home/peony/navigation_ws/install/path_following/share/path_following/package.ps1'
[1.422s] INFO:colcon.colcon_core.shell:Creating package descriptor '/home/peony/navigation_ws/install/path_following/share/path_following/package.dsv'
[1.422s] INFO:colcon.colcon_core.shell:Creating package script '/home/peony/navigation_ws/install/path_following/share/path_following/package.sh'
[1.422s] INFO:colcon.colcon_core.shell:Creating package script '/home/peony/navigation_ws/install/path_following/share/path_following/package.bash'
[1.422s] INFO:colcon.colcon_core.shell:Creating package script '/home/peony/navigation_ws/install/path_following/share/path_following/package.zsh'
[1.423s] Level 1:colcon.colcon_core.environment:create_file_with_runtime_dependencies(/home/peony/navigation_ws/install/path_following/share/colcon-core/packages/path_following)
[1.425s] DEBUG:colcon.colcon_core.event_handler.log_command:Invoked command in '/home/peony/navigation_ws/build/path_searching' returned '0': CMAKE_PREFIX_PATH=${CMAKE_PREFIX_PATH}:/opt/ros/humble /usr/bin/cmake /home/peony/navigation_ws/src/path_searching -DCMAKE_INSTALL_PREFIX=/home/peony/navigation_ws/install/path_searching
[1.425s] DEBUG:colcon.colcon_core.event_handler.log_command:Invoking command in '/home/peony/navigation_ws/build/path_searching': CMAKE_PREFIX_PATH=${CMAKE_PREFIX_PATH}:/opt/ros/humble /usr/bin/cmake --build /home/peony/navigation_ws/build/path_searching -- -j32 -l32
[1.426s] DEBUG:colcon.colcon_core.event_handler.log_command:Invoked command in '/home/peony/navigation_ws/build/mpc_follower' returned '0': CMAKE_PREFIX_PATH=${CMAKE_PREFIX_PATH}:/opt/ros/humble /usr/bin/cmake --build /home/peony/navigation_ws/build/mpc_follower -- -j32 -l32
[1.427s] DEBUG:colcon.colcon_core.event_handler.log_command:Invoking command in '/home/peony/navigation_ws/build/mpc_follower': CMAKE_PREFIX_PATH=${CMAKE_PREFIX_PATH}:/opt/ros/humble /usr/bin/cmake --install /home/peony/navigation_ws/build/mpc_follower
[1.442s] Level 1:colcon.colcon_core.environment:create_environment_scripts_only(mpc_follower)
[1.442s] Level 1:colcon.colcon_core.environment:checking '/home/peony/navigation_ws/install/mpc_follower' for CMake module files
[1.442s] DEBUG:colcon.colcon_core.event_handler.log_command:Invoked command in '/home/peony/navigation_ws/build/mpc_follower' returned '0': CMAKE_PREFIX_PATH=${CMAKE_PREFIX_PATH}:/opt/ros/humble /usr/bin/cmake --install /home/peony/navigation_ws/build/mpc_follower
[1.442s] Level 1:colcon.colcon_core.environment:checking '/home/peony/navigation_ws/install/mpc_follower' for CMake config files
[1.443s] Level 1:colcon.colcon_core.shell:create_environment_hook('mpc_follower', 'cmake_prefix_path')
[1.443s] INFO:colcon.colcon_core.shell:Creating environment hook '/home/peony/navigation_ws/install/mpc_follower/share/mpc_follower/hook/cmake_prefix_path.ps1'
[1.443s] INFO:colcon.colcon_core.shell:Creating environment descriptor '/home/peony/navigation_ws/install/mpc_follower/share/mpc_follower/hook/cmake_prefix_path.dsv'
[1.443s] INFO:colcon.colcon_core.shell:Creating environment hook '/home/peony/navigation_ws/install/mpc_follower/share/mpc_follower/hook/cmake_prefix_path.sh'
[1.444s] Level 1:colcon.colcon_core.environment:checking '/home/peony/navigation_ws/install/mpc_follower/lib'
[1.444s] Level 1:colcon.colcon_core.environment:checking '/home/peony/navigation_ws/install/mpc_follower/bin'
[1.444s] Level 1:colcon.colcon_core.environment:checking '/home/peony/navigation_ws/install/mpc_follower/lib/pkgconfig/mpc_follower.pc'
[1.444s] Level 1:colcon.colcon_core.environment:checking '/home/peony/navigation_ws/install/mpc_follower/lib/python3.10/site-packages'
[1.444s] Level 1:colcon.colcon_core.environment:checking '/home/peony/navigation_ws/install/mpc_follower/bin'
[1.444s] INFO:colcon.colcon_core.shell:Creating package script '/home/peony/navigation_ws/install/mpc_follower/share/mpc_follower/package.ps1'
[1.444s] INFO:colcon.colcon_core.shell:Creating package descriptor '/home/peony/navigation_ws/install/mpc_follower/share/mpc_follower/package.dsv'
[1.445s] INFO:colcon.colcon_core.shell:Creating package script '/home/peony/navigation_ws/install/mpc_follower/share/mpc_follower/package.sh'
[1.445s] INFO:colcon.colcon_core.shell:Creating package script '/home/peony/navigation_ws/install/mpc_follower/share/mpc_follower/package.bash'
[1.445s] INFO:colcon.colcon_core.shell:Creating package script '/home/peony/navigation_ws/install/mpc_follower/share/mpc_follower/package.zsh'
[1.445s] Level 1:colcon.colcon_core.environment:create_file_with_runtime_dependencies(/home/peony/navigation_ws/install/mpc_follower/share/colcon-core/packages/mpc_follower)
[1.446s] Level 1:colcon.colcon_core.environment:create_environment_scripts_only(mpc_follower)
[1.446s] Level 1:colcon.colcon_core.environment:checking '/home/peony/navigation_ws/install/mpc_follower' for CMake module files
[1.446s] Level 1:colcon.colcon_core.environment:checking '/home/peony/navigation_ws/install/mpc_follower' for CMake config files
[1.446s] Level 1:colcon.colcon_core.shell:create_environment_hook('mpc_follower', 'cmake_prefix_path')
[1.446s] INFO:colcon.colcon_core.shell:Creating environment hook '/home/peony/navigation_ws/install/mpc_follower/share/mpc_follower/hook/cmake_prefix_path.ps1'
[1.446s] INFO:colcon.colcon_core.shell:Creating environment descriptor '/home/peony/navigation_ws/install/mpc_follower/share/mpc_follower/hook/cmake_prefix_path.dsv'
[1.447s] INFO:colcon.colcon_core.shell:Creating environment hook '/home/peony/navigation_ws/install/mpc_follower/share/mpc_follower/hook/cmake_prefix_path.sh'
[1.447s] Level 1:colcon.colcon_core.environment:checking '/home/peony/navigation_ws/install/mpc_follower/lib'
[1.447s] Level 1:colcon.colcon_core.environment:checking '/home/peony/navigation_ws/install/mpc_follower/bin'
[1.447s] Level 1:colcon.colcon_core.environment:checking '/home/peony/navigation_ws/install/mpc_follower/lib/pkgconfig/mpc_follower.pc'
[1.447s] Level 1:colcon.colcon_core.environment:checking '/home/peony/navigation_ws/install/mpc_follower/lib/python3.10/site-packages'
[1.447s] Level 1:colcon.colcon_core.environment:checking '/home/peony/navigation_ws/install/mpc_follower/bin'
[1.447s] INFO:colcon.colcon_core.shell:Creating package script '/home/peony/navigation_ws/install/mpc_follower/share/mpc_follower/package.ps1'
[1.448s] INFO:colcon.colcon_core.shell:Creating package descriptor '/home/peony/navigation_ws/install/mpc_follower/share/mpc_follower/package.dsv'
[1.448s] INFO:colcon.colcon_core.shell:Creating package script '/home/peony/navigation_ws/install/mpc_follower/share/mpc_follower/package.sh'
[1.448s] INFO:colcon.colcon_core.shell:Creating package script '/home/peony/navigation_ws/install/mpc_follower/share/mpc_follower/package.bash'
[1.448s] INFO:colcon.colcon_core.shell:Creating package script '/home/peony/navigation_ws/install/mpc_follower/share/mpc_follower/package.zsh'
[1.448s] Level 1:colcon.colcon_core.environment:create_file_with_runtime_dependencies(/home/peony/navigation_ws/install/mpc_follower/share/colcon-core/packages/mpc_follower)
[1.519s] DEBUG:colcon.colcon_core.event_handler.log_command:Invoked command in '/home/peony/navigation_ws/build/path_searching' returned '0': CMAKE_PREFIX_PATH=${CMAKE_PREFIX_PATH}:/opt/ros/humble /usr/bin/cmake --build /home/peony/navigation_ws/build/path_searching -- -j32 -l32
[1.520s] DEBUG:colcon.colcon_core.event_handler.log_command:Invoking command in '/home/peony/navigation_ws/build/path_searching': CMAKE_PREFIX_PATH=${CMAKE_PREFIX_PATH}:/opt/ros/humble /usr/bin/cmake --install /home/peony/navigation_ws/build/path_searching
[1.535s] Level 1:colcon.colcon_core.environment:create_environment_scripts_only(path_searching)
[1.535s] Level 1:colcon.colcon_core.environment:checking '/home/peony/navigation_ws/install/path_searching' for CMake module files
[1.535s] DEBUG:colcon.colcon_core.event_handler.log_command:Invoked command in '/home/peony/navigation_ws/build/path_searching' returned '0': CMAKE_PREFIX_PATH=${CMAKE_PREFIX_PATH}:/opt/ros/humble /usr/bin/cmake --install /home/peony/navigation_ws/build/path_searching
[1.536s] Level 1:colcon.colcon_core.environment:checking '/home/peony/navigation_ws/install/path_searching' for CMake config files
[1.536s] Level 1:colcon.colcon_core.shell:create_environment_hook('path_searching', 'cmake_prefix_path')
[1.536s] INFO:colcon.colcon_core.shell:Creating environment hook '/home/peony/navigation_ws/install/path_searching/share/path_searching/hook/cmake_prefix_path.ps1'
[1.536s] INFO:colcon.colcon_core.shell:Creating environment descriptor '/home/peony/navigation_ws/install/path_searching/share/path_searching/hook/cmake_prefix_path.dsv'
[1.537s] INFO:colcon.colcon_core.shell:Creating environment hook '/home/peony/navigation_ws/install/path_searching/share/path_searching/hook/cmake_prefix_path.sh'
[1.537s] Level 1:colcon.colcon_core.environment:checking '/home/peony/navigation_ws/install/path_searching/lib'
[1.537s] Level 1:colcon.colcon_core.environment:checking '/home/peony/navigation_ws/install/path_searching/bin'
[1.537s] Level 1:colcon.colcon_core.environment:checking '/home/peony/navigation_ws/install/path_searching/lib/pkgconfig/path_searching.pc'
[1.537s] Level 1:colcon.colcon_core.environment:checking '/home/peony/navigation_ws/install/path_searching/lib/python3.10/site-packages'
[1.537s] Level 1:colcon.colcon_core.environment:checking '/home/peony/navigation_ws/install/path_searching/bin'
[1.537s] INFO:colcon.colcon_core.shell:Creating package script '/home/peony/navigation_ws/install/path_searching/share/path_searching/package.ps1'
[1.538s] INFO:colcon.colcon_core.shell:Creating package descriptor '/home/peony/navigation_ws/install/path_searching/share/path_searching/package.dsv'
[1.538s] INFO:colcon.colcon_core.shell:Creating package script '/home/peony/navigation_ws/install/path_searching/share/path_searching/package.sh'
[1.538s] INFO:colcon.colcon_core.shell:Creating package script '/home/peony/navigation_ws/install/path_searching/share/path_searching/package.bash'
[1.538s] INFO:colcon.colcon_core.shell:Creating package script '/home/peony/navigation_ws/install/path_searching/share/path_searching/package.zsh'
[1.539s] Level 1:colcon.colcon_core.environment:create_file_with_runtime_dependencies(/home/peony/navigation_ws/install/path_searching/share/colcon-core/packages/path_searching)
[1.539s] Level 1:colcon.colcon_core.environment:create_environment_scripts_only(path_searching)
[1.539s] Level 1:colcon.colcon_core.environment:checking '/home/peony/navigation_ws/install/path_searching' for CMake module files
[1.539s] Level 1:colcon.colcon_core.environment:checking '/home/peony/navigation_ws/install/path_searching' for CMake config files
[1.540s] Level 1:colcon.colcon_core.shell:create_environment_hook('path_searching', 'cmake_prefix_path')
[1.540s] INFO:colcon.colcon_core.shell:Creating environment hook '/home/peony/navigation_ws/install/path_searching/share/path_searching/hook/cmake_prefix_path.ps1'
[1.540s] INFO:colcon.colcon_core.shell:Creating environment descriptor '/home/peony/navigation_ws/install/path_searching/share/path_searching/hook/cmake_prefix_path.dsv'
[1.540s] INFO:colcon.colcon_core.shell:Creating environment hook '/home/peony/navigation_ws/install/path_searching/share/path_searching/hook/cmake_prefix_path.sh'
[1.540s] Level 1:colcon.colcon_core.environment:checking '/home/peony/navigation_ws/install/path_searching/lib'
[1.540s] Level 1:colcon.colcon_core.environment:checking '/home/peony/navigation_ws/install/path_searching/bin'
[1.540s] Level 1:colcon.colcon_core.environment:checking '/home/peony/navigation_ws/install/path_searching/lib/pkgconfig/path_searching.pc'
[1.540s] Level 1:colcon.colcon_core.environment:checking '/home/peony/navigation_ws/install/path_searching/lib/python3.10/site-packages'
[1.541s] Level 1:colcon.colcon_core.environment:checking '/home/peony/navigation_ws/install/path_searching/bin'
[1.541s] INFO:colcon.colcon_core.shell:Creating package script '/home/peony/navigation_ws/install/path_searching/share/path_searching/package.ps1'
[1.541s] INFO:colcon.colcon_core.shell:Creating package descriptor '/home/peony/navigation_ws/install/path_searching/share/path_searching/package.dsv'
[1.541s] INFO:colcon.colcon_core.shell:Creating package script '/home/peony/navigation_ws/install/path_searching/share/path_searching/package.sh'
[1.541s] INFO:colcon.colcon_core.shell:Creating package script '/home/peony/navigation_ws/install/path_searching/share/path_searching/package.bash'
[1.542s] INFO:colcon.colcon_core.shell:Creating package script '/home/peony/navigation_ws/install/path_searching/share/path_searching/package.zsh'
[1.542s] Level 1:colcon.colcon_core.environment:create_file_with_runtime_dependencies(/home/peony/navigation_ws/install/path_searching/share/colcon-core/packages/path_searching)
[1.542s] DEBUG:colcon.colcon_parallel_executor.executor.parallel:closing loop
[1.542s] DEBUG:colcon.colcon_parallel_executor.executor.parallel:loop closed
[1.542s] DEBUG:colcon.colcon_parallel_executor.executor.parallel:run_until_complete finished with '0'
[1.542s] DEBUG:colcon.colcon_core.event_reactor:joining thread
[1.546s] INFO:colcon.colcon_core.plugin_system:Skipping extension 'colcon_notification.desktop_notification.terminal_notifier': Not used on non-Darwin systems
[1.546s] INFO:colcon.colcon_core.plugin_system:Skipping extension 'colcon_notification.desktop_notification.win32': Not used on non-Windows systems
[1.546s] INFO:colcon.colcon_notification.desktop_notification:Sending desktop notification using 'notify2'
[1.552s] DEBUG:colcon.colcon_core.event_reactor:joined thread
[1.552s] INFO:colcon.colcon_core.shell:Creating prefix script '/home/peony/navigation_ws/install/local_setup.ps1'
[1.553s] INFO:colcon.colcon_core.shell:Creating prefix util module '/home/peony/navigation_ws/install/_local_setup_util_ps1.py'
[1.554s] INFO:colcon.colcon_core.shell:Creating prefix chain script '/home/peony/navigation_ws/install/setup.ps1'
[1.554s] INFO:colcon.colcon_core.shell:Creating prefix script '/home/peony/navigation_ws/install/local_setup.sh'
[1.555s] INFO:colcon.colcon_core.shell:Creating prefix util module '/home/peony/navigation_ws/install/_local_setup_util_sh.py'
[1.555s] INFO:colcon.colcon_core.shell:Creating prefix chain script '/home/peony/navigation_ws/install/setup.sh'
[1.556s] INFO:colcon.colcon_core.shell:Creating prefix script '/home/peony/navigation_ws/install/local_setup.bash'
[1.556s] INFO:colcon.colcon_core.shell:Creating prefix chain script '/home/peony/navigation_ws/install/setup.bash'
[1.557s] INFO:colcon.colcon_core.shell:Creating prefix script '/home/peony/navigation_ws/install/local_setup.zsh'
[1.557s] INFO:colcon.colcon_core.shell:Creating prefix chain script '/home/peony/navigation_ws/install/setup.zsh'
