[0.020s] Invoking command in '/home/peony/navigation_ws/build/mpc_follower': CMAKE_PREFIX_PATH=${CMAKE_PREFIX_PATH}:/opt/ros/humble /usr/bin/cmake /home/peony/navigation_ws/src/mpc_follower -DAMENT_CMAKE_SYMLINK_INSTALL=1 -DCMAKE_INSTALL_PREFIX=/home/peony/navigation_ws/install/mpc_follower
[0.074s] -- The C compiler identification is GNU 11.4.0
[0.121s] -- The CXX compiler identification is GNU 11.4.0
[0.126s] -- Detecting C compiler ABI info
[0.173s] -- Detecting C compiler ABI info - done
[0.177s] -- Check for working C compiler: /usr/bin/cc - skipped
[0.177s] -- Detecting C compile features
[0.178s] -- Detecting C compile features - done
[0.180s] -- Detecting CXX compiler ABI info
[0.234s] -- Detecting CXX compiler ABI info - done
[0.238s] -- Check for working CXX compiler: /usr/bin/c++ - skipped
[0.238s] -- Detecting CXX compile features
[0.238s] -- Detecting CXX compile features - done
[0.240s] -- Found ament_cmake: 1.3.13 (/opt/ros/humble/share/ament_cmake/cmake)
[0.328s] -- Found Python3: /usr/bin/python3 (found version "3.10.12") found components: Interpreter 
[0.365s] -- Override CMake install command with custom implementation using symlinks instead of copying resources
[0.383s] -- Found rclcpp: 16.0.18 (/opt/ros/humble/share/rclcpp/cmake)
[0.410s] -- Found rosidl_generator_c: 3.1.8 (/opt/ros/humble/share/rosidl_generator_c/cmake)
[0.413s] -- Found rosidl_adapter: 3.1.8 (/opt/ros/humble/share/rosidl_adapter/cmake)
[0.418s] -- Found rosidl_generator_cpp: 3.1.8 (/opt/ros/humble/share/rosidl_generator_cpp/cmake)
[0.425s] -- Using all available rosidl_typesupport_c: rosidl_typesupport_fastrtps_c;rosidl_typesupport_introspection_c
[0.434s] -- Using all available rosidl_typesupport_cpp: rosidl_typesupport_fastrtps_cpp;rosidl_typesupport_introspection_cpp
[0.458s] -- Found rmw_implementation_cmake: 6.1.2 (/opt/ros/humble/share/rmw_implementation_cmake/cmake)
[0.459s] -- Found rmw_fastrtps_cpp: 6.2.10 (/opt/ros/humble/share/rmw_fastrtps_cpp/cmake)
[0.523s] -- Found OpenSSL: /usr/lib/x86_64-linux-gnu/libcrypto.so (found version "3.0.2")  
[0.544s] -- Found FastRTPS: /opt/ros/humble/include  
[0.574s] -- Using RMW implementation 'rmw_fastrtps_cpp' as default
[0.579s] -- Looking for pthread.h
[0.630s] -- Looking for pthread.h - found
[0.630s] -- Performing Test CMAKE_HAVE_LIBC_PTHREAD
[0.679s] -- Performing Test CMAKE_HAVE_LIBC_PTHREAD - Success
[0.680s] -- Found Threads: TRUE  
[0.710s] -- Found nav_msgs: 4.9.1 (/opt/ros/humble/share/nav_msgs/cmake)
[0.727s] -- Found visualization_msgs: 4.9.1 (/opt/ros/humble/share/visualization_msgs/cmake)
[0.755s] -- Found tf2: 0.25.19 (/opt/ros/humble/share/tf2/cmake)
[0.762s] -- Found tf2_ros: 0.25.19 (/opt/ros/humble/share/tf2_ros/cmake)
[0.813s] -- Found tf2_geometry_msgs: 0.25.19 (/opt/ros/humble/share/tf2_geometry_msgs/cmake)
[0.818s] -- Found eigen3_cmake_module: 0.1.1 (/opt/ros/humble/share/eigen3_cmake_module/cmake)
[0.819s] -- Found Eigen3: TRUE (found version "3.4.0") 
[0.819s] -- Ensuring Eigen3 include directory is part of orocos-kdl CMake target
[0.823s] -- Found PkgConfig: /usr/bin/pkg-config (found version "0.29.2") 
[0.824s] -- Found angles: 1.15.0 (/opt/ros/humble/share/angles/cmake)
[0.826s] -- Found pcl_conversions: 2.4.5 (/opt/ros/humble/share/pcl_conversions/cmake)
[0.847s] -- Checking for module 'eigen3'
[0.858s] --   Found eigen3, version 3.4.0
[0.882s] -- Found Eigen: /usr/include/eigen3 (Required is at least version "3.1") 
[0.882s] -- Eigen found (include: /usr/include/eigen3, version: 3.4.0)
[0.907s] -- Checking for module 'flann'
[0.919s] --   Found flann, version 1.9.1
[0.948s] -- Found FLANN: /usr/lib/x86_64-linux-gnu/libflann_cpp.so  
[0.949s] -- FLANN found (include: /usr/include, lib: /usr/lib/x86_64-linux-gnu/libflann_cpp.so)
[1.600s] -- Checking for module 'libusb-1.0'
[1.609s] --   Found libusb-1.0, version 1.0.25
[1.635s] -- Found libusb: /usr/lib/x86_64-linux-gnu/libusb-1.0.so  
[1.635s] -- OpenNI found (version: 1.5.4.0, include: /usr/include/ni, lib: /usr/lib/libOpenNI.so;libusb::libusb)
[1.687s] -- OpenNI2 found (version: 2.2.0.33, include: /usr/include/openni2, lib: /usr/lib/x86_64-linux-gnu/libOpenNI2.so;libusb::libusb)
[1.799s] -- Eigen found (include: /usr/include/eigen3, version: 3.4.0)
[1.803s] -- OpenNI found (version: 1.5.4.0, include: /usr/include/ni, lib: /usr/lib/libOpenNI.so;libusb::libusb)
[1.808s] -- OpenNI2 found (version: 2.2.0.33, include: /usr/include/openni2, lib: /usr/lib/x86_64-linux-gnu/libOpenNI2.so;libusb::libusb)
[1.905s] -- Found Qhull version 8.0.2
[2.073s] -- OpenNI found (version: 1.5.4.0, include: /usr/include/ni, lib: /usr/lib/libOpenNI.so;libusb::libusb)
[2.249s] -- Found PCL_COMMON: /usr/lib/x86_64-linux-gnu/libpcl_common.so  
[2.250s] -- Found PCL_KDTREE: /usr/lib/x86_64-linux-gnu/libpcl_kdtree.so  
[2.251s] -- Found PCL_OCTREE: /usr/lib/x86_64-linux-gnu/libpcl_octree.so  
[2.252s] -- Found PCL_SEARCH: /usr/lib/x86_64-linux-gnu/libpcl_search.so  
[2.253s] -- Found PCL_SAMPLE_CONSENSUS: /usr/lib/x86_64-linux-gnu/libpcl_sample_consensus.so  
[2.255s] -- Found PCL_FILTERS: /usr/lib/x86_64-linux-gnu/libpcl_filters.so  
[2.255s] -- Found PCL_2D: /usr/include/pcl-1.12  
[2.255s] -- Found PCL_GEOMETRY: /usr/include/pcl-1.12  
[2.256s] -- Found PCL_IO: /usr/lib/x86_64-linux-gnu/libpcl_io.so  
[2.257s] -- Found PCL_FEATURES: /usr/lib/x86_64-linux-gnu/libpcl_features.so  
[2.258s] -- Found PCL_ML: /usr/lib/x86_64-linux-gnu/libpcl_ml.so  
[2.258s] -- Found PCL_SEGMENTATION: /usr/lib/x86_64-linux-gnu/libpcl_segmentation.so  
[2.259s] -- Found PCL_VISUALIZATION: /usr/lib/x86_64-linux-gnu/libpcl_visualization.so  
[2.260s] -- Found PCL_SURFACE: /usr/lib/x86_64-linux-gnu/libpcl_surface.so  
[2.261s] -- Found PCL_REGISTRATION: /usr/lib/x86_64-linux-gnu/libpcl_registration.so  
[2.262s] -- Found PCL_KEYPOINTS: /usr/lib/x86_64-linux-gnu/libpcl_keypoints.so  
[2.263s] -- Found PCL_TRACKING: /usr/lib/x86_64-linux-gnu/libpcl_tracking.so  
[2.263s] -- Found PCL_RECOGNITION: /usr/lib/x86_64-linux-gnu/libpcl_recognition.so  
[2.265s] -- Found PCL_STEREO: /usr/lib/x86_64-linux-gnu/libpcl_stereo.so  
[2.265s] -- Found PCL_APPS: /usr/lib/x86_64-linux-gnu/libpcl_apps.so  
[2.266s] -- Found PCL_IN_HAND_SCANNER: /usr/include/pcl-1.12  
[2.267s] -- Found PCL_MODELER: /usr/include/pcl-1.12  
[2.267s] -- Found PCL_POINT_CLOUD_EDITOR: /usr/include/pcl-1.12  
[2.268s] -- Found PCL_OUTOFCORE: /usr/lib/x86_64-linux-gnu/libpcl_outofcore.so  
[2.269s] -- Found PCL_PEOPLE: /usr/lib/x86_64-linux-gnu/libpcl_people.so  
[2.282s] -- Found ament_lint_auto: 0.12.15 (/opt/ros/humble/share/ament_lint_auto/cmake)
[2.362s] -- Added test 'copyright' to check source files copyright and LICENSE
[2.364s] -- Added test 'cppcheck' to perform static code analysis on C / C++ code
[2.365s] -- Configured cppcheck include dirs: /home/peony/navigation_ws/src/mpc_follower/include
[2.365s] -- Configured cppcheck exclude dirs and/or files: 
[2.367s] -- Added test 'cpplint' to check C / C++ code against the Google style
[2.367s] -- Configured cpplint exclude dirs and/or files: 
[2.367s] -- Added test 'flake8' to check Python code syntax and style conventions
[2.368s] -- Added test 'lint_cmake' to check CMake code style
[2.369s] -- Added test 'pep257' to check Python code against some of the docstring style conventions in PEP 257
[2.370s] -- Added test 'uncrustify' to check C / C++ code style
[2.370s] -- Configured uncrustify additional arguments: 
[2.371s] -- Added test 'xmllint' to check XML markup files
[2.372s] -- Configuring done
[2.402s] -- Generating done
[2.411s] -- Build files have been written to: /home/peony/navigation_ws/build/mpc_follower
[2.431s] Invoked command in '/home/peony/navigation_ws/build/mpc_follower' returned '0': CMAKE_PREFIX_PATH=${CMAKE_PREFIX_PATH}:/opt/ros/humble /usr/bin/cmake /home/peony/navigation_ws/src/mpc_follower -DAMENT_CMAKE_SYMLINK_INSTALL=1 -DCMAKE_INSTALL_PREFIX=/home/peony/navigation_ws/install/mpc_follower
[2.431s] Invoking command in '/home/peony/navigation_ws/build/mpc_follower': CMAKE_PREFIX_PATH=${CMAKE_PREFIX_PATH}:/opt/ros/humble /usr/bin/cmake --build /home/peony/navigation_ws/build/mpc_follower -- -j32 -l32
[2.472s] [ 66%] [32mBuilding CXX object CMakeFiles/mpc_node.dir/src/mpc_node.cpp.o[0m
[2.472s] [ 66%] [32mBuilding CXX object CMakeFiles/mpc_node.dir/src/mpc_controller.cpp.o[0m
[13.435s] [100%] [32m[1mLinking CXX executable mpc_node[0m
[14.371s] [100%] Built target mpc_node
[14.383s] Invoked command in '/home/peony/navigation_ws/build/mpc_follower' returned '0': CMAKE_PREFIX_PATH=${CMAKE_PREFIX_PATH}:/opt/ros/humble /usr/bin/cmake --build /home/peony/navigation_ws/build/mpc_follower -- -j32 -l32
[14.384s] Invoking command in '/home/peony/navigation_ws/build/mpc_follower': CMAKE_PREFIX_PATH=${CMAKE_PREFIX_PATH}:/opt/ros/humble /usr/bin/cmake --install /home/peony/navigation_ws/build/mpc_follower
[14.388s] -- Install configuration: ""
[14.389s] -- Execute custom install script
[14.389s] -- Symlinking: /home/peony/navigation_ws/install/mpc_follower/lib/mpc_follower/mpc_node
[14.394s] -- Symlinking: /home/peony/navigation_ws/install/mpc_follower/include//mpc_controller.h
[14.399s] -- Symlinking: /home/peony/navigation_ws/install/mpc_follower/include//robot_model.h
[14.404s] -- Symlinking: /home/peony/navigation_ws/install/mpc_follower/include//utilities.h
[14.409s] -- Symlinking: /home/peony/navigation_ws/install/mpc_follower/share/mpc_follower/cfg//mpc_params.yaml
[14.415s] -- Symlinking: /home/peony/navigation_ws/install/mpc_follower/share/mpc_follower/launch//mpc_follower.launch.py
[14.420s] -- Symlinking: /home/peony/navigation_ws/install/mpc_follower/share/ament_index/resource_index/package_run_dependencies/mpc_follower
[14.425s] -- Symlinking: /home/peony/navigation_ws/install/mpc_follower/share/ament_index/resource_index/parent_prefix_path/mpc_follower
[14.429s] -- Symlinking: /home/peony/navigation_ws/install/mpc_follower/share/mpc_follower/environment/ament_prefix_path.sh
[14.434s] -- Symlinking: /home/peony/navigation_ws/install/mpc_follower/share/mpc_follower/environment/ament_prefix_path.dsv
[14.441s] -- Symlinking: /home/peony/navigation_ws/install/mpc_follower/share/mpc_follower/environment/path.sh
[14.447s] -- Symlinking: /home/peony/navigation_ws/install/mpc_follower/share/mpc_follower/environment/path.dsv
[14.452s] -- Symlinking: /home/peony/navigation_ws/install/mpc_follower/share/mpc_follower/local_setup.bash
[14.457s] -- Symlinking: /home/peony/navigation_ws/install/mpc_follower/share/mpc_follower/local_setup.sh
[14.464s] -- Symlinking: /home/peony/navigation_ws/install/mpc_follower/share/mpc_follower/local_setup.zsh
[14.470s] -- Symlinking: /home/peony/navigation_ws/install/mpc_follower/share/mpc_follower/local_setup.dsv
[14.476s] -- Symlinking: /home/peony/navigation_ws/install/mpc_follower/share/mpc_follower/package.dsv
[14.481s] -- Symlinking: /home/peony/navigation_ws/install/mpc_follower/share/ament_index/resource_index/packages/mpc_follower
[14.486s] -- Symlinking: /home/peony/navigation_ws/install/mpc_follower/share/mpc_follower/cmake/mpc_followerConfig.cmake
[14.491s] -- Symlinking: /home/peony/navigation_ws/install/mpc_follower/share/mpc_follower/cmake/mpc_followerConfig-version.cmake
[14.496s] -- Symlinking: /home/peony/navigation_ws/install/mpc_follower/share/mpc_follower/package.xml
[14.504s] Invoked command in '/home/peony/navigation_ws/build/mpc_follower' returned '0': CMAKE_PREFIX_PATH=${CMAKE_PREFIX_PATH}:/opt/ros/humble /usr/bin/cmake --install /home/peony/navigation_ws/build/mpc_follower
