-- Found ament_cmake: 1.3.13 (/opt/ros/humble/share/ament_cmake/cmake)
-- Override CMake install command with custom implementation using symlinks instead of copying resources
-- Found rclcpp: 16.0.18 (/opt/ros/humble/share/rclcpp/cmake)
-- Found rosidl_generator_c: 3.1.8 (/opt/ros/humble/share/rosidl_generator_c/cmake)
-- Found rosidl_adapter: 3.1.8 (/opt/ros/humble/share/rosidl_adapter/cmake)
-- Found rosidl_generator_cpp: 3.1.8 (/opt/ros/humble/share/rosidl_generator_cpp/cmake)
-- Using all available rosidl_typesupport_c: rosidl_typesupport_fastrtps_c;rosidl_typesupport_introspection_c
-- Using all available rosidl_typesupport_cpp: rosidl_typesupport_fastrtps_cpp;rosidl_typesupport_introspection_cpp
-- Found rmw_implementation_cmake: 6.1.2 (/opt/ros/humble/share/rmw_implementation_cmake/cmake)
-- Found rmw_fastrtps_cpp: 6.2.10 (/opt/ros/humble/share/rmw_fastrtps_cpp/cmake)
-- Using RMW implementation 'rmw_fastrtps_cpp' as default
-- Found geometry_msgs: 4.9.1 (/opt/ros/humble/share/geometry_msgs/cmake)
-- Found rosidl_default_generators: 1.2.0 (/opt/ros/humble/share/rosidl_default_generators/cmake)
-- Found sensor_msgs: 4.9.1 (/opt/ros/humble/share/sensor_msgs/cmake)
-- Found nav_msgs: 4.9.1 (/opt/ros/humble/share/nav_msgs/cmake)
-- Found pcl_conversions: 2.4.5 (/opt/ros/humble/share/pcl_conversions/cmake)
-- Eigen found (include: /usr/include/eigen3, version: 3.4.0)
-- FLANN found (include: /usr/include, lib: /usr/lib/x86_64-linux-gnu/libflann_cpp.so)
-- OpenNI found (version: 1.5.4.0, include: /usr/include/ni, lib: /usr/lib/libOpenNI.so;libusb::libusb)
-- OpenNI2 found (version: 2.2.0.33, include: /usr/include/openni2, lib: /usr/lib/x86_64-linux-gnu/libOpenNI2.so;libusb::libusb)
-- Eigen found (include: /usr/include/eigen3, version: 3.4.0)
-- OpenNI found (version: 1.5.4.0, include: /usr/include/ni, lib: /usr/lib/libOpenNI.so;libusb::libusb)
-- OpenNI2 found (version: 2.2.0.33, include: /usr/include/openni2, lib: /usr/lib/x86_64-linux-gnu/libOpenNI2.so;libusb::libusb)
-- Found Qhull version 8.0.2
-- OpenNI found (version: 1.5.4.0, include: /usr/include/ni, lib: /usr/lib/libOpenNI.so;libusb::libusb)
[33mCMake Warning (dev) at CMakeLists.txt:16 (find_package):
  Policy CMP0074 is not set: find_package uses <PackageName>_ROOT variables.
  Run "cmake --help-policy CMP0074" for policy details.  Use the cmake_policy
  command to set the policy and suppress this warning.

  CMake variable PCL_ROOT is set to:

    /usr

  For compatibility, CMake is ignoring the variable.
This warning is for project developers.  Use -Wno-dev to suppress it.
[0m
-- Configuring done
-- Generating done
-- Build files have been written to: /home/peony/navigation_ws/build/detect_obs
[ 50%] [32mBuilding CXX object CMakeFiles/obstacle_processor.dir/src/obstacle_processor.cpp.o[0m
[100%] [32m[1mLinking CXX executable obstacle_processor[0m
[100%] Built target obstacle_processor
-- Install configuration: ""
-- Execute custom install script
-- Symlinking: /home/peony/navigation_ws/install/detect_obs/lib/detect_obs/obstacle_processor
-- Symlinking: /home/peony/navigation_ws/install/detect_obs/share/ament_index/resource_index/package_run_dependencies/detect_obs
-- Symlinking: /home/peony/navigation_ws/install/detect_obs/share/ament_index/resource_index/parent_prefix_path/detect_obs
-- Symlinking: /home/peony/navigation_ws/install/detect_obs/share/detect_obs/environment/ament_prefix_path.sh
-- Symlinking: /home/peony/navigation_ws/install/detect_obs/share/detect_obs/environment/ament_prefix_path.dsv
-- Symlinking: /home/peony/navigation_ws/install/detect_obs/share/detect_obs/environment/path.sh
-- Symlinking: /home/peony/navigation_ws/install/detect_obs/share/detect_obs/environment/path.dsv
-- Symlinking: /home/peony/navigation_ws/install/detect_obs/share/detect_obs/local_setup.bash
-- Symlinking: /home/peony/navigation_ws/install/detect_obs/share/detect_obs/local_setup.sh
-- Symlinking: /home/peony/navigation_ws/install/detect_obs/share/detect_obs/local_setup.zsh
-- Symlinking: /home/peony/navigation_ws/install/detect_obs/share/detect_obs/local_setup.dsv
-- Symlinking: /home/peony/navigation_ws/install/detect_obs/share/detect_obs/package.dsv
-- Symlinking: /home/peony/navigation_ws/install/detect_obs/share/ament_index/resource_index/packages/detect_obs
-- Symlinking: /home/peony/navigation_ws/install/detect_obs/share/detect_obs/cmake/detect_obsConfig.cmake
-- Symlinking: /home/peony/navigation_ws/install/detect_obs/share/detect_obs/cmake/detect_obsConfig-version.cmake
-- Symlinking: /home/peony/navigation_ws/install/detect_obs/share/detect_obs/package.xml
