[0.008s] Invoking command in '/home/peony/navigation_ws/build/detect_obs': CMAKE_PREFIX_PATH=${CMAKE_PREFIX_PATH}:/opt/ros/humble /usr/bin/cmake --build /home/peony/navigation_ws/build/detect_obs -- -j32 -l32
[0.026s] -- Found ament_cmake: 1.3.13 (/opt/ros/humble/share/ament_cmake/cmake)
[0.099s] -- Override CMake install command with custom implementation using symlinks instead of copying resources
[0.104s] -- Found rclcpp: 16.0.18 (/opt/ros/humble/share/rclcpp/cmake)
[0.120s] -- Found rosidl_generator_c: 3.1.8 (/opt/ros/humble/share/rosidl_generator_c/cmake)
[0.121s] -- Found rosidl_adapter: 3.1.8 (/opt/ros/humble/share/rosidl_adapter/cmake)
[0.125s] -- Found rosidl_generator_cpp: 3.1.8 (/opt/ros/humble/share/rosidl_generator_cpp/cmake)
[0.131s] -- Using all available rosidl_typesupport_c: rosidl_typesupport_fastrtps_c;rosidl_typesupport_introspection_c
[0.137s] -- Using all available rosidl_typesupport_cpp: rosidl_typesupport_fastrtps_cpp;rosidl_typesupport_introspection_cpp
[0.155s] -- Found rmw_implementation_cmake: 6.1.2 (/opt/ros/humble/share/rmw_implementation_cmake/cmake)
[0.156s] -- Found rmw_fastrtps_cpp: 6.2.10 (/opt/ros/humble/share/rmw_fastrtps_cpp/cmake)
[0.229s] -- Using RMW implementation 'rmw_fastrtps_cpp' as default
[0.255s] -- Found geometry_msgs: 4.9.1 (/opt/ros/humble/share/geometry_msgs/cmake)
[0.261s] -- Found rosidl_default_generators: 1.2.0 (/opt/ros/humble/share/rosidl_default_generators/cmake)
[0.265s] -- Found sensor_msgs: 4.9.1 (/opt/ros/humble/share/sensor_msgs/cmake)
[0.274s] -- Found nav_msgs: 4.9.1 (/opt/ros/humble/share/nav_msgs/cmake)
[0.283s] -- Found pcl_conversions: 2.4.5 (/opt/ros/humble/share/pcl_conversions/cmake)
[0.304s] -- Eigen found (include: /usr/include/eigen3, version: 3.4.0)
[0.324s] -- FLANN found (include: /usr/include, lib: /usr/lib/x86_64-linux-gnu/libflann_cpp.so)
[0.511s] -- OpenNI found (version: 1.5.4.0, include: /usr/include/ni, lib: /usr/lib/libOpenNI.so;libusb::libusb)
[0.514s] -- OpenNI2 found (version: 2.2.0.33, include: /usr/include/openni2, lib: /usr/lib/x86_64-linux-gnu/libOpenNI2.so;libusb::libusb)
[0.606s] -- Eigen found (include: /usr/include/eigen3, version: 3.4.0)
[0.610s] -- OpenNI found (version: 1.5.4.0, include: /usr/include/ni, lib: /usr/lib/libOpenNI.so;libusb::libusb)
[0.613s] -- OpenNI2 found (version: 2.2.0.33, include: /usr/include/openni2, lib: /usr/lib/x86_64-linux-gnu/libOpenNI2.so;libusb::libusb)
[0.703s] -- Found Qhull version 8.0.2
[0.797s] -- OpenNI found (version: 1.5.4.0, include: /usr/include/ni, lib: /usr/lib/libOpenNI.so;libusb::libusb)
[0.890s] [33mCMake Warning (dev) at CMakeLists.txt:16 (find_package):
[0.890s]   Policy CMP0074 is not set: find_package uses <PackageName>_ROOT variables.
[0.890s]   Run "cmake --help-policy CMP0074" for policy details.  Use the cmake_policy
[0.890s]   command to set the policy and suppress this warning.
[0.890s] 
[0.890s]   CMake variable PCL_ROOT is set to:
[0.890s] 
[0.890s]     /usr
[0.890s] 
[0.890s]   For compatibility, CMake is ignoring the variable.
[0.890s] This warning is for project developers.  Use -Wno-dev to suppress it.
[0.890s] [0m
[0.937s] -- Configuring done
[0.981s] -- Generating done
[0.988s] -- Build files have been written to: /home/peony/navigation_ws/build/detect_obs
[1.023s] [ 50%] [32mBuilding CXX object CMakeFiles/obstacle_processor.dir/src/obstacle_processor.cpp.o[0m
[7.886s] [100%] [32m[1mLinking CXX executable obstacle_processor[0m
[8.349s] [100%] Built target obstacle_processor
[8.361s] Invoked command in '/home/peony/navigation_ws/build/detect_obs' returned '0': CMAKE_PREFIX_PATH=${CMAKE_PREFIX_PATH}:/opt/ros/humble /usr/bin/cmake --build /home/peony/navigation_ws/build/detect_obs -- -j32 -l32
[8.370s] Invoking command in '/home/peony/navigation_ws/build/detect_obs': CMAKE_PREFIX_PATH=${CMAKE_PREFIX_PATH}:/opt/ros/humble /usr/bin/cmake --install /home/peony/navigation_ws/build/detect_obs
[8.376s] -- Install configuration: ""
[8.376s] -- Execute custom install script
[8.376s] -- Symlinking: /home/peony/navigation_ws/install/detect_obs/lib/detect_obs/obstacle_processor
[8.384s] -- Symlinking: /home/peony/navigation_ws/install/detect_obs/share/ament_index/resource_index/package_run_dependencies/detect_obs
[8.391s] -- Symlinking: /home/peony/navigation_ws/install/detect_obs/share/ament_index/resource_index/parent_prefix_path/detect_obs
[8.397s] -- Symlinking: /home/peony/navigation_ws/install/detect_obs/share/detect_obs/environment/ament_prefix_path.sh
[8.404s] -- Symlinking: /home/peony/navigation_ws/install/detect_obs/share/detect_obs/environment/ament_prefix_path.dsv
[8.410s] -- Symlinking: /home/peony/navigation_ws/install/detect_obs/share/detect_obs/environment/path.sh
[8.415s] -- Symlinking: /home/peony/navigation_ws/install/detect_obs/share/detect_obs/environment/path.dsv
[8.421s] -- Symlinking: /home/peony/navigation_ws/install/detect_obs/share/detect_obs/local_setup.bash
[8.426s] -- Symlinking: /home/peony/navigation_ws/install/detect_obs/share/detect_obs/local_setup.sh
[8.432s] -- Symlinking: /home/peony/navigation_ws/install/detect_obs/share/detect_obs/local_setup.zsh
[8.437s] -- Symlinking: /home/peony/navigation_ws/install/detect_obs/share/detect_obs/local_setup.dsv
[8.443s] -- Symlinking: /home/peony/navigation_ws/install/detect_obs/share/detect_obs/package.dsv
[8.449s] -- Symlinking: /home/peony/navigation_ws/install/detect_obs/share/ament_index/resource_index/packages/detect_obs
[8.455s] -- Symlinking: /home/peony/navigation_ws/install/detect_obs/share/detect_obs/cmake/detect_obsConfig.cmake
[8.460s] -- Symlinking: /home/peony/navigation_ws/install/detect_obs/share/detect_obs/cmake/detect_obsConfig-version.cmake
[8.466s] -- Symlinking: /home/peony/navigation_ws/install/detect_obs/share/detect_obs/package.xml
[8.475s] Invoked command in '/home/peony/navigation_ws/build/detect_obs' returned '0': CMAKE_PREFIX_PATH=${CMAKE_PREFIX_PATH}:/opt/ros/humble /usr/bin/cmake --install /home/peony/navigation_ws/build/detect_obs
