[0.008s] Invoking command in '/home/peony/navigation_ws/build/detect_obs': CMAKE_PREFIX_PATH=${CMAKE_PREFIX_PATH}:/opt/ros/humble /usr/bin/cmake --build /home/peony/navigation_ws/build/detect_obs -- -j32 -l32
[0.025s] -- Found ament_cmake: 1.3.13 (/opt/ros/humble/share/ament_cmake/cmake)
[0.096s] -- Override CMake install command with custom implementation using symlinks instead of copying resources
[0.100s] -- Found rclcpp: 16.0.18 (/opt/ros/humble/share/rclcpp/cmake)
[0.116s] -- Found rosidl_generator_c: 3.1.8 (/opt/ros/humble/share/rosidl_generator_c/cmake)
[0.117s] -- Found rosidl_adapter: 3.1.8 (/opt/ros/humble/share/rosidl_adapter/cmake)
[0.121s] -- Found rosidl_generator_cpp: 3.1.8 (/opt/ros/humble/share/rosidl_generator_cpp/cmake)
[0.127s] -- Using all available rosidl_typesupport_c: rosidl_typesupport_fastrtps_c;rosidl_typesupport_introspection_c
[0.136s] -- Using all available rosidl_typesupport_cpp: rosidl_typesupport_fastrtps_cpp;rosidl_typesupport_introspection_cpp
[0.152s] -- Found rmw_implementation_cmake: 6.1.2 (/opt/ros/humble/share/rmw_implementation_cmake/cmake)
[0.153s] -- Found rmw_fastrtps_cpp: 6.2.10 (/opt/ros/humble/share/rmw_fastrtps_cpp/cmake)
[0.224s] -- Using RMW implementation 'rmw_fastrtps_cpp' as default
[0.249s] -- Found geometry_msgs: 4.9.1 (/opt/ros/humble/share/geometry_msgs/cmake)
[0.256s] -- Found rosidl_default_generators: 1.2.0 (/opt/ros/humble/share/rosidl_default_generators/cmake)
[0.260s] -- Found sensor_msgs: 4.9.1 (/opt/ros/humble/share/sensor_msgs/cmake)
[0.269s] -- Found nav_msgs: 4.9.1 (/opt/ros/humble/share/nav_msgs/cmake)
[0.286s] -- Checking for module 'eigen3'
[0.295s] --   Found eigen3, version 3.4.0
[0.320s] -- Found Eigen: /usr/include/eigen3 (Required is at least version "3.1") 
[0.321s] -- Eigen found (include: /usr/include/eigen3, version: 3.4.0)
[0.342s] -- Found Boost: /usr/lib/x86_64-linux-gnu/cmake/Boost-1.74.0/BoostConfig.cmake (found suitable version "1.74.0", minimum required is "1.65.0") found components: system filesystem date_time iostreams serialization 
[0.355s] -- Checking for module 'flann'
[0.364s] --   Found flann, version 1.9.1
[0.391s] -- Found FLANN: /usr/lib/x86_64-linux-gnu/libflann_cpp.so  
[0.391s] -- FLANN found (include: /usr/include, lib: /usr/lib/x86_64-linux-gnu/libflann_cpp.so)
[0.413s] -- Found GLEW: /usr/lib/x86_64-linux-gnu/libGLEW.so  
[0.417s] -- Found OpenGL: /usr/lib/x86_64-linux-gnu/libOpenGL.so  found components: OpenGL GLX 
[0.519s] -- Found MPI_C: /usr/lib/x86_64-linux-gnu/libmpi.so (found version "3.1") 
[0.519s] -- Found MPI: TRUE (found version "3.1") found components: C 
[0.520s] -- Found JsonCpp: /usr/lib/x86_64-linux-gnu/libjsoncpp.so (found suitable version "1.9.5", minimum required is "0.7.0") 
[0.526s] -- Found ZLIB: /usr/lib/x86_64-linux-gnu/libz.so (found version "1.2.11") 
[0.536s] -- Found PNG: /usr/lib/x86_64-linux-gnu/libpng.so (found version "1.6.37") 
[0.551s] -- Found Eigen3: /usr/include/eigen3 (found version "3.4.0") 
[0.611s] -- Found X11: /usr/include   
[0.611s] -- Looking for XOpenDisplay in /usr/lib/x86_64-linux-gnu/libX11.so;/usr/lib/x86_64-linux-gnu/libXext.so
[0.665s] -- Looking for XOpenDisplay in /usr/lib/x86_64-linux-gnu/libX11.so;/usr/lib/x86_64-linux-gnu/libXext.so - found
[0.666s] -- Looking for gethostbyname
[0.711s] -- Looking for gethostbyname - found
[0.711s] -- Looking for connect
[0.760s] -- Looking for connect - found
[0.760s] -- Looking for remove
[0.806s] -- Looking for remove - found
[0.806s] -- Looking for shmat
[0.854s] -- Looking for shmat - found
[0.854s] -- Looking for IceConnectionNumber in ICE
[0.901s] -- Looking for IceConnectionNumber in ICE - found
[0.958s] -- Found EXPAT: /usr/lib/x86_64-linux-gnu/libexpat.so (found version "2.4.7") 
[0.959s] -- Found double-conversion: /usr/lib/x86_64-linux-gnu/libdouble-conversion.so  
[0.961s] -- Found LZ4: /usr/lib/x86_64-linux-gnu/liblz4.so (found version "1.9.3") 
[0.963s] -- Found LZMA: /usr/lib/x86_64-linux-gnu/liblzma.so (found version "5.2.5") 
[0.973s] -- Found JPEG: /usr/lib/x86_64-linux-gnu/libjpeg.so (found version "80") 
[0.977s] -- Found TIFF: /usr/lib/x86_64-linux-gnu/libtiff.so (found version "4.3.0")  
[0.979s] -- Found Freetype: /usr/lib/x86_64-linux-gnu/libfreetype.so (found version "2.11.1") 
[0.983s] -- Found utf8cpp: /usr/include/utf8cpp  
[1.041s] -- Checking for module 'libusb-1.0'
[1.050s] --   Found libusb-1.0, version 1.0.25
[1.076s] -- Found libusb: /usr/lib/x86_64-linux-gnu/libusb-1.0.so  
[1.076s] -- Found OpenNI: /usr/lib/libOpenNI.so;libusb::libusb (found version "1.5.4.0") 
[1.076s] -- OpenNI found (version: 1.5.4.0, include: /usr/include/ni, lib: /usr/lib/libOpenNI.so;libusb::libusb)
[1.122s] -- Found OpenNI2: /usr/lib/x86_64-linux-gnu/libOpenNI2.so;libusb::libusb (found version "2.2.0.33") 
[1.122s] -- OpenNI2 found (version: 2.2.0.33, include: /usr/include/openni2, lib: /usr/lib/x86_64-linux-gnu/libOpenNI2.so;libusb::libusb)
[1.122s] [0m** WARNING ** io features related to pcap will be disabled[0m
[1.215s] -- Eigen found (include: /usr/include/eigen3, version: 3.4.0)
[1.219s] -- OpenNI found (version: 1.5.4.0, include: /usr/include/ni, lib: /usr/lib/libOpenNI.so;libusb::libusb)
[1.224s] -- OpenNI2 found (version: 2.2.0.33, include: /usr/include/openni2, lib: /usr/lib/x86_64-linux-gnu/libOpenNI2.so;libusb::libusb)
[1.325s] -- Found Qhull version 8.0.2
[1.413s] -- OpenNI found (version: 1.5.4.0, include: /usr/include/ni, lib: /usr/lib/libOpenNI.so;libusb::libusb)
[1.497s] -- looking for PCL_COMMON
[1.497s] -- Found PCL_COMMON: /usr/lib/x86_64-linux-gnu/libpcl_common.so  
[1.498s] -- looking for PCL_KDTREE
[1.498s] -- Found PCL_KDTREE: /usr/lib/x86_64-linux-gnu/libpcl_kdtree.so  
[1.498s] -- looking for PCL_OCTREE
[1.499s] -- Found PCL_OCTREE: /usr/lib/x86_64-linux-gnu/libpcl_octree.so  
[1.499s] -- looking for PCL_SEARCH
[1.499s] -- Found PCL_SEARCH: /usr/lib/x86_64-linux-gnu/libpcl_search.so  
[1.499s] -- looking for PCL_SAMPLE_CONSENSUS
[1.499s] -- Found PCL_SAMPLE_CONSENSUS: /usr/lib/x86_64-linux-gnu/libpcl_sample_consensus.so  
[1.500s] -- looking for PCL_FILTERS
[1.500s] -- Found PCL_FILTERS: /usr/lib/x86_64-linux-gnu/libpcl_filters.so  
[1.500s] -- looking for PCL_2D
[1.500s] -- Found PCL_2D: /usr/include/pcl-1.12  
[1.500s] -- looking for PCL_GEOMETRY
[1.500s] -- Found PCL_GEOMETRY: /usr/include/pcl-1.12  
[1.500s] -- looking for PCL_IO
[1.501s] -- Found PCL_IO: /usr/lib/x86_64-linux-gnu/libpcl_io.so  
[1.501s] -- looking for PCL_FEATURES
[1.501s] -- Found PCL_FEATURES: /usr/lib/x86_64-linux-gnu/libpcl_features.so  
[1.502s] -- looking for PCL_ML
[1.502s] -- Found PCL_ML: /usr/lib/x86_64-linux-gnu/libpcl_ml.so  
[1.502s] -- looking for PCL_SEGMENTATION
[1.502s] -- Found PCL_SEGMENTATION: /usr/lib/x86_64-linux-gnu/libpcl_segmentation.so  
[1.503s] -- looking for PCL_VISUALIZATION
[1.503s] -- Found PCL_VISUALIZATION: /usr/lib/x86_64-linux-gnu/libpcl_visualization.so  
[1.503s] -- looking for PCL_SURFACE
[1.504s] -- Found PCL_SURFACE: /usr/lib/x86_64-linux-gnu/libpcl_surface.so  
[1.504s] -- looking for PCL_REGISTRATION
[1.504s] -- Found PCL_REGISTRATION: /usr/lib/x86_64-linux-gnu/libpcl_registration.so  
[1.504s] -- looking for PCL_KEYPOINTS
[1.505s] -- Found PCL_KEYPOINTS: /usr/lib/x86_64-linux-gnu/libpcl_keypoints.so  
[1.505s] -- looking for PCL_TRACKING
[1.505s] -- Found PCL_TRACKING: /usr/lib/x86_64-linux-gnu/libpcl_tracking.so  
[1.505s] -- looking for PCL_RECOGNITION
[1.506s] -- Found PCL_RECOGNITION: /usr/lib/x86_64-linux-gnu/libpcl_recognition.so  
[1.506s] -- looking for PCL_STEREO
[1.506s] -- Found PCL_STEREO: /usr/lib/x86_64-linux-gnu/libpcl_stereo.so  
[1.507s] -- looking for PCL_APPS
[1.507s] -- Found PCL_APPS: /usr/lib/x86_64-linux-gnu/libpcl_apps.so  
[1.507s] -- looking for PCL_IN_HAND_SCANNER
[1.507s] -- Found PCL_IN_HAND_SCANNER: /usr/include/pcl-1.12  
[1.508s] -- looking for PCL_MODELER
[1.508s] -- Found PCL_MODELER: /usr/include/pcl-1.12  
[1.508s] -- looking for PCL_POINT_CLOUD_EDITOR
[1.508s] -- Found PCL_POINT_CLOUD_EDITOR: /usr/include/pcl-1.12  
[1.508s] -- looking for PCL_OUTOFCORE
[1.509s] -- Found PCL_OUTOFCORE: /usr/lib/x86_64-linux-gnu/libpcl_outofcore.so  
[1.509s] -- looking for PCL_PEOPLE
[1.509s] -- Found PCL_PEOPLE: /usr/lib/x86_64-linux-gnu/libpcl_people.so  
[1.509s] -- Found PCL: pcl_common;pcl_kdtree;pcl_octree;pcl_search;pcl_sample_consensus;pcl_filters;pcl_io;pcl_features;pcl_ml;pcl_segmentation;pcl_visualization;pcl_surface;pcl_registration;pcl_keypoints;pcl_tracking;pcl_recognition;pcl_stereo;pcl_apps;pcl_outofcore;pcl_people;Boost::system;Boost::filesystem;Boost::date_time;Boost::iostreams;Boost::serialization;/usr/lib/libOpenNI.so;libusb::libusb;/usr/lib/x86_64-linux-gnu/libOpenNI2.so;libusb::libusb;VTK::ChartsCore;VTK::CommonColor;VTK::CommonComputationalGeometry;VTK::CommonCore;VTK::CommonDataModel;VTK::CommonExecutionModel;VTK::CommonMath;VTK::CommonMisc;VTK::CommonTransforms;VTK::FiltersCore;VTK::FiltersExtraction;VTK::FiltersGeneral;VTK::FiltersGeometry;VTK::FiltersModeling;VTK::FiltersSources;VTK::ImagingCore;VTK::ImagingSources;VTK::InteractionImage;VTK::InteractionStyle;VTK::InteractionWidgets;VTK::IOCore;VTK::IOGeometry;VTK::IOImage;VTK::IOLegacy;VTK::IOPLY;VTK::RenderingAnnotation;VTK::RenderingCore;VTK::RenderingContext2D;VTK::RenderingLOD;VTK::RenderingFreeType;VTK::ViewsCore;VTK::ViewsContext2D;VTK::RenderingOpenGL2;VTK::GUISupportQt;FLANN::FLANN;QHULL::QHULL  
[1.551s] -- Configuring done
[1.562s] -- Generating done
[1.565s] -- Build files have been written to: /home/peony/navigation_ws/build/detect_obs
[1.597s] [ 50%] [32mBuilding CXX object CMakeFiles/obstacle_processor.dir/src/obstacle_processor.cpp.o[0m
[1.745s] [01m[K/home/peony/navigation_ws/src/detect_obs/src/obstacle_processor.cpp:4:10:[m[K [01;31m[Kfatal error: [m[Kpcl_conversions/pcl_conversions.h: 没有那个文件或目录
[1.745s]     4 | #include [01;31m[K<pcl_conversions/pcl_conversions.h>[m[K
[1.745s]       |          [01;31m[K^~~~~~~~~~~~~~~~~~~~~~~~~~~~~~~~~~~[m[K
[1.745s] compilation terminated.
[1.757s] gmake[2]: *** [CMakeFiles/obstacle_processor.dir/build.make:76：CMakeFiles/obstacle_processor.dir/src/obstacle_processor.cpp.o] 错误 1
[1.757s] gmake[1]: *** [CMakeFiles/Makefile2:137：CMakeFiles/obstacle_processor.dir/all] 错误 2
[1.757s] gmake: *** [Makefile:146：all] 错误 2
[1.760s] Invoked command in '/home/peony/navigation_ws/build/detect_obs' returned '2': CMAKE_PREFIX_PATH=${CMAKE_PREFIX_PATH}:/opt/ros/humble /usr/bin/cmake --build /home/peony/navigation_ws/build/detect_obs -- -j32 -l32
