[0.084s] DEBUG:colcon:Command line arguments: ['/usr/bin/colcon', 'build', '--symlink-install']
[0.084s] DEBUG:colcon:Parsed command line arguments: Namespace(log_base=None, log_level=None, verb_name='build', build_base='build', install_base='install', merge_install=False, symlink_install=True, test_result_base=None, continue_on_error=False, executor='parallel', parallel_workers=32, event_handlers=None, ignore_user_meta=False, metas=['./colcon.meta'], base_paths=['.'], packages_ignore=None, packages_ignore_regex=None, paths=None, packages_up_to=None, packages_up_to_regex=None, packages_above=None, packages_above_and_dependencies=None, packages_above_depth=None, packages_select_by_dep=None, packages_skip_by_dep=None, packages_skip_up_to=None, packages_select_build_failed=False, packages_skip_build_finished=False, packages_select_test_failures=False, packages_skip_test_passed=False, packages_select=None, packages_skip=None, packages_select_regex=None, packages_skip_regex=None, packages_start=None, packages_end=None, allow_overriding=[], cmake_args=None, cmake_target=None, cmake_target_skip_unavailable=False, cmake_clean_cache=False, cmake_clean_first=False, cmake_force_configure=False, ament_cmake_args=None, catkin_cmake_args=None, catkin_skip_building_tests=False, verb_parser=<colcon_defaults.argument_parser.defaults.DefaultArgumentsDecorator object at 0x78a5ddc609d0>, verb_extension=<colcon_core.verb.build.BuildVerb object at 0x78a5ddd61f30>, main=<bound method BuildVerb.main of <colcon_core.verb.build.BuildVerb object at 0x78a5ddd61f30>>)
[0.227s] Level 1:colcon.colcon_core.package_discovery:discover_packages(colcon_meta) check parameters
[0.227s] Level 1:colcon.colcon_core.package_discovery:discover_packages(recursive) check parameters
[0.227s] Level 1:colcon.colcon_core.package_discovery:discover_packages(ignore) check parameters
[0.227s] Level 1:colcon.colcon_core.package_discovery:discover_packages(path) check parameters
[0.227s] Level 1:colcon.colcon_core.package_discovery:discover_packages(colcon_meta) discover
[0.227s] Level 1:colcon.colcon_core.package_discovery:discover_packages(recursive) discover
[0.227s] INFO:colcon.colcon_core.package_discovery:Crawling recursively for packages in '/home/peony/navigation_ws'
[0.227s] Level 1:colcon.colcon_core.package_identification:_identify(.) by extensions ['ignore', 'ignore_ament_install']
[0.227s] Level 1:colcon.colcon_core.package_identification:_identify(.) by extension 'ignore'
[0.227s] Level 1:colcon.colcon_core.package_identification:_identify(.) by extension 'ignore_ament_install'
[0.227s] Level 1:colcon.colcon_core.package_identification:_identify(.) by extensions ['colcon_pkg']
[0.227s] Level 1:colcon.colcon_core.package_identification:_identify(.) by extension 'colcon_pkg'
[0.227s] Level 1:colcon.colcon_core.package_identification:_identify(.) by extensions ['colcon_meta']
[0.227s] Level 1:colcon.colcon_core.package_identification:_identify(.) by extension 'colcon_meta'
[0.227s] Level 1:colcon.colcon_core.package_identification:_identify(.) by extensions ['ros']
[0.227s] Level 1:colcon.colcon_core.package_identification:_identify(.) by extension 'ros'
[0.235s] Level 1:colcon.colcon_core.package_identification:_identify(.) by extensions ['cmake', 'python']
[0.235s] Level 1:colcon.colcon_core.package_identification:_identify(.) by extension 'cmake'
[0.235s] Level 1:colcon.colcon_core.package_identification:_identify(.) by extension 'python'
[0.235s] Level 1:colcon.colcon_core.package_identification:_identify(.) by extensions ['python_setup_py']
[0.235s] Level 1:colcon.colcon_core.package_identification:_identify(.) by extension 'python_setup_py'
[0.235s] Level 1:colcon.colcon_core.package_identification:_identify(build) by extensions ['ignore', 'ignore_ament_install']
[0.235s] Level 1:colcon.colcon_core.package_identification:_identify(build) by extension 'ignore'
[0.235s] Level 1:colcon.colcon_core.package_identification:_identify(build) ignored
[0.235s] Level 1:colcon.colcon_core.package_identification:_identify(install) by extensions ['ignore', 'ignore_ament_install']
[0.235s] Level 1:colcon.colcon_core.package_identification:_identify(install) by extension 'ignore'
[0.235s] Level 1:colcon.colcon_core.package_identification:_identify(install) ignored
[0.235s] Level 1:colcon.colcon_core.package_identification:_identify(log) by extensions ['ignore', 'ignore_ament_install']
[0.235s] Level 1:colcon.colcon_core.package_identification:_identify(log) by extension 'ignore'
[0.235s] Level 1:colcon.colcon_core.package_identification:_identify(log) ignored
[0.235s] Level 1:colcon.colcon_core.package_identification:_identify(rviz) by extensions ['ignore', 'ignore_ament_install']
[0.235s] Level 1:colcon.colcon_core.package_identification:_identify(rviz) by extension 'ignore'
[0.235s] Level 1:colcon.colcon_core.package_identification:_identify(rviz) by extension 'ignore_ament_install'
[0.236s] Level 1:colcon.colcon_core.package_identification:_identify(rviz) by extensions ['colcon_pkg']
[0.236s] Level 1:colcon.colcon_core.package_identification:_identify(rviz) by extension 'colcon_pkg'
[0.236s] Level 1:colcon.colcon_core.package_identification:_identify(rviz) by extensions ['colcon_meta']
[0.236s] Level 1:colcon.colcon_core.package_identification:_identify(rviz) by extension 'colcon_meta'
[0.236s] Level 1:colcon.colcon_core.package_identification:_identify(rviz) by extensions ['ros']
[0.236s] Level 1:colcon.colcon_core.package_identification:_identify(rviz) by extension 'ros'
[0.236s] Level 1:colcon.colcon_core.package_identification:_identify(rviz) by extensions ['cmake', 'python']
[0.236s] Level 1:colcon.colcon_core.package_identification:_identify(rviz) by extension 'cmake'
[0.236s] Level 1:colcon.colcon_core.package_identification:_identify(rviz) by extension 'python'
[0.236s] Level 1:colcon.colcon_core.package_identification:_identify(rviz) by extensions ['python_setup_py']
[0.236s] Level 1:colcon.colcon_core.package_identification:_identify(rviz) by extension 'python_setup_py'
[0.236s] Level 1:colcon.colcon_core.package_identification:_identify(script) by extensions ['ignore', 'ignore_ament_install']
[0.236s] Level 1:colcon.colcon_core.package_identification:_identify(script) by extension 'ignore'
[0.236s] Level 1:colcon.colcon_core.package_identification:_identify(script) by extension 'ignore_ament_install'
[0.236s] Level 1:colcon.colcon_core.package_identification:_identify(script) by extensions ['colcon_pkg']
[0.236s] Level 1:colcon.colcon_core.package_identification:_identify(script) by extension 'colcon_pkg'
[0.236s] Level 1:colcon.colcon_core.package_identification:_identify(script) by extensions ['colcon_meta']
[0.236s] Level 1:colcon.colcon_core.package_identification:_identify(script) by extension 'colcon_meta'
[0.236s] Level 1:colcon.colcon_core.package_identification:_identify(script) by extensions ['ros']
[0.236s] Level 1:colcon.colcon_core.package_identification:_identify(script) by extension 'ros'
[0.236s] Level 1:colcon.colcon_core.package_identification:_identify(script) by extensions ['cmake', 'python']
[0.236s] Level 1:colcon.colcon_core.package_identification:_identify(script) by extension 'cmake'
[0.236s] Level 1:colcon.colcon_core.package_identification:_identify(script) by extension 'python'
[0.236s] Level 1:colcon.colcon_core.package_identification:_identify(script) by extensions ['python_setup_py']
[0.236s] Level 1:colcon.colcon_core.package_identification:_identify(script) by extension 'python_setup_py'
[0.236s] Level 1:colcon.colcon_core.package_identification:_identify(script/map) by extensions ['ignore', 'ignore_ament_install']
[0.236s] Level 1:colcon.colcon_core.package_identification:_identify(script/map) by extension 'ignore'
[0.236s] Level 1:colcon.colcon_core.package_identification:_identify(script/map) by extension 'ignore_ament_install'
[0.236s] Level 1:colcon.colcon_core.package_identification:_identify(script/map) by extensions ['colcon_pkg']
[0.236s] Level 1:colcon.colcon_core.package_identification:_identify(script/map) by extension 'colcon_pkg'
[0.236s] Level 1:colcon.colcon_core.package_identification:_identify(script/map) by extensions ['colcon_meta']
[0.236s] Level 1:colcon.colcon_core.package_identification:_identify(script/map) by extension 'colcon_meta'
[0.236s] Level 1:colcon.colcon_core.package_identification:_identify(script/map) by extensions ['ros']
[0.236s] Level 1:colcon.colcon_core.package_identification:_identify(script/map) by extension 'ros'
[0.236s] Level 1:colcon.colcon_core.package_identification:_identify(script/map) by extensions ['cmake', 'python']
[0.236s] Level 1:colcon.colcon_core.package_identification:_identify(script/map) by extension 'cmake'
[0.236s] Level 1:colcon.colcon_core.package_identification:_identify(script/map) by extension 'python'
[0.236s] Level 1:colcon.colcon_core.package_identification:_identify(script/map) by extensions ['python_setup_py']
[0.236s] Level 1:colcon.colcon_core.package_identification:_identify(script/map) by extension 'python_setup_py'
[0.237s] Level 1:colcon.colcon_core.package_identification:_identify(src) by extensions ['ignore', 'ignore_ament_install']
[0.237s] Level 1:colcon.colcon_core.package_identification:_identify(src) by extension 'ignore'
[0.237s] Level 1:colcon.colcon_core.package_identification:_identify(src) by extension 'ignore_ament_install'
[0.237s] Level 1:colcon.colcon_core.package_identification:_identify(src) by extensions ['colcon_pkg']
[0.237s] Level 1:colcon.colcon_core.package_identification:_identify(src) by extension 'colcon_pkg'
[0.237s] Level 1:colcon.colcon_core.package_identification:_identify(src) by extensions ['colcon_meta']
[0.237s] Level 1:colcon.colcon_core.package_identification:_identify(src) by extension 'colcon_meta'
[0.237s] Level 1:colcon.colcon_core.package_identification:_identify(src) by extensions ['ros']
[0.237s] Level 1:colcon.colcon_core.package_identification:_identify(src) by extension 'ros'
[0.237s] Level 1:colcon.colcon_core.package_identification:_identify(src) by extensions ['cmake', 'python']
[0.237s] Level 1:colcon.colcon_core.package_identification:_identify(src) by extension 'cmake'
[0.237s] Level 1:colcon.colcon_core.package_identification:_identify(src) by extension 'python'
[0.237s] Level 1:colcon.colcon_core.package_identification:_identify(src) by extensions ['python_setup_py']
[0.237s] Level 1:colcon.colcon_core.package_identification:_identify(src) by extension 'python_setup_py'
[0.237s] Level 1:colcon.colcon_core.package_identification:_identify(src/detect_obs) by extensions ['ignore', 'ignore_ament_install']
[0.237s] Level 1:colcon.colcon_core.package_identification:_identify(src/detect_obs) by extension 'ignore'
[0.237s] Level 1:colcon.colcon_core.package_identification:_identify(src/detect_obs) by extension 'ignore_ament_install'
[0.237s] Level 1:colcon.colcon_core.package_identification:_identify(src/detect_obs) by extensions ['colcon_pkg']
[0.237s] Level 1:colcon.colcon_core.package_identification:_identify(src/detect_obs) by extension 'colcon_pkg'
[0.237s] Level 1:colcon.colcon_core.package_identification:_identify(src/detect_obs) by extensions ['colcon_meta']
[0.237s] Level 1:colcon.colcon_core.package_identification:_identify(src/detect_obs) by extension 'colcon_meta'
[0.237s] Level 1:colcon.colcon_core.package_identification:_identify(src/detect_obs) by extensions ['ros']
[0.237s] Level 1:colcon.colcon_core.package_identification:_identify(src/detect_obs) by extension 'ros'
[0.239s] DEBUG:colcon.colcon_core.package_identification:Package 'src/detect_obs' with type 'ros.ament_cmake' and name 'detect_obs'
[0.239s] Level 1:colcon.colcon_core.package_identification:_identify(src/goal_pub) by extensions ['ignore', 'ignore_ament_install']
[0.239s] Level 1:colcon.colcon_core.package_identification:_identify(src/goal_pub) by extension 'ignore'
[0.239s] Level 1:colcon.colcon_core.package_identification:_identify(src/goal_pub) by extension 'ignore_ament_install'
[0.239s] Level 1:colcon.colcon_core.package_identification:_identify(src/goal_pub) by extensions ['colcon_pkg']
[0.239s] Level 1:colcon.colcon_core.package_identification:_identify(src/goal_pub) by extension 'colcon_pkg'
[0.239s] Level 1:colcon.colcon_core.package_identification:_identify(src/goal_pub) by extensions ['colcon_meta']
[0.239s] Level 1:colcon.colcon_core.package_identification:_identify(src/goal_pub) by extension 'colcon_meta'
[0.239s] Level 1:colcon.colcon_core.package_identification:_identify(src/goal_pub) by extensions ['ros']
[0.240s] Level 1:colcon.colcon_core.package_identification:_identify(src/goal_pub) by extension 'ros'
[0.240s] DEBUG:colcon.colcon_core.package_identification:Package 'src/goal_pub' with type 'ros.ament_cmake' and name 'goal_pub'
[0.240s] Level 1:colcon.colcon_core.package_identification:_identify(src/mpc_follower) by extensions ['ignore', 'ignore_ament_install']
[0.240s] Level 1:colcon.colcon_core.package_identification:_identify(src/mpc_follower) by extension 'ignore'
[0.240s] Level 1:colcon.colcon_core.package_identification:_identify(src/mpc_follower) by extension 'ignore_ament_install'
[0.240s] Level 1:colcon.colcon_core.package_identification:_identify(src/mpc_follower) by extensions ['colcon_pkg']
[0.240s] Level 1:colcon.colcon_core.package_identification:_identify(src/mpc_follower) by extension 'colcon_pkg'
[0.240s] Level 1:colcon.colcon_core.package_identification:_identify(src/mpc_follower) by extensions ['colcon_meta']
[0.240s] Level 1:colcon.colcon_core.package_identification:_identify(src/mpc_follower) by extension 'colcon_meta'
[0.240s] Level 1:colcon.colcon_core.package_identification:_identify(src/mpc_follower) by extensions ['ros']
[0.240s] Level 1:colcon.colcon_core.package_identification:_identify(src/mpc_follower) by extension 'ros'
[0.241s] DEBUG:colcon.colcon_core.package_identification:Package 'src/mpc_follower' with type 'ros.ament_cmake' and name 'mpc_follower'
[0.241s] Level 1:colcon.colcon_core.package_identification:_identify(src/navigoal_manager) by extensions ['ignore', 'ignore_ament_install']
[0.241s] Level 1:colcon.colcon_core.package_identification:_identify(src/navigoal_manager) by extension 'ignore'
[0.241s] Level 1:colcon.colcon_core.package_identification:_identify(src/navigoal_manager) by extension 'ignore_ament_install'
[0.241s] Level 1:colcon.colcon_core.package_identification:_identify(src/navigoal_manager) by extensions ['colcon_pkg']
[0.241s] Level 1:colcon.colcon_core.package_identification:_identify(src/navigoal_manager) by extension 'colcon_pkg'
[0.241s] Level 1:colcon.colcon_core.package_identification:_identify(src/navigoal_manager) by extensions ['colcon_meta']
[0.241s] Level 1:colcon.colcon_core.package_identification:_identify(src/navigoal_manager) by extension 'colcon_meta'
[0.241s] Level 1:colcon.colcon_core.package_identification:_identify(src/navigoal_manager) by extensions ['ros']
[0.241s] Level 1:colcon.colcon_core.package_identification:_identify(src/navigoal_manager) by extension 'ros'
[0.242s] DEBUG:colcon.colcon_core.package_identification:Package 'src/navigoal_manager' with type 'ros.ament_cmake' and name 'navigoal_manager'
[0.242s] Level 1:colcon.colcon_core.package_identification:_identify(src/path_following) by extensions ['ignore', 'ignore_ament_install']
[0.242s] Level 1:colcon.colcon_core.package_identification:_identify(src/path_following) by extension 'ignore'
[0.242s] Level 1:colcon.colcon_core.package_identification:_identify(src/path_following) by extension 'ignore_ament_install'
[0.242s] Level 1:colcon.colcon_core.package_identification:_identify(src/path_following) by extensions ['colcon_pkg']
[0.242s] Level 1:colcon.colcon_core.package_identification:_identify(src/path_following) by extension 'colcon_pkg'
[0.242s] Level 1:colcon.colcon_core.package_identification:_identify(src/path_following) by extensions ['colcon_meta']
[0.242s] Level 1:colcon.colcon_core.package_identification:_identify(src/path_following) by extension 'colcon_meta'
[0.242s] Level 1:colcon.colcon_core.package_identification:_identify(src/path_following) by extensions ['ros']
[0.242s] Level 1:colcon.colcon_core.package_identification:_identify(src/path_following) by extension 'ros'
[0.243s] DEBUG:colcon.colcon_core.package_identification:Package 'src/path_following' with type 'ros.ament_cmake' and name 'path_following'
[0.243s] Level 1:colcon.colcon_core.package_identification:_identify(src/path_searching) by extensions ['ignore', 'ignore_ament_install']
[0.243s] Level 1:colcon.colcon_core.package_identification:_identify(src/path_searching) by extension 'ignore'
[0.243s] Level 1:colcon.colcon_core.package_identification:_identify(src/path_searching) by extension 'ignore_ament_install'
[0.243s] Level 1:colcon.colcon_core.package_identification:_identify(src/path_searching) by extensions ['colcon_pkg']
[0.243s] Level 1:colcon.colcon_core.package_identification:_identify(src/path_searching) by extension 'colcon_pkg'
[0.243s] Level 1:colcon.colcon_core.package_identification:_identify(src/path_searching) by extensions ['colcon_meta']
[0.243s] Level 1:colcon.colcon_core.package_identification:_identify(src/path_searching) by extension 'colcon_meta'
[0.243s] Level 1:colcon.colcon_core.package_identification:_identify(src/path_searching) by extensions ['ros']
[0.243s] Level 1:colcon.colcon_core.package_identification:_identify(src/path_searching) by extension 'ros'
[0.244s] DEBUG:colcon.colcon_core.package_identification:Package 'src/path_searching' with type 'ros.ament_cmake' and name 'path_searching'
[0.244s] Level 1:colcon.colcon_core.package_identification:_identify(src/shell) by extensions ['ignore', 'ignore_ament_install']
[0.244s] Level 1:colcon.colcon_core.package_identification:_identify(src/shell) by extension 'ignore'
[0.244s] Level 1:colcon.colcon_core.package_identification:_identify(src/shell) by extension 'ignore_ament_install'
[0.244s] Level 1:colcon.colcon_core.package_identification:_identify(src/shell) by extensions ['colcon_pkg']
[0.244s] Level 1:colcon.colcon_core.package_identification:_identify(src/shell) by extension 'colcon_pkg'
[0.244s] Level 1:colcon.colcon_core.package_identification:_identify(src/shell) by extensions ['colcon_meta']
[0.244s] Level 1:colcon.colcon_core.package_identification:_identify(src/shell) by extension 'colcon_meta'
[0.244s] Level 1:colcon.colcon_core.package_identification:_identify(src/shell) by extensions ['ros']
[0.244s] Level 1:colcon.colcon_core.package_identification:_identify(src/shell) by extension 'ros'
[0.244s] Level 1:colcon.colcon_core.package_identification:_identify(src/shell) by extensions ['cmake', 'python']
[0.244s] Level 1:colcon.colcon_core.package_identification:_identify(src/shell) by extension 'cmake'
[0.244s] Level 1:colcon.colcon_core.package_identification:_identify(src/shell) by extension 'python'
[0.244s] Level 1:colcon.colcon_core.package_identification:_identify(src/shell) by extensions ['python_setup_py']
[0.244s] Level 1:colcon.colcon_core.package_identification:_identify(src/shell) by extension 'python_setup_py'
[0.244s] Level 1:colcon.colcon_core.package_identification:_identify(src/test_car) by extensions ['ignore', 'ignore_ament_install']
[0.244s] Level 1:colcon.colcon_core.package_identification:_identify(src/test_car) by extension 'ignore'
[0.244s] Level 1:colcon.colcon_core.package_identification:_identify(src/test_car) by extension 'ignore_ament_install'
[0.245s] Level 1:colcon.colcon_core.package_identification:_identify(src/test_car) by extensions ['colcon_pkg']
[0.245s] Level 1:colcon.colcon_core.package_identification:_identify(src/test_car) by extension 'colcon_pkg'
[0.245s] Level 1:colcon.colcon_core.package_identification:_identify(src/test_car) by extensions ['colcon_meta']
[0.245s] Level 1:colcon.colcon_core.package_identification:_identify(src/test_car) by extension 'colcon_meta'
[0.245s] Level 1:colcon.colcon_core.package_identification:_identify(src/test_car) by extensions ['ros']
[0.245s] Level 1:colcon.colcon_core.package_identification:_identify(src/test_car) by extension 'ros'
[0.245s] DEBUG:colcon.colcon_core.package_identification:Package 'src/test_car' with type 'ros.ament_cmake' and name 'test_car'
[0.245s] Level 1:colcon.colcon_core.package_identification:_identify(src/vel_forwarder) by extensions ['ignore', 'ignore_ament_install']
[0.245s] Level 1:colcon.colcon_core.package_identification:_identify(src/vel_forwarder) by extension 'ignore'
[0.246s] Level 1:colcon.colcon_core.package_identification:_identify(src/vel_forwarder) by extension 'ignore_ament_install'
[0.246s] Level 1:colcon.colcon_core.package_identification:_identify(src/vel_forwarder) by extensions ['colcon_pkg']
[0.246s] Level 1:colcon.colcon_core.package_identification:_identify(src/vel_forwarder) by extension 'colcon_pkg'
[0.246s] Level 1:colcon.colcon_core.package_identification:_identify(src/vel_forwarder) by extensions ['colcon_meta']
[0.246s] Level 1:colcon.colcon_core.package_identification:_identify(src/vel_forwarder) by extension 'colcon_meta'
[0.246s] Level 1:colcon.colcon_core.package_identification:_identify(src/vel_forwarder) by extensions ['ros']
[0.246s] Level 1:colcon.colcon_core.package_identification:_identify(src/vel_forwarder) by extension 'ros'
[0.246s] DEBUG:colcon.colcon_core.package_identification:Package 'src/vel_forwarder' with type 'ros.ament_cmake' and name 'vel_forwarder'
[0.246s] Level 1:colcon.colcon_core.package_discovery:discover_packages(recursive) using defaults
[0.246s] Level 1:colcon.colcon_core.package_discovery:discover_packages(ignore) discover
[0.246s] Level 1:colcon.colcon_core.package_discovery:discover_packages(ignore) using defaults
[0.246s] Level 1:colcon.colcon_core.package_discovery:discover_packages(path) discover
[0.246s] Level 1:colcon.colcon_core.package_discovery:discover_packages(path) using defaults
[0.276s] Level 1:colcon.colcon_core.package_discovery:discover_packages(prefix_path) check parameters
[0.277s] Level 1:colcon.colcon_core.package_discovery:discover_packages(prefix_path) discover
[0.279s] DEBUG:colcon.colcon_installed_package_information.package_discovery:Found 343 installed packages in /opt/ros/humble
[0.280s] Level 1:colcon.colcon_core.package_discovery:discover_packages(prefix_path) using defaults
[0.305s] Level 5:colcon.colcon_core.verb:set package 'detect_obs' build argument 'cmake_args' from command line to 'None'
[0.305s] Level 5:colcon.colcon_core.verb:set package 'detect_obs' build argument 'cmake_target' from command line to 'None'
[0.305s] Level 5:colcon.colcon_core.verb:set package 'detect_obs' build argument 'cmake_target_skip_unavailable' from command line to 'False'
[0.305s] Level 5:colcon.colcon_core.verb:set package 'detect_obs' build argument 'cmake_clean_cache' from command line to 'False'
[0.305s] Level 5:colcon.colcon_core.verb:set package 'detect_obs' build argument 'cmake_clean_first' from command line to 'False'
[0.305s] Level 5:colcon.colcon_core.verb:set package 'detect_obs' build argument 'cmake_force_configure' from command line to 'False'
[0.305s] Level 5:colcon.colcon_core.verb:set package 'detect_obs' build argument 'ament_cmake_args' from command line to 'None'
[0.305s] Level 5:colcon.colcon_core.verb:set package 'detect_obs' build argument 'catkin_cmake_args' from command line to 'None'
[0.305s] Level 5:colcon.colcon_core.verb:set package 'detect_obs' build argument 'catkin_skip_building_tests' from command line to 'False'
[0.305s] DEBUG:colcon.colcon_core.verb:Building package 'detect_obs' with the following arguments: {'ament_cmake_args': None, 'build_base': '/home/peony/navigation_ws/build/detect_obs', 'catkin_cmake_args': None, 'catkin_skip_building_tests': False, 'cmake_args': None, 'cmake_clean_cache': False, 'cmake_clean_first': False, 'cmake_force_configure': False, 'cmake_target': None, 'cmake_target_skip_unavailable': False, 'install_base': '/home/peony/navigation_ws/install/detect_obs', 'merge_install': False, 'path': '/home/peony/navigation_ws/src/detect_obs', 'symlink_install': True, 'test_result_base': None}
[0.305s] Level 5:colcon.colcon_core.verb:set package 'goal_pub' build argument 'cmake_args' from command line to 'None'
[0.305s] Level 5:colcon.colcon_core.verb:set package 'goal_pub' build argument 'cmake_target' from command line to 'None'
[0.305s] Level 5:colcon.colcon_core.verb:set package 'goal_pub' build argument 'cmake_target_skip_unavailable' from command line to 'False'
[0.305s] Level 5:colcon.colcon_core.verb:set package 'goal_pub' build argument 'cmake_clean_cache' from command line to 'False'
[0.305s] Level 5:colcon.colcon_core.verb:set package 'goal_pub' build argument 'cmake_clean_first' from command line to 'False'
[0.305s] Level 5:colcon.colcon_core.verb:set package 'goal_pub' build argument 'cmake_force_configure' from command line to 'False'
[0.305s] Level 5:colcon.colcon_core.verb:set package 'goal_pub' build argument 'ament_cmake_args' from command line to 'None'
[0.305s] Level 5:colcon.colcon_core.verb:set package 'goal_pub' build argument 'catkin_cmake_args' from command line to 'None'
[0.305s] Level 5:colcon.colcon_core.verb:set package 'goal_pub' build argument 'catkin_skip_building_tests' from command line to 'False'
[0.305s] DEBUG:colcon.colcon_core.verb:Building package 'goal_pub' with the following arguments: {'ament_cmake_args': None, 'build_base': '/home/peony/navigation_ws/build/goal_pub', 'catkin_cmake_args': None, 'catkin_skip_building_tests': False, 'cmake_args': None, 'cmake_clean_cache': False, 'cmake_clean_first': False, 'cmake_force_configure': False, 'cmake_target': None, 'cmake_target_skip_unavailable': False, 'install_base': '/home/peony/navigation_ws/install/goal_pub', 'merge_install': False, 'path': '/home/peony/navigation_ws/src/goal_pub', 'symlink_install': True, 'test_result_base': None}
[0.305s] Level 5:colcon.colcon_core.verb:set package 'mpc_follower' build argument 'cmake_args' from command line to 'None'
[0.305s] Level 5:colcon.colcon_core.verb:set package 'mpc_follower' build argument 'cmake_target' from command line to 'None'
[0.305s] Level 5:colcon.colcon_core.verb:set package 'mpc_follower' build argument 'cmake_target_skip_unavailable' from command line to 'False'
[0.306s] Level 5:colcon.colcon_core.verb:set package 'mpc_follower' build argument 'cmake_clean_cache' from command line to 'False'
[0.306s] Level 5:colcon.colcon_core.verb:set package 'mpc_follower' build argument 'cmake_clean_first' from command line to 'False'
[0.306s] Level 5:colcon.colcon_core.verb:set package 'mpc_follower' build argument 'cmake_force_configure' from command line to 'False'
[0.306s] Level 5:colcon.colcon_core.verb:set package 'mpc_follower' build argument 'ament_cmake_args' from command line to 'None'
[0.306s] Level 5:colcon.colcon_core.verb:set package 'mpc_follower' build argument 'catkin_cmake_args' from command line to 'None'
[0.306s] Level 5:colcon.colcon_core.verb:set package 'mpc_follower' build argument 'catkin_skip_building_tests' from command line to 'False'
[0.306s] DEBUG:colcon.colcon_core.verb:Building package 'mpc_follower' with the following arguments: {'ament_cmake_args': None, 'build_base': '/home/peony/navigation_ws/build/mpc_follower', 'catkin_cmake_args': None, 'catkin_skip_building_tests': False, 'cmake_args': None, 'cmake_clean_cache': False, 'cmake_clean_first': False, 'cmake_force_configure': False, 'cmake_target': None, 'cmake_target_skip_unavailable': False, 'install_base': '/home/peony/navigation_ws/install/mpc_follower', 'merge_install': False, 'path': '/home/peony/navigation_ws/src/mpc_follower', 'symlink_install': True, 'test_result_base': None}
[0.306s] Level 5:colcon.colcon_core.verb:set package 'navigoal_manager' build argument 'cmake_args' from command line to 'None'
[0.306s] Level 5:colcon.colcon_core.verb:set package 'navigoal_manager' build argument 'cmake_target' from command line to 'None'
[0.306s] Level 5:colcon.colcon_core.verb:set package 'navigoal_manager' build argument 'cmake_target_skip_unavailable' from command line to 'False'
[0.306s] Level 5:colcon.colcon_core.verb:set package 'navigoal_manager' build argument 'cmake_clean_cache' from command line to 'False'
[0.306s] Level 5:colcon.colcon_core.verb:set package 'navigoal_manager' build argument 'cmake_clean_first' from command line to 'False'
[0.306s] Level 5:colcon.colcon_core.verb:set package 'navigoal_manager' build argument 'cmake_force_configure' from command line to 'False'
[0.306s] Level 5:colcon.colcon_core.verb:set package 'navigoal_manager' build argument 'ament_cmake_args' from command line to 'None'
[0.306s] Level 5:colcon.colcon_core.verb:set package 'navigoal_manager' build argument 'catkin_cmake_args' from command line to 'None'
[0.306s] Level 5:colcon.colcon_core.verb:set package 'navigoal_manager' build argument 'catkin_skip_building_tests' from command line to 'False'
[0.306s] DEBUG:colcon.colcon_core.verb:Building package 'navigoal_manager' with the following arguments: {'ament_cmake_args': None, 'build_base': '/home/peony/navigation_ws/build/navigoal_manager', 'catkin_cmake_args': None, 'catkin_skip_building_tests': False, 'cmake_args': None, 'cmake_clean_cache': False, 'cmake_clean_first': False, 'cmake_force_configure': False, 'cmake_target': None, 'cmake_target_skip_unavailable': False, 'install_base': '/home/peony/navigation_ws/install/navigoal_manager', 'merge_install': False, 'path': '/home/peony/navigation_ws/src/navigoal_manager', 'symlink_install': True, 'test_result_base': None}
[0.306s] Level 5:colcon.colcon_core.verb:set package 'path_following' build argument 'cmake_args' from command line to 'None'
[0.306s] Level 5:colcon.colcon_core.verb:set package 'path_following' build argument 'cmake_target' from command line to 'None'
[0.306s] Level 5:colcon.colcon_core.verb:set package 'path_following' build argument 'cmake_target_skip_unavailable' from command line to 'False'
[0.306s] Level 5:colcon.colcon_core.verb:set package 'path_following' build argument 'cmake_clean_cache' from command line to 'False'
[0.306s] Level 5:colcon.colcon_core.verb:set package 'path_following' build argument 'cmake_clean_first' from command line to 'False'
[0.306s] Level 5:colcon.colcon_core.verb:set package 'path_following' build argument 'cmake_force_configure' from command line to 'False'
[0.306s] Level 5:colcon.colcon_core.verb:set package 'path_following' build argument 'ament_cmake_args' from command line to 'None'
[0.306s] Level 5:colcon.colcon_core.verb:set package 'path_following' build argument 'catkin_cmake_args' from command line to 'None'
[0.306s] Level 5:colcon.colcon_core.verb:set package 'path_following' build argument 'catkin_skip_building_tests' from command line to 'False'
[0.306s] DEBUG:colcon.colcon_core.verb:Building package 'path_following' with the following arguments: {'ament_cmake_args': None, 'build_base': '/home/peony/navigation_ws/build/path_following', 'catkin_cmake_args': None, 'catkin_skip_building_tests': False, 'cmake_args': None, 'cmake_clean_cache': False, 'cmake_clean_first': False, 'cmake_force_configure': False, 'cmake_target': None, 'cmake_target_skip_unavailable': False, 'install_base': '/home/peony/navigation_ws/install/path_following', 'merge_install': False, 'path': '/home/peony/navigation_ws/src/path_following', 'symlink_install': True, 'test_result_base': None}
[0.306s] Level 5:colcon.colcon_core.verb:set package 'path_searching' build argument 'cmake_args' from command line to 'None'
[0.306s] Level 5:colcon.colcon_core.verb:set package 'path_searching' build argument 'cmake_target' from command line to 'None'
[0.306s] Level 5:colcon.colcon_core.verb:set package 'path_searching' build argument 'cmake_target_skip_unavailable' from command line to 'False'
[0.306s] Level 5:colcon.colcon_core.verb:set package 'path_searching' build argument 'cmake_clean_cache' from command line to 'False'
[0.306s] Level 5:colcon.colcon_core.verb:set package 'path_searching' build argument 'cmake_clean_first' from command line to 'False'
[0.306s] Level 5:colcon.colcon_core.verb:set package 'path_searching' build argument 'cmake_force_configure' from command line to 'False'
[0.306s] Level 5:colcon.colcon_core.verb:set package 'path_searching' build argument 'ament_cmake_args' from command line to 'None'
[0.306s] Level 5:colcon.colcon_core.verb:set package 'path_searching' build argument 'catkin_cmake_args' from command line to 'None'
[0.306s] Level 5:colcon.colcon_core.verb:set package 'path_searching' build argument 'catkin_skip_building_tests' from command line to 'False'
[0.306s] DEBUG:colcon.colcon_core.verb:Building package 'path_searching' with the following arguments: {'ament_cmake_args': None, 'build_base': '/home/peony/navigation_ws/build/path_searching', 'catkin_cmake_args': None, 'catkin_skip_building_tests': False, 'cmake_args': None, 'cmake_clean_cache': False, 'cmake_clean_first': False, 'cmake_force_configure': False, 'cmake_target': None, 'cmake_target_skip_unavailable': False, 'install_base': '/home/peony/navigation_ws/install/path_searching', 'merge_install': False, 'path': '/home/peony/navigation_ws/src/path_searching', 'symlink_install': True, 'test_result_base': None}
[0.307s] Level 5:colcon.colcon_core.verb:set package 'test_car' build argument 'cmake_args' from command line to 'None'
[0.307s] Level 5:colcon.colcon_core.verb:set package 'test_car' build argument 'cmake_target' from command line to 'None'
[0.307s] Level 5:colcon.colcon_core.verb:set package 'test_car' build argument 'cmake_target_skip_unavailable' from command line to 'False'
[0.307s] Level 5:colcon.colcon_core.verb:set package 'test_car' build argument 'cmake_clean_cache' from command line to 'False'
[0.307s] Level 5:colcon.colcon_core.verb:set package 'test_car' build argument 'cmake_clean_first' from command line to 'False'
[0.307s] Level 5:colcon.colcon_core.verb:set package 'test_car' build argument 'cmake_force_configure' from command line to 'False'
[0.307s] Level 5:colcon.colcon_core.verb:set package 'test_car' build argument 'ament_cmake_args' from command line to 'None'
[0.307s] Level 5:colcon.colcon_core.verb:set package 'test_car' build argument 'catkin_cmake_args' from command line to 'None'
[0.307s] Level 5:colcon.colcon_core.verb:set package 'test_car' build argument 'catkin_skip_building_tests' from command line to 'False'
[0.307s] DEBUG:colcon.colcon_core.verb:Building package 'test_car' with the following arguments: {'ament_cmake_args': None, 'build_base': '/home/peony/navigation_ws/build/test_car', 'catkin_cmake_args': None, 'catkin_skip_building_tests': False, 'cmake_args': None, 'cmake_clean_cache': False, 'cmake_clean_first': False, 'cmake_force_configure': False, 'cmake_target': None, 'cmake_target_skip_unavailable': False, 'install_base': '/home/peony/navigation_ws/install/test_car', 'merge_install': False, 'path': '/home/peony/navigation_ws/src/test_car', 'symlink_install': True, 'test_result_base': None}
[0.307s] Level 5:colcon.colcon_core.verb:set package 'vel_forwarder' build argument 'cmake_args' from command line to 'None'
[0.307s] Level 5:colcon.colcon_core.verb:set package 'vel_forwarder' build argument 'cmake_target' from command line to 'None'
[0.307s] Level 5:colcon.colcon_core.verb:set package 'vel_forwarder' build argument 'cmake_target_skip_unavailable' from command line to 'False'
[0.307s] Level 5:colcon.colcon_core.verb:set package 'vel_forwarder' build argument 'cmake_clean_cache' from command line to 'False'
[0.307s] Level 5:colcon.colcon_core.verb:set package 'vel_forwarder' build argument 'cmake_clean_first' from command line to 'False'
[0.307s] Level 5:colcon.colcon_core.verb:set package 'vel_forwarder' build argument 'cmake_force_configure' from command line to 'False'
[0.307s] Level 5:colcon.colcon_core.verb:set package 'vel_forwarder' build argument 'ament_cmake_args' from command line to 'None'
[0.307s] Level 5:colcon.colcon_core.verb:set package 'vel_forwarder' build argument 'catkin_cmake_args' from command line to 'None'
[0.307s] Level 5:colcon.colcon_core.verb:set package 'vel_forwarder' build argument 'catkin_skip_building_tests' from command line to 'False'
[0.307s] DEBUG:colcon.colcon_core.verb:Building package 'vel_forwarder' with the following arguments: {'ament_cmake_args': None, 'build_base': '/home/peony/navigation_ws/build/vel_forwarder', 'catkin_cmake_args': None, 'catkin_skip_building_tests': False, 'cmake_args': None, 'cmake_clean_cache': False, 'cmake_clean_first': False, 'cmake_force_configure': False, 'cmake_target': None, 'cmake_target_skip_unavailable': False, 'install_base': '/home/peony/navigation_ws/install/vel_forwarder', 'merge_install': False, 'path': '/home/peony/navigation_ws/src/vel_forwarder', 'symlink_install': True, 'test_result_base': None}
[0.307s] INFO:colcon.colcon_core.executor:Executing jobs using 'parallel' executor
[0.308s] DEBUG:colcon.colcon_parallel_executor.executor.parallel:run_until_complete
[0.308s] INFO:colcon.colcon_ros.task.ament_cmake.build:Building ROS package in '/home/peony/navigation_ws/src/detect_obs' with build type 'ament_cmake'
[0.308s] INFO:colcon.colcon_cmake.task.cmake.build:Building CMake package in '/home/peony/navigation_ws/src/detect_obs'
[0.310s] INFO:colcon.colcon_core.plugin_system:Skipping extension 'colcon_core.shell.bat': Not used on non-Windows systems
[0.310s] INFO:colcon.colcon_core.shell:Skip shell extension 'powershell' for command environment: Not usable outside of PowerShell
[0.310s] DEBUG:colcon.colcon_core.shell:Skip shell extension 'dsv' for command environment
[0.313s] INFO:colcon.colcon_ros.task.ament_cmake.build:Building ROS package in '/home/peony/navigation_ws/src/goal_pub' with build type 'ament_cmake'
[0.313s] INFO:colcon.colcon_cmake.task.cmake.build:Building CMake package in '/home/peony/navigation_ws/src/goal_pub'
[0.313s] INFO:colcon.colcon_core.shell:Skip shell extension 'powershell' for command environment: Not usable outside of PowerShell
[0.313s] DEBUG:colcon.colcon_core.shell:Skip shell extension 'dsv' for command environment
[0.315s] INFO:colcon.colcon_ros.task.ament_cmake.build:Building ROS package in '/home/peony/navigation_ws/src/mpc_follower' with build type 'ament_cmake'
[0.315s] INFO:colcon.colcon_cmake.task.cmake.build:Building CMake package in '/home/peony/navigation_ws/src/mpc_follower'
[0.315s] INFO:colcon.colcon_core.shell:Skip shell extension 'powershell' for command environment: Not usable outside of PowerShell
[0.315s] DEBUG:colcon.colcon_core.shell:Skip shell extension 'dsv' for command environment
[0.317s] INFO:colcon.colcon_ros.task.ament_cmake.build:Building ROS package in '/home/peony/navigation_ws/src/navigoal_manager' with build type 'ament_cmake'
[0.317s] INFO:colcon.colcon_cmake.task.cmake.build:Building CMake package in '/home/peony/navigation_ws/src/navigoal_manager'
[0.317s] INFO:colcon.colcon_core.shell:Skip shell extension 'powershell' for command environment: Not usable outside of PowerShell
[0.317s] DEBUG:colcon.colcon_core.shell:Skip shell extension 'dsv' for command environment
[0.320s] INFO:colcon.colcon_ros.task.ament_cmake.build:Building ROS package in '/home/peony/navigation_ws/src/path_following' with build type 'ament_cmake'
[0.320s] INFO:colcon.colcon_cmake.task.cmake.build:Building CMake package in '/home/peony/navigation_ws/src/path_following'
[0.320s] INFO:colcon.colcon_core.shell:Skip shell extension 'powershell' for command environment: Not usable outside of PowerShell
[0.320s] DEBUG:colcon.colcon_core.shell:Skip shell extension 'dsv' for command environment
[0.322s] INFO:colcon.colcon_ros.task.ament_cmake.build:Building ROS package in '/home/peony/navigation_ws/src/path_searching' with build type 'ament_cmake'
[0.322s] INFO:colcon.colcon_cmake.task.cmake.build:Building CMake package in '/home/peony/navigation_ws/src/path_searching'
[0.322s] INFO:colcon.colcon_core.shell:Skip shell extension 'powershell' for command environment: Not usable outside of PowerShell
[0.322s] DEBUG:colcon.colcon_core.shell:Skip shell extension 'dsv' for command environment
[0.324s] INFO:colcon.colcon_ros.task.ament_cmake.build:Building ROS package in '/home/peony/navigation_ws/src/test_car' with build type 'ament_cmake'
[0.324s] INFO:colcon.colcon_cmake.task.cmake.build:Building CMake package in '/home/peony/navigation_ws/src/test_car'
[0.324s] INFO:colcon.colcon_core.shell:Skip shell extension 'powershell' for command environment: Not usable outside of PowerShell
[0.324s] DEBUG:colcon.colcon_core.shell:Skip shell extension 'dsv' for command environment
[0.326s] INFO:colcon.colcon_ros.task.ament_cmake.build:Building ROS package in '/home/peony/navigation_ws/src/vel_forwarder' with build type 'ament_cmake'
[0.326s] INFO:colcon.colcon_cmake.task.cmake.build:Building CMake package in '/home/peony/navigation_ws/src/vel_forwarder'
[0.327s] INFO:colcon.colcon_core.shell:Skip shell extension 'powershell' for command environment: Not usable outside of PowerShell
[0.327s] DEBUG:colcon.colcon_core.shell:Skip shell extension 'dsv' for command environment
[0.333s] DEBUG:colcon.colcon_core.event_handler.log_command:Invoking command in '/home/peony/navigation_ws/build/detect_obs': CMAKE_PREFIX_PATH=/opt/ros/humble /usr/bin/cmake --build /home/peony/navigation_ws/build/detect_obs -- -j32 -l32
[0.336s] DEBUG:colcon.colcon_core.event_handler.log_command:Invoking command in '/home/peony/navigation_ws/build/goal_pub': CMAKE_PREFIX_PATH=/opt/ros/humble /usr/bin/cmake --build /home/peony/navigation_ws/build/goal_pub -- -j32 -l32
[0.338s] DEBUG:colcon.colcon_core.event_handler.log_command:Invoking command in '/home/peony/navigation_ws/build/mpc_follower': CMAKE_PREFIX_PATH=/opt/ros/humble /usr/bin/cmake /home/peony/navigation_ws/src/mpc_follower -DAMENT_CMAKE_SYMLINK_INSTALL=1 -DCMAKE_INSTALL_PREFIX=/home/peony/navigation_ws/install/mpc_follower
[0.339s] DEBUG:colcon.colcon_core.event_handler.log_command:Invoking command in '/home/peony/navigation_ws/build/navigoal_manager': CMAKE_PREFIX_PATH=/opt/ros/humble /usr/bin/cmake /home/peony/navigation_ws/src/navigoal_manager -DAMENT_CMAKE_SYMLINK_INSTALL=1 -DCMAKE_INSTALL_PREFIX=/home/peony/navigation_ws/install/navigoal_manager
[0.341s] DEBUG:colcon.colcon_core.event_handler.log_command:Invoking command in '/home/peony/navigation_ws/build/path_following': CMAKE_PREFIX_PATH=/opt/ros/humble /usr/bin/cmake --build /home/peony/navigation_ws/build/path_following -- -j32 -l32
[0.344s] DEBUG:colcon.colcon_core.event_handler.log_command:Invoking command in '/home/peony/navigation_ws/build/path_searching': CMAKE_PREFIX_PATH=/opt/ros/humble /usr/bin/cmake --build /home/peony/navigation_ws/build/path_searching -- -j32 -l32
[0.348s] DEBUG:colcon.colcon_core.event_handler.log_command:Invoking command in '/home/peony/navigation_ws/build/test_car': CMAKE_PREFIX_PATH=/opt/ros/humble /usr/bin/cmake --build /home/peony/navigation_ws/build/test_car -- -j32 -l32
[0.352s] DEBUG:colcon.colcon_core.event_handler.log_command:Invoking command in '/home/peony/navigation_ws/build/vel_forwarder': CMAKE_PREFIX_PATH=/opt/ros/humble /usr/bin/cmake /home/peony/navigation_ws/src/vel_forwarder -DAMENT_CMAKE_SYMLINK_INSTALL=1 -DCMAKE_INSTALL_PREFIX=/home/peony/navigation_ws/install/vel_forwarder
[0.423s] DEBUG:colcon.colcon_core.event_handler.log_command:Invoked command in '/home/peony/navigation_ws/build/path_following' returned '0': CMAKE_PREFIX_PATH=/opt/ros/humble /usr/bin/cmake --build /home/peony/navigation_ws/build/path_following -- -j32 -l32
[0.433s] DEBUG:colcon.colcon_core.event_handler.log_command:Invoking command in '/home/peony/navigation_ws/build/path_following': CMAKE_PREFIX_PATH=/opt/ros/humble /usr/bin/cmake --install /home/peony/navigation_ws/build/path_following
[0.433s] DEBUG:colcon.colcon_core.event_handler.log_command:Invoked command in '/home/peony/navigation_ws/build/goal_pub' returned '0': CMAKE_PREFIX_PATH=/opt/ros/humble /usr/bin/cmake --build /home/peony/navigation_ws/build/goal_pub -- -j32 -l32
[0.435s] DEBUG:colcon.colcon_core.event_handler.log_command:Invoking command in '/home/peony/navigation_ws/build/goal_pub': CMAKE_PREFIX_PATH=/opt/ros/humble /usr/bin/cmake --install /home/peony/navigation_ws/build/goal_pub
[0.447s] Level 1:colcon.colcon_core.environment:create_environment_scripts_only(path_following)
[0.448s] DEBUG:colcon.colcon_core.event_handler.log_command:Invoked command in '/home/peony/navigation_ws/build/path_following' returned '0': CMAKE_PREFIX_PATH=/opt/ros/humble /usr/bin/cmake --install /home/peony/navigation_ws/build/path_following
[0.451s] Level 1:colcon.colcon_core.environment:checking '/home/peony/navigation_ws/install/path_following' for CMake module files
[0.451s] Level 1:colcon.colcon_core.environment:checking '/home/peony/navigation_ws/install/path_following' for CMake config files
[0.452s] Level 1:colcon.colcon_core.shell:create_environment_hook('path_following', 'cmake_prefix_path')
[0.452s] INFO:colcon.colcon_core.shell:Creating environment hook '/home/peony/navigation_ws/install/path_following/share/path_following/hook/cmake_prefix_path.ps1'
[0.453s] INFO:colcon.colcon_core.shell:Creating environment descriptor '/home/peony/navigation_ws/install/path_following/share/path_following/hook/cmake_prefix_path.dsv'
[0.454s] INFO:colcon.colcon_core.shell:Creating environment hook '/home/peony/navigation_ws/install/path_following/share/path_following/hook/cmake_prefix_path.sh'
[0.454s] Level 1:colcon.colcon_core.environment:checking '/home/peony/navigation_ws/install/path_following/lib'
[0.455s] Level 1:colcon.colcon_core.environment:checking '/home/peony/navigation_ws/install/path_following/bin'
[0.455s] Level 1:colcon.colcon_core.environment:checking '/home/peony/navigation_ws/install/path_following/lib/pkgconfig/path_following.pc'
[0.455s] Level 1:colcon.colcon_core.environment:checking '/home/peony/navigation_ws/install/path_following/lib/python3.10/site-packages'
[0.455s] Level 1:colcon.colcon_core.environment:checking '/home/peony/navigation_ws/install/path_following/bin'
[0.455s] INFO:colcon.colcon_core.shell:Creating package script '/home/peony/navigation_ws/install/path_following/share/path_following/package.ps1'
[0.456s] INFO:colcon.colcon_core.shell:Creating package descriptor '/home/peony/navigation_ws/install/path_following/share/path_following/package.dsv'
[0.456s] INFO:colcon.colcon_core.shell:Creating package script '/home/peony/navigation_ws/install/path_following/share/path_following/package.sh'
[0.457s] INFO:colcon.colcon_core.shell:Creating package script '/home/peony/navigation_ws/install/path_following/share/path_following/package.bash'
[0.457s] INFO:colcon.colcon_core.shell:Creating package script '/home/peony/navigation_ws/install/path_following/share/path_following/package.zsh'
[0.458s] Level 1:colcon.colcon_core.environment:create_file_with_runtime_dependencies(/home/peony/navigation_ws/install/path_following/share/colcon-core/packages/path_following)
[0.458s] Level 1:colcon.colcon_core.environment:create_environment_scripts_only(path_following)
[0.458s] Level 1:colcon.colcon_core.environment:checking '/home/peony/navigation_ws/install/path_following' for CMake module files
[0.459s] Level 1:colcon.colcon_core.environment:checking '/home/peony/navigation_ws/install/path_following' for CMake config files
[0.459s] Level 1:colcon.colcon_core.shell:create_environment_hook('path_following', 'cmake_prefix_path')
[0.459s] INFO:colcon.colcon_core.shell:Creating environment hook '/home/peony/navigation_ws/install/path_following/share/path_following/hook/cmake_prefix_path.ps1'
[0.459s] INFO:colcon.colcon_core.shell:Creating environment descriptor '/home/peony/navigation_ws/install/path_following/share/path_following/hook/cmake_prefix_path.dsv'
[0.459s] INFO:colcon.colcon_core.shell:Creating environment hook '/home/peony/navigation_ws/install/path_following/share/path_following/hook/cmake_prefix_path.sh'
[0.460s] Level 1:colcon.colcon_core.environment:checking '/home/peony/navigation_ws/install/path_following/lib'
[0.460s] Level 1:colcon.colcon_core.environment:checking '/home/peony/navigation_ws/install/path_following/bin'
[0.460s] Level 1:colcon.colcon_core.environment:checking '/home/peony/navigation_ws/install/path_following/lib/pkgconfig/path_following.pc'
[0.460s] Level 1:colcon.colcon_core.environment:checking '/home/peony/navigation_ws/install/path_following/lib/python3.10/site-packages'
[0.460s] Level 1:colcon.colcon_core.environment:checking '/home/peony/navigation_ws/install/path_following/bin'
[0.460s] INFO:colcon.colcon_core.shell:Creating package script '/home/peony/navigation_ws/install/path_following/share/path_following/package.ps1'
[0.460s] INFO:colcon.colcon_core.shell:Creating package descriptor '/home/peony/navigation_ws/install/path_following/share/path_following/package.dsv'
[0.461s] INFO:colcon.colcon_core.shell:Creating package script '/home/peony/navigation_ws/install/path_following/share/path_following/package.sh'
[0.461s] INFO:colcon.colcon_core.shell:Creating package script '/home/peony/navigation_ws/install/path_following/share/path_following/package.bash'
[0.462s] INFO:colcon.colcon_core.shell:Creating package script '/home/peony/navigation_ws/install/path_following/share/path_following/package.zsh'
[0.462s] Level 1:colcon.colcon_core.environment:create_file_with_runtime_dependencies(/home/peony/navigation_ws/install/path_following/share/colcon-core/packages/path_following)
[0.463s] Level 1:colcon.colcon_core.environment:create_environment_scripts_only(goal_pub)
[0.463s] Level 1:colcon.colcon_core.environment:checking '/home/peony/navigation_ws/install/goal_pub' for CMake module files
[0.463s] DEBUG:colcon.colcon_core.event_handler.log_command:Invoked command in '/home/peony/navigation_ws/build/goal_pub' returned '0': CMAKE_PREFIX_PATH=/opt/ros/humble /usr/bin/cmake --install /home/peony/navigation_ws/build/goal_pub
[0.464s] Level 1:colcon.colcon_core.environment:checking '/home/peony/navigation_ws/install/goal_pub' for CMake config files
[0.464s] Level 1:colcon.colcon_core.shell:create_environment_hook('goal_pub', 'cmake_prefix_path')
[0.464s] INFO:colcon.colcon_core.shell:Creating environment hook '/home/peony/navigation_ws/install/goal_pub/share/goal_pub/hook/cmake_prefix_path.ps1'
[0.464s] INFO:colcon.colcon_core.shell:Creating environment descriptor '/home/peony/navigation_ws/install/goal_pub/share/goal_pub/hook/cmake_prefix_path.dsv'
[0.464s] INFO:colcon.colcon_core.shell:Creating environment hook '/home/peony/navigation_ws/install/goal_pub/share/goal_pub/hook/cmake_prefix_path.sh'
[0.465s] Level 1:colcon.colcon_core.environment:checking '/home/peony/navigation_ws/install/goal_pub/lib'
[0.465s] Level 1:colcon.colcon_core.environment:checking '/home/peony/navigation_ws/install/goal_pub/bin'
[0.465s] Level 1:colcon.colcon_core.environment:checking '/home/peony/navigation_ws/install/goal_pub/lib/pkgconfig/goal_pub.pc'
[0.465s] Level 1:colcon.colcon_core.environment:checking '/home/peony/navigation_ws/install/goal_pub/lib/python3.10/site-packages'
[0.465s] Level 1:colcon.colcon_core.environment:checking '/home/peony/navigation_ws/install/goal_pub/bin'
[0.465s] INFO:colcon.colcon_core.shell:Creating package script '/home/peony/navigation_ws/install/goal_pub/share/goal_pub/package.ps1'
[0.466s] INFO:colcon.colcon_core.shell:Creating package descriptor '/home/peony/navigation_ws/install/goal_pub/share/goal_pub/package.dsv'
[0.466s] INFO:colcon.colcon_core.shell:Creating package script '/home/peony/navigation_ws/install/goal_pub/share/goal_pub/package.sh'
[0.466s] INFO:colcon.colcon_core.shell:Creating package script '/home/peony/navigation_ws/install/goal_pub/share/goal_pub/package.bash'
[0.466s] INFO:colcon.colcon_core.shell:Creating package script '/home/peony/navigation_ws/install/goal_pub/share/goal_pub/package.zsh'
[0.467s] Level 1:colcon.colcon_core.environment:create_file_with_runtime_dependencies(/home/peony/navigation_ws/install/goal_pub/share/colcon-core/packages/goal_pub)
[0.467s] Level 1:colcon.colcon_core.environment:create_environment_scripts_only(goal_pub)
[0.467s] Level 1:colcon.colcon_core.environment:checking '/home/peony/navigation_ws/install/goal_pub' for CMake module files
[0.467s] Level 1:colcon.colcon_core.environment:checking '/home/peony/navigation_ws/install/goal_pub' for CMake config files
[0.467s] Level 1:colcon.colcon_core.shell:create_environment_hook('goal_pub', 'cmake_prefix_path')
[0.468s] INFO:colcon.colcon_core.shell:Creating environment hook '/home/peony/navigation_ws/install/goal_pub/share/goal_pub/hook/cmake_prefix_path.ps1'
[0.468s] INFO:colcon.colcon_core.shell:Creating environment descriptor '/home/peony/navigation_ws/install/goal_pub/share/goal_pub/hook/cmake_prefix_path.dsv'
[0.468s] INFO:colcon.colcon_core.shell:Creating environment hook '/home/peony/navigation_ws/install/goal_pub/share/goal_pub/hook/cmake_prefix_path.sh'
[0.468s] Level 1:colcon.colcon_core.environment:checking '/home/peony/navigation_ws/install/goal_pub/lib'
[0.469s] Level 1:colcon.colcon_core.environment:checking '/home/peony/navigation_ws/install/goal_pub/bin'
[0.469s] Level 1:colcon.colcon_core.environment:checking '/home/peony/navigation_ws/install/goal_pub/lib/pkgconfig/goal_pub.pc'
[0.469s] Level 1:colcon.colcon_core.environment:checking '/home/peony/navigation_ws/install/goal_pub/lib/python3.10/site-packages'
[0.469s] Level 1:colcon.colcon_core.environment:checking '/home/peony/navigation_ws/install/goal_pub/bin'
[0.469s] INFO:colcon.colcon_core.shell:Creating package script '/home/peony/navigation_ws/install/goal_pub/share/goal_pub/package.ps1'
[0.469s] INFO:colcon.colcon_core.shell:Creating package descriptor '/home/peony/navigation_ws/install/goal_pub/share/goal_pub/package.dsv'
[0.470s] INFO:colcon.colcon_core.shell:Creating package script '/home/peony/navigation_ws/install/goal_pub/share/goal_pub/package.sh'
[0.470s] INFO:colcon.colcon_core.shell:Creating package script '/home/peony/navigation_ws/install/goal_pub/share/goal_pub/package.bash'
[0.470s] INFO:colcon.colcon_core.shell:Creating package script '/home/peony/navigation_ws/install/goal_pub/share/goal_pub/package.zsh'
[0.470s] Level 1:colcon.colcon_core.environment:create_file_with_runtime_dependencies(/home/peony/navigation_ws/install/goal_pub/share/colcon-core/packages/goal_pub)
[0.740s] DEBUG:colcon.colcon_core.event_handler.log_command:Invoked command in '/home/peony/navigation_ws/build/navigoal_manager' returned '0': CMAKE_PREFIX_PATH=/opt/ros/humble /usr/bin/cmake /home/peony/navigation_ws/src/navigoal_manager -DAMENT_CMAKE_SYMLINK_INSTALL=1 -DCMAKE_INSTALL_PREFIX=/home/peony/navigation_ws/install/navigoal_manager
[0.741s] DEBUG:colcon.colcon_core.event_handler.log_command:Invoking command in '/home/peony/navigation_ws/build/navigoal_manager': CMAKE_PREFIX_PATH=/opt/ros/humble /usr/bin/cmake --build /home/peony/navigation_ws/build/navigoal_manager -- -j32 -l32
[1.343s] DEBUG:colcon.colcon_core.event_handler.log_command:Invoked command in '/home/peony/navigation_ws/build/vel_forwarder' returned '0': CMAKE_PREFIX_PATH=/opt/ros/humble /usr/bin/cmake /home/peony/navigation_ws/src/vel_forwarder -DAMENT_CMAKE_SYMLINK_INSTALL=1 -DCMAKE_INSTALL_PREFIX=/home/peony/navigation_ws/install/vel_forwarder
[1.343s] DEBUG:colcon.colcon_core.event_handler.log_command:Invoking command in '/home/peony/navigation_ws/build/vel_forwarder': CMAKE_PREFIX_PATH=/opt/ros/humble /usr/bin/cmake --build /home/peony/navigation_ws/build/vel_forwarder -- -j32 -l32
[1.695s] DEBUG:colcon.colcon_core.event_handler.log_command:Invoked command in '/home/peony/navigation_ws/build/mpc_follower' returned '0': CMAKE_PREFIX_PATH=/opt/ros/humble /usr/bin/cmake /home/peony/navigation_ws/src/mpc_follower -DAMENT_CMAKE_SYMLINK_INSTALL=1 -DCMAKE_INSTALL_PREFIX=/home/peony/navigation_ws/install/mpc_follower
[1.696s] DEBUG:colcon.colcon_core.event_handler.log_command:Invoking command in '/home/peony/navigation_ws/build/mpc_follower': CMAKE_PREFIX_PATH=/opt/ros/humble /usr/bin/cmake --build /home/peony/navigation_ws/build/mpc_follower -- -j32 -l32
[1.781s] DEBUG:colcon.colcon_core.event_handler.log_command:Invoked command in '/home/peony/navigation_ws/build/mpc_follower' returned '0': CMAKE_PREFIX_PATH=/opt/ros/humble /usr/bin/cmake --build /home/peony/navigation_ws/build/mpc_follower -- -j32 -l32
[1.782s] DEBUG:colcon.colcon_core.event_handler.log_command:Invoking command in '/home/peony/navigation_ws/build/mpc_follower': CMAKE_PREFIX_PATH=/opt/ros/humble /usr/bin/cmake --install /home/peony/navigation_ws/build/mpc_follower
[1.803s] Level 1:colcon.colcon_core.environment:create_environment_scripts_only(mpc_follower)
[1.804s] DEBUG:colcon.colcon_core.event_handler.log_command:Invoked command in '/home/peony/navigation_ws/build/mpc_follower' returned '0': CMAKE_PREFIX_PATH=/opt/ros/humble /usr/bin/cmake --install /home/peony/navigation_ws/build/mpc_follower
[1.804s] Level 1:colcon.colcon_core.environment:checking '/home/peony/navigation_ws/install/mpc_follower' for CMake module files
[1.804s] Level 1:colcon.colcon_core.environment:checking '/home/peony/navigation_ws/install/mpc_follower' for CMake config files
[1.805s] Level 1:colcon.colcon_core.shell:create_environment_hook('mpc_follower', 'cmake_prefix_path')
[1.805s] INFO:colcon.colcon_core.shell:Creating environment hook '/home/peony/navigation_ws/install/mpc_follower/share/mpc_follower/hook/cmake_prefix_path.ps1'
[1.805s] INFO:colcon.colcon_core.shell:Creating environment descriptor '/home/peony/navigation_ws/install/mpc_follower/share/mpc_follower/hook/cmake_prefix_path.dsv'
[1.805s] INFO:colcon.colcon_core.shell:Creating environment hook '/home/peony/navigation_ws/install/mpc_follower/share/mpc_follower/hook/cmake_prefix_path.sh'
[1.806s] Level 1:colcon.colcon_core.environment:checking '/home/peony/navigation_ws/install/mpc_follower/lib'
[1.806s] Level 1:colcon.colcon_core.environment:checking '/home/peony/navigation_ws/install/mpc_follower/bin'
[1.806s] Level 1:colcon.colcon_core.environment:checking '/home/peony/navigation_ws/install/mpc_follower/lib/pkgconfig/mpc_follower.pc'
[1.806s] Level 1:colcon.colcon_core.environment:checking '/home/peony/navigation_ws/install/mpc_follower/lib/python3.10/site-packages'
[1.806s] Level 1:colcon.colcon_core.environment:checking '/home/peony/navigation_ws/install/mpc_follower/bin'
[1.807s] INFO:colcon.colcon_core.shell:Creating package script '/home/peony/navigation_ws/install/mpc_follower/share/mpc_follower/package.ps1'
[1.807s] INFO:colcon.colcon_core.shell:Creating package descriptor '/home/peony/navigation_ws/install/mpc_follower/share/mpc_follower/package.dsv'
[1.807s] INFO:colcon.colcon_core.shell:Creating package script '/home/peony/navigation_ws/install/mpc_follower/share/mpc_follower/package.sh'
[1.807s] INFO:colcon.colcon_core.shell:Creating package script '/home/peony/navigation_ws/install/mpc_follower/share/mpc_follower/package.bash'
[1.808s] INFO:colcon.colcon_core.shell:Creating package script '/home/peony/navigation_ws/install/mpc_follower/share/mpc_follower/package.zsh'
[1.808s] Level 1:colcon.colcon_core.environment:create_file_with_runtime_dependencies(/home/peony/navigation_ws/install/mpc_follower/share/colcon-core/packages/mpc_follower)
[1.808s] Level 1:colcon.colcon_core.environment:create_environment_scripts_only(mpc_follower)
[1.808s] Level 1:colcon.colcon_core.environment:checking '/home/peony/navigation_ws/install/mpc_follower' for CMake module files
[1.809s] Level 1:colcon.colcon_core.environment:checking '/home/peony/navigation_ws/install/mpc_follower' for CMake config files
[1.809s] Level 1:colcon.colcon_core.shell:create_environment_hook('mpc_follower', 'cmake_prefix_path')
[1.809s] INFO:colcon.colcon_core.shell:Creating environment hook '/home/peony/navigation_ws/install/mpc_follower/share/mpc_follower/hook/cmake_prefix_path.ps1'
[1.809s] INFO:colcon.colcon_core.shell:Creating environment descriptor '/home/peony/navigation_ws/install/mpc_follower/share/mpc_follower/hook/cmake_prefix_path.dsv'
[1.809s] INFO:colcon.colcon_core.shell:Creating environment hook '/home/peony/navigation_ws/install/mpc_follower/share/mpc_follower/hook/cmake_prefix_path.sh'
[1.810s] Level 1:colcon.colcon_core.environment:checking '/home/peony/navigation_ws/install/mpc_follower/lib'
[1.810s] Level 1:colcon.colcon_core.environment:checking '/home/peony/navigation_ws/install/mpc_follower/bin'
[1.810s] Level 1:colcon.colcon_core.environment:checking '/home/peony/navigation_ws/install/mpc_follower/lib/pkgconfig/mpc_follower.pc'
[1.810s] Level 1:colcon.colcon_core.environment:checking '/home/peony/navigation_ws/install/mpc_follower/lib/python3.10/site-packages'
[1.810s] Level 1:colcon.colcon_core.environment:checking '/home/peony/navigation_ws/install/mpc_follower/bin'
[1.810s] INFO:colcon.colcon_core.shell:Creating package script '/home/peony/navigation_ws/install/mpc_follower/share/mpc_follower/package.ps1'
[1.811s] INFO:colcon.colcon_core.shell:Creating package descriptor '/home/peony/navigation_ws/install/mpc_follower/share/mpc_follower/package.dsv'
[1.811s] INFO:colcon.colcon_core.shell:Creating package script '/home/peony/navigation_ws/install/mpc_follower/share/mpc_follower/package.sh'
[1.811s] INFO:colcon.colcon_core.shell:Creating package script '/home/peony/navigation_ws/install/mpc_follower/share/mpc_follower/package.bash'
[1.811s] INFO:colcon.colcon_core.shell:Creating package script '/home/peony/navigation_ws/install/mpc_follower/share/mpc_follower/package.zsh'
[1.811s] Level 1:colcon.colcon_core.environment:create_file_with_runtime_dependencies(/home/peony/navigation_ws/install/mpc_follower/share/colcon-core/packages/mpc_follower)
[4.392s] DEBUG:colcon.colcon_core.event_handler.log_command:Invoked command in '/home/peony/navigation_ws/build/navigoal_manager' returned '2': CMAKE_PREFIX_PATH=/opt/ros/humble /usr/bin/cmake --build /home/peony/navigation_ws/build/navigoal_manager -- -j32 -l32
[4.392s] Level 1:colcon.colcon_core.environment:create_environment_scripts_only(navigoal_manager)
[4.392s] Level 1:colcon.colcon_core.environment:checking '/home/peony/navigation_ws/install/navigoal_manager' for CMake module files
[4.393s] Level 1:colcon.colcon_core.environment:checking '/home/peony/navigation_ws/install/navigoal_manager' for CMake config files
[4.393s] Level 1:colcon.colcon_core.shell:create_environment_hook('navigoal_manager', 'cmake_prefix_path')
[4.393s] INFO:colcon.colcon_core.shell:Creating environment hook '/home/peony/navigation_ws/install/navigoal_manager/share/navigoal_manager/hook/cmake_prefix_path.ps1'
[4.393s] INFO:colcon.colcon_core.shell:Creating environment descriptor '/home/peony/navigation_ws/install/navigoal_manager/share/navigoal_manager/hook/cmake_prefix_path.dsv'
[4.393s] INFO:colcon.colcon_core.shell:Creating environment hook '/home/peony/navigation_ws/install/navigoal_manager/share/navigoal_manager/hook/cmake_prefix_path.sh'
[4.394s] Level 1:colcon.colcon_core.environment:checking '/home/peony/navigation_ws/install/navigoal_manager/lib'
[4.394s] Level 1:colcon.colcon_core.environment:checking '/home/peony/navigation_ws/install/navigoal_manager/bin'
[4.394s] Level 1:colcon.colcon_core.environment:checking '/home/peony/navigation_ws/install/navigoal_manager/lib/pkgconfig/navigoal_manager.pc'
[4.394s] Level 1:colcon.colcon_core.environment:checking '/home/peony/navigation_ws/install/navigoal_manager/lib/python3.10/site-packages'
[4.394s] Level 1:colcon.colcon_core.environment:checking '/home/peony/navigation_ws/install/navigoal_manager/bin'
[4.394s] INFO:colcon.colcon_core.shell:Creating package script '/home/peony/navigation_ws/install/navigoal_manager/share/navigoal_manager/package.ps1'
[4.394s] INFO:colcon.colcon_core.shell:Creating package descriptor '/home/peony/navigation_ws/install/navigoal_manager/share/navigoal_manager/package.dsv'
[4.395s] INFO:colcon.colcon_core.shell:Creating package script '/home/peony/navigation_ws/install/navigoal_manager/share/navigoal_manager/package.sh'
[4.395s] INFO:colcon.colcon_core.shell:Creating package script '/home/peony/navigation_ws/install/navigoal_manager/share/navigoal_manager/package.bash'
[4.396s] INFO:colcon.colcon_core.shell:Creating package script '/home/peony/navigation_ws/install/navigoal_manager/share/navigoal_manager/package.zsh'
[4.396s] Level 1:colcon.colcon_core.environment:create_file_with_runtime_dependencies(/home/peony/navigation_ws/install/navigoal_manager/share/colcon-core/packages/navigoal_manager)
[14.110s] DEBUG:colcon.colcon_parallel_executor.executor.parallel:closing loop
[14.111s] DEBUG:colcon.colcon_parallel_executor.executor.parallel:loop closed
[14.111s] DEBUG:colcon.colcon_parallel_executor.executor.parallel:run_until_complete finished with '2'
[14.111s] DEBUG:colcon.colcon_core.event_reactor:joining thread
[14.115s] INFO:colcon.colcon_core.plugin_system:Skipping extension 'colcon_notification.desktop_notification.terminal_notifier': Not used on non-Darwin systems
[14.115s] INFO:colcon.colcon_core.plugin_system:Skipping extension 'colcon_notification.desktop_notification.win32': Not used on non-Windows systems
[14.115s] INFO:colcon.colcon_notification.desktop_notification:Sending desktop notification using 'notify2'
[14.126s] DEBUG:colcon.colcon_core.event_reactor:joined thread
[14.126s] INFO:colcon.colcon_core.shell:Creating prefix script '/home/peony/navigation_ws/install/local_setup.ps1'
[14.127s] INFO:colcon.colcon_core.shell:Creating prefix util module '/home/peony/navigation_ws/install/_local_setup_util_ps1.py'
[14.128s] INFO:colcon.colcon_core.shell:Creating prefix chain script '/home/peony/navigation_ws/install/setup.ps1'
[14.129s] INFO:colcon.colcon_core.shell:Creating prefix script '/home/peony/navigation_ws/install/local_setup.sh'
[14.129s] INFO:colcon.colcon_core.shell:Creating prefix util module '/home/peony/navigation_ws/install/_local_setup_util_sh.py'
[14.129s] INFO:colcon.colcon_core.shell:Creating prefix chain script '/home/peony/navigation_ws/install/setup.sh'
[14.130s] INFO:colcon.colcon_core.shell:Creating prefix script '/home/peony/navigation_ws/install/local_setup.bash'
[14.131s] INFO:colcon.colcon_core.shell:Creating prefix chain script '/home/peony/navigation_ws/install/setup.bash'
[14.131s] INFO:colcon.colcon_core.shell:Creating prefix script '/home/peony/navigation_ws/install/local_setup.zsh'
[14.132s] INFO:colcon.colcon_core.shell:Creating prefix chain script '/home/peony/navigation_ws/install/setup.zsh'
