[0.006s] Invoking command in '/home/peony/navigation_ws/build/goal_pub': CMAKE_PREFIX_PATH=/opt/ros/humble /usr/bin/cmake /home/peony/navigation_ws/src/goal_pub -DAMENT_CMAKE_SYMLINK_INSTALL=1 -DCMAKE_INSTALL_PREFIX=/home/peony/navigation_ws/install/goal_pub
[0.013s] -- Found ament_cmake: 1.3.13 (/opt/ros/humble/share/ament_cmake/cmake)
[0.076s] -- Override CMake install command with custom implementation using symlinks instead of copying resources
[0.080s] -- Found rclcpp: 16.0.18 (/opt/ros/humble/share/rclcpp/cmake)
[0.095s] -- Found rosidl_generator_c: 3.1.8 (/opt/ros/humble/share/rosidl_generator_c/cmake)
[0.097s] -- Found rosidl_adapter: 3.1.8 (/opt/ros/humble/share/rosidl_adapter/cmake)
[0.100s] -- Found rosidl_generator_cpp: 3.1.8 (/opt/ros/humble/share/rosidl_generator_cpp/cmake)
[0.104s] -- Using all available rosidl_typesupport_c: rosidl_typesupport_fastrtps_c;rosidl_typesupport_introspection_c
[0.110s] -- Using all available rosidl_typesupport_cpp: rosidl_typesupport_fastrtps_cpp;rosidl_typesupport_introspection_cpp
[0.125s] -- Found rmw_implementation_cmake: 6.1.2 (/opt/ros/humble/share/rmw_implementation_cmake/cmake)
[0.126s] -- Found rmw_fastrtps_cpp: 6.2.10 (/opt/ros/humble/share/rmw_fastrtps_cpp/cmake)
[0.190s] -- Using RMW implementation 'rmw_fastrtps_cpp' as default
[0.215s] -- Found geometry_msgs: 4.9.1 (/opt/ros/humble/share/geometry_msgs/cmake)
[0.262s] -- Configuring done
[0.267s] -- Generating done
[0.269s] -- Build files have been written to: /home/peony/navigation_ws/build/goal_pub
[0.275s] Invoked command in '/home/peony/navigation_ws/build/goal_pub' returned '0': CMAKE_PREFIX_PATH=/opt/ros/humble /usr/bin/cmake /home/peony/navigation_ws/src/goal_pub -DAMENT_CMAKE_SYMLINK_INSTALL=1 -DCMAKE_INSTALL_PREFIX=/home/peony/navigation_ws/install/goal_pub
[0.277s] Invoking command in '/home/peony/navigation_ws/build/goal_pub': CMAKE_PREFIX_PATH=/opt/ros/humble /usr/bin/cmake --build /home/peony/navigation_ws/build/goal_pub -- -j32 -l32
[0.308s] [ 50%] [32mBuilding CXX object CMakeFiles/multigoal_pub_node.dir/src/multigoal_pub.cpp.o[0m
[0.317s] [01m[K/home/peony/navigation_ws/src/goal_pub/src/multigoal_pub.cpp:1:10:[m[K [01;31m[Kfatal error: [m[Kmultigoal_pub.h: 没有那个文件或目录
[0.317s]     1 | #include [01;31m[K"multigoal_pub.h"[m[K
[0.318s]       |          [01;31m[K^~~~~~~~~~~~~~~~~[m[K
[0.318s] compilation terminated.
[0.318s] gmake[2]: *** [CMakeFiles/multigoal_pub_node.dir/build.make:76：CMakeFiles/multigoal_pub_node.dir/src/multigoal_pub.cpp.o] 错误 1
[0.318s] gmake[1]: *** [CMakeFiles/Makefile2:137：CMakeFiles/multigoal_pub_node.dir/all] 错误 2
[0.318s] gmake: *** [Makefile:146：all] 错误 2
[0.320s] Invoked command in '/home/peony/navigation_ws/build/goal_pub' returned '2': CMAKE_PREFIX_PATH=/opt/ros/humble /usr/bin/cmake --build /home/peony/navigation_ws/build/goal_pub -- -j32 -l32
