[0.009s] Invoking command in '/home/peony/navigation_ws/build/path_following': CMAKE_PREFIX_PATH=${CMAKE_PREFIX_PATH}:/opt/ros/humble /usr/bin/cmake --build /home/peony/navigation_ws/build/path_following -- -j32 -l32
[0.030s] -- Found ament_cmake: 1.3.13 (/opt/ros/humble/share/ament_cmake/cmake)
[0.098s] -- Override CMake install command with custom implementation using symlinks instead of copying resources
[0.103s] -- Found nav_msgs: 4.9.1 (/opt/ros/humble/share/nav_msgs/cmake)
[0.118s] -- Found rosidl_generator_c: 3.1.8 (/opt/ros/humble/share/rosidl_generator_c/cmake)
[0.119s] -- Found rosidl_adapter: 3.1.8 (/opt/ros/humble/share/rosidl_adapter/cmake)
[0.122s] -- Found rosidl_generator_cpp: 3.1.8 (/opt/ros/humble/share/rosidl_generator_cpp/cmake)
[0.127s] -- Using all available rosidl_typesupport_c: rosidl_typesupport_fastrtps_c;rosidl_typesupport_introspection_c
[0.134s] -- Using all available rosidl_typesupport_cpp: rosidl_typesupport_fastrtps_cpp;rosidl_typesupport_introspection_cpp
[0.164s] -- Found rclcpp: 16.0.18 (/opt/ros/humble/share/rclcpp/cmake)
[0.178s] -- Found rmw_implementation_cmake: 6.1.2 (/opt/ros/humble/share/rmw_implementation_cmake/cmake)
[0.179s] -- Found rmw_fastrtps_cpp: 6.2.10 (/opt/ros/humble/share/rmw_fastrtps_cpp/cmake)
[0.254s] -- Using RMW implementation 'rmw_fastrtps_cpp' as default
[0.275s] -- Found sensor_msgs: 4.9.1 (/opt/ros/humble/share/sensor_msgs/cmake)
[0.284s] -- Found pcl_conversions: 2.4.5 (/opt/ros/humble/share/pcl_conversions/cmake)
[0.306s] -- Eigen found (include: /usr/include/eigen3, version: 3.4.0)
[0.329s] -- FLANN found (include: /usr/include, lib: /usr/lib/x86_64-linux-gnu/libflann_cpp.so)
[0.537s] -- OpenNI found (version: 1.5.4.0, include: /usr/include/ni, lib: /usr/lib/libOpenNI.so;libusb::libusb)
[0.541s] -- OpenNI2 found (version: 2.2.0.33, include: /usr/include/openni2, lib: /usr/lib/x86_64-linux-gnu/libOpenNI2.so;libusb::libusb)
[0.640s] -- Eigen found (include: /usr/include/eigen3, version: 3.4.0)
[0.645s] -- OpenNI found (version: 1.5.4.0, include: /usr/include/ni, lib: /usr/lib/libOpenNI.so;libusb::libusb)
[0.649s] -- OpenNI2 found (version: 2.2.0.33, include: /usr/include/openni2, lib: /usr/lib/x86_64-linux-gnu/libOpenNI2.so;libusb::libusb)
[0.737s] -- Found Qhull version 8.0.2
[0.831s] -- OpenNI found (version: 1.5.4.0, include: /usr/include/ni, lib: /usr/lib/libOpenNI.so;libusb::libusb)
[0.929s] -- Found tf2: 0.25.19 (/opt/ros/humble/share/tf2/cmake)
[0.931s] -- Found tf2_ros: 0.25.19 (/opt/ros/humble/share/tf2_ros/cmake)
[0.973s] -- Found tf2_geometry_msgs: 0.25.19 (/opt/ros/humble/share/tf2_geometry_msgs/cmake)
[0.975s] -- Found eigen3_cmake_module: 0.1.1 (/opt/ros/humble/share/eigen3_cmake_module/cmake)
[0.976s] -- Ensuring Eigen3 include directory is part of orocos-kdl CMake target
[0.977s] -- Found visualization_msgs: 4.9.1 (/opt/ros/humble/share/visualization_msgs/cmake)
[0.989s] [33mCMake Warning (dev) at CMakeLists.txt:17 (find_package):
[0.989s]   Policy CMP0074 is not set: find_package uses <PackageName>_ROOT variables.
[0.989s]   Run "cmake --help-policy CMP0074" for policy details.  Use the cmake_policy
[0.989s]   command to set the policy and suppress this warning.
[0.989s] 
[0.989s]   CMake variable PCL_ROOT is set to:
[0.989s] 
[0.989s]     /usr
[0.989s] 
[0.989s]   For compatibility, CMake is ignoring the variable.
[0.989s] This warning is for project developers.  Use -Wno-dev to suppress it.
[0.989s] [0m
[1.041s] -- Configuring done
[1.064s] -- Generating done
[1.070s] -- Build files have been written to: /home/peony/navigation_ws/build/path_following
[1.097s] [35m[1mConsolidate compiler generated dependencies of target path_follower[0m
[1.114s] [100%] Built target path_follower
[1.124s] Invoked command in '/home/peony/navigation_ws/build/path_following' returned '0': CMAKE_PREFIX_PATH=${CMAKE_PREFIX_PATH}:/opt/ros/humble /usr/bin/cmake --build /home/peony/navigation_ws/build/path_following -- -j32 -l32
[1.133s] Invoking command in '/home/peony/navigation_ws/build/path_following': CMAKE_PREFIX_PATH=${CMAKE_PREFIX_PATH}:/opt/ros/humble /usr/bin/cmake --install /home/peony/navigation_ws/build/path_following
[1.138s] -- Install configuration: ""
[1.138s] -- Execute custom install script
[1.138s] -- Up-to-date symlink: /home/peony/navigation_ws/install/path_following/lib/path_following/path_follower
[1.138s] -- Symlinking: /home/peony/navigation_ws/install/path_following/share/path_following/cfg/cfg/follow_param.yaml
[1.145s] -- Symlinking: /home/peony/navigation_ws/install/path_following/share/path_following/launch/launch/path_following.launch.py
[1.152s] -- Up-to-date symlink: /home/peony/navigation_ws/install/path_following/share/ament_index/resource_index/package_run_dependencies/path_following
[1.152s] -- Up-to-date symlink: /home/peony/navigation_ws/install/path_following/share/ament_index/resource_index/parent_prefix_path/path_following
[1.152s] -- Up-to-date symlink: /home/peony/navigation_ws/install/path_following/share/path_following/environment/ament_prefix_path.sh
[1.152s] -- Up-to-date symlink: /home/peony/navigation_ws/install/path_following/share/path_following/environment/ament_prefix_path.dsv
[1.152s] -- Up-to-date symlink: /home/peony/navigation_ws/install/path_following/share/path_following/environment/path.sh
[1.152s] -- Up-to-date symlink: /home/peony/navigation_ws/install/path_following/share/path_following/environment/path.dsv
[1.152s] -- Up-to-date symlink: /home/peony/navigation_ws/install/path_following/share/path_following/local_setup.bash
[1.153s] -- Up-to-date symlink: /home/peony/navigation_ws/install/path_following/share/path_following/local_setup.sh
[1.153s] -- Up-to-date symlink: /home/peony/navigation_ws/install/path_following/share/path_following/local_setup.zsh
[1.153s] -- Up-to-date symlink: /home/peony/navigation_ws/install/path_following/share/path_following/local_setup.dsv
[1.153s] -- Symlinking: /home/peony/navigation_ws/install/path_following/share/path_following/package.dsv
[1.160s] -- Up-to-date symlink: /home/peony/navigation_ws/install/path_following/share/ament_index/resource_index/packages/path_following
[1.160s] -- Up-to-date symlink: /home/peony/navigation_ws/install/path_following/share/path_following/cmake/path_followingConfig.cmake
[1.160s] -- Up-to-date symlink: /home/peony/navigation_ws/install/path_following/share/path_following/cmake/path_followingConfig-version.cmake
[1.160s] -- Up-to-date symlink: /home/peony/navigation_ws/install/path_following/share/path_following/package.xml
[1.161s] Invoked command in '/home/peony/navigation_ws/build/path_following' returned '0': CMAKE_PREFIX_PATH=${CMAKE_PREFIX_PATH}:/opt/ros/humble /usr/bin/cmake --install /home/peony/navigation_ws/build/path_following
