[0.024s] Invoking command in '/home/peony/navigation_ws/build/navigoal_manager': CMAKE_PREFIX_PATH=/opt/ros/humble /usr/bin/cmake --build /home/peony/navigation_ws/build/navigoal_manager -- -j32 -l32
[0.052s] [35m[1mConsolidate compiler generated dependencies of target goal_manager_node[0m
[0.068s] [ 50%] [32mBuilding CXX object CMakeFiles/goal_manager_node.dir/src/manager.cpp.o[0m
[1.629s] In file included from [01m[K/home/peony/navigation_ws/src/navigoal_manager/src/manager.cpp:1[m[K:
[1.629s] [01m[K/home/peony/navigation_ws/src/navigoal_manager/include/manager.h:23:48:[m[K [01;31m[Kerror: [m[K‘[01m[KUInt16MultiArray[m[K’ in namespace ‘[01m[Kstd_msgs::msg[m[K’ does not name a type
[1.630s]    23 |     void goalPoseCallback(const std_msgs::msg::[01;31m[KUInt16MultiArray[m[K::SharedPtr msg);
[1.630s]       |                                                [01;31m[K^~~~~~~~~~~~~~~~[m[K
[1.630s] [01m[K/home/peony/navigation_ws/src/navigoal_manager/include/manager.h:23:76:[m[K [01;31m[Kerror: [m[Kexpected unqualified-id before ‘[01m[Kmsg[m[K’
[1.630s]    23 |     void goalPoseCallback(const std_msgs::msg::UInt16MultiArray::SharedPtr [01;31m[Kmsg[m[K);
[1.630s]       |                                                                            [01;31m[K^~~[m[K
[1.630s] [01m[K/home/peony/navigation_ws/src/navigoal_manager/include/manager.h:23:75:[m[K [01;31m[Kerror: [m[Kexpected ‘[01m[K)[m[K’ before ‘[01m[Kmsg[m[K’
[1.630s]    23 |     void goalPoseCallback[34m[K([m[Kconst std_msgs::msg::UInt16MultiArray::SharedPtr[01;31m[K [m[K[32m[Kmsg[m[K);
[1.630s]       |                          [34m[K~[m[K                                                [01;31m[K^[m[K[32m[K~~~[m[K
[1.630s]       |                                                                           [32m[K)[m[K
[1.630s] [01m[K/home/peony/navigation_ws/src/navigoal_manager/include/manager.h:23:66:[m[K [01;31m[Kerror: [m[Kexpected ‘[01m[K;[m[K’ at end of member declaration
[1.630s]    23 |     void goalPoseCallback(const std_msgs::msg::UInt16MultiArray::[01;31m[KSharedPtr[m[K msg);
[1.630s]       |                                                                  [01;31m[K^~~~~~~~~[m[K
[1.630s]       |                                                                           [32m[K;[m[K
[1.630s] [01m[K/home/peony/navigation_ws/src/navigoal_manager/include/manager.h:23:76:[m[K [01;31m[Kerror: [m[K‘[01m[Kmsg[m[K’ does not name a type
[1.630s]    23 |     void goalPoseCallback(const std_msgs::msg::UInt16MultiArray::SharedPtr [01;31m[Kmsg[m[K);
[1.630s]       |                                                                            [01;31m[K^~~[m[K
[1.653s] [01m[K/home/peony/navigation_ws/src/navigoal_manager/include/manager.h:25:41:[m[K [01;31m[Kerror: [m[K‘[01m[KUInt16MultiArray[m[K’ is not a member of ‘[01m[Kstd_msgs::msg[m[K’
[1.653s]    25 |     rclcpp::Subscription<std_msgs::msg::[01;31m[KUInt16MultiArray[m[K>::SharedPtr ly_goal_pose_subscription_;
[1.653s]       |                                         [01;31m[K^~~~~~~~~~~~~~~~[m[K
[1.653s] [01m[K/home/peony/navigation_ws/src/navigoal_manager/include/manager.h:25:57:[m[K [01;31m[Kerror: [m[Ktemplate argument 1 is invalid
[1.653s]    25 |     rclcpp::Subscription<std_msgs::msg::UInt16MultiArray[01;31m[K>[m[K::SharedPtr ly_goal_pose_subscription_;
[1.653s]       |                                                         [01;31m[K^[m[K
[1.653s] [01m[K/home/peony/navigation_ws/src/navigoal_manager/include/manager.h:25:57:[m[K [01;31m[Kerror: [m[Ktemplate argument 3 is invalid
[1.653s] [01m[K/home/peony/navigation_ws/src/navigoal_manager/include/manager.h:25:57:[m[K [01;31m[Kerror: [m[Ktemplate argument 4 is invalid
[1.653s] [01m[K/home/peony/navigation_ws/src/navigoal_manager/include/manager.h:25:57:[m[K [01;31m[Kerror: [m[Ktemplate argument 5 is invalid
[1.653s] [01m[K/home/peony/navigation_ws/src/navigoal_manager/include/manager.h:25:60:[m[K [01;31m[Kerror: [m[Kexpected ‘[01m[K;[m[K’ at end of member declaration
[1.653s]    25 |     rclcpp::Subscription<std_msgs::msg::UInt16MultiArray>::[01;31m[KSharedPtr[m[K ly_goal_pose_subscription_;
[1.653s]       |                                                            [01;31m[K^~~~~~~~~[m[K
[1.653s]       |                                                                     [32m[K;[m[K
[1.656s] [01m[K/home/peony/navigation_ws/src/navigoal_manager/include/manager.h:25:70:[m[K [01;31m[Kerror: [m[K‘[01m[Kly_goal_pose_subscription_[m[K’ does not name a type
[1.656s]    25 |     rclcpp::Subscription<std_msgs::msg::UInt16MultiArray>::SharedPtr [01;31m[Kly_goal_pose_subscription_[m[K;
[1.656s]       |                                                                      [01;31m[K^~~~~~~~~~~~~~~~~~~~~~~~~~[m[K
[1.673s] [01m[K/home/peony/navigation_ws/src/navigoal_manager/src/manager.cpp:[m[K In constructor ‘[01m[Knavigoal_manager::GoalManager::GoalManager()[m[K’:
[1.673s] [01m[K/home/peony/navigation_ws/src/navigoal_manager/src/manager.cpp:37:5:[m[K [01;31m[Kerror: [m[K‘[01m[Kly_goal_pose_subscription_[m[K’ was not declared in this scope; did you mean ‘[01m[Kly_goal_subscription_[m[K’?
[1.673s]    37 |     [01;31m[Kly_goal_pose_subscription_[m[K = this->create_subscription<std_msgs::msg::UInt16MultiArray>(
[1.673s]       |     [01;31m[K^~~~~~~~~~~~~~~~~~~~~~~~~~[m[K
[1.673s]       |     [32m[Kly_goal_subscription_[m[K
[1.673s] [01m[K/home/peony/navigation_ws/src/navigoal_manager/src/manager.cpp:37:75:[m[K [01;31m[Kerror: [m[K‘[01m[KUInt16MultiArray[m[K’ is not a member of ‘[01m[Kstd_msgs::msg[m[K’
[1.673s]    37 |     ly_goal_pose_subscription_ = this->create_subscription<std_msgs::msg::[01;31m[KUInt16MultiArray[m[K>(
[1.673s]       |                                                                           [01;31m[K^~~~~~~~~~~~~~~~[m[K
[1.674s] [01m[K/home/peony/navigation_ws/src/navigoal_manager/src/manager.cpp:37:92:[m[K [01;31m[Kerror: [m[Kno matching function for call to ‘[01m[Knavigoal_manager::GoalManager::create_subscription<<expression error> >(const char [19], int, std::_Bind_helper<false, void (navigoal_manager::GoalManager::*)(...), navigoal_manager::GoalManager*, const std::_Placeholder<1>&>::type)[m[K’
[1.674s]    37 |     ly_goal_pose_subscription_ = [01;31m[Kthis->create_subscription<std_msgs::msg::UInt16MultiArray>([m[K
[1.674s]       |                                  [01;31m[K~~~~~~~~~~~~~~~~~~~~~~~~~~~~~~~~~~~~~~~~~~~~~~~~~~~~~~~~~~^[m[K
[1.674s]    38 | [01;31m[K        "/ly/navi/goal_pose", 10, std::bind(&GoalManager::goalPoseCallback, this, std::placeholders::_1))[m[K;
[1.674s]       |         [01;31m[K~~~~~~~~~~~~~~~~~~~~~~~~~~~~~~~~~~~~~~~~~~~~~~~~~~~~~~~~~~~~~~~~~~~~~~~~~~~~~~~~~~~~~~~~~~~~~~~~~[m[K
[1.674s] In file included from [01m[K/opt/ros/humble/include/rclcpp/rclcpp/node.hpp:1321[m[K,
[1.675s]                  from [01m[K/opt/ros/humble/include/rclcpp/rclcpp/executors/single_threaded_executor.hpp:28[m[K,
[1.675s]                  from [01m[K/opt/ros/humble/include/rclcpp/rclcpp/executors.hpp:22[m[K,
[1.675s]                  from [01m[K/opt/ros/humble/include/rclcpp/rclcpp/rclcpp.hpp:155[m[K,
[1.675s]                  from [01m[K/home/peony/navigation_ws/src/navigoal_manager/include/manager.h:2[m[K,
[1.675s]                  from [01m[K/home/peony/navigation_ws/src/navigoal_manager/src/manager.cpp:1[m[K:
[1.675s] [01m[K/opt/ros/humble/include/rclcpp/rclcpp/node_impl.hpp:92:1:[m[K [01;36m[Knote: [m[Kcandidate: ‘[01m[Ktemplate<class MessageT, class CallbackT, class AllocatorT, class SubscriptionT, class MessageMemoryStrategyT> std::shared_ptr<ROSMessageT> rclcpp::Node::create_subscription(const string&, const rclcpp::QoS&, CallbackT&&, const rclcpp::SubscriptionOptionsWithAllocator<AllocatorT>&, typename MessageMemoryStrategyT::SharedPtr)[m[K’
[1.675s]    92 | [01;36m[KNode[m[K::create_subscription(
[1.675s]       | [01;36m[K^~~~[m[K
[1.675s] [01m[K/opt/ros/humble/include/rclcpp/rclcpp/node_impl.hpp:92:1:[m[K [01;36m[Knote: [m[K  template argument deduction/substitution failed:
[1.675s] [01m[K/home/peony/navigation_ws/src/navigoal_manager/src/manager.cpp:37:92:[m[K [01;31m[Kerror: [m[Ktemplate argument 1 is invalid
[1.675s]    37 |     ly_goal_pose_subscription_ = [01;31m[Kthis->create_subscription<std_msgs::msg::UInt16MultiArray>([m[K
[1.675s]       |                                  [01;31m[K~~~~~~~~~~~~~~~~~~~~~~~~~~~~~~~~~~~~~~~~~~~~~~~~~~~~~~~~~~^[m[K
[1.675s]    38 | [01;31m[K        "/ly/navi/goal_pose", 10, std::bind(&GoalManager::goalPoseCallback, this, std::placeholders::_1))[m[K;
[1.675s]       |         [01;31m[K~~~~~~~~~~~~~~~~~~~~~~~~~~~~~~~~~~~~~~~~~~~~~~~~~~~~~~~~~~~~~~~~~~~~~~~~~~~~~~~~~~~~~~~~~~~~~~~~~[m[K
[1.678s] [01m[K/home/peony/navigation_ws/src/navigoal_manager/src/manager.cpp:[m[K At global scope:
[1.678s] [01m[K/home/peony/navigation_ws/src/navigoal_manager/src/manager.cpp:74:57:[m[K [01;31m[Kerror: [m[K‘[01m[KUInt16MultiArray[m[K’ in namespace ‘[01m[Kstd_msgs::msg[m[K’ does not name a type
[1.678s]    74 | void GoalManager::goalPoseCallback(const std_msgs::msg::[01;31m[KUInt16MultiArray[m[K::SharedPtr msg)
[1.678s]       |                                                         [01;31m[K^~~~~~~~~~~~~~~~[m[K
[1.678s] [01m[K/home/peony/navigation_ws/src/navigoal_manager/src/manager.cpp:74:85:[m[K [01;31m[Kerror: [m[Kexpected unqualified-id before ‘[01m[Kmsg[m[K’
[1.678s]    74 | void GoalManager::goalPoseCallback(const std_msgs::msg::UInt16MultiArray::SharedPtr [01;31m[Kmsg[m[K)
[1.678s]       |                                                                                     [01;31m[K^~~[m[K
[1.678s] [01m[K/home/peony/navigation_ws/src/navigoal_manager/src/manager.cpp:74:84:[m[K [01;31m[Kerror: [m[Kexpected ‘[01m[K)[m[K’ before ‘[01m[Kmsg[m[K’
[1.678s]    74 | void GoalManager::goalPoseCallback[34m[K([m[Kconst std_msgs::msg::UInt16MultiArray::SharedPtr[01;31m[K [m[K[32m[Kmsg[m[K)
[1.678s]       |                                   [34m[K~[m[K                                                [01;31m[K^[m[K[32m[K~~~[m[K
[1.678s]       |                                                                                    [32m[K)[m[K
[1.678s] [01m[K/home/peony/navigation_ws/src/navigoal_manager/src/manager.cpp:74:85:[m[K [01;31m[Kerror: [m[Kexpected initializer before ‘[01m[Kmsg[m[K’
[1.678s]    74 | void GoalManager::goalPoseCallback(const std_msgs::msg::UInt16MultiArray::SharedPtr [01;31m[Kmsg[m[K)
[1.678s]       |                                                                                     [01;31m[K^~~[m[K
[3.440s] gmake[2]: *** [CMakeFiles/goal_manager_node.dir/build.make:76：CMakeFiles/goal_manager_node.dir/src/manager.cpp.o] 错误 1
[3.440s] gmake[1]: *** [CMakeFiles/Makefile2:137：CMakeFiles/goal_manager_node.dir/all] 错误 2
[3.440s] gmake: *** [Makefile:146：all] 错误 2
[3.443s] Invoked command in '/home/peony/navigation_ws/build/navigoal_manager' returned '2': CMAKE_PREFIX_PATH=/opt/ros/humble /usr/bin/cmake --build /home/peony/navigation_ws/build/navigoal_manager -- -j32 -l32
