[0.007s] Invoking command in '/home/peony/navigation_ws/build/detect_obs': CMAKE_PREFIX_PATH=${CMAKE_PREFIX_PATH}:/opt/ros/humble /usr/bin/cmake --build /home/peony/navigation_ws/build/detect_obs -- -j32 -l32
[0.040s] [35m[1mConsolidate compiler generated dependencies of target obstacle_processor[0m
[0.059s] [ 50%] [32mBuilding CXX object CMakeFiles/obstacle_processor.dir/src/obstacle_processor.cpp.o[0m
[6.255s] [100%] [32m[1mLinking CXX executable obstacle_processor[0m
[6.638s] [100%] Built target obstacle_processor
[6.649s] Invoked command in '/home/peony/navigation_ws/build/detect_obs' returned '0': CMAKE_PREFIX_PATH=${CMAKE_PREFIX_PATH}:/opt/ros/humble /usr/bin/cmake --build /home/peony/navigation_ws/build/detect_obs -- -j32 -l32
[6.655s] Invoking command in '/home/peony/navigation_ws/build/detect_obs': CMAKE_PREFIX_PATH=${CMAKE_PREFIX_PATH}:/opt/ros/humble /usr/bin/cmake --install /home/peony/navigation_ws/build/detect_obs
[6.659s] -- Install configuration: ""
[6.659s] -- Execute custom install script
[6.660s] -- Up-to-date symlink: /home/peony/navigation_ws/install/detect_obs/lib/detect_obs/obstacle_processor
[6.660s] -- Up-to-date symlink: /home/peony/navigation_ws/install/detect_obs/share/ament_index/resource_index/package_run_dependencies/detect_obs
[6.660s] -- Up-to-date symlink: /home/peony/navigation_ws/install/detect_obs/share/ament_index/resource_index/parent_prefix_path/detect_obs
[6.660s] -- Up-to-date symlink: /home/peony/navigation_ws/install/detect_obs/share/detect_obs/environment/ament_prefix_path.sh
[6.660s] -- Up-to-date symlink: /home/peony/navigation_ws/install/detect_obs/share/detect_obs/environment/ament_prefix_path.dsv
[6.660s] -- Up-to-date symlink: /home/peony/navigation_ws/install/detect_obs/share/detect_obs/environment/path.sh
[6.660s] -- Up-to-date symlink: /home/peony/navigation_ws/install/detect_obs/share/detect_obs/environment/path.dsv
[6.660s] -- Up-to-date symlink: /home/peony/navigation_ws/install/detect_obs/share/detect_obs/local_setup.bash
[6.660s] -- Up-to-date symlink: /home/peony/navigation_ws/install/detect_obs/share/detect_obs/local_setup.sh
[6.660s] -- Up-to-date symlink: /home/peony/navigation_ws/install/detect_obs/share/detect_obs/local_setup.zsh
[6.660s] -- Up-to-date symlink: /home/peony/navigation_ws/install/detect_obs/share/detect_obs/local_setup.dsv
[6.660s] -- Symlinking: /home/peony/navigation_ws/install/detect_obs/share/detect_obs/package.dsv
[6.666s] -- Up-to-date symlink: /home/peony/navigation_ws/install/detect_obs/share/ament_index/resource_index/packages/detect_obs
[6.666s] -- Up-to-date symlink: /home/peony/navigation_ws/install/detect_obs/share/detect_obs/cmake/detect_obsConfig.cmake
[6.666s] -- Up-to-date symlink: /home/peony/navigation_ws/install/detect_obs/share/detect_obs/cmake/detect_obsConfig-version.cmake
[6.666s] -- Up-to-date symlink: /home/peony/navigation_ws/install/detect_obs/share/detect_obs/package.xml
[6.667s] Invoked command in '/home/peony/navigation_ws/build/detect_obs' returned '0': CMAKE_PREFIX_PATH=${CMAKE_PREFIX_PATH}:/opt/ros/humble /usr/bin/cmake --install /home/peony/navigation_ws/build/detect_obs
